#
# There is insufficient memory for the Java Runtime Environment to continue.
# Native memory allocation (malloc) failed to allocate 1183968 bytes. Error detail: Chunk::new
# Possible reasons:
#   The system is out of physical RAM or swap space
#   This process is running with CompressedOops enabled, and the Java Heap may be blocking the growth of the native heap
# Possible solutions:
#   Reduce memory load on the system
#   Increase physical memory or swap space
#   Check if swap backing store is full
#   Decrease Java heap size (-Xmx/-Xms)
#   Decrease number of Java threads
#   Decrease Java thread stack sizes (-Xss)
#   Set larger code cache with -XX:ReservedCodeCacheSize=
#   JVM is running with Unscaled Compressed Oops mode in which the Java heap is
#     placed in the first 4GB address space. The Java Heap base address is the
#     maximum limit for the native heap growth. Please use -XX:HeapBaseMinAddress
#     to set the Java Heap base and to place the Java Heap above 4GB virtual address.
# This output file may be truncated or incomplete.
#
#  Out of Memory Error (arena.cpp:168), pid=22816, tid=28344
#
# JRE version: OpenJDK Runtime Environment Temurin-21.0.7+6 (21.0.7+6) (build 21.0.7+6-LTS)
# Java VM: OpenJDK 64-Bit Server VM Temurin-21.0.7+6 (21.0.7+6-LTS, mixed mode, sharing, tiered, compressed oops, compressed class ptrs, parallel gc, windows-amd64)
# No core dump will be written. Minidumps are not enabled by default on client versions of Windows
#

---------------  S U M M A R Y ------------

Command Line: --add-modules=ALL-SYSTEM --add-opens=java.base/java.util=ALL-UNNAMED --add-opens=java.base/java.lang=ALL-UNNAMED --add-opens=java.base/sun.nio.fs=ALL-UNNAMED -Declipse.application=org.eclipse.jdt.ls.core.id1 -Dosgi.bundles.defaultStartLevel=4 -Declipse.product=org.eclipse.jdt.ls.core.product -Djava.import.generatesMetadataFilesAtProjectRoot=false -DDetectVMInstallationsJob.disabled=true -Dfile.encoding=utf8 -XX:+UseParallelGC -XX:GCTimeRatio=4 -XX:AdaptiveSizePolicyWeight=90 -Dsun.zip.disableMemoryMapping=true -Xmx2G -Xms100m -Xlog:disable -javaagent:c:\Users\pragy\.vscode\extensions\redhat.java-1.43.1-win32-x64\lombok\lombok-1.18.39-4050.jar -XX:+HeapDumpOnOutOfMemoryError -XX:HeapDumpPath=c:\Users\pragy\AppData\Roaming\Code\User\workspaceStorage\cc99c5c5b9f10468fc12bfe29c53fb65\redhat.java -Daether.dependencyCollector.impl=bf c:\Users\pragy\.vscode\extensions\redhat.java-1.43.1-win32-x64\server\plugins\org.eclipse.equinox.launcher_1.7.0.v20250519-0528.jar -configuration c:\Users\pragy\AppData\Roaming\Code\User\globalStorage\redhat.java\1.43.1\config_win -data c:\Users\pragy\AppData\Roaming\Code\User\workspaceStorage\cc99c5c5b9f10468fc12bfe29c53fb65\redhat.java\jdt_ws --pipe=\\.\pipe\lsp-17dc692ec7c6470bae83535f5e4bf7c8-sock

Host: AMD Ryzen 5 5625U with Radeon Graphics         , 12 cores, 15G,  Windows 11 , 64 bit Build 22621 (10.0.22621.5413)
Time: Mon Jul 14 22:52:58 2025 India Standard Time elapsed time: 7.183374 seconds (0d 0h 0m 7s)

---------------  T H R E A D  ---------------

Current thread (0x000001d25601f0f0):  JavaThread "C2 CompilerThread0" daemon [_thread_in_native, id=28344, stack(0x000000ce2c300000,0x000000ce2c400000) (1024K)]


Current CompileTask:
C2:7183 9174       4       java.lang.ClassLoader::defineClass (43 bytes)

Stack: [0x000000ce2c300000,0x000000ce2c400000]
Native frames: (J=compiled Java code, j=interpreted, Vv=VM code, C=native code)
V  [jvm.dll+0x6ce119]
V  [jvm.dll+0x8a84a1]
V  [jvm.dll+0x8aa9ce]
V  [jvm.dll+0x8ab0b3]
V  [jvm.dll+0x27f8a6]
V  [jvm.dll+0xc507d]
V  [jvm.dll+0xc55b3]
V  [jvm.dll+0x3b692c]
V  [jvm.dll+0x1e0029]
V  [jvm.dll+0x247c42]
V  [jvm.dll+0x2470cf]
V  [jvm.dll+0x1c760e]
V  [jvm.dll+0x25695a]
V  [jvm.dll+0x254efa]
V  [jvm.dll+0x3f03f6]
V  [jvm.dll+0x851f6b]
V  [jvm.dll+0x6cc7dd]
C  [ucrtbase.dll+0x29333]
C  [KERNEL32.DLL+0x1259d]
C  [ntdll.dll+0x5af78]


---------------  P R O C E S S  ---------------

Threads class SMR info:
_java_thread_list=0x000001d266430f80, length=77, elements={
0x000001d27831de20, 0x000001d27fdbe1c0, 0x000001d256004a80, 0x000001d256006970,
0x000001d256007c30, 0x000001d25600d810, 0x000001d25600f740, 0x000001d25601f0f0,
0x000001d256021a00, 0x000001d256118620, 0x000001d2562979e0, 0x000001d25632e6b0,
0x000001d2563fde30, 0x000001d256cdf2b0, 0x000001d2569ca7a0, 0x000001d2567dd850,
0x000001d256817f20, 0x000001d256c90dd0, 0x000001d25744d530, 0x000001d2573ec2d0,
0x000001d2573ebc40, 0x000001d2573ec960, 0x000001d2573e9b70, 0x000001d2573ea200,
0x000001d2573ea890, 0x000001d2573eaf20, 0x000001d2573eb5b0, 0x000001d2599b6a00,
0x000001d2599b21d0, 0x000001d2599b8440, 0x000001d2599b7720, 0x000001d2599b8ad0,
0x000001d2599b2860, 0x000001d2599b5650, 0x000001d2599b3c10, 0x000001d2599b2ef0,
0x000001d2599b1b40, 0x000001d2599b7090, 0x000001d2599b4fc0, 0x000001d2599b9160,
0x000001d2599b6370, 0x000001d2599b5ce0, 0x000001d2599b3580, 0x000001d2599b7db0,
0x000001d2599b4930, 0x000001d25ae729f0, 0x000001d25ae75150, 0x000001d25ae75e70,
0x000001d25ae76500, 0x000001d25ae77220, 0x000001d25ae70290, 0x000001d25ae757e0,
0x000001d25ae73da0, 0x000001d25ae76b90, 0x000001d25ae71640, 0x000001d25ae71cd0,
0x000001d25ae778b0, 0x000001d25ae73080, 0x000001d25ae74430, 0x000001d25ae74ac0,
0x000001d25ae73710, 0x000001d25ae70920, 0x000001d25ae70fb0, 0x000001d25ae72360,
0x000001d259663b60, 0x000001d259662e40, 0x000001d25965f9c0, 0x000001d25965df80,
0x000001d2596627b0, 0x000001d25965d8f0, 0x000001d259660050, 0x000001d259660d70,
0x000001d25965e610, 0x000001d25965f330, 0x000001d2596606e0, 0x000001d259661a90,
0x000001d2596641f0
}

Java Threads: ( => current thread )
  0x000001d27831de20 JavaThread "main"                              [_thread_blocked, id=8844, stack(0x000000ce2b900000,0x000000ce2ba00000) (1024K)]
  0x000001d27fdbe1c0 JavaThread "Reference Handler"          daemon [_thread_blocked, id=24156, stack(0x000000ce2bd00000,0x000000ce2be00000) (1024K)]
  0x000001d256004a80 JavaThread "Finalizer"                  daemon [_thread_blocked, id=24112, stack(0x000000ce2be00000,0x000000ce2bf00000) (1024K)]
  0x000001d256006970 JavaThread "Signal Dispatcher"          daemon [_thread_blocked, id=27476, stack(0x000000ce2bf00000,0x000000ce2c000000) (1024K)]
  0x000001d256007c30 JavaThread "Attach Listener"            daemon [_thread_blocked, id=25424, stack(0x000000ce2c000000,0x000000ce2c100000) (1024K)]
  0x000001d25600d810 JavaThread "Service Thread"             daemon [_thread_blocked, id=27376, stack(0x000000ce2c100000,0x000000ce2c200000) (1024K)]
  0x000001d25600f740 JavaThread "Monitor Deflation Thread"   daemon [_thread_blocked, id=24676, stack(0x000000ce2c200000,0x000000ce2c300000) (1024K)]
=>0x000001d25601f0f0 JavaThread "C2 CompilerThread0"         daemon [_thread_in_native, id=28344, stack(0x000000ce2c300000,0x000000ce2c400000) (1024K)]
  0x000001d256021a00 JavaThread "C1 CompilerThread0"         daemon [_thread_blocked, id=27672, stack(0x000000ce2c400000,0x000000ce2c500000) (1024K)]
  0x000001d256118620 JavaThread "Common-Cleaner"             daemon [_thread_blocked, id=20392, stack(0x000000ce2c500000,0x000000ce2c600000) (1024K)]
  0x000001d2562979e0 JavaThread "C2 CompilerThread1"         daemon [_thread_in_native, id=25788, stack(0x000000ce2c600000,0x000000ce2c700000) (1024K)]
  0x000001d25632e6b0 JavaThread "Notification Thread"        daemon [_thread_blocked, id=25784, stack(0x000000ce2c700000,0x000000ce2c800000) (1024K)]
  0x000001d2563fde30 JavaThread "C2 CompilerThread2"         daemon [_thread_blocked, id=27420, stack(0x000000ce2c800000,0x000000ce2c900000) (1024K)]
  0x000001d256cdf2b0 JavaThread "Active Thread: Equinox Container: a43342bf-6082-459e-8227-845b56a9ad0d"        [_thread_blocked, id=26448, stack(0x000000ce2cf00000,0x000000ce2d000000) (1024K)]
  0x000001d2569ca7a0 JavaThread "Refresh Thread: Equinox Container: a43342bf-6082-459e-8227-845b56a9ad0d" daemon [_thread_blocked, id=25832, stack(0x000000ce2d000000,0x000000ce2d100000) (1024K)]
  0x000001d2567dd850 JavaThread "Framework Event Dispatcher: Equinox Container: a43342bf-6082-459e-8227-845b56a9ad0d" daemon [_thread_blocked, id=23056, stack(0x000000ce2d200000,0x000000ce2d300000) (1024K)]
  0x000001d256817f20 JavaThread "Start Level: Equinox Container: a43342bf-6082-459e-8227-845b56a9ad0d" daemon [_thread_blocked, id=25472, stack(0x000000ce2d300000,0x000000ce2d400000) (1024K)]
  0x000001d256c90dd0 JavaThread "Bundle File Closer"         daemon [_thread_blocked, id=23376, stack(0x000000ce2d600000,0x000000ce2d700000) (1024K)]
  0x000001d25744d530 JavaThread "SCR Component Actor"        daemon [_thread_blocked, id=8368, stack(0x000000ce2d700000,0x000000ce2d800000) (1024K)]
  0x000001d2573ec2d0 JavaThread "SCR Component Registry"     daemon [_thread_blocked, id=7728, stack(0x000000ce2d800000,0x000000ce2d900000) (1024K)]
  0x000001d2573ebc40 JavaThread "Worker-JM"                         [_thread_blocked, id=16624, stack(0x000000ce2d900000,0x000000ce2da00000) (1024K)]
  0x000001d2573ec960 JavaThread "JNA Cleaner"                daemon [_thread_blocked, id=6816, stack(0x000000ce2da00000,0x000000ce2db00000) (1024K)]
  0x000001d2573e9b70 JavaThread "Worker-0: Java indexing... "        [_thread_blocked, id=6768, stack(0x000000ce2db00000,0x000000ce2dc00000) (1024K)]
  0x000001d2573ea200 JavaThread "Worker-1: Initialize Workspace"        [_thread_blocked, id=26668, stack(0x000000ce2dc00000,0x000000ce2dd00000) (1024K)]
  0x000001d2573ea890 JavaThread "Java indexing"              daemon [_thread_blocked, id=18956, stack(0x000000ce2dd00000,0x000000ce2de00000) (1024K)]
  0x000001d2573eaf20 JavaThread "Worker-2"                          [_thread_blocked, id=3144, stack(0x000000ce2de00000,0x000000ce2df00000) (1024K)]
  0x000001d2573eb5b0 JavaThread "Worker-3"                          [_thread_blocked, id=5768, stack(0x000000ce2df00000,0x000000ce2e000000) (1024K)]
  0x000001d2599b6a00 JavaThread "Thread-2"                   daemon [_thread_in_native, id=16316, stack(0x000000ce2e000000,0x000000ce2e100000) (1024K)]
  0x000001d2599b21d0 JavaThread "Thread-3"                   daemon [_thread_in_native, id=26940, stack(0x000000ce2e100000,0x000000ce2e200000) (1024K)]
  0x000001d2599b8440 JavaThread "Thread-4"                   daemon [_thread_in_native, id=27632, stack(0x000000ce2e200000,0x000000ce2e300000) (1024K)]
  0x000001d2599b7720 JavaThread "Thread-5"                   daemon [_thread_in_native, id=2512, stack(0x000000ce2e300000,0x000000ce2e400000) (1024K)]
  0x000001d2599b8ad0 JavaThread "Thread-6"                   daemon [_thread_in_native, id=12900, stack(0x000000ce2e400000,0x000000ce2e500000) (1024K)]
  0x000001d2599b2860 JavaThread "Thread-7"                   daemon [_thread_in_native, id=9864, stack(0x000000ce2e500000,0x000000ce2e600000) (1024K)]
  0x000001d2599b5650 JavaThread "Thread-8"                   daemon [_thread_in_native, id=27844, stack(0x000000ce2e600000,0x000000ce2e700000) (1024K)]
  0x000001d2599b3c10 JavaThread "Thread-9"                   daemon [_thread_in_native, id=6012, stack(0x000000ce2e700000,0x000000ce2e800000) (1024K)]
  0x000001d2599b2ef0 JavaThread "Thread-10"                  daemon [_thread_in_native, id=14560, stack(0x000000ce2e800000,0x000000ce2e900000) (1024K)]
  0x000001d2599b1b40 JavaThread "Thread-11"                  daemon [_thread_in_native, id=2120, stack(0x000000ce2e900000,0x000000ce2ea00000) (1024K)]
  0x000001d2599b7090 JavaThread "Thread-12"                  daemon [_thread_in_native, id=18528, stack(0x000000ce2ea00000,0x000000ce2eb00000) (1024K)]
  0x000001d2599b4fc0 JavaThread "Thread-13"                  daemon [_thread_in_native, id=13544, stack(0x000000ce2eb00000,0x000000ce2ec00000) (1024K)]
  0x000001d2599b9160 JavaThread "Thread-14"                  daemon [_thread_in_native, id=16716, stack(0x000000ce2ec00000,0x000000ce2ed00000) (1024K)]
  0x000001d2599b6370 JavaThread "pool-2-thread-1"                   [_thread_blocked, id=8316, stack(0x000000ce2ed00000,0x000000ce2ee00000) (1024K)]
  0x000001d2599b5ce0 JavaThread "WorkspaceEventsHandler"            [_thread_blocked, id=24132, stack(0x000000ce2ee00000,0x000000ce2ef00000) (1024K)]
  0x000001d2599b3580 JavaThread "pool-1-thread-1"                   [_thread_blocked, id=4188, stack(0x000000ce2ef00000,0x000000ce2f000000) (1024K)]
  0x000001d2599b7db0 JavaThread "Worker-4"                          [_thread_blocked, id=3808, stack(0x000000ce2f000000,0x000000ce2f100000) (1024K)]
  0x000001d2599b4930 JavaThread "LocalFile Deleter"          daemon [_thread_blocked, id=28036, stack(0x000000ce2f100000,0x000000ce2f200000) (1024K)]
  0x000001d25ae729f0 JavaThread "LocalFile Deleter"          daemon [_thread_blocked, id=23420, stack(0x000000ce2f200000,0x000000ce2f300000) (1024K)]
  0x000001d25ae75150 JavaThread "LocalFile Deleter"          daemon [_thread_blocked, id=12280, stack(0x000000ce2f300000,0x000000ce2f400000) (1024K)]
  0x000001d25ae75e70 JavaThread "LocalFile Deleter"          daemon [_thread_blocked, id=9140, stack(0x000000ce2f400000,0x000000ce2f500000) (1024K)]
  0x000001d25ae76500 JavaThread "LocalFile Deleter"          daemon [_thread_blocked, id=25468, stack(0x000000ce2f500000,0x000000ce2f600000) (1024K)]
  0x000001d25ae77220 JavaThread "LocalFile Deleter"          daemon [_thread_blocked, id=14284, stack(0x000000ce2f600000,0x000000ce2f700000) (1024K)]
  0x000001d25ae70290 JavaThread "LocalFile Deleter"          daemon [_thread_blocked, id=25080, stack(0x000000ce2f700000,0x000000ce2f800000) (1024K)]
  0x000001d25ae757e0 JavaThread "LocalFile Deleter"          daemon [_thread_blocked, id=27732, stack(0x000000ce2f800000,0x000000ce2f900000) (1024K)]
  0x000001d25ae73da0 JavaThread "LocalFile Deleter"          daemon [_thread_blocked, id=22872, stack(0x000000ce2f900000,0x000000ce2fa00000) (1024K)]
  0x000001d25ae76b90 JavaThread "LocalFile Deleter"          daemon [_thread_blocked, id=6324, stack(0x000000ce2fa00000,0x000000ce2fb00000) (1024K)]
  0x000001d25ae71640 JavaThread "LocalFile Deleter"          daemon [_thread_blocked, id=4284, stack(0x000000ce2fb00000,0x000000ce2fc00000) (1024K)]
  0x000001d25ae71cd0 JavaThread "LocalFile Deleter"          daemon [_thread_blocked, id=26276, stack(0x000000ce2fc00000,0x000000ce2fd00000) (1024K)]
  0x000001d25ae778b0 JavaThread "Compiler Source File Reader" daemon [_thread_blocked, id=24900, stack(0x000000ce2fd00000,0x000000ce2fe00000) (1024K)]
  0x000001d25ae73080 JavaThread "Compiler Source File Reader" daemon [_thread_blocked, id=8468, stack(0x000000ce2fe00000,0x000000ce2ff00000) (1024K)]
  0x000001d25ae74430 JavaThread "Compiler Source File Reader" daemon [_thread_blocked, id=15828, stack(0x000000ce2ff00000,0x000000ce30000000) (1024K)]
  0x000001d25ae74ac0 JavaThread "Compiler Source File Reader" daemon [_thread_blocked, id=23044, stack(0x000000ce30000000,0x000000ce30100000) (1024K)]
  0x000001d25ae73710 JavaThread "Compiler Source File Reader" daemon [_thread_blocked, id=26432, stack(0x000000ce30100000,0x000000ce30200000) (1024K)]
  0x000001d25ae70920 JavaThread "Compiler Source File Reader" daemon [_thread_blocked, id=5972, stack(0x000000ce30200000,0x000000ce30300000) (1024K)]
  0x000001d25ae70fb0 JavaThread "Compiler Source File Reader" daemon [_thread_blocked, id=16312, stack(0x000000ce30300000,0x000000ce30400000) (1024K)]
  0x000001d25ae72360 JavaThread "Compiler Source File Reader" daemon [_thread_blocked, id=9968, stack(0x000000ce30400000,0x000000ce30500000) (1024K)]
  0x000001d259663b60 JavaThread "Compiler Source File Reader" daemon [_thread_blocked, id=5856, stack(0x000000ce30500000,0x000000ce30600000) (1024K)]
  0x000001d259662e40 JavaThread "Compiler Source File Reader" daemon [_thread_blocked, id=10624, stack(0x000000ce30600000,0x000000ce30700000) (1024K)]
  0x000001d25965f9c0 JavaThread "Compiler Processing Task"   daemon [_thread_blocked, id=22976, stack(0x000000ce30700000,0x000000ce30800000) (1024K)]
  0x000001d25965df80 JavaThread "Compiler Class File Writer" daemon [_thread_blocked, id=13040, stack(0x000000ce30800000,0x000000ce30900000) (1024K)]
  0x000001d2596627b0 JavaThread "Compiler Class File Writer" daemon [_thread_blocked, id=28620, stack(0x000000ce30900000,0x000000ce30a00000) (1024K)]
  0x000001d25965d8f0 JavaThread "Compiler Class File Writer" daemon [_thread_blocked, id=28596, stack(0x000000ce30a00000,0x000000ce30b00000) (1024K)]
  0x000001d259660050 JavaThread "Compiler Class File Writer" daemon [_thread_blocked, id=10716, stack(0x000000ce30b00000,0x000000ce30c00000) (1024K)]
  0x000001d259660d70 JavaThread "Compiler Class File Writer" daemon [_thread_blocked, id=22352, stack(0x000000ce30c00000,0x000000ce30d00000) (1024K)]
  0x000001d25965e610 JavaThread "Compiler Class File Writer" daemon [_thread_blocked, id=26116, stack(0x000000ce30d00000,0x000000ce30e00000) (1024K)]
  0x000001d25965f330 JavaThread "Compiler Class File Writer" daemon [_thread_blocked, id=26144, stack(0x000000ce30e00000,0x000000ce30f00000) (1024K)]
  0x000001d2596606e0 JavaThread "Compiler Class File Writer" daemon [_thread_blocked, id=26152, stack(0x000000ce30f00000,0x000000ce31000000) (1024K)]
  0x000001d259661a90 JavaThread "Compiler Class File Writer" daemon [_thread_blocked, id=15452, stack(0x000000ce31000000,0x000000ce31100000) (1024K)]
  0x000001d2596641f0 JavaThread "Compiler Class File Writer" daemon [_thread_blocked, id=5868, stack(0x000000ce31100000,0x000000ce31200000) (1024K)]
Total: 77

Other Threads:
  0x000001d2783de890 VMThread "VM Thread"                           [id=16844, stack(0x000000ce2bc00000,0x000000ce2bd00000) (1024K)]
  0x000001d27fc9ca00 WatcherThread "VM Periodic Task Thread"        [id=12188, stack(0x000000ce2bb00000,0x000000ce2bc00000) (1024K)]
  0x000001d27833e2e0 WorkerThread "GC Thread#0"                     [id=22864, stack(0x000000ce2ba00000,0x000000ce2bb00000) (1024K)]
  0x000001d256928bc0 WorkerThread "GC Thread#1"                     [id=8284, stack(0x000000ce2c900000,0x000000ce2ca00000) (1024K)]
  0x000001d256928f60 WorkerThread "GC Thread#2"                     [id=25564, stack(0x000000ce2ca00000,0x000000ce2cb00000) (1024K)]
  0x000001d256ec47f0 WorkerThread "GC Thread#3"                     [id=25776, stack(0x000000ce2cb00000,0x000000ce2cc00000) (1024K)]
  0x000001d256ec4b90 WorkerThread "GC Thread#4"                     [id=4056, stack(0x000000ce2cc00000,0x000000ce2cd00000) (1024K)]
  0x000001d2567d5ae0 WorkerThread "GC Thread#5"                     [id=11836, stack(0x000000ce2cd00000,0x000000ce2ce00000) (1024K)]
  0x000001d2567d5e80 WorkerThread "GC Thread#6"                     [id=26440, stack(0x000000ce2ce00000,0x000000ce2cf00000) (1024K)]
  0x000001d256f27b50 WorkerThread "GC Thread#7"                     [id=25792, stack(0x000000ce2d100000,0x000000ce2d200000) (1024K)]
  0x000001d256f28290 WorkerThread "GC Thread#8"                     [id=26412, stack(0x000000ce2d400000,0x000000ce2d500000) (1024K)]
  0x000001d256f27410 WorkerThread "GC Thread#9"                     [id=7852, stack(0x000000ce2d500000,0x000000ce2d600000) (1024K)]
Total: 12

Threads with active compile tasks:
C2 CompilerThread0  7204 9174       4       java.lang.ClassLoader::defineClass (43 bytes)
C2 CompilerThread1  7204 9192       4       java.lang.reflect.Field::get (39 bytes)
C2 CompilerThread2  7204 9195       4       java.util.Properties$LineReader::readLine (584 bytes)
Total: 3

VM state: at safepoint (normal execution)

VM Mutex/Monitor currently owned by a thread:  ([mutex/lock_event])
[0x00007ff84a1ee308] Threads_lock - owner thread: 0x000001d2783de890
[0x00007ff84a1ee408] Heap_lock - owner thread: 0x000001d2573ea890

Heap address: 0x0000000080000000, size: 2048 MB, Compressed Oops mode: 32-bit

CDS archive(s) mapped at: [0x000001d20f000000-0x000001d20fba0000-0x000001d20fba0000), size 12189696, SharedBaseAddress: 0x000001d20f000000, ArchiveRelocationMode: 1.
Compressed class space mapped at: 0x000001d210000000-0x000001d250000000, reserved size: 1073741824
Narrow klass base: 0x000001d20f000000, Narrow klass shift: 0, Narrow klass range: 0x100000000

GC Precious Log:
 CardTable entry size: 512
 CPUs: 12 total, 12 available
 Memory: 15712M
 Large Page Support: Disabled
 NUMA Support: Disabled
 Compressed Oops: Enabled (32-bit)
 Alignments: Space 512K, Generation 512K, Heap 2M
 Heap Min Capacity: 100M
 Heap Initial Capacity: 100M
 Heap Max Capacity: 2G
 Pre-touch: Disabled
 Parallel Workers: 10

Heap:
 PSYoungGen      total 20480K, used 20459K [0x00000000d5580000, 0x00000000d6e00000, 0x0000000100000000)
  eden space 16896K, 100% used [0x00000000d5580000,0x00000000d6600000,0x00000000d6600000)
  from space 3584K, 99% used [0x00000000d6600000,0x00000000d697ac70,0x00000000d6980000)
  to   space 4096K, 93% used [0x00000000d6a00000,0x00000000d6db9230,0x00000000d6e00000)
 ParOldGen       total 278016K, used 277506K [0x0000000080000000, 0x0000000090f80000, 0x00000000d5580000)
  object space 278016K, 99% used [0x0000000080000000,0x0000000090f009d8,0x0000000090f80000)
 Metaspace       used 57598K, committed 58944K, reserved 1114112K
  class space    used 5934K, committed 6528K, reserved 1048576K

Card table byte_map: [0x000001d277cf0000,0x000001d278100000] _byte_map_base: 0x000001d2778f0000

Marking Bits: (ParMarkBitMap*) 0x00007ff84a1f31f0
 Begin Bits: [0x000001d27b7c0000, 0x000001d27d7c0000)
 End Bits:   [0x000001d27d7c0000, 0x000001d27f7c0000)

Polling page: 0x000001d277ae0000

Metaspace:

Usage:
  Non-class:     50.45 MB used.
      Class:      5.80 MB used.
       Both:     56.25 MB used.

Virtual space:
  Non-class space:       64.00 MB reserved,      51.19 MB ( 80%) committed,  1 nodes.
      Class space:        1.00 GB reserved,       6.38 MB ( <1%) committed,  1 nodes.
             Both:        1.06 GB reserved,      57.56 MB (  5%) committed. 

Chunk freelists:
   Non-Class:  12.17 MB
       Class:  9.59 MB
        Both:  21.77 MB

MaxMetaspaceSize: unlimited
CompressedClassSpaceSize: 1.00 GB
Initial GC threshold: 21.00 MB
Current GC threshold: 58.38 MB
CDS: on
 - commit_granule_bytes: 65536.
 - commit_granule_words: 8192.
 - virtual_space_node_default_size: 8388608.
 - enlarge_chunks_in_place: 1.
 - use_allocation_guard: 0.


Internal statistics:

num_allocs_failed_limit: 6.
num_arena_births: 1032.
num_arena_deaths: 14.
num_vsnodes_births: 2.
num_vsnodes_deaths: 0.
num_space_committed: 921.
num_space_uncommitted: 0.
num_chunks_returned_to_freelist: 20.
num_chunks_taken_from_freelist: 3598.
num_chunk_merges: 10.
num_chunk_splits: 2276.
num_chunks_enlarged: 1380.
num_inconsistent_stats: 0.

CodeHeap 'non-profiled nmethods': size=120000Kb used=5463Kb max_used=5463Kb free=114536Kb
 bounds [0x000001d207ad0000, 0x000001d208030000, 0x000001d20f000000]
CodeHeap 'profiled nmethods': size=120000Kb used=19154Kb max_used=19154Kb free=100845Kb
 bounds [0x000001d200000000, 0x000001d2012c0000, 0x000001d207530000]
CodeHeap 'non-nmethods': size=5760Kb used=1422Kb max_used=1486Kb free=4337Kb
 bounds [0x000001d207530000, 0x000001d2077a0000, 0x000001d207ad0000]
 total_blobs=9360 nmethods=8623 adapters=643
 compilation: enabled
              stopped_count=0, restarted_count=0
 full_count=0

Compilation events (20 events):
Event: 7.123 Thread 0x000001d256021a00 9218       3       java.io.File::<init> (78 bytes)
Event: 7.124 Thread 0x000001d256021a00 nmethod 9218 0x000001d2012afe90 code [0x000001d2012b0040, 0x000001d2012b0268]
Event: 7.125 Thread 0x000001d256021a00 9219       3       java.nio.charset.CharsetDecoder::implReplaceWith (1 bytes)
Event: 7.125 Thread 0x000001d256021a00 nmethod 9219 0x000001d2012b0390 code [0x000001d2012b0520, 0x000001d2012b0628]
Event: 7.125 Thread 0x000001d256021a00 9220       3       java.nio.charset.CharsetDecoder::<init> (10 bytes)
Event: 7.125 Thread 0x000001d256021a00 nmethod 9220 0x000001d2012b0690 code [0x000001d2012b0840, 0x000001d2012b0988]
Event: 7.126 Thread 0x000001d256021a00 9221       3       java.nio.file.SimpleFileVisitor::visitFile (14 bytes)
Event: 7.126 Thread 0x000001d256021a00 nmethod 9221 0x000001d2012b0a10 code [0x000001d2012b0be0, 0x000001d2012b0f98]
Event: 7.139 Thread 0x000001d256021a00 9224       3       org.eclipse.jdt.internal.core.util.Util::indexOfJavaLikeExtension (116 bytes)
Event: 7.140 Thread 0x000001d256021a00 nmethod 9224 0x000001d2012b1110 code [0x000001d2012b13c0, 0x000001d2012b2208]
Event: 7.140 Thread 0x000001d256021a00 9225       3       sun.nio.fs.WindowsPath::checkRead (17 bytes)
Event: 7.141 Thread 0x000001d256021a00 nmethod 9225 0x000001d2012b2910 code [0x000001d2012b2ac0, 0x000001d2012b2cb0]
Event: 7.143 Thread 0x000001d256021a00 9227       3       sun.nio.fs.WindowsDirectoryStream$WindowsDirectoryIterator::<init> (73 bytes)
Event: 7.143 Thread 0x000001d256021a00 nmethod 9227 0x000001d2012b2d90 code [0x000001d2012b2fc0, 0x000001d2012b37c0]
Event: 7.148 Thread 0x000001d2563fde30 nmethod 9194% 0x000001d208022310 code [0x000001d208022660, 0x000001d208024a70]
Event: 7.148 Thread 0x000001d2563fde30 9195       4       java.util.Properties$LineReader::readLine (584 bytes)
Event: 7.152 Thread 0x000001d256021a00 9230       3       org.eclipse.jdt.ls.core.internal.JDTUtils::isJavaFile (15 bytes)
Event: 7.153 Thread 0x000001d256021a00 nmethod 9230 0x000001d2012b3b10 code [0x000001d2012b3ce0, 0x000001d2012b3f58]
Event: 7.159 Thread 0x000001d256021a00 9231       3       java.nio.file.Path::toFile (36 bytes)
Event: 7.159 Thread 0x000001d256021a00 nmethod 9231 0x000001d2012b4010 code [0x000001d2012b4220, 0x000001d2012b4848]

GC Heap History (20 events):
Event: 6.961 GC heap after
{Heap after GC invocations=161 (full 2):
 PSYoungGen      total 8704K, used 1527K [0x00000000d5580000, 0x00000000d6500000, 0x0000000100000000)
  eden space 7168K, 0% used [0x00000000d5580000,0x00000000d5580000,0x00000000d5c80000)
  from space 1536K, 99% used [0x00000000d5c80000,0x00000000d5dfdc90,0x00000000d5e00000)
  to   space 3584K, 0% used [0x00000000d6180000,0x00000000d6180000,0x00000000d6500000)
 ParOldGen       total 255488K, used 255466K [0x0000000080000000, 0x000000008f980000, 0x00000000d5580000)
  object space 255488K, 99% used [0x0000000080000000,0x000000008f97a8c8,0x000000008f980000)
 Metaspace       used 56857K, committed 58176K, reserved 1114112K
  class space    used 5889K, committed 6464K, reserved 1048576K
}
Event: 6.972 GC heap before
{Heap before GC invocations=162 (full 2):
 PSYoungGen      total 8704K, used 8695K [0x00000000d5580000, 0x00000000d6500000, 0x0000000100000000)
  eden space 7168K, 100% used [0x00000000d5580000,0x00000000d5c80000,0x00000000d5c80000)
  from space 1536K, 99% used [0x00000000d5c80000,0x00000000d5dfdc90,0x00000000d5e00000)
  to   space 3584K, 0% used [0x00000000d6180000,0x00000000d6180000,0x00000000d6500000)
 ParOldGen       total 255488K, used 255466K [0x0000000080000000, 0x000000008f980000, 0x00000000d5580000)
  object space 255488K, 99% used [0x0000000080000000,0x000000008f97a8c8,0x000000008f980000)
 Metaspace       used 56887K, committed 58176K, reserved 1114112K
  class space    used 5889K, committed 6464K, reserved 1048576K
}
Event: 6.976 GC heap after
{Heap after GC invocations=162 (full 2):
 PSYoungGen      total 11776K, used 2588K [0x00000000d5580000, 0x00000000d6480000, 0x0000000100000000)
  eden space 8704K, 0% used [0x00000000d5580000,0x00000000d5580000,0x00000000d5e00000)
  from space 3072K, 84% used [0x00000000d6180000,0x00000000d6407288,0x00000000d6480000)
  to   space 3072K, 0% used [0x00000000d5e80000,0x00000000d5e80000,0x00000000d6180000)
 ParOldGen       total 257024K, used 256984K [0x0000000080000000, 0x000000008fb00000, 0x00000000d5580000)
  object space 257024K, 99% used [0x0000000080000000,0x000000008faf6218,0x000000008fb00000)
 Metaspace       used 56887K, committed 58176K, reserved 1114112K
  class space    used 5889K, committed 6464K, reserved 1048576K
}
Event: 6.989 GC heap before
{Heap before GC invocations=163 (full 2):
 PSYoungGen      total 11776K, used 11253K [0x00000000d5580000, 0x00000000d6480000, 0x0000000100000000)
  eden space 8704K, 99% used [0x00000000d5580000,0x00000000d5df6378,0x00000000d5e00000)
  from space 3072K, 84% used [0x00000000d6180000,0x00000000d6407288,0x00000000d6480000)
  to   space 3072K, 0% used [0x00000000d5e80000,0x00000000d5e80000,0x00000000d6180000)
 ParOldGen       total 257024K, used 256984K [0x0000000080000000, 0x000000008fb00000, 0x00000000d5580000)
  object space 257024K, 99% used [0x0000000080000000,0x000000008faf6218,0x000000008fb00000)
 Metaspace       used 56903K, committed 58176K, reserved 1114112K
  class space    used 5889K, committed 6464K, reserved 1048576K
}
Event: 6.995 GC heap after
{Heap after GC invocations=163 (full 2):
 PSYoungGen      total 12288K, used 2813K [0x00000000d5580000, 0x00000000d6600000, 0x0000000100000000)
  eden space 9216K, 0% used [0x00000000d5580000,0x00000000d5580000,0x00000000d5e80000)
  from space 3072K, 91% used [0x00000000d5e80000,0x00000000d613f6f0,0x00000000d6180000)
  to   space 3072K, 0% used [0x00000000d6300000,0x00000000d6300000,0x00000000d6600000)
 ParOldGen       total 259584K, used 259379K [0x0000000080000000, 0x000000008fd80000, 0x00000000d5580000)
  object space 259584K, 99% used [0x0000000080000000,0x000000008fd4cd90,0x000000008fd80000)
 Metaspace       used 56903K, committed 58176K, reserved 1114112K
  class space    used 5889K, committed 6464K, reserved 1048576K
}
Event: 7.009 GC heap before
{Heap before GC invocations=164 (full 2):
 PSYoungGen      total 12288K, used 12029K [0x00000000d5580000, 0x00000000d6600000, 0x0000000100000000)
  eden space 9216K, 100% used [0x00000000d5580000,0x00000000d5e80000,0x00000000d5e80000)
  from space 3072K, 91% used [0x00000000d5e80000,0x00000000d613f6f0,0x00000000d6180000)
  to   space 3072K, 0% used [0x00000000d6300000,0x00000000d6300000,0x00000000d6600000)
 ParOldGen       total 259584K, used 259379K [0x0000000080000000, 0x000000008fd80000, 0x00000000d5580000)
  object space 259584K, 99% used [0x0000000080000000,0x000000008fd4cd90,0x000000008fd80000)
 Metaspace       used 57120K, committed 58432K, reserved 1114112K
  class space    used 5900K, committed 6464K, reserved 1048576K
}
Event: 7.015 GC heap after
{Heap after GC invocations=164 (full 2):
 PSYoungGen      total 13824K, used 2055K [0x00000000d5580000, 0x00000000d6580000, 0x0000000100000000)
  eden space 11264K, 0% used [0x00000000d5580000,0x00000000d5580000,0x00000000d6080000)
  from space 2560K, 80% used [0x00000000d6300000,0x00000000d6501e90,0x00000000d6580000)
  to   space 2560K, 0% used [0x00000000d6080000,0x00000000d6080000,0x00000000d6300000)
 ParOldGen       total 262144K, used 261912K [0x0000000080000000, 0x0000000090000000, 0x00000000d5580000)
  object space 262144K, 99% used [0x0000000080000000,0x000000008ffc6268,0x0000000090000000)
 Metaspace       used 57120K, committed 58432K, reserved 1114112K
  class space    used 5900K, committed 6464K, reserved 1048576K
}
Event: 7.034 GC heap before
{Heap before GC invocations=165 (full 2):
 PSYoungGen      total 13824K, used 13319K [0x00000000d5580000, 0x00000000d6580000, 0x0000000100000000)
  eden space 11264K, 100% used [0x00000000d5580000,0x00000000d6080000,0x00000000d6080000)
  from space 2560K, 80% used [0x00000000d6300000,0x00000000d6501e90,0x00000000d6580000)
  to   space 2560K, 0% used [0x00000000d6080000,0x00000000d6080000,0x00000000d6300000)
 ParOldGen       total 262144K, used 261912K [0x0000000080000000, 0x0000000090000000, 0x00000000d5580000)
  object space 262144K, 99% used [0x0000000080000000,0x000000008ffc6268,0x0000000090000000)
 Metaspace       used 57335K, committed 58688K, reserved 1114112K
  class space    used 5911K, committed 6528K, reserved 1048576K
}
Event: 7.038 GC heap after
{Heap after GC invocations=165 (full 2):
 PSYoungGen      total 13824K, used 2528K [0x00000000d5580000, 0x00000000d6d00000, 0x0000000100000000)
  eden space 11264K, 0% used [0x00000000d5580000,0x00000000d5580000,0x00000000d6080000)
  from space 2560K, 98% used [0x00000000d6080000,0x00000000d62f8020,0x00000000d6300000)
  to   space 5120K, 0% used [0x00000000d6800000,0x00000000d6800000,0x00000000d6d00000)
 ParOldGen       total 264192K, used 263834K [0x0000000080000000, 0x0000000090200000, 0x00000000d5580000)
  object space 264192K, 99% used [0x0000000080000000,0x00000000901a68a0,0x0000000090200000)
 Metaspace       used 57335K, committed 58688K, reserved 1114112K
  class space    used 5911K, committed 6528K, reserved 1048576K
}
Event: 7.056 GC heap before
{Heap before GC invocations=166 (full 2):
 PSYoungGen      total 13824K, used 13792K [0x00000000d5580000, 0x00000000d6d00000, 0x0000000100000000)
  eden space 11264K, 100% used [0x00000000d5580000,0x00000000d6080000,0x00000000d6080000)
  from space 2560K, 98% used [0x00000000d6080000,0x00000000d62f8020,0x00000000d6300000)
  to   space 5120K, 0% used [0x00000000d6800000,0x00000000d6800000,0x00000000d6d00000)
 ParOldGen       total 264192K, used 263834K [0x0000000080000000, 0x0000000090200000, 0x00000000d5580000)
  object space 264192K, 99% used [0x0000000080000000,0x00000000901a68a0,0x0000000090200000)
 Metaspace       used 57339K, committed 58688K, reserved 1114112K
  class space    used 5911K, committed 6528K, reserved 1048576K
}
Event: 7.060 GC heap after
{Heap after GC invocations=166 (full 2):
 PSYoungGen      total 16896K, used 2963K [0x00000000d5580000, 0x00000000d6b00000, 0x0000000100000000)
  eden space 13824K, 0% used [0x00000000d5580000,0x00000000d5580000,0x00000000d6300000)
  from space 3072K, 96% used [0x00000000d6800000,0x00000000d6ae4cf8,0x00000000d6b00000)
  to   space 3584K, 0% used [0x00000000d6400000,0x00000000d6400000,0x00000000d6780000)
 ParOldGen       total 266240K, used 266227K [0x0000000080000000, 0x0000000090400000, 0x00000000d5580000)
  object space 266240K, 99% used [0x0000000080000000,0x00000000903fcca8,0x0000000090400000)
 Metaspace       used 57339K, committed 58688K, reserved 1114112K
  class space    used 5911K, committed 6528K, reserved 1048576K
}
Event: 7.079 GC heap before
{Heap before GC invocations=167 (full 2):
 PSYoungGen      total 16896K, used 16787K [0x00000000d5580000, 0x00000000d6b00000, 0x0000000100000000)
  eden space 13824K, 100% used [0x00000000d5580000,0x00000000d6300000,0x00000000d6300000)
  from space 3072K, 96% used [0x00000000d6800000,0x00000000d6ae4cf8,0x00000000d6b00000)
  to   space 3584K, 0% used [0x00000000d6400000,0x00000000d6400000,0x00000000d6780000)
 ParOldGen       total 266240K, used 266227K [0x0000000080000000, 0x0000000090400000, 0x00000000d5580000)
  object space 266240K, 99% used [0x0000000080000000,0x00000000903fcca8,0x0000000090400000)
 Metaspace       used 57454K, committed 58752K, reserved 1114112K
  class space    used 5922K, committed 6528K, reserved 1048576K
}
Event: 7.083 GC heap after
{Heap after GC invocations=167 (full 2):
 PSYoungGen      total 18432K, used 3097K [0x00000000d5580000, 0x00000000d6d00000, 0x0000000100000000)
  eden space 14848K, 0% used [0x00000000d5580000,0x00000000d5580000,0x00000000d6400000)
  from space 3584K, 86% used [0x00000000d6400000,0x00000000d6706658,0x00000000d6780000)
  to   space 3584K, 0% used [0x00000000d6980000,0x00000000d6980000,0x00000000d6d00000)
 ParOldGen       total 269312K, used 268841K [0x0000000080000000, 0x0000000090700000, 0x00000000d5580000)
  object space 269312K, 99% used [0x0000000080000000,0x000000009068a5f0,0x0000000090700000)
 Metaspace       used 57454K, committed 58752K, reserved 1114112K
  class space    used 5922K, committed 6528K, reserved 1048576K
}
Event: 7.104 GC heap before
{Heap before GC invocations=168 (full 2):
 PSYoungGen      total 18432K, used 17945K [0x00000000d5580000, 0x00000000d6d00000, 0x0000000100000000)
  eden space 14848K, 100% used [0x00000000d5580000,0x00000000d6400000,0x00000000d6400000)
  from space 3584K, 86% used [0x00000000d6400000,0x00000000d6706658,0x00000000d6780000)
  to   space 3584K, 0% used [0x00000000d6980000,0x00000000d6980000,0x00000000d6d00000)
 ParOldGen       total 269312K, used 268841K [0x0000000080000000, 0x0000000090700000, 0x00000000d5580000)
  object space 269312K, 99% used [0x0000000080000000,0x000000009068a5f0,0x0000000090700000)
 Metaspace       used 57555K, committed 58880K, reserved 1114112K
  class space    used 5933K, committed 6528K, reserved 1048576K
}
Event: 7.109 GC heap after
{Heap after GC invocations=168 (full 2):
 PSYoungGen      total 20480K, used 3098K [0x00000000d5580000, 0x00000000d6e00000, 0x0000000100000000)
  eden space 16896K, 0% used [0x00000000d5580000,0x00000000d5580000,0x00000000d6600000)
  from space 3584K, 86% used [0x00000000d6980000,0x00000000d6c86a48,0x00000000d6d00000)
  to   space 3584K, 0% used [0x00000000d6600000,0x00000000d6600000,0x00000000d6980000)
 ParOldGen       total 271872K, used 271690K [0x0000000080000000, 0x0000000090980000, 0x00000000d5580000)
  object space 271872K, 99% used [0x0000000080000000,0x0000000090952b90,0x0000000090980000)
 Metaspace       used 57555K, committed 58880K, reserved 1114112K
  class space    used 5933K, committed 6528K, reserved 1048576K
}
Event: 7.134 GC heap before
{Heap before GC invocations=169 (full 2):
 PSYoungGen      total 20480K, used 19994K [0x00000000d5580000, 0x00000000d6e00000, 0x0000000100000000)
  eden space 16896K, 100% used [0x00000000d5580000,0x00000000d6600000,0x00000000d6600000)
  from space 3584K, 86% used [0x00000000d6980000,0x00000000d6c86a48,0x00000000d6d00000)
  to   space 3584K, 0% used [0x00000000d6600000,0x00000000d6600000,0x00000000d6980000)
 ParOldGen       total 271872K, used 271690K [0x0000000080000000, 0x0000000090980000, 0x00000000d5580000)
  object space 271872K, 99% used [0x0000000080000000,0x0000000090952b90,0x0000000090980000)
 Metaspace       used 57598K, committed 58944K, reserved 1114112K
  class space    used 5934K, committed 6528K, reserved 1048576K
}
Event: 7.138 GC heap after
{Heap after GC invocations=169 (full 2):
 PSYoungGen      total 20480K, used 3563K [0x00000000d5580000, 0x00000000d6e00000, 0x0000000100000000)
  eden space 16896K, 0% used [0x00000000d5580000,0x00000000d5580000,0x00000000d6600000)
  from space 3584K, 99% used [0x00000000d6600000,0x00000000d697ac70,0x00000000d6980000)
  to   space 4096K, 0% used [0x00000000d6a00000,0x00000000d6a00000,0x00000000d6e00000)
 ParOldGen       total 274944K, used 274596K [0x0000000080000000, 0x0000000090c80000, 0x00000000d5580000)
  object space 274944K, 99% used [0x0000000080000000,0x0000000090c290b8,0x0000000090c80000)
 Metaspace       used 57598K, committed 58944K, reserved 1114112K
  class space    used 5934K, committed 6528K, reserved 1048576K
}
Event: 7.163 GC heap before
{Heap before GC invocations=170 (full 2):
 PSYoungGen      total 20480K, used 20459K [0x00000000d5580000, 0x00000000d6e00000, 0x0000000100000000)
  eden space 16896K, 100% used [0x00000000d5580000,0x00000000d6600000,0x00000000d6600000)
  from space 3584K, 99% used [0x00000000d6600000,0x00000000d697ac70,0x00000000d6980000)
  to   space 4096K, 0% used [0x00000000d6a00000,0x00000000d6a00000,0x00000000d6e00000)
 ParOldGen       total 274944K, used 274596K [0x0000000080000000, 0x0000000090c80000, 0x00000000d5580000)
  object space 274944K, 99% used [0x0000000080000000,0x0000000090c290b8,0x0000000090c80000)
 Metaspace       used 57598K, committed 58944K, reserved 1114112K
  class space    used 5934K, committed 6528K, reserved 1048576K
}
Event: 7.167 GC heap after
{Heap after GC invocations=170 (full 2):
 PSYoungGen      total 20480K, used 20459K [0x00000000d5580000, 0x00000000d6e00000, 0x0000000100000000)
  eden space 16896K, 100% used [0x00000000d5580000,0x00000000d6600000,0x00000000d6600000)
  from space 3584K, 99% used [0x00000000d6600000,0x00000000d697ac70,0x00000000d6980000)
  to   space 4096K, 93% used [0x00000000d6a00000,0x00000000d6db9230,0x00000000d6e00000)
 ParOldGen       total 278016K, used 277506K [0x0000000080000000, 0x0000000090f80000, 0x00000000d5580000)
  object space 278016K, 99% used [0x0000000080000000,0x0000000090f009d8,0x0000000090f80000)
 Metaspace       used 57598K, committed 58944K, reserved 1114112K
  class space    used 5934K, committed 6528K, reserved 1048576K
}
Event: 7.167 GC heap before
{Heap before GC invocations=171 (full 3):
 PSYoungGen      total 20480K, used 20459K [0x00000000d5580000, 0x00000000d6e00000, 0x0000000100000000)
  eden space 16896K, 100% used [0x00000000d5580000,0x00000000d6600000,0x00000000d6600000)
  from space 3584K, 99% used [0x00000000d6600000,0x00000000d697ac70,0x00000000d6980000)
  to   space 4096K, 93% used [0x00000000d6a00000,0x00000000d6db9230,0x00000000d6e00000)
 ParOldGen       total 278016K, used 277506K [0x0000000080000000, 0x0000000090f80000, 0x00000000d5580000)
  object space 278016K, 99% used [0x0000000080000000,0x0000000090f009d8,0x0000000090f80000)
 Metaspace       used 57598K, committed 58944K, reserved 1114112K
  class space    used 5934K, committed 6528K, reserved 1048576K
}

Dll operation events (10 events):
Event: 0.008 Loaded shared library c:\Users\pragy\.vscode\extensions\redhat.java-1.43.1-win32-x64\jre\21.0.7-win32-x86_64\bin\java.dll
Event: 0.056 Loaded shared library c:\Users\pragy\.vscode\extensions\redhat.java-1.43.1-win32-x64\jre\21.0.7-win32-x86_64\bin\zip.dll
Event: 0.074 Loaded shared library C:\Users\pragy\.vscode\extensions\redhat.java-1.43.1-win32-x64\jre\21.0.7-win32-x86_64\bin\instrument.dll
Event: 0.079 Loaded shared library C:\Users\pragy\.vscode\extensions\redhat.java-1.43.1-win32-x64\jre\21.0.7-win32-x86_64\bin\net.dll
Event: 0.081 Loaded shared library C:\Users\pragy\.vscode\extensions\redhat.java-1.43.1-win32-x64\jre\21.0.7-win32-x86_64\bin\nio.dll
Event: 0.084 Loaded shared library C:\Users\pragy\.vscode\extensions\redhat.java-1.43.1-win32-x64\jre\21.0.7-win32-x86_64\bin\zip.dll
Event: 0.099 Loaded shared library C:\Users\pragy\.vscode\extensions\redhat.java-1.43.1-win32-x64\jre\21.0.7-win32-x86_64\bin\jimage.dll
Event: 0.165 Loaded shared library c:\Users\pragy\.vscode\extensions\redhat.java-1.43.1-win32-x64\jre\21.0.7-win32-x86_64\bin\verify.dll
Event: 0.988 Loaded shared library C:\Users\pragy\AppData\Roaming\Code\User\globalStorage\redhat.java\1.43.1\config_win\org.eclipse.equinox.launcher\org.eclipse.equinox.launcher.win32.win32.x86_64_1.2.1300.v20250331-1702\eclipse_11911.dll
Event: 1.971 Loaded shared library C:\Users\pragy\AppData\Local\Temp\jna-106927057\jna10403420443040328565.dll

Deoptimization events (20 events):
Event: 6.950 Thread 0x000001d2573ea200 DEOPT PACKING pc=0x000001d207f98f10 sp=0x000000ce2dcfeab0
Event: 6.950 Thread 0x000001d2573ea200 DEOPT UNPACKING pc=0x000001d207583aa2 sp=0x000000ce2dcfeaa0 mode 2
Event: 6.988 Thread 0x000001d2573ea200 Uncommon trap: trap_request=0xffffff45 fr.pc=0x000001d207ba3e40 relative=0x0000000000000660
Event: 6.988 Thread 0x000001d2573ea200 Uncommon trap: reason=unstable_if action=reinterpret pc=0x000001d207ba3e40 method=java.lang.String.newStringUTF8NoRepl([BIIZ)Ljava/lang/String; @ 41 c2
Event: 6.988 Thread 0x000001d2573ea200 DEOPT PACKING pc=0x000001d207ba3e40 sp=0x000000ce2dcfeb00
Event: 6.988 Thread 0x000001d2573ea200 DEOPT UNPACKING pc=0x000001d207583aa2 sp=0x000000ce2dcfeab8 mode 2
Event: 7.066 Thread 0x000001d2573ea200 Uncommon trap: trap_request=0xffffff45 fr.pc=0x000001d207f8fda0 relative=0x00000000000023e0
Event: 7.066 Thread 0x000001d2573ea200 Uncommon trap: reason=unstable_if action=reinterpret pc=0x000001d207f8fda0 method=org.eclipse.jdt.internal.compiler.parser.Scanner.getNextToken0()Lorg/eclipse/jdt/internal/compiler/parser/TerminalToken; @ 1566 c2
Event: 7.066 Thread 0x000001d2573ea200 DEOPT PACKING pc=0x000001d207f8fda0 sp=0x000000ce2dcfe3e0
Event: 7.066 Thread 0x000001d2573ea200 DEOPT UNPACKING pc=0x000001d207583aa2 sp=0x000000ce2dcfe318 mode 2
Event: 7.078 Thread 0x000001d2573ea200 DEOPT PACKING pc=0x000001d20059e339 sp=0x000000ce2dcf8f30
Event: 7.078 Thread 0x000001d2573ea200 DEOPT UNPACKING pc=0x000001d207584242 sp=0x000000ce2dcf8430 mode 0
Event: 7.119 Thread 0x000001d2573ea200 Uncommon trap: trap_request=0xffffff45 fr.pc=0x000001d207fc4940 relative=0x00000000000023e0
Event: 7.119 Thread 0x000001d2573ea200 Uncommon trap: reason=unstable_if action=reinterpret pc=0x000001d207fc4940 method=java.nio.file.FileTreeWalker.getAttributes(Ljava/nio/file/Path;Z)Ljava/nio/file/attribute/BasicFileAttributes; @ 35 c2
Event: 7.119 Thread 0x000001d2573ea200 DEOPT PACKING pc=0x000001d207fc4940 sp=0x000000ce2dcfec40
Event: 7.119 Thread 0x000001d2573ea200 DEOPT UNPACKING pc=0x000001d207583aa2 sp=0x000000ce2dcfeb20 mode 2
Event: 7.122 Thread 0x000001d2573ea200 Uncommon trap: trap_request=0xffffff45 fr.pc=0x000001d20800a5c4 relative=0x00000000000002e4
Event: 7.122 Thread 0x000001d2573ea200 Uncommon trap: reason=unstable_if action=reinterpret pc=0x000001d20800a5c4 method=org.eclipse.jdt.internal.core.util.Util.indexOfJavaLikeExtension(Ljava/lang/String;)I @ 46 c2
Event: 7.122 Thread 0x000001d2573ea200 DEOPT PACKING pc=0x000001d20800a5c4 sp=0x000000ce2dcfead0
Event: 7.122 Thread 0x000001d2573ea200 DEOPT UNPACKING pc=0x000001d207583aa2 sp=0x000000ce2dcfea58 mode 2

Classes loaded (20 events):
Event: 6.414 Loading class java/util/ArrayDeque$DeqSpliterator
Event: 6.414 Loading class java/util/ArrayDeque$DeqSpliterator done
Event: 6.489 Loading class java/util/TreeMap$ValueSpliterator
Event: 6.489 Loading class java/util/TreeMap$TreeMapSpliterator
Event: 6.489 Loading class java/util/TreeMap$TreeMapSpliterator done
Event: 6.489 Loading class java/util/TreeMap$ValueSpliterator done
Event: 6.505 Loading class java/util/concurrent/CompletionException
Event: 6.506 Loading class java/util/concurrent/CompletionException done
Event: 6.507 Loading class java/nio/file/FileTreeWalker$1
Event: 6.507 Loading class java/nio/file/FileTreeWalker$1 done
Event: 6.508 Loading class sun/nio/fs/Globs
Event: 6.508 Loading class sun/nio/fs/Globs done
Event: 6.508 Loading class java/util/regex/Pattern$SliceU
Event: 6.508 Loading class java/util/regex/Pattern$SliceU done
Event: 6.508 Loading class sun/nio/fs/WindowsFileSystem$2
Event: 6.508 Loading class java/nio/file/PathMatcher
Event: 6.508 Loading class java/nio/file/PathMatcher done
Event: 6.508 Loading class sun/nio/fs/WindowsFileSystem$2 done
Event: 7.024 Loading class java/lang/UnsupportedClassVersionError
Event: 7.024 Loading class java/lang/UnsupportedClassVersionError done

Classes unloaded (7 events):
Event: 2.366 Thread 0x000001d2783de890 Unloading class 0x000001d21019d000 'java/lang/invoke/LambdaForm$MH+0x000001d21019d000'
Event: 2.366 Thread 0x000001d2783de890 Unloading class 0x000001d21019cc00 'java/lang/invoke/LambdaForm$MH+0x000001d21019cc00'
Event: 2.366 Thread 0x000001d2783de890 Unloading class 0x000001d21019c800 'java/lang/invoke/LambdaForm$MH+0x000001d21019c800'
Event: 2.366 Thread 0x000001d2783de890 Unloading class 0x000001d21019c400 'java/lang/invoke/LambdaForm$MH+0x000001d21019c400'
Event: 2.366 Thread 0x000001d2783de890 Unloading class 0x000001d21019c000 'java/lang/invoke/LambdaForm$BMH+0x000001d21019c000'
Event: 2.366 Thread 0x000001d2783de890 Unloading class 0x000001d21019bc00 'java/lang/invoke/LambdaForm$DMH+0x000001d21019bc00'
Event: 2.366 Thread 0x000001d2783de890 Unloading class 0x000001d21019a800 'java/lang/invoke/LambdaForm$DMH+0x000001d21019a800'

Classes redefined (0 events):
No events

Internal exceptions (20 events):
Event: 6.942 Thread 0x000001d2573ea200 Exception <a 'sun/nio/fs/WindowsException'{0x00000000d5a4a210}> (0x00000000d5a4a210) 
thrown [s\src\hotspot\share\prims\jni.cpp, line 520]
Event: 6.942 Thread 0x000001d2573ea200 Exception <a 'sun/nio/fs/WindowsException'{0x00000000d5a4cfa8}> (0x00000000d5a4cfa8) 
thrown [s\src\hotspot\share\prims\jni.cpp, line 520]
Event: 6.942 Thread 0x000001d2573ea200 Exception <a 'sun/nio/fs/WindowsException'{0x00000000d5a69fb8}> (0x00000000d5a69fb8) 
thrown [s\src\hotspot\share\prims\jni.cpp, line 520]
Event: 6.942 Thread 0x000001d2573ea200 Exception <a 'sun/nio/fs/WindowsException'{0x00000000d5aa38f8}> (0x00000000d5aa38f8) 
thrown [s\src\hotspot\share\prims\jni.cpp, line 520]
Event: 6.942 Thread 0x000001d2573ea200 Exception <a 'sun/nio/fs/WindowsException'{0x00000000d5ac0830}> (0x00000000d5ac0830) 
thrown [s\src\hotspot\share\prims\jni.cpp, line 520]
Event: 6.943 Thread 0x000001d2573ea200 Exception <a 'sun/nio/fs/WindowsException'{0x00000000d5ae0390}> (0x00000000d5ae0390) 
thrown [s\src\hotspot\share\prims\jni.cpp, line 520]
Event: 6.943 Thread 0x000001d2573ea200 Exception <a 'sun/nio/fs/WindowsException'{0x00000000d5afdda0}> (0x00000000d5afdda0) 
thrown [s\src\hotspot\share\prims\jni.cpp, line 520]
Event: 6.947 Thread 0x000001d2573ea200 Exception <a 'sun/nio/fs/WindowsException'{0x00000000d55a26b0}> (0x00000000d55a26b0) 
thrown [s\src\hotspot\share\prims\jni.cpp, line 520]
Event: 6.947 Thread 0x000001d2573ea200 Exception <a 'sun/nio/fs/WindowsException'{0x00000000d55a51d0}> (0x00000000d55a51d0) 
thrown [s\src\hotspot\share\prims\jni.cpp, line 520]
Event: 6.948 Thread 0x000001d2573ea200 Exception <a 'sun/nio/fs/WindowsException'{0x00000000d55c8e30}> (0x00000000d55c8e30) 
thrown [s\src\hotspot\share\prims\jni.cpp, line 520]
Event: 6.948 Thread 0x000001d2573ea200 Exception <a 'sun/nio/fs/WindowsException'{0x00000000d55ee208}> (0x00000000d55ee208) 
thrown [s\src\hotspot\share\prims\jni.cpp, line 520]
Event: 6.948 Thread 0x000001d2573ea200 Exception <a 'sun/nio/fs/WindowsException'{0x00000000d5612830}> (0x00000000d5612830) 
thrown [s\src\hotspot\share\prims\jni.cpp, line 520]
Event: 6.948 Thread 0x000001d2573ea200 Exception <a 'sun/nio/fs/WindowsException'{0x00000000d56155a0}> (0x00000000d56155a0) 
thrown [s\src\hotspot\share\prims\jni.cpp, line 520]
Event: 6.948 Thread 0x000001d2573ea200 Exception <a 'sun/nio/fs/WindowsException'{0x00000000d563ca60}> (0x00000000d563ca60) 
thrown [s\src\hotspot\share\prims\jni.cpp, line 520]
Event: 6.949 Thread 0x000001d2573ea200 Exception <a 'sun/nio/fs/WindowsException'{0x00000000d5662bd8}> (0x00000000d5662bd8) 
thrown [s\src\hotspot\share\prims\jni.cpp, line 520]
Event: 6.949 Thread 0x000001d2573ea200 Exception <a 'sun/nio/fs/WindowsException'{0x00000000d5686930}> (0x00000000d5686930) 
thrown [s\src\hotspot\share\prims\jni.cpp, line 520]
Event: 6.949 Thread 0x000001d2573ea200 Exception <a 'sun/nio/fs/WindowsException'{0x00000000d568bad0}> (0x00000000d568bad0) 
thrown [s\src\hotspot\share\prims\jni.cpp, line 520]
Event: 6.949 Thread 0x000001d2573ea200 Exception <a 'sun/nio/fs/WindowsException'{0x00000000d56b1b68}> (0x00000000d56b1b68) 
thrown [s\src\hotspot\share\prims\jni.cpp, line 520]
Event: 6.949 Thread 0x000001d2573ea200 Exception <a 'sun/nio/fs/WindowsException'{0x00000000d56e1050}> (0x00000000d56e1050) 
thrown [s\src\hotspot\share\prims\jni.cpp, line 520]
Event: 7.044 Thread 0x000001d2573ea200 Exception <a 'java/lang/NoSuchMethodError'{0x00000000d5868730}: 'int java.lang.invoke.Invokers$Holder.invokeExact_MT(java.lang.Object, java.lang.Object)'> (0x00000000d5868730) 
thrown [s\src\hotspot\share\interpreter\linkResolver.cpp, line 773]

ZGC Phase Switch (0 events):
No events

VM Operations (20 events):
Event: 6.961 Executing VM operation: ParallelGCFailedAllocation (Allocation Failure) done
Event: 6.972 Executing VM operation: ParallelGCFailedAllocation (Allocation Failure)
Event: 6.976 Executing VM operation: ParallelGCFailedAllocation (Allocation Failure) done
Event: 6.989 Executing VM operation: ParallelGCFailedAllocation (Allocation Failure)
Event: 6.995 Executing VM operation: ParallelGCFailedAllocation (Allocation Failure) done
Event: 7.009 Executing VM operation: ParallelGCFailedAllocation (Allocation Failure)
Event: 7.015 Executing VM operation: ParallelGCFailedAllocation (Allocation Failure) done
Event: 7.027 Executing VM operation: HandshakeAllThreads (Deoptimize)
Event: 7.027 Executing VM operation: HandshakeAllThreads (Deoptimize) done
Event: 7.034 Executing VM operation: ParallelGCFailedAllocation (Allocation Failure)
Event: 7.038 Executing VM operation: ParallelGCFailedAllocation (Allocation Failure) done
Event: 7.056 Executing VM operation: ParallelGCFailedAllocation (Allocation Failure)
Event: 7.060 Executing VM operation: ParallelGCFailedAllocation (Allocation Failure) done
Event: 7.079 Executing VM operation: ParallelGCFailedAllocation (Allocation Failure)
Event: 7.083 Executing VM operation: ParallelGCFailedAllocation (Allocation Failure) done
Event: 7.104 Executing VM operation: ParallelGCFailedAllocation (Allocation Failure)
Event: 7.109 Executing VM operation: ParallelGCFailedAllocation (Allocation Failure) done
Event: 7.134 Executing VM operation: ParallelGCFailedAllocation (Allocation Failure)
Event: 7.138 Executing VM operation: ParallelGCFailedAllocation (Allocation Failure) done
Event: 7.163 Executing VM operation: ParallelGCFailedAllocation (Allocation Failure)

Memory protections (0 events):
No events

Nmethod flushes (20 events):
Event: 3.175 Thread 0x000001d2783de890 flushing  nmethod 0x000001d200654c90
Event: 3.175 Thread 0x000001d2783de890 flushing  nmethod 0x000001d200655e90
Event: 3.175 Thread 0x000001d2783de890 flushing  nmethod 0x000001d200656690
Event: 3.175 Thread 0x000001d2783de890 flushing  nmethod 0x000001d200656e10
Event: 3.175 Thread 0x000001d2783de890 flushing  nmethod 0x000001d200657790
Event: 3.175 Thread 0x000001d2783de890 flushing  nmethod 0x000001d200657b90
Event: 3.175 Thread 0x000001d2783de890 flushing  nmethod 0x000001d200658c90
Event: 3.175 Thread 0x000001d2783de890 flushing  nmethod 0x000001d200659990
Event: 3.175 Thread 0x000001d2783de890 flushing  nmethod 0x000001d20065aa10
Event: 3.175 Thread 0x000001d2783de890 flushing  nmethod 0x000001d20065af10
Event: 3.175 Thread 0x000001d2783de890 flushing  nmethod 0x000001d20065b410
Event: 3.175 Thread 0x000001d2783de890 flushing  nmethod 0x000001d20065c910
Event: 3.175 Thread 0x000001d2783de890 flushing  nmethod 0x000001d200666d10
Event: 3.175 Thread 0x000001d2783de890 flushing  nmethod 0x000001d20067c190
Event: 3.175 Thread 0x000001d2783de890 flushing  nmethod 0x000001d200684f90
Event: 3.175 Thread 0x000001d2783de890 flushing  nmethod 0x000001d200694310
Event: 3.175 Thread 0x000001d2783de890 flushing  nmethod 0x000001d200695010
Event: 3.175 Thread 0x000001d2783de890 flushing  nmethod 0x000001d200722f90
Event: 3.175 Thread 0x000001d2783de890 flushing  nmethod 0x000001d200724d10
Event: 3.175 Thread 0x000001d2783de890 flushing  nmethod 0x000001d200740290

Events (20 events):
Event: 4.953 Thread 0x000001d2573eb5b0 Thread added: 0x000001d25ae73080
Event: 4.953 Thread 0x000001d2573eb5b0 Thread added: 0x000001d25ae74430
Event: 4.953 Thread 0x000001d2573eb5b0 Thread added: 0x000001d25ae74ac0
Event: 4.953 Thread 0x000001d2573eb5b0 Thread added: 0x000001d25ae73710
Event: 4.954 Thread 0x000001d2573eb5b0 Thread added: 0x000001d25ae70920
Event: 4.954 Thread 0x000001d2573eb5b0 Thread added: 0x000001d25ae70fb0
Event: 4.954 Thread 0x000001d25ae73710 Thread added: 0x000001d25ae72360
Event: 4.954 Thread 0x000001d25ae70fb0 Thread added: 0x000001d259663b60
Event: 4.954 Thread 0x000001d25ae72360 Thread added: 0x000001d259662e40
Event: 5.631 Thread 0x000001d2573eb5b0 Thread added: 0x000001d25965f9c0
Event: 5.950 Thread 0x000001d2573eb5b0 Thread added: 0x000001d25965df80
Event: 5.956 Thread 0x000001d2573eb5b0 Thread added: 0x000001d2596627b0
Event: 5.962 Thread 0x000001d2573eb5b0 Thread added: 0x000001d25965d8f0
Event: 5.965 Thread 0x000001d2573eb5b0 Thread added: 0x000001d259660050
Event: 5.970 Thread 0x000001d2573eb5b0 Thread added: 0x000001d259660d70
Event: 5.978 Thread 0x000001d2573eb5b0 Thread added: 0x000001d25965e610
Event: 5.980 Thread 0x000001d2573eb5b0 Thread added: 0x000001d25965f330
Event: 5.983 Thread 0x000001d2573eb5b0 Thread added: 0x000001d2596606e0
Event: 5.988 Thread 0x000001d2573eb5b0 Thread added: 0x000001d259661a90
Event: 5.990 Thread 0x000001d2573eb5b0 Thread added: 0x000001d2596641f0


Dynamic libraries:
0x00007ff626300000 - 0x00007ff62630e000 	c:\Users\pragy\.vscode\extensions\redhat.java-1.43.1-win32-x64\jre\21.0.7-win32-x86_64\bin\java.exe
0x00007ff919c50000 - 0x00007ff919e67000 	C:\windows\SYSTEM32\ntdll.dll
0x00007ff9183c0000 - 0x00007ff918484000 	C:\windows\System32\KERNEL32.DLL
0x00007ff917070000 - 0x00007ff917442000 	C:\windows\System32\KERNELBASE.dll
0x00007ff916d40000 - 0x00007ff916e51000 	C:\windows\System32\ucrtbase.dll
0x00007ff8d0ea0000 - 0x00007ff8d0ebe000 	c:\Users\pragy\.vscode\extensions\redhat.java-1.43.1-win32-x64\jre\21.0.7-win32-x86_64\bin\VCRUNTIME140.dll
0x00007ff8d1200000 - 0x00007ff8d1218000 	c:\Users\pragy\.vscode\extensions\redhat.java-1.43.1-win32-x64\jre\21.0.7-win32-x86_64\bin\jli.dll
0x00007ff917c80000 - 0x00007ff917e31000 	C:\windows\System32\USER32.dll
0x00007ff917040000 - 0x00007ff917066000 	C:\windows\System32\win32u.dll
0x00007ff8fa230000 - 0x00007ff8fa4cb000 	C:\windows\WinSxS\amd64_microsoft.windows.common-controls_6595b64144ccf1df_6.0.22621.5413_none_270da5617387a498\COMCTL32.dll
0x00007ff9178e0000 - 0x00007ff917909000 	C:\windows\System32\GDI32.dll
0x00007ff917a30000 - 0x00007ff917ad7000 	C:\windows\System32\msvcrt.dll
0x00007ff916f10000 - 0x00007ff917033000 	C:\windows\System32\gdi32full.dll
0x00007ff917450000 - 0x00007ff9174ea000 	C:\windows\System32\msvcp_win.dll
0x00007ff918930000 - 0x00007ff918961000 	C:\windows\System32\IMM32.DLL
0x00007ff902e70000 - 0x00007ff902e7c000 	c:\Users\pragy\.vscode\extensions\redhat.java-1.43.1-win32-x64\jre\21.0.7-win32-x86_64\bin\vcruntime140_1.dll
0x00007ff853b10000 - 0x00007ff853b9d000 	c:\Users\pragy\.vscode\extensions\redhat.java-1.43.1-win32-x64\jre\21.0.7-win32-x86_64\bin\msvcp140.dll
0x00007ff849540000 - 0x00007ff84a2d0000 	c:\Users\pragy\.vscode\extensions\redhat.java-1.43.1-win32-x64\jre\21.0.7-win32-x86_64\bin\server\jvm.dll
0x00007ff9184a0000 - 0x00007ff918551000 	C:\windows\System32\ADVAPI32.dll
0x00007ff918880000 - 0x00007ff918928000 	C:\windows\System32\sechost.dll
0x00007ff916ee0000 - 0x00007ff916f08000 	C:\windows\System32\bcrypt.dll
0x00007ff917910000 - 0x00007ff917a24000 	C:\windows\System32\RPCRT4.dll
0x00007ff918080000 - 0x00007ff9180f1000 	C:\windows\System32\WS2_32.dll
0x00007ff916600000 - 0x00007ff91664d000 	C:\windows\SYSTEM32\POWRPROF.dll
0x00007ff912280000 - 0x00007ff9122b4000 	C:\windows\SYSTEM32\WINMM.dll
0x00007ff90d430000 - 0x00007ff90d43a000 	C:\windows\SYSTEM32\VERSION.dll
0x00007ff9165e0000 - 0x00007ff9165f3000 	C:\windows\SYSTEM32\UMPDC.dll
0x00007ff915d30000 - 0x00007ff915d48000 	C:\windows\SYSTEM32\kernel.appcore.dll
0x00007ff902e40000 - 0x00007ff902e4a000 	c:\Users\pragy\.vscode\extensions\redhat.java-1.43.1-win32-x64\jre\21.0.7-win32-x86_64\bin\jimage.dll
0x00007ff914670000 - 0x00007ff9148a2000 	C:\windows\SYSTEM32\DBGHELP.DLL
0x00007ff918970000 - 0x00007ff918d03000 	C:\windows\System32\combase.dll
0x00007ff918560000 - 0x00007ff918637000 	C:\windows\System32\OLEAUT32.dll
0x00007ff8f7d90000 - 0x00007ff8f7dc2000 	C:\windows\SYSTEM32\dbgcore.DLL
0x00007ff917660000 - 0x00007ff9176db000 	C:\windows\System32\bcryptPrimitives.dll
0x00007ff902d80000 - 0x00007ff902d8f000 	c:\Users\pragy\.vscode\extensions\redhat.java-1.43.1-win32-x64\jre\21.0.7-win32-x86_64\bin\instrument.dll
0x00007ff8d0720000 - 0x00007ff8d073f000 	c:\Users\pragy\.vscode\extensions\redhat.java-1.43.1-win32-x64\jre\21.0.7-win32-x86_64\bin\java.dll
0x00007ff918d10000 - 0x00007ff9195b2000 	C:\windows\System32\SHELL32.dll
0x00007ff9177a0000 - 0x00007ff9178df000 	C:\windows\System32\wintypes.dll
0x00007ff914c20000 - 0x00007ff91553d000 	C:\windows\SYSTEM32\windows.storage.dll
0x00007ff918100000 - 0x00007ff91820b000 	C:\windows\System32\SHCORE.dll
0x00007ff918010000 - 0x00007ff918079000 	C:\windows\System32\shlwapi.dll
0x00007ff916c70000 - 0x00007ff916c9b000 	C:\windows\SYSTEM32\profapi.dll
0x00007ff8d0b50000 - 0x00007ff8d0b68000 	c:\Users\pragy\.vscode\extensions\redhat.java-1.43.1-win32-x64\jre\21.0.7-win32-x86_64\bin\zip.dll
0x00007ff8fd450000 - 0x00007ff8fd460000 	C:\Users\pragy\.vscode\extensions\redhat.java-1.43.1-win32-x64\jre\21.0.7-win32-x86_64\bin\net.dll
0x00007ff913750000 - 0x00007ff91387c000 	C:\windows\SYSTEM32\WINHTTP.dll
0x00007ff9161b0000 - 0x00007ff916219000 	C:\windows\system32\mswsock.dll
0x00007ff8d01a0000 - 0x00007ff8d01b6000 	C:\Users\pragy\.vscode\extensions\redhat.java-1.43.1-win32-x64\jre\21.0.7-win32-x86_64\bin\nio.dll
0x00007ff8fb260000 - 0x00007ff8fb270000 	c:\Users\pragy\.vscode\extensions\redhat.java-1.43.1-win32-x64\jre\21.0.7-win32-x86_64\bin\verify.dll
0x00007ff8bbe90000 - 0x00007ff8bbed5000 	C:\Users\pragy\AppData\Roaming\Code\User\globalStorage\redhat.java\1.43.1\config_win\org.eclipse.equinox.launcher\org.eclipse.equinox.launcher.win32.win32.x86_64_1.2.1300.v20250331-1702\eclipse_11911.dll
0x00007ff917ae0000 - 0x00007ff917c80000 	C:\windows\System32\ole32.dll
0x00007ff9163d0000 - 0x00007ff9163eb000 	C:\windows\SYSTEM32\CRYPTSP.dll
0x00007ff915c90000 - 0x00007ff915cc7000 	C:\windows\system32\rsaenh.dll
0x00007ff916270000 - 0x00007ff916298000 	C:\windows\SYSTEM32\USERENV.dll
0x00007ff9163f0000 - 0x00007ff9163fc000 	C:\windows\SYSTEM32\CRYPTBASE.dll
0x00007ff915790000 - 0x00007ff9157bd000 	C:\windows\SYSTEM32\IPHLPAPI.DLL
0x00007ff918330000 - 0x00007ff918339000 	C:\windows\System32\NSI.dll
0x00007ff8a2360000 - 0x00007ff8a23a9000 	C:\Users\pragy\AppData\Local\Temp\jna-106927057\jna10403420443040328565.dll
0x00007ff918490000 - 0x00007ff918498000 	C:\windows\System32\PSAPI.DLL
0x00007ff9127c0000 - 0x00007ff9127d9000 	C:\windows\SYSTEM32\dhcpcsvc6.DLL
0x00007ff9127a0000 - 0x00007ff9127bf000 	C:\windows\SYSTEM32\dhcpcsvc.DLL

dbghelp: loaded successfully - version: 4.0.5 - missing functions: none
symbol engine: initialized successfully - sym options: 0x614 - pdb path: .;c:\Users\pragy\.vscode\extensions\redhat.java-1.43.1-win32-x64\jre\21.0.7-win32-x86_64\bin;C:\windows\SYSTEM32;C:\windows\WinSxS\amd64_microsoft.windows.common-controls_6595b64144ccf1df_6.0.22621.5413_none_270da5617387a498;c:\Users\pragy\.vscode\extensions\redhat.java-1.43.1-win32-x64\jre\21.0.7-win32-x86_64\bin\server;C:\Users\pragy\AppData\Roaming\Code\User\globalStorage\redhat.java\1.43.1\config_win\org.eclipse.equinox.launcher\org.eclipse.equinox.launcher.win32.win32.x86_64_1.2.1300.v20250331-1702;C:\Users\pragy\AppData\Local\Temp\jna-106927057

VM Arguments:
jvm_args: --add-modules=ALL-SYSTEM --add-opens=java.base/java.util=ALL-UNNAMED --add-opens=java.base/java.lang=ALL-UNNAMED --add-opens=java.base/sun.nio.fs=ALL-UNNAMED -Declipse.application=org.eclipse.jdt.ls.core.id1 -Dosgi.bundles.defaultStartLevel=4 -Declipse.product=org.eclipse.jdt.ls.core.product -Djava.import.generatesMetadataFilesAtProjectRoot=false -DDetectVMInstallationsJob.disabled=true -Dfile.encoding=utf8 -XX:+UseParallelGC -XX:GCTimeRatio=4 -XX:AdaptiveSizePolicyWeight=90 -Dsun.zip.disableMemoryMapping=true -Xmx2G -Xms100m -Xlog:disable -javaagent:c:\Users\pragy\.vscode\extensions\redhat.java-1.43.1-win32-x64\lombok\lombok-1.18.39-4050.jar -XX:+HeapDumpOnOutOfMemoryError -XX:HeapDumpPath=c:\Users\pragy\AppData\Roaming\Code\User\workspaceStorage\cc99c5c5b9f10468fc12bfe29c53fb65\redhat.java -Daether.dependencyCollector.impl=bf 
java_command: c:\Users\pragy\.vscode\extensions\redhat.java-1.43.1-win32-x64\server\plugins\org.eclipse.equinox.launcher_1.7.0.v20250519-0528.jar -configuration c:\Users\pragy\AppData\Roaming\Code\User\globalStorage\redhat.java\1.43.1\config_win -data c:\Users\pragy\AppData\Roaming\Code\User\workspaceStorage\cc99c5c5b9f10468fc12bfe29c53fb65\redhat.java\jdt_ws --pipe=\\.\pipe\lsp-17dc692ec7c6470bae83535f5e4bf7c8-sock
java_class_path (initial): c:\Users\pragy\.vscode\extensions\redhat.java-1.43.1-win32-x64\server\plugins\org.eclipse.equinox.launcher_1.7.0.v20250519-0528.jar
Launcher Type: SUN_STANDARD

[Global flags]
    uintx AdaptiveSizePolicyWeight                 = 90                                        {product} {command line}
     intx CICompilerCount                          = 4                                         {product} {ergonomic}
    uintx GCTimeRatio                              = 4                                         {product} {command line}
     bool HeapDumpOnOutOfMemoryError               = true                                   {manageable} {command line}
    ccstr HeapDumpPath                             = c:\Users\pragy\AppData\Roaming\Code\User\workspaceStorage\cc99c5c5b9f10468fc12bfe29c53fb65\redhat.java         {manageable} {command line}
   size_t InitialHeapSize                          = 104857600                                 {product} {command line}
   size_t MaxHeapSize                              = 2147483648                                {product} {command line}
   size_t MaxNewSize                               = 715653120                                 {product} {ergonomic}
   size_t MinHeapDeltaBytes                        = 524288                                    {product} {ergonomic}
   size_t MinHeapSize                              = 104857600                                 {product} {command line}
   size_t NewSize                                  = 34603008                                  {product} {ergonomic}
    uintx NonNMethodCodeHeapSize                   = 5839372                                {pd product} {ergonomic}
    uintx NonProfiledCodeHeapSize                  = 122909434                              {pd product} {ergonomic}
   size_t OldSize                                  = 70254592                                  {product} {ergonomic}
    uintx ProfiledCodeHeapSize                     = 122909434                              {pd product} {ergonomic}
    uintx ReservedCodeCacheSize                    = 251658240                              {pd product} {ergonomic}
     bool SegmentedCodeCache                       = true                                      {product} {ergonomic}
   size_t SoftMaxHeapSize                          = 2147483648                             {manageable} {ergonomic}
     bool UseCompressedOops                        = true                           {product lp64_product} {ergonomic}
     bool UseLargePagesIndividualAllocation        = false                                  {pd product} {ergonomic}
     bool UseParallelGC                            = true                                      {product} {command line}

Logging:
Log output configuration:
 #0: stdout all=off uptime,level,tags foldmultilines=false
 #1: stderr all=off uptime,level,tags foldmultilines=false

Environment Variables:
PATH=C:\Program Files\Common Files\Oracle\Java\javapath;C:\windows\system32;C:\windows;C:\windows\System32\Wbem;C:\windows\System32\WindowsPowerShell\v1.0\;C:\windows\System32\OpenSSH\;C:\Program Files\nodejs\;C:\Program Files\Git\cmd;C:\Program Files\Git\mingw64\bin;C:\Program Files\Git\usr\bin;S:\Program Files\Microsoft VS Code\bin;C:\Users\pragy\AppData\Local\Microsoft\WindowsApps;C:\MinGW\bin;C:\Program Files\JetBrains\IntelliJ IDEA Community Edition 2023.2.1\java\IntelliJ IDEA Community Edition 2023.2.1\bin;C:\MinGW\bin;;C:\Users\pragy\AppData\Local\Programs\Microsoft VS Code\bin;C:\Users\pragy\AppData\Roaming\npm
USERNAME=pragy
OS=Windows_NT
PROCESSOR_IDENTIFIER=AMD64 Family 25 Model 80 Stepping 0, AuthenticAMD
TMP=C:\Users\pragy\AppData\Local\Temp
TEMP=C:\Users\pragy\AppData\Local\Temp




Periodic native trim disabled

---------------  S Y S T E M  ---------------

OS:
 Windows 11 , 64 bit Build 22621 (10.0.22621.5413)
OS uptime: 0 days 10:50 hours
Hyper-V role detected

CPU: total 12 (initial active 12) (12 cores per cpu, 2 threads per core) family 25 model 80 stepping 0 microcode 0x0, cx8, cmov, fxsr, ht, mmx, 3dnowpref, sse, sse2, sse3, ssse3, sse4a, sse4.1, sse4.2, popcnt, lzcnt, tsc, tscinvbit, avx, avx2, aes, erms, clmul, bmi1, bmi2, adx, sha, fma, vzeroupper, clflush, clflushopt, hv, rdtscp, rdpid, fsrm, f16c, cet_ss
Processor Information for the first 12 processors :
  Max Mhz: 2301, Current Mhz: 2301, Mhz Limit: 2301

Memory: 4k page, system-wide physical 15712M (2598M free)
TotalPageFile size 17140M (AvailPageFile size 5M)
current process WorkingSet (physical memory assigned to process): 629M, peak: 630M
current process commit charge ("private bytes"): 619M, peak: 1713M

vm_info: OpenJDK 64-Bit Server VM (21.0.7+6-LTS) for windows-amd64 JRE (21.0.7+6-LTS), built on 2025-04-15T00:00:00Z by "admin" with MS VC++ 17.7 (VS2022)

END.
