#
# There is insufficient memory for the Java Runtime Environment to continue.
# Native memory allocation (malloc) failed to allocate 1057616 bytes. Error detail: Chunk::new
# Possible reasons:
#   The system is out of physical RAM or swap space
#   This process is running with CompressedOops enabled, and the Java Heap may be blocking the growth of the native heap
# Possible solutions:
#   Reduce memory load on the system
#   Increase physical memory or swap space
#   Check if swap backing store is full
#   Decrease Java heap size (-Xmx/-Xms)
#   Decrease number of Java threads
#   Decrease Java thread stack sizes (-Xss)
#   Set larger code cache with -XX:ReservedCodeCacheSize=
#   JVM is running with Unscaled Compressed Oops mode in which the Java heap is
#     placed in the first 4GB address space. The Java Heap base address is the
#     maximum limit for the native heap growth. Please use -XX:HeapBaseMinAddress
#     to set the Java Heap base and to place the Java Heap above 4GB virtual address.
# This output file may be truncated or incomplete.
#
#  Out of Memory Error (arena.cpp:168), pid=1704, tid=9272
#
# JRE version: OpenJDK Runtime Environment Temurin-21.0.7+6 (21.0.7+6) (build 21.0.7+6-LTS)
# Java VM: OpenJDK 64-Bit Server VM Temurin-21.0.7+6 (21.0.7+6-LTS, mixed mode, sharing, tiered, compressed oops, compressed class ptrs, parallel gc, windows-amd64)
# No core dump will be written. Minidumps are not enabled by default on client versions of Windows
#

---------------  S U M M A R Y ------------

Command Line: --add-modules=ALL-SYSTEM --add-opens=java.base/java.util=ALL-UNNAMED --add-opens=java.base/java.lang=ALL-UNNAMED --add-opens=java.base/sun.nio.fs=ALL-UNNAMED -Declipse.application=org.eclipse.jdt.ls.core.id1 -Dosgi.bundles.defaultStartLevel=4 -Declipse.product=org.eclipse.jdt.ls.core.product -Djava.import.generatesMetadataFilesAtProjectRoot=false -DDetectVMInstallationsJob.disabled=true -Dfile.encoding=utf8 -XX:+UseParallelGC -XX:GCTimeRatio=4 -XX:AdaptiveSizePolicyWeight=90 -Dsun.zip.disableMemoryMapping=true -Xmx2G -Xms100m -Xlog:disable -javaagent:c:\Users\pragy\.vscode\extensions\redhat.java-1.43.1-win32-x64\lombok\lombok-1.18.39-4050.jar -XX:+HeapDumpOnOutOfMemoryError -XX:HeapDumpPath=c:\Users\pragy\AppData\Roaming\Code\User\workspaceStorage\cc99c5c5b9f10468fc12bfe29c53fb65\redhat.java -Daether.dependencyCollector.impl=bf c:\Users\pragy\.vscode\extensions\redhat.java-1.43.1-win32-x64\server\plugins\org.eclipse.equinox.launcher_1.7.0.v20250519-0528.jar -configuration c:\Users\pragy\AppData\Roaming\Code\User\globalStorage\redhat.java\1.43.1\config_win -data c:\Users\pragy\AppData\Roaming\Code\User\workspaceStorage\cc99c5c5b9f10468fc12bfe29c53fb65\redhat.java\jdt_ws --pipe=\\.\pipe\lsp-8a5d7b6356f5a338c342c81753a2d482-sock

Host: AMD Ryzen 5 5625U with Radeon Graphics         , 12 cores, 15G,  Windows 11 , 64 bit Build 22621 (10.0.22621.5413)
Time: Mon Jul 14 22:52:42 2025 India Standard Time elapsed time: 7.036070 seconds (0d 0h 0m 7s)

---------------  T H R E A D  ---------------

Current thread (0x0000013762d991c0):  JavaThread "C2 CompilerThread2" daemon [_thread_in_native, id=9272, stack(0x00000035c1800000,0x00000035c1900000) (1024K)]


Current CompileTask:
C2:7036 9239       4       java.lang.invoke.DirectMethodHandle::make (275 bytes)

Stack: [0x00000035c1800000,0x00000035c1900000]
Native frames: (J=compiled Java code, j=interpreted, Vv=VM code, C=native code)
V  [jvm.dll+0x6ce119]
V  [jvm.dll+0x8a84a1]
V  [jvm.dll+0x8aa9ce]
V  [jvm.dll+0x8ab0b3]
V  [jvm.dll+0x27f8a6]
V  [jvm.dll+0xc507d]
V  [jvm.dll+0xc55b3]
V  [jvm.dll+0x3b68f2]
V  [jvm.dll+0x382aa5]
V  [jvm.dll+0x381f0a]
V  [jvm.dll+0x247af0]
V  [jvm.dll+0x2470cf]
V  [jvm.dll+0x1c760e]
V  [jvm.dll+0x25695a]
V  [jvm.dll+0x254efa]
V  [jvm.dll+0x3f03f6]
V  [jvm.dll+0x851f6b]
V  [jvm.dll+0x6cc7dd]
C  [ucrtbase.dll+0x29333]
C  [KERNEL32.DLL+0x1259d]
C  [ntdll.dll+0x5af78]


---------------  P R O C E S S  ---------------

Threads class SMR info:
_java_thread_list=0x000001376b9422f0, length=77, elements={
0x0000013708f4d310, 0x00000137629a44b0, 0x00000137629a5510, 0x00000137629a6960,
0x00000137629a97b0, 0x00000137629ccf00, 0x00000137629d0240, 0x00000137629d5110,
0x00000137629d88e0, 0x0000013762a9a230, 0x0000013762bbdd50, 0x0000013762d27260,
0x0000013762d991c0, 0x000001376768c610, 0x00000137679abfa0, 0x0000013767a89050,
0x0000013767999930, 0x0000013767e8e550, 0x0000013767cc9cc0, 0x0000013767ee8120,
0x0000013767ee9b60, 0x0000013767ee94d0, 0x0000013767ee8e40, 0x0000013767ee66e0,
0x0000013767ee7400, 0x0000013767ee6d70, 0x0000013767ee7a90, 0x00000137694797e0,
0x0000013769478430, 0x0000013769478ac0, 0x0000013769477da0, 0x0000013769477080,
0x0000013769479150, 0x000001376947a500, 0x0000013769477710, 0x000001376a491030,
0x000001376a498650, 0x000001376a493790, 0x000001376a493e20, 0x000001376a4944b0,
0x000001376a4916c0, 0x000001376a4951d0, 0x000001376a497930, 0x000001376a497fc0,
0x000001376a492a70, 0x000001376a495860, 0x000001376a4923e0, 0x000001376a494b40,
0x000001376a495ef0, 0x000001376a496c10, 0x000001376a4972a0, 0x0000013769479e70,
0x000001376a4b65a0, 0x000001376a4b1d70, 0x000001376a4b2400, 0x000001376a4b3e40,
0x000001376a4b7950, 0x000001376a4b72c0, 0x000001376a4b37b0, 0x000001376a4b5f10,
0x000001376a4b44d0, 0x000001376a4b7fe0, 0x000001376a4b1050, 0x000001376a4b6c30,
0x000001376a4b8670, 0x000001376a4b16e0, 0x000001376a4b3120, 0x000001376a4b5880,
0x000001376a4b4b60, 0x000001376a4b51f0, 0x000001376a4b2a90, 0x000001377747cbd0,
0x0000013777479de0, 0x000001377747ab00, 0x0000013777476ff0, 0x000001377747e610,
0x0000013777479750
}

Java Threads: ( => current thread )
  0x0000013708f4d310 JavaThread "main"                              [_thread_blocked, id=16428, stack(0x00000035c0900000,0x00000035c0a00000) (1024K)]
  0x00000137629a44b0 JavaThread "Reference Handler"          daemon [_thread_blocked, id=26120, stack(0x00000035c0d00000,0x00000035c0e00000) (1024K)]
  0x00000137629a5510 JavaThread "Finalizer"                  daemon [_thread_blocked, id=26148, stack(0x00000035c0e00000,0x00000035c0f00000) (1024K)]
  0x00000137629a6960 JavaThread "Signal Dispatcher"          daemon [_thread_blocked, id=26948, stack(0x00000035c0f00000,0x00000035c1000000) (1024K)]
  0x00000137629a97b0 JavaThread "Attach Listener"            daemon [_thread_blocked, id=10068, stack(0x00000035c1000000,0x00000035c1100000) (1024K)]
  0x00000137629ccf00 JavaThread "Service Thread"             daemon [_thread_blocked, id=26132, stack(0x00000035c1100000,0x00000035c1200000) (1024K)]
  0x00000137629d0240 JavaThread "Monitor Deflation Thread"   daemon [_thread_blocked, id=21292, stack(0x00000035c1200000,0x00000035c1300000) (1024K)]
  0x00000137629d5110 JavaThread "C2 CompilerThread0"         daemon [_thread_in_native, id=24088, stack(0x00000035c1300000,0x00000035c1400000) (1024K)]
  0x00000137629d88e0 JavaThread "C1 CompilerThread0"         daemon [_thread_blocked, id=7256, stack(0x00000035c1400000,0x00000035c1500000) (1024K)]
  0x0000013762a9a230 JavaThread "Common-Cleaner"             daemon [_thread_blocked, id=3952, stack(0x00000035c1500000,0x00000035c1600000) (1024K)]
  0x0000013762bbdd50 JavaThread "C2 CompilerThread1"         daemon [_thread_blocked, id=16876, stack(0x00000035c1600000,0x00000035c1700000) (1024K)]
  0x0000013762d27260 JavaThread "Notification Thread"        daemon [_thread_blocked, id=23028, stack(0x00000035c1700000,0x00000035c1800000) (1024K)]
=>0x0000013762d991c0 JavaThread "C2 CompilerThread2"         daemon [_thread_in_native, id=9272, stack(0x00000035c1800000,0x00000035c1900000) (1024K)]
  0x000001376768c610 JavaThread "Active Thread: Equinox Container: 68973e7d-967e-4fa2-b98a-b9441d3c0420"        [_thread_blocked, id=21308, stack(0x00000035c1f00000,0x00000035c2000000) (1024K)]
  0x00000137679abfa0 JavaThread "Refresh Thread: Equinox Container: 68973e7d-967e-4fa2-b98a-b9441d3c0420" daemon [_thread_blocked, id=28632, stack(0x00000035c2100000,0x00000035c2200000) (1024K)]
  0x0000013767a89050 JavaThread "Framework Event Dispatcher: Equinox Container: 68973e7d-967e-4fa2-b98a-b9441d3c0420" daemon [_thread_blocked, id=23648, stack(0x00000035c2200000,0x00000035c2300000) (1024K)]
  0x0000013767999930 JavaThread "Start Level: Equinox Container: 68973e7d-967e-4fa2-b98a-b9441d3c0420" daemon [_thread_blocked, id=9776, stack(0x00000035c2300000,0x00000035c2400000) (1024K)]
  0x0000013767e8e550 JavaThread "Bundle File Closer"         daemon [_thread_blocked, id=22748, stack(0x00000035c2600000,0x00000035c2700000) (1024K)]
  0x0000013767cc9cc0 JavaThread "SCR Component Actor"        daemon [_thread_blocked, id=3296, stack(0x00000035c2700000,0x00000035c2800000) (1024K)]
  0x0000013767ee8120 JavaThread "SCR Component Registry"     daemon [_thread_blocked, id=22352, stack(0x00000035c2800000,0x00000035c2900000) (1024K)]
  0x0000013767ee9b60 JavaThread "Worker-JM"                         [_thread_blocked, id=10424, stack(0x00000035c2900000,0x00000035c2a00000) (1024K)]
  0x0000013767ee94d0 JavaThread "JNA Cleaner"                daemon [_thread_blocked, id=18616, stack(0x00000035c2a00000,0x00000035c2b00000) (1024K)]
  0x0000013767ee8e40 JavaThread "Worker-0: Initialize Workspace"        [_thread_blocked, id=9244, stack(0x00000035c2b00000,0x00000035c2c00000) (1024K)]
  0x0000013767ee66e0 JavaThread "Worker-1"                          [_thread_blocked, id=23016, stack(0x00000035c2c00000,0x00000035c2d00000) (1024K)]
  0x0000013767ee7400 JavaThread "Java indexing"              daemon [_thread_blocked, id=9176, stack(0x00000035c2d00000,0x00000035c2e00000) (1024K)]
  0x0000013767ee6d70 JavaThread "Worker-2: Java indexing... "        [_thread_blocked, id=24612, stack(0x00000035c2e00000,0x00000035c2f00000) (1024K)]
  0x0000013767ee7a90 JavaThread "Worker-3"                          [_thread_blocked, id=5068, stack(0x00000035c2f00000,0x00000035c3000000) (1024K)]
  0x00000137694797e0 JavaThread "Thread-2"                   daemon [_thread_in_native, id=8828, stack(0x00000035c3000000,0x00000035c3100000) (1024K)]
  0x0000013769478430 JavaThread "Thread-3"                   daemon [_thread_in_native, id=17240, stack(0x00000035c3100000,0x00000035c3200000) (1024K)]
  0x0000013769478ac0 JavaThread "Thread-4"                   daemon [_thread_in_native, id=10620, stack(0x00000035c3200000,0x00000035c3300000) (1024K)]
  0x0000013769477da0 JavaThread "Thread-5"                   daemon [_thread_in_native, id=14608, stack(0x00000035c3300000,0x00000035c3400000) (1024K)]
  0x0000013769477080 JavaThread "Thread-6"                   daemon [_thread_in_native, id=4260, stack(0x00000035c3400000,0x00000035c3500000) (1024K)]
  0x0000013769479150 JavaThread "Thread-7"                   daemon [_thread_in_native, id=1408, stack(0x00000035c3500000,0x00000035c3600000) (1024K)]
  0x000001376947a500 JavaThread "Thread-8"                   daemon [_thread_in_native, id=28352, stack(0x00000035c3600000,0x00000035c3700000) (1024K)]
  0x0000013769477710 JavaThread "Thread-9"                   daemon [_thread_in_native, id=10140, stack(0x00000035c3700000,0x00000035c3800000) (1024K)]
  0x000001376a491030 JavaThread "Thread-10"                  daemon [_thread_in_native, id=10392, stack(0x00000035c3800000,0x00000035c3900000) (1024K)]
  0x000001376a498650 JavaThread "Thread-11"                  daemon [_thread_in_native, id=24372, stack(0x00000035c3900000,0x00000035c3a00000) (1024K)]
  0x000001376a493790 JavaThread "Thread-12"                  daemon [_thread_in_native, id=2880, stack(0x00000035c3a00000,0x00000035c3b00000) (1024K)]
  0x000001376a493e20 JavaThread "Thread-13"                  daemon [_thread_in_native, id=21684, stack(0x00000035c3b00000,0x00000035c3c00000) (1024K)]
  0x000001376a4944b0 JavaThread "Thread-14"                  daemon [_thread_in_native, id=14548, stack(0x00000035c3c00000,0x00000035c3d00000) (1024K)]
  0x000001376a4916c0 JavaThread "pool-2-thread-1"                   [_thread_blocked, id=13248, stack(0x00000035c3d00000,0x00000035c3e00000) (1024K)]
  0x000001376a4951d0 JavaThread "WorkspaceEventsHandler"            [_thread_blocked, id=13340, stack(0x00000035c3e00000,0x00000035c3f00000) (1024K)]
  0x000001376a497930 JavaThread "pool-1-thread-1"                   [_thread_blocked, id=24016, stack(0x00000035c3f00000,0x00000035c4000000) (1024K)]
  0x000001376a497fc0 JavaThread "Worker-4"                          [_thread_blocked, id=25644, stack(0x00000035c4000000,0x00000035c4100000) (1024K)]
  0x000001376a492a70 JavaThread "LocalFile Deleter"          daemon [_thread_blocked, id=5468, stack(0x00000035c4100000,0x00000035c4200000) (1024K)]
  0x000001376a495860 JavaThread "LocalFile Deleter"          daemon [_thread_blocked, id=12264, stack(0x00000035c4200000,0x00000035c4300000) (1024K)]
  0x000001376a4923e0 JavaThread "LocalFile Deleter"          daemon [_thread_blocked, id=4276, stack(0x00000035c4300000,0x00000035c4400000) (1024K)]
  0x000001376a494b40 JavaThread "LocalFile Deleter"          daemon [_thread_blocked, id=22520, stack(0x00000035c4400000,0x00000035c4500000) (1024K)]
  0x000001376a495ef0 JavaThread "LocalFile Deleter"          daemon [_thread_blocked, id=11628, stack(0x00000035c4500000,0x00000035c4600000) (1024K)]
  0x000001376a496c10 JavaThread "LocalFile Deleter"          daemon [_thread_blocked, id=10168, stack(0x00000035c4600000,0x00000035c4700000) (1024K)]
  0x000001376a4972a0 JavaThread "LocalFile Deleter"          daemon [_thread_blocked, id=12680, stack(0x00000035c4700000,0x00000035c4800000) (1024K)]
  0x0000013769479e70 JavaThread "LocalFile Deleter"          daemon [_thread_blocked, id=26960, stack(0x00000035c4800000,0x00000035c4900000) (1024K)]
  0x000001376a4b65a0 JavaThread "LocalFile Deleter"          daemon [_thread_blocked, id=27228, stack(0x00000035c4900000,0x00000035c4a00000) (1024K)]
  0x000001376a4b1d70 JavaThread "LocalFile Deleter"          daemon [_thread_blocked, id=27956, stack(0x00000035c4a00000,0x00000035c4b00000) (1024K)]
  0x000001376a4b2400 JavaThread "LocalFile Deleter"          daemon [_thread_blocked, id=18812, stack(0x00000035c4b00000,0x00000035c4c00000) (1024K)]
  0x000001376a4b3e40 JavaThread "LocalFile Deleter"          daemon [_thread_blocked, id=11900, stack(0x00000035c4c00000,0x00000035c4d00000) (1024K)]
  0x000001376a4b7950 JavaThread "Compiler Source File Reader" daemon [_thread_blocked, id=19400, stack(0x00000035c4d00000,0x00000035c4e00000) (1024K)]
  0x000001376a4b72c0 JavaThread "Compiler Source File Reader" daemon [_thread_blocked, id=23748, stack(0x00000035c4e00000,0x00000035c4f00000) (1024K)]
  0x000001376a4b37b0 JavaThread "Compiler Source File Reader" daemon [_thread_blocked, id=23812, stack(0x00000035c4f00000,0x00000035c5000000) (1024K)]
  0x000001376a4b5f10 JavaThread "Compiler Source File Reader" daemon [_thread_blocked, id=18968, stack(0x00000035c5000000,0x00000035c5100000) (1024K)]
  0x000001376a4b44d0 JavaThread "Compiler Source File Reader" daemon [_thread_blocked, id=5376, stack(0x00000035c5100000,0x00000035c5200000) (1024K)]
  0x000001376a4b7fe0 JavaThread "Compiler Source File Reader" daemon [_thread_blocked, id=22572, stack(0x00000035c5200000,0x00000035c5300000) (1024K)]
  0x000001376a4b1050 JavaThread "Compiler Source File Reader" daemon [_thread_blocked, id=19396, stack(0x00000035c5300000,0x00000035c5400000) (1024K)]
  0x000001376a4b6c30 JavaThread "Compiler Source File Reader" daemon [_thread_blocked, id=22268, stack(0x00000035c5400000,0x00000035c5500000) (1024K)]
  0x000001376a4b8670 JavaThread "Compiler Source File Reader" daemon [_thread_blocked, id=26620, stack(0x00000035c5500000,0x00000035c5600000) (1024K)]
  0x000001376a4b16e0 JavaThread "Compiler Source File Reader" daemon [_thread_blocked, id=27076, stack(0x00000035c5600000,0x00000035c5700000) (1024K)]
  0x000001376a4b3120 JavaThread "Compiler Processing Task"   daemon [_thread_blocked, id=22420, stack(0x00000035c5700000,0x00000035c5800000) (1024K)]
  0x000001376a4b5880 JavaThread "Compiler Class File Writer" daemon [_thread_blocked, id=26328, stack(0x00000035c5800000,0x00000035c5900000) (1024K)]
  0x000001376a4b4b60 JavaThread "Compiler Class File Writer" daemon [_thread_blocked, id=28240, stack(0x00000035c5900000,0x00000035c5a00000) (1024K)]
  0x000001376a4b51f0 JavaThread "Compiler Class File Writer" daemon [_thread_blocked, id=24148, stack(0x00000035c5a00000,0x00000035c5b00000) (1024K)]
  0x000001376a4b2a90 JavaThread "Compiler Class File Writer" daemon [_thread_blocked, id=3092, stack(0x00000035c5b00000,0x00000035c5c00000) (1024K)]
  0x000001377747cbd0 JavaThread "Compiler Class File Writer" daemon [_thread_blocked, id=16204, stack(0x00000035c5c00000,0x00000035c5d00000) (1024K)]
  0x0000013777479de0 JavaThread "Compiler Class File Writer" daemon [_thread_blocked, id=26688, stack(0x00000035c5d00000,0x00000035c5e00000) (1024K)]
  0x000001377747ab00 JavaThread "Compiler Class File Writer" daemon [_thread_blocked, id=10004, stack(0x00000035c5e00000,0x00000035c5f00000) (1024K)]
  0x0000013777476ff0 JavaThread "Compiler Class File Writer" daemon [_thread_blocked, id=9676, stack(0x00000035c5f00000,0x00000035c6000000) (1024K)]
  0x000001377747e610 JavaThread "Compiler Class File Writer" daemon [_thread_blocked, id=23192, stack(0x00000035c6000000,0x00000035c6100000) (1024K)]
  0x0000013777479750 JavaThread "Compiler Class File Writer" daemon [_thread_blocked, id=14280, stack(0x00000035c6100000,0x00000035c6200000) (1024K)]
Total: 77

Other Threads:
  0x000001371f9d49f0 VMThread "VM Thread"                           [id=26104, stack(0x00000035c0c00000,0x00000035c0d00000) (1024K)]
  0x0000013708fb9410 WatcherThread "VM Periodic Task Thread"        [id=26108, stack(0x00000035c0b00000,0x00000035c0c00000) (1024K)]
  0x0000013708f6b8b0 WorkerThread "GC Thread#0"                     [id=5868, stack(0x00000035c0a00000,0x00000035c0b00000) (1024K)]
  0x00000137676e49b0 WorkerThread "GC Thread#1"                     [id=11860, stack(0x00000035c1900000,0x00000035c1a00000) (1024K)]
  0x000001376768f060 WorkerThread "GC Thread#2"                     [id=23008, stack(0x00000035c1a00000,0x00000035c1b00000) (1024K)]
  0x000001376768f400 WorkerThread "GC Thread#3"                     [id=27684, stack(0x00000035c1b00000,0x00000035c1c00000) (1024K)]
  0x000001376768f7a0 WorkerThread "GC Thread#4"                     [id=22236, stack(0x00000035c1c00000,0x00000035c1d00000) (1024K)]
  0x00000137679edf90 WorkerThread "GC Thread#5"                     [id=18492, stack(0x00000035c1d00000,0x00000035c1e00000) (1024K)]
  0x00000137679ee330 WorkerThread "GC Thread#6"                     [id=27804, stack(0x00000035c1e00000,0x00000035c1f00000) (1024K)]
  0x000001376785ca00 WorkerThread "GC Thread#7"                     [id=8528, stack(0x00000035c2000000,0x00000035c2100000) (1024K)]
  0x000001376797df20 WorkerThread "GC Thread#8"                     [id=28428, stack(0x00000035c2400000,0x00000035c2500000) (1024K)]
  0x000001376797d7e0 WorkerThread "GC Thread#9"                     [id=26616, stack(0x00000035c2500000,0x00000035c2600000) (1024K)]
Total: 12

Threads with active compile tasks:
C2 CompilerThread0  7062 9234       4       java.lang.reflect.Field::get (39 bytes)
C2 CompilerThread1  7063 9252       4       java.util.Properties$LineReader::readLine (584 bytes)
C2 CompilerThread2  7063 9239       4       java.lang.invoke.DirectMethodHandle::make (275 bytes)
Total: 3

VM state: at safepoint (normal execution)

VM Mutex/Monitor currently owned by a thread:  ([mutex/lock_event])
[0x00007ff84a1ee308] Threads_lock - owner thread: 0x000001371f9d49f0
[0x00007ff84a1ee408] Heap_lock - owner thread: 0x0000013767ee8e40

Heap address: 0x0000000080000000, size: 2048 MB, Compressed Oops mode: 32-bit

CDS archive(s) mapped at: [0x0000013720000000-0x0000013720ba0000-0x0000013720ba0000), size 12189696, SharedBaseAddress: 0x0000013720000000, ArchiveRelocationMode: 1.
Compressed class space mapped at: 0x0000013721000000-0x0000013761000000, reserved size: 1073741824
Narrow klass base: 0x0000013720000000, Narrow klass shift: 0, Narrow klass range: 0x100000000

GC Precious Log:
 CardTable entry size: 512
 CPUs: 12 total, 12 available
 Memory: 15712M
 Large Page Support: Disabled
 NUMA Support: Disabled
 Compressed Oops: Enabled (32-bit)
 Alignments: Space 512K, Generation 512K, Heap 2M
 Heap Min Capacity: 100M
 Heap Initial Capacity: 100M
 Heap Max Capacity: 2G
 Pre-touch: Disabled
 Parallel Workers: 10

Heap:
 PSYoungGen      total 3584K, used 3359K [0x00000000d5580000, 0x00000000d5a00000, 0x0000000100000000)
  eden space 2560K, 99% used [0x00000000d5580000,0x00000000d57ffff8,0x00000000d5800000)
  from space 1024K, 78% used [0x00000000d5900000,0x00000000d59c8000,0x00000000d5a00000)
  to   space 1024K, 62% used [0x00000000d5800000,0x00000000d58a0000,0x00000000d5900000)
 ParOldGen       total 267776K, used 267629K [0x0000000080000000, 0x0000000090580000, 0x00000000d5580000)
  object space 267776K, 99% used [0x0000000080000000,0x000000009055b4b0,0x0000000090580000)
 Metaspace       used 57606K, committed 58944K, reserved 1114112K
  class space    used 5933K, committed 6528K, reserved 1048576K

Card table byte_map: [0x00000137088f0000,0x0000013708d00000] _byte_map_base: 0x00000137084f0000

Marking Bits: (ParMarkBitMap*) 0x00007ff84a1f31f0
 Begin Bits: [0x000001371b3f0000, 0x000001371d3f0000)
 End Bits:   [0x000001371d3f0000, 0x000001371f3f0000)

Polling page: 0x0000013706f30000

Metaspace:

Usage:
  Non-class:     50.46 MB used.
      Class:      5.79 MB used.
       Both:     56.26 MB used.

Virtual space:
  Non-class space:       64.00 MB reserved,      51.19 MB ( 80%) committed,  1 nodes.
      Class space:        1.00 GB reserved,       6.38 MB ( <1%) committed,  1 nodes.
             Both:        1.06 GB reserved,      57.56 MB (  5%) committed. 

Chunk freelists:
   Non-Class:  12.14 MB
       Class:  9.60 MB
        Both:  21.74 MB

MaxMetaspaceSize: unlimited
CompressedClassSpaceSize: 1.00 GB
Initial GC threshold: 21.00 MB
Current GC threshold: 58.38 MB
CDS: on
 - commit_granule_bytes: 65536.
 - commit_granule_words: 8192.
 - virtual_space_node_default_size: 8388608.
 - enlarge_chunks_in_place: 1.
 - use_allocation_guard: 0.


Internal statistics:

num_allocs_failed_limit: 6.
num_arena_births: 1034.
num_arena_deaths: 14.
num_vsnodes_births: 2.
num_vsnodes_deaths: 0.
num_space_committed: 921.
num_space_uncommitted: 0.
num_chunks_returned_to_freelist: 20.
num_chunks_taken_from_freelist: 3624.
num_chunk_merges: 10.
num_chunk_splits: 2271.
num_chunks_enlarged: 1382.
num_inconsistent_stats: 0.

CodeHeap 'non-profiled nmethods': size=120000Kb used=5456Kb max_used=5456Kb free=114543Kb
 bounds [0x0000013713c10000, 0x0000013714170000, 0x000001371b140000]
CodeHeap 'profiled nmethods': size=120000Kb used=18706Kb max_used=18706Kb free=101293Kb
 bounds [0x000001370c140000, 0x000001370d390000, 0x0000013713670000]
CodeHeap 'non-nmethods': size=5760Kb used=1423Kb max_used=1527Kb free=4336Kb
 bounds [0x0000013713670000, 0x00000137138e0000, 0x0000013713c10000]
 total_blobs=9394 nmethods=8657 adapters=643
 compilation: enabled
              stopped_count=0, restarted_count=0
 full_count=0

Compilation events (20 events):
Event: 6.964 Thread 0x0000013762bbdd50 nmethod 9246 0x000001371415f390 code [0x000001371415f520, 0x000001371415f640]
Event: 6.964 Thread 0x0000013762bbdd50 9248       4       java.lang.invoke.DirectMethodHandle$StaticAccessor::<init> (30 bytes)
Event: 6.972 Thread 0x0000013762bbdd50 nmethod 9248 0x000001371415f710 code [0x000001371415f960, 0x0000013714160180]
Event: 6.972 Thread 0x0000013762bbdd50 9251 %     4       java.util.Properties::loadConvert @ 8 (540 bytes)
Event: 6.974 Thread 0x00000137629d88e0 9255   !   3       org.eclipse.jdt.internal.compiler.parser.Scanner::jumpOverMethodBody (2550 bytes)
Event: 6.980 Thread 0x00000137629d88e0 nmethod 9255 0x000001370d374010 code [0x000001370d374980, 0x000001370d37b2a8]
Event: 6.980 Thread 0x00000137629d88e0 9257       3       org.eclipse.jdt.internal.compiler.parser.Parser::createLocalDeclaration (11 bytes)
Event: 6.981 Thread 0x00000137629d88e0 nmethod 9257 0x000001370d37eb10 code [0x000001370d37ece0, 0x000001370d37f060]
Event: 6.993 Thread 0x00000137629d88e0 9259       3       sun.nio.fs.WindowsPathParser::normalize (233 bytes)
Event: 6.995 Thread 0x00000137629d88e0 nmethod 9259 0x000001370d37f210 code [0x000001370d37f7c0, 0x000001370d382408]
Event: 6.999 Thread 0x00000137629d88e0 9261       2       java.util.ArrayList::toArray (57 bytes)
Event: 6.999 Thread 0x00000137629d88e0 nmethod 9261 0x000001370d383690 code [0x000001370d383860, 0x000001370d383bd0]
Event: 7.011 Thread 0x00000137629d88e0 9262       3       java.util.concurrent.atomic.AtomicLong::incrementAndGet (14 bytes)
Event: 7.011 Thread 0x00000137629d88e0 nmethod 9262 0x000001370d383d10 code [0x000001370d383ea0, 0x000001370d383fc8]
Event: 7.011 Thread 0x0000013762bbdd50 nmethod 9251% 0x0000013714160910 code [0x0000013714160c20, 0x0000013714162a98]
Event: 7.012 Thread 0x0000013762bbdd50 9252       4       java.util.Properties$LineReader::readLine (584 bytes)
Event: 7.014 Thread 0x00000137629d88e0 9263       1       org.eclipse.jdt.core.dom.StructuralPropertyDescriptor::getNodeClass (5 bytes)
Event: 7.014 Thread 0x00000137629d88e0 nmethod 9263 0x0000013714163b90 code [0x0000013714163d20, 0x0000013714163de8]
Event: 7.029 Thread 0x00000137629d88e0 9264       1       org.eclipse.jdt.core.dom.ASTNode::getStartPosition (5 bytes)
Event: 7.030 Thread 0x00000137629d88e0 nmethod 9264 0x0000013714163e90 code [0x0000013714164020, 0x00000137141640e8]

GC Heap History (20 events):
Event: 6.976 GC heap before
{Heap before GC invocations=281 (full 2):
 PSYoungGen      total 3584K, used 3450K [0x00000000d5580000, 0x00000000d5a00000, 0x0000000100000000)
  eden space 2560K, 100% used [0x00000000d5580000,0x00000000d5800000,0x00000000d5800000)
  from space 1024K, 87% used [0x00000000d5900000,0x00000000d59debb8,0x00000000d5a00000)
  to   space 1024K, 0% used [0x00000000d5800000,0x00000000d5800000,0x00000000d5900000)
 ParOldGen       total 261632K, used 261133K [0x0000000080000000, 0x000000008ff80000, 0x00000000d5580000)
  object space 261632K, 99% used [0x0000000080000000,0x000000008ff03710,0x000000008ff80000)
 Metaspace       used 57399K, committed 58752K, reserved 1114112K
  class space    used 5910K, committed 6528K, reserved 1048576K
}
Event: 6.977 GC heap after
{Heap after GC invocations=281 (full 2):
 PSYoungGen      total 3584K, used 844K [0x00000000d5580000, 0x00000000d5a00000, 0x0000000100000000)
  eden space 2560K, 0% used [0x00000000d5580000,0x00000000d5580000,0x00000000d5800000)
  from space 1024K, 82% used [0x00000000d5800000,0x00000000d58d3278,0x00000000d5900000)
  to   space 1024K, 0% used [0x00000000d5900000,0x00000000d5900000,0x00000000d5a00000)
 ParOldGen       total 262144K, used 261793K [0x0000000080000000, 0x0000000090000000, 0x00000000d5580000)
  object space 262144K, 99% used [0x0000000080000000,0x000000008ffa8518,0x0000000090000000)
 Metaspace       used 57399K, committed 58752K, reserved 1114112K
  class space    used 5910K, committed 6528K, reserved 1048576K
}
Event: 6.983 GC heap before
{Heap before GC invocations=282 (full 2):
 PSYoungGen      total 3584K, used 3404K [0x00000000d5580000, 0x00000000d5a00000, 0x0000000100000000)
  eden space 2560K, 100% used [0x00000000d5580000,0x00000000d5800000,0x00000000d5800000)
  from space 1024K, 82% used [0x00000000d5800000,0x00000000d58d3278,0x00000000d5900000)
  to   space 1024K, 0% used [0x00000000d5900000,0x00000000d5900000,0x00000000d5a00000)
 ParOldGen       total 262144K, used 261793K [0x0000000080000000, 0x0000000090000000, 0x00000000d5580000)
  object space 262144K, 99% used [0x0000000080000000,0x000000008ffa8518,0x0000000090000000)
 Metaspace       used 57443K, committed 58816K, reserved 1114112K
  class space    used 5918K, committed 6528K, reserved 1048576K
}
Event: 6.984 GC heap after
{Heap after GC invocations=282 (full 2):
 PSYoungGen      total 3584K, used 743K [0x00000000d5580000, 0x00000000d5a00000, 0x0000000100000000)
  eden space 2560K, 0% used [0x00000000d5580000,0x00000000d5580000,0x00000000d5800000)
  from space 1024K, 72% used [0x00000000d5900000,0x00000000d59b9ee8,0x00000000d5a00000)
  to   space 1024K, 0% used [0x00000000d5800000,0x00000000d5800000,0x00000000d5900000)
 ParOldGen       total 262656K, used 262426K [0x0000000080000000, 0x0000000090080000, 0x00000000d5580000)
  object space 262656K, 99% used [0x0000000080000000,0x0000000090046978,0x0000000090080000)
 Metaspace       used 57443K, committed 58816K, reserved 1114112K
  class space    used 5918K, committed 6528K, reserved 1048576K
}
Event: 6.990 GC heap before
{Heap before GC invocations=283 (full 2):
 PSYoungGen      total 3584K, used 3303K [0x00000000d5580000, 0x00000000d5a00000, 0x0000000100000000)
  eden space 2560K, 100% used [0x00000000d5580000,0x00000000d5800000,0x00000000d5800000)
  from space 1024K, 72% used [0x00000000d5900000,0x00000000d59b9ee8,0x00000000d5a00000)
  to   space 1024K, 0% used [0x00000000d5800000,0x00000000d5800000,0x00000000d5900000)
 ParOldGen       total 262656K, used 262426K [0x0000000080000000, 0x0000000090080000, 0x00000000d5580000)
  object space 262656K, 99% used [0x0000000080000000,0x0000000090046978,0x0000000090080000)
 Metaspace       used 57464K, committed 58816K, reserved 1114112K
  class space    used 5920K, committed 6528K, reserved 1048576K
}
Event: 6.991 GC heap after
{Heap after GC invocations=283 (full 2):
 PSYoungGen      total 3584K, used 701K [0x00000000d5580000, 0x00000000d5a00000, 0x0000000100000000)
  eden space 2560K, 0% used [0x00000000d5580000,0x00000000d5580000,0x00000000d5800000)
  from space 1024K, 68% used [0x00000000d5800000,0x00000000d58af5d0,0x00000000d5900000)
  to   space 1024K, 0% used [0x00000000d5900000,0x00000000d5900000,0x00000000d5a00000)
 ParOldGen       total 263168K, used 263047K [0x0000000080000000, 0x0000000090100000, 0x00000000d5580000)
  object space 263168K, 99% used [0x0000000080000000,0x00000000900e1c38,0x0000000090100000)
 Metaspace       used 57464K, committed 58816K, reserved 1114112K
  class space    used 5920K, committed 6528K, reserved 1048576K
}
Event: 6.996 GC heap before
{Heap before GC invocations=284 (full 2):
 PSYoungGen      total 3584K, used 3261K [0x00000000d5580000, 0x00000000d5a00000, 0x0000000100000000)
  eden space 2560K, 100% used [0x00000000d5580000,0x00000000d5800000,0x00000000d5800000)
  from space 1024K, 68% used [0x00000000d5800000,0x00000000d58af5d0,0x00000000d5900000)
  to   space 1024K, 0% used [0x00000000d5900000,0x00000000d5900000,0x00000000d5a00000)
 ParOldGen       total 263168K, used 263047K [0x0000000080000000, 0x0000000090100000, 0x00000000d5580000)
  object space 263168K, 99% used [0x0000000080000000,0x00000000900e1c38,0x0000000090100000)
 Metaspace       used 57482K, committed 58816K, reserved 1114112K
  class space    used 5921K, committed 6528K, reserved 1048576K
}
Event: 6.997 GC heap after
{Heap after GC invocations=284 (full 2):
 PSYoungGen      total 3584K, used 608K [0x00000000d5580000, 0x00000000d5a00000, 0x0000000100000000)
  eden space 2560K, 0% used [0x00000000d5580000,0x00000000d5580000,0x00000000d5800000)
  from space 1024K, 59% used [0x00000000d5900000,0x00000000d5998000,0x00000000d5a00000)
  to   space 1024K, 0% used [0x00000000d5800000,0x00000000d5800000,0x00000000d5900000)
 ParOldGen       total 263680K, used 263590K [0x0000000080000000, 0x0000000090180000, 0x00000000d5580000)
  object space 263680K, 99% used [0x0000000080000000,0x00000000901699e0,0x0000000090180000)
 Metaspace       used 57482K, committed 58816K, reserved 1114112K
  class space    used 5921K, committed 6528K, reserved 1048576K
}
Event: 7.003 GC heap before
{Heap before GC invocations=285 (full 2):
 PSYoungGen      total 3584K, used 3168K [0x00000000d5580000, 0x00000000d5a00000, 0x0000000100000000)
  eden space 2560K, 100% used [0x00000000d5580000,0x00000000d5800000,0x00000000d5800000)
  from space 1024K, 59% used [0x00000000d5900000,0x00000000d5998000,0x00000000d5a00000)
  to   space 1024K, 0% used [0x00000000d5800000,0x00000000d5800000,0x00000000d5900000)
 ParOldGen       total 263680K, used 263590K [0x0000000080000000, 0x0000000090180000, 0x00000000d5580000)
  object space 263680K, 99% used [0x0000000080000000,0x00000000901699e0,0x0000000090180000)
 Metaspace       used 57485K, committed 58816K, reserved 1114112K
  class space    used 5922K, committed 6528K, reserved 1048576K
}
Event: 7.003 GC heap after
{Heap after GC invocations=285 (full 2):
 PSYoungGen      total 3584K, used 719K [0x00000000d5580000, 0x00000000d5a00000, 0x0000000100000000)
  eden space 2560K, 0% used [0x00000000d5580000,0x00000000d5580000,0x00000000d5800000)
  from space 1024K, 70% used [0x00000000d5800000,0x00000000d58b3e68,0x00000000d5900000)
  to   space 1024K, 0% used [0x00000000d5900000,0x00000000d5900000,0x00000000d5a00000)
 ParOldGen       total 264192K, used 264103K [0x0000000080000000, 0x0000000090200000, 0x00000000d5580000)
  object space 264192K, 99% used [0x0000000080000000,0x00000000901e9d68,0x0000000090200000)
 Metaspace       used 57485K, committed 58816K, reserved 1114112K
  class space    used 5922K, committed 6528K, reserved 1048576K
}
Event: 7.009 GC heap before
{Heap before GC invocations=286 (full 2):
 PSYoungGen      total 3584K, used 3279K [0x00000000d5580000, 0x00000000d5a00000, 0x0000000100000000)
  eden space 2560K, 100% used [0x00000000d5580000,0x00000000d5800000,0x00000000d5800000)
  from space 1024K, 70% used [0x00000000d5800000,0x00000000d58b3e68,0x00000000d5900000)
  to   space 1024K, 0% used [0x00000000d5900000,0x00000000d5900000,0x00000000d5a00000)
 ParOldGen       total 264192K, used 264103K [0x0000000080000000, 0x0000000090200000, 0x00000000d5580000)
  object space 264192K, 99% used [0x0000000080000000,0x00000000901e9d68,0x0000000090200000)
 Metaspace       used 57489K, committed 58816K, reserved 1114112K
  class space    used 5922K, committed 6528K, reserved 1048576K
}
Event: 7.010 GC heap after
{Heap after GC invocations=286 (full 2):
 PSYoungGen      total 3584K, used 754K [0x00000000d5580000, 0x00000000d5a00000, 0x0000000100000000)
  eden space 2560K, 0% used [0x00000000d5580000,0x00000000d5580000,0x00000000d5800000)
  from space 1024K, 73% used [0x00000000d5900000,0x00000000d59bca78,0x00000000d5a00000)
  to   space 1024K, 0% used [0x00000000d5800000,0x00000000d5800000,0x00000000d5900000)
 ParOldGen       total 264704K, used 264697K [0x0000000080000000, 0x0000000090280000, 0x00000000d5580000)
  object space 264704K, 99% used [0x0000000080000000,0x000000009027e788,0x0000000090280000)
 Metaspace       used 57489K, committed 58816K, reserved 1114112K
  class space    used 5922K, committed 6528K, reserved 1048576K
}
Event: 7.014 GC heap before
{Heap before GC invocations=287 (full 2):
 PSYoungGen      total 3584K, used 3313K [0x00000000d5580000, 0x00000000d5a00000, 0x0000000100000000)
  eden space 2560K, 99% used [0x00000000d5580000,0x00000000d57ffa70,0x00000000d5800000)
  from space 1024K, 73% used [0x00000000d5900000,0x00000000d59bca78,0x00000000d5a00000)
  to   space 1024K, 0% used [0x00000000d5800000,0x00000000d5800000,0x00000000d5900000)
 ParOldGen       total 264704K, used 264697K [0x0000000080000000, 0x0000000090280000, 0x00000000d5580000)
  object space 264704K, 99% used [0x0000000080000000,0x000000009027e788,0x0000000090280000)
 Metaspace       used 57523K, committed 58880K, reserved 1114112K
  class space    used 5925K, committed 6528K, reserved 1048576K
}
Event: 7.015 GC heap after
{Heap after GC invocations=287 (full 2):
 PSYoungGen      total 3584K, used 768K [0x00000000d5580000, 0x00000000d5a00000, 0x0000000100000000)
  eden space 2560K, 0% used [0x00000000d5580000,0x00000000d5580000,0x00000000d5800000)
  from space 1024K, 75% used [0x00000000d5800000,0x00000000d58c0000,0x00000000d5900000)
  to   space 1024K, 0% used [0x00000000d5900000,0x00000000d5900000,0x00000000d5a00000)
 ParOldGen       total 265728K, used 265325K [0x0000000080000000, 0x0000000090380000, 0x00000000d5580000)
  object space 265728K, 99% used [0x0000000080000000,0x000000009031b4f8,0x0000000090380000)
 Metaspace       used 57523K, committed 58880K, reserved 1114112K
  class space    used 5925K, committed 6528K, reserved 1048576K
}
Event: 7.019 GC heap before
{Heap before GC invocations=288 (full 2):
 PSYoungGen      total 3584K, used 3328K [0x00000000d5580000, 0x00000000d5a00000, 0x0000000100000000)
  eden space 2560K, 100% used [0x00000000d5580000,0x00000000d5800000,0x00000000d5800000)
  from space 1024K, 75% used [0x00000000d5800000,0x00000000d58c0000,0x00000000d5900000)
  to   space 1024K, 0% used [0x00000000d5900000,0x00000000d5900000,0x00000000d5a00000)
 ParOldGen       total 265728K, used 265325K [0x0000000080000000, 0x0000000090380000, 0x00000000d5580000)
  object space 265728K, 99% used [0x0000000080000000,0x000000009031b4f8,0x0000000090380000)
 Metaspace       used 57567K, committed 58944K, reserved 1114112K
  class space    used 5931K, committed 6528K, reserved 1048576K
}
Event: 7.020 GC heap after
{Heap after GC invocations=288 (full 2):
 PSYoungGen      total 3584K, used 672K [0x00000000d5580000, 0x00000000d5a00000, 0x0000000100000000)
  eden space 2560K, 0% used [0x00000000d5580000,0x00000000d5580000,0x00000000d5800000)
  from space 1024K, 65% used [0x00000000d5900000,0x00000000d59a8000,0x00000000d5a00000)
  to   space 1024K, 0% used [0x00000000d5800000,0x00000000d5800000,0x00000000d5900000)
 ParOldGen       total 266240K, used 265961K [0x0000000080000000, 0x0000000090400000, 0x00000000d5580000)
  object space 266240K, 99% used [0x0000000080000000,0x00000000903ba690,0x0000000090400000)
 Metaspace       used 57567K, committed 58944K, reserved 1114112K
  class space    used 5931K, committed 6528K, reserved 1048576K
}
Event: 7.024 GC heap before
{Heap before GC invocations=289 (full 2):
 PSYoungGen      total 3584K, used 3230K [0x00000000d5580000, 0x00000000d5a00000, 0x0000000100000000)
  eden space 2560K, 99% used [0x00000000d5580000,0x00000000d57ffbb8,0x00000000d5800000)
  from space 1024K, 65% used [0x00000000d5900000,0x00000000d59a8000,0x00000000d5a00000)
  to   space 1024K, 0% used [0x00000000d5800000,0x00000000d5800000,0x00000000d5900000)
 ParOldGen       total 266240K, used 265961K [0x0000000080000000, 0x0000000090400000, 0x00000000d5580000)
  object space 266240K, 99% used [0x0000000080000000,0x00000000903ba690,0x0000000090400000)
 Metaspace       used 57588K, committed 58944K, reserved 1114112K
  class space    used 5931K, committed 6528K, reserved 1048576K
}
Event: 7.025 GC heap after
{Heap after GC invocations=289 (full 2):
 PSYoungGen      total 3584K, used 704K [0x00000000d5580000, 0x00000000d5a00000, 0x0000000100000000)
  eden space 2560K, 0% used [0x00000000d5580000,0x00000000d5580000,0x00000000d5800000)
  from space 1024K, 68% used [0x00000000d5800000,0x00000000d58b0000,0x00000000d5900000)
  to   space 1024K, 0% used [0x00000000d5900000,0x00000000d5900000,0x00000000d5a00000)
 ParOldGen       total 266752K, used 266519K [0x0000000080000000, 0x0000000090480000, 0x00000000d5580000)
  object space 266752K, 99% used [0x0000000080000000,0x0000000090445f08,0x0000000090480000)
 Metaspace       used 57588K, committed 58944K, reserved 1114112K
  class space    used 5931K, committed 6528K, reserved 1048576K
}
Event: 7.031 GC heap before
{Heap before GC invocations=290 (full 2):
 PSYoungGen      total 3584K, used 3264K [0x00000000d5580000, 0x00000000d5a00000, 0x0000000100000000)
  eden space 2560K, 100% used [0x00000000d5580000,0x00000000d5800000,0x00000000d5800000)
  from space 1024K, 68% used [0x00000000d5800000,0x00000000d58b0000,0x00000000d5900000)
  to   space 1024K, 0% used [0x00000000d5900000,0x00000000d5900000,0x00000000d5a00000)
 ParOldGen       total 266752K, used 266519K [0x0000000080000000, 0x0000000090480000, 0x00000000d5580000)
  object space 266752K, 99% used [0x0000000080000000,0x0000000090445f08,0x0000000090480000)
 Metaspace       used 57599K, committed 58944K, reserved 1114112K
  class space    used 5932K, committed 6528K, reserved 1048576K
}
Event: 7.032 GC heap after
{Heap after GC invocations=290 (full 2):
 PSYoungGen      total 3584K, used 800K [0x00000000d5580000, 0x00000000d5a00000, 0x0000000100000000)
  eden space 2560K, 0% used [0x00000000d5580000,0x00000000d5580000,0x00000000d5800000)
  from space 1024K, 78% used [0x00000000d5900000,0x00000000d59c8000,0x00000000d5a00000)
  to   space 1024K, 0% used [0x00000000d5800000,0x00000000d5800000,0x00000000d5900000)
 ParOldGen       total 267264K, used 267065K [0x0000000080000000, 0x0000000090500000, 0x00000000d5580000)
  object space 267264K, 99% used [0x0000000080000000,0x00000000904ce448,0x0000000090500000)
 Metaspace       used 57599K, committed 58944K, reserved 1114112K
  class space    used 5932K, committed 6528K, reserved 1048576K
}

Dll operation events (10 events):
Event: 0.008 Loaded shared library c:\Users\pragy\.vscode\extensions\redhat.java-1.43.1-win32-x64\jre\21.0.7-win32-x86_64\bin\java.dll
Event: 0.061 Loaded shared library c:\Users\pragy\.vscode\extensions\redhat.java-1.43.1-win32-x64\jre\21.0.7-win32-x86_64\bin\zip.dll
Event: 0.076 Loaded shared library C:\Users\pragy\.vscode\extensions\redhat.java-1.43.1-win32-x64\jre\21.0.7-win32-x86_64\bin\instrument.dll
Event: 0.080 Loaded shared library C:\Users\pragy\.vscode\extensions\redhat.java-1.43.1-win32-x64\jre\21.0.7-win32-x86_64\bin\net.dll
Event: 0.082 Loaded shared library C:\Users\pragy\.vscode\extensions\redhat.java-1.43.1-win32-x64\jre\21.0.7-win32-x86_64\bin\nio.dll
Event: 0.085 Loaded shared library C:\Users\pragy\.vscode\extensions\redhat.java-1.43.1-win32-x64\jre\21.0.7-win32-x86_64\bin\zip.dll
Event: 0.098 Loaded shared library C:\Users\pragy\.vscode\extensions\redhat.java-1.43.1-win32-x64\jre\21.0.7-win32-x86_64\bin\jimage.dll
Event: 0.156 Loaded shared library c:\Users\pragy\.vscode\extensions\redhat.java-1.43.1-win32-x64\jre\21.0.7-win32-x86_64\bin\verify.dll
Event: 0.943 Loaded shared library C:\Users\pragy\AppData\Roaming\Code\User\globalStorage\redhat.java\1.43.1\config_win\org.eclipse.equinox.launcher\org.eclipse.equinox.launcher.win32.win32.x86_64_1.2.1300.v20250331-1702\eclipse_11911.dll
Event: 1.884 Loaded shared library C:\Users\pragy\AppData\Local\Temp\jna-106927057\jna6756934988845471606.dll

Deoptimization events (20 events):
Event: 6.784 Thread 0x000001376a497930 DEOPT PACKING pc=0x00000137141414ec sp=0x00000035c3ffea40
Event: 6.784 Thread 0x000001376a497930 DEOPT UNPACKING pc=0x00000137136c3aa2 sp=0x00000035c3ffe9e0 mode 2
Event: 6.787 Thread 0x0000013767ee8e40 Uncommon trap: trap_request=0xffffff3d fr.pc=0x0000013714144830 relative=0x0000000000001690
Event: 6.787 Thread 0x0000013767ee8e40 Uncommon trap: reason=unstable_fused_if action=reinterpret pc=0x0000013714144830 method=sun.nio.fs.WindowsPathParser.isLetter(C)Z @ 15 c2
Event: 6.787 Thread 0x0000013767ee8e40 DEOPT PACKING pc=0x0000013714144830 sp=0x00000035c2bfea90
Event: 6.787 Thread 0x0000013767ee8e40 DEOPT UNPACKING pc=0x00000137136c3aa2 sp=0x00000035c2bfe9f8 mode 2
Event: 6.863 Thread 0x0000013767ee8e40 Uncommon trap: trap_request=0xffffff45 fr.pc=0x00000137140fa8f0 relative=0x00000000000014b0
Event: 6.863 Thread 0x0000013767ee8e40 Uncommon trap: reason=unstable_if action=reinterpret pc=0x00000137140fa8f0 method=sun.nio.fs.WindowsPathParser.normalize(Ljava/lang/StringBuilder;Ljava/lang/String;I)Ljava/lang/String; @ 100 c2
Event: 6.863 Thread 0x0000013767ee8e40 DEOPT PACKING pc=0x00000137140fa8f0 sp=0x00000035c2bfe9f0
Event: 6.863 Thread 0x0000013767ee8e40 DEOPT UNPACKING pc=0x00000137136c3aa2 sp=0x00000035c2bfe9e0 mode 2
Event: 6.906 Thread 0x0000013767ee8e40 Uncommon trap: trap_request=0xffffff45 fr.pc=0x0000013713ce3cc0 relative=0x0000000000000660
Event: 6.906 Thread 0x0000013767ee8e40 Uncommon trap: reason=unstable_if action=reinterpret pc=0x0000013713ce3cc0 method=java.lang.String.newStringUTF8NoRepl([BIIZ)Ljava/lang/String; @ 41 c2
Event: 6.906 Thread 0x0000013767ee8e40 DEOPT PACKING pc=0x0000013713ce3cc0 sp=0x00000035c2bfea70
Event: 6.906 Thread 0x0000013767ee8e40 DEOPT UNPACKING pc=0x00000137136c3aa2 sp=0x00000035c2bfea28 mode 2
Event: 6.970 Thread 0x0000013767ee8e40 DEOPT PACKING pc=0x000001370cdf08a6 sp=0x00000035c2bfdd20
Event: 6.970 Thread 0x0000013767ee8e40 DEOPT UNPACKING pc=0x00000137136c4242 sp=0x00000035c2bfd210 mode 0
Event: 6.970 Thread 0x0000013767ee8e40 DEOPT PACKING pc=0x000001370cdf08a6 sp=0x00000035c2bfdd20
Event: 6.970 Thread 0x0000013767ee8e40 DEOPT UNPACKING pc=0x00000137136c4242 sp=0x00000035c2bfd210 mode 0
Event: 6.972 Thread 0x0000013767ee8e40 DEOPT PACKING pc=0x000001370cdf08a6 sp=0x00000035c2bfdd20
Event: 6.972 Thread 0x0000013767ee8e40 DEOPT UNPACKING pc=0x00000137136c4242 sp=0x00000035c2bfd210 mode 0

Classes loaded (20 events):
Event: 6.205 Loading class java/util/ArrayDeque$DeqSpliterator
Event: 6.205 Loading class java/util/ArrayDeque$DeqSpliterator done
Event: 6.324 Loading class java/util/TreeMap$ValueSpliterator
Event: 6.324 Loading class java/util/TreeMap$TreeMapSpliterator
Event: 6.324 Loading class java/util/TreeMap$TreeMapSpliterator done
Event: 6.324 Loading class java/util/TreeMap$ValueSpliterator done
Event: 6.341 Loading class java/util/concurrent/CompletionException
Event: 6.341 Loading class java/util/concurrent/CompletionException done
Event: 6.346 Loading class java/nio/file/FileTreeWalker$1
Event: 6.346 Loading class java/nio/file/FileTreeWalker$1 done
Event: 6.347 Loading class sun/nio/fs/Globs
Event: 6.347 Loading class sun/nio/fs/Globs done
Event: 6.347 Loading class java/util/regex/Pattern$SliceU
Event: 6.347 Loading class java/util/regex/Pattern$SliceU done
Event: 6.347 Loading class sun/nio/fs/WindowsFileSystem$2
Event: 6.347 Loading class java/nio/file/PathMatcher
Event: 6.347 Loading class java/nio/file/PathMatcher done
Event: 6.347 Loading class sun/nio/fs/WindowsFileSystem$2 done
Event: 6.933 Loading class java/lang/UnsupportedClassVersionError
Event: 6.933 Loading class java/lang/UnsupportedClassVersionError done

Classes unloaded (7 events):
Event: 2.261 Thread 0x000001371f9d49f0 Unloading class 0x00000137211a5000 'java/lang/invoke/LambdaForm$MH+0x00000137211a5000'
Event: 2.261 Thread 0x000001371f9d49f0 Unloading class 0x00000137211a4c00 'java/lang/invoke/LambdaForm$MH+0x00000137211a4c00'
Event: 2.261 Thread 0x000001371f9d49f0 Unloading class 0x00000137211a4800 'java/lang/invoke/LambdaForm$MH+0x00000137211a4800'
Event: 2.261 Thread 0x000001371f9d49f0 Unloading class 0x00000137211a4400 'java/lang/invoke/LambdaForm$MH+0x00000137211a4400'
Event: 2.261 Thread 0x000001371f9d49f0 Unloading class 0x00000137211a4000 'java/lang/invoke/LambdaForm$BMH+0x00000137211a4000'
Event: 2.261 Thread 0x000001371f9d49f0 Unloading class 0x00000137211a3c00 'java/lang/invoke/LambdaForm$DMH+0x00000137211a3c00'
Event: 2.261 Thread 0x000001371f9d49f0 Unloading class 0x00000137211a2800 'java/lang/invoke/LambdaForm$DMH+0x00000137211a2800'

Classes redefined (0 events):
No events

Internal exceptions (20 events):
Event: 6.857 Thread 0x0000013767ee8e40 Exception <a 'sun/nio/fs/WindowsException'{0x00000000d5737890}> (0x00000000d5737890) 
thrown [s\src\hotspot\share\prims\jni.cpp, line 520]
Event: 6.857 Thread 0x0000013767ee8e40 Exception <a 'sun/nio/fs/WindowsException'{0x00000000d573a938}> (0x00000000d573a938) 
thrown [s\src\hotspot\share\prims\jni.cpp, line 520]
Event: 6.858 Thread 0x0000013767ee8e40 Exception <a 'sun/nio/fs/WindowsException'{0x00000000d574af58}> (0x00000000d574af58) 
thrown [s\src\hotspot\share\prims\jni.cpp, line 520]
Event: 6.858 Thread 0x0000013767ee8e40 Exception <a 'sun/nio/fs/WindowsException'{0x00000000d574f5c0}> (0x00000000d574f5c0) 
thrown [s\src\hotspot\share\prims\jni.cpp, line 520]
Event: 6.858 Thread 0x0000013767ee8e40 Exception <a 'sun/nio/fs/WindowsException'{0x00000000d576a4f8}> (0x00000000d576a4f8) 
thrown [s\src\hotspot\share\prims\jni.cpp, line 520]
Event: 6.858 Thread 0x0000013767ee8e40 Exception <a 'sun/nio/fs/WindowsException'{0x00000000d5786eb0}> (0x00000000d5786eb0) 
thrown [s\src\hotspot\share\prims\jni.cpp, line 520]
Event: 6.858 Thread 0x0000013767ee8e40 Exception <a 'sun/nio/fs/WindowsException'{0x00000000d57a3980}> (0x00000000d57a3980) 
thrown [s\src\hotspot\share\prims\jni.cpp, line 520]
Event: 6.859 Thread 0x0000013767ee8e40 Exception <a 'sun/nio/fs/WindowsException'{0x00000000d57b1eb8}> (0x00000000d57b1eb8) 
thrown [s\src\hotspot\share\prims\jni.cpp, line 520]
Event: 6.859 Thread 0x0000013767ee8e40 Exception <a 'sun/nio/fs/WindowsException'{0x00000000d57b4f40}> (0x00000000d57b4f40) 
thrown [s\src\hotspot\share\prims\jni.cpp, line 520]
Event: 6.859 Thread 0x0000013767ee8e40 Exception <a 'sun/nio/fs/WindowsException'{0x00000000d57b7fa0}> (0x00000000d57b7fa0) 
thrown [s\src\hotspot\share\prims\jni.cpp, line 520]
Event: 6.859 Thread 0x0000013767ee8e40 Exception <a 'sun/nio/fs/WindowsException'{0x00000000d57db160}> (0x00000000d57db160) 
thrown [s\src\hotspot\share\prims\jni.cpp, line 520]
Event: 6.859 Thread 0x0000013767ee8e40 Exception <a 'sun/nio/fs/WindowsException'{0x00000000d57ea128}> (0x00000000d57ea128) 
thrown [s\src\hotspot\share\prims\jni.cpp, line 520]
Event: 6.859 Thread 0x0000013767ee8e40 Exception <a 'sun/nio/fs/WindowsException'{0x00000000d57f8a88}> (0x00000000d57f8a88) 
thrown [s\src\hotspot\share\prims\jni.cpp, line 520]
Event: 6.861 Thread 0x0000013767ee8e40 Exception <a 'sun/nio/fs/WindowsException'{0x00000000d55aa2d0}> (0x00000000d55aa2d0) 
thrown [s\src\hotspot\share\prims\jni.cpp, line 520]
Event: 6.862 Thread 0x0000013767ee8e40 Exception <a 'sun/nio/fs/WindowsException'{0x00000000d55c76d0}> (0x00000000d55c76d0) 
thrown [s\src\hotspot\share\prims\jni.cpp, line 520]
Event: 6.862 Thread 0x0000013767ee8e40 Exception <a 'sun/nio/fs/WindowsException'{0x00000000d55ca7d0}> (0x00000000d55ca7d0) 
thrown [s\src\hotspot\share\prims\jni.cpp, line 520]
Event: 6.862 Thread 0x0000013767ee8e40 Exception <a 'sun/nio/fs/WindowsException'{0x00000000d55e5fc0}> (0x00000000d55e5fc0) 
thrown [s\src\hotspot\share\prims\jni.cpp, line 520]
Event: 6.862 Thread 0x0000013767ee8e40 Exception <a 'sun/nio/fs/WindowsException'{0x00000000d5600a28}> (0x00000000d5600a28) 
thrown [s\src\hotspot\share\prims\jni.cpp, line 520]
Event: 6.862 Thread 0x0000013767ee8e40 Exception <a 'sun/nio/fs/WindowsException'{0x00000000d56084c8}> (0x00000000d56084c8) 
thrown [s\src\hotspot\share\prims\jni.cpp, line 520]
Event: 6.951 Thread 0x0000013767ee8e40 Exception <a 'java/lang/NoSuchMethodError'{0x00000000d56d9890}: 'int java.lang.invoke.Invokers$Holder.invokeExact_MT(java.lang.Object, java.lang.Object)'> (0x00000000d56d9890) 
thrown [s\src\hotspot\share\interpreter\linkResolver.cpp, line 773]

ZGC Phase Switch (0 events):
No events

VM Operations (20 events):
Event: 6.976 Executing VM operation: ParallelGCFailedAllocation (Allocation Failure)
Event: 6.978 Executing VM operation: ParallelGCFailedAllocation (Allocation Failure) done
Event: 6.983 Executing VM operation: ParallelGCFailedAllocation (Allocation Failure)
Event: 6.984 Executing VM operation: ParallelGCFailedAllocation (Allocation Failure) done
Event: 6.990 Executing VM operation: ParallelGCFailedAllocation (Allocation Failure)
Event: 6.991 Executing VM operation: ParallelGCFailedAllocation (Allocation Failure) done
Event: 6.996 Executing VM operation: ParallelGCFailedAllocation (Allocation Failure)
Event: 6.997 Executing VM operation: ParallelGCFailedAllocation (Allocation Failure) done
Event: 7.002 Executing VM operation: ParallelGCFailedAllocation (Allocation Failure)
Event: 7.004 Executing VM operation: ParallelGCFailedAllocation (Allocation Failure) done
Event: 7.009 Executing VM operation: ParallelGCFailedAllocation (Allocation Failure)
Event: 7.010 Executing VM operation: ParallelGCFailedAllocation (Allocation Failure) done
Event: 7.014 Executing VM operation: ParallelGCFailedAllocation (Allocation Failure)
Event: 7.016 Executing VM operation: ParallelGCFailedAllocation (Allocation Failure) done
Event: 7.019 Executing VM operation: ParallelGCFailedAllocation (Allocation Failure)
Event: 7.020 Executing VM operation: ParallelGCFailedAllocation (Allocation Failure) done
Event: 7.024 Executing VM operation: ParallelGCFailedAllocation (Allocation Failure)
Event: 7.025 Executing VM operation: ParallelGCFailedAllocation (Allocation Failure) done
Event: 7.031 Executing VM operation: ParallelGCFailedAllocation (Allocation Failure)
Event: 7.032 Executing VM operation: ParallelGCFailedAllocation (Allocation Failure) done

Memory protections (0 events):
No events

Nmethod flushes (20 events):
Event: 3.063 Thread 0x000001371f9d49f0 flushing  nmethod 0x000001370c79b010
Event: 3.063 Thread 0x000001371f9d49f0 flushing  nmethod 0x000001370c79b790
Event: 3.063 Thread 0x000001371f9d49f0 flushing  nmethod 0x000001370c79c110
Event: 3.063 Thread 0x000001371f9d49f0 flushing  nmethod 0x000001370c79c510
Event: 3.063 Thread 0x000001371f9d49f0 flushing  nmethod 0x000001370c79d610
Event: 3.063 Thread 0x000001371f9d49f0 flushing  nmethod 0x000001370c79e310
Event: 3.063 Thread 0x000001371f9d49f0 flushing  nmethod 0x000001370c79e790
Event: 3.063 Thread 0x000001371f9d49f0 flushing  nmethod 0x000001370c79ec90
Event: 3.063 Thread 0x000001371f9d49f0 flushing  nmethod 0x000001370c79f490
Event: 3.063 Thread 0x000001371f9d49f0 flushing  nmethod 0x000001370c7a0510
Event: 3.063 Thread 0x000001371f9d49f0 flushing  nmethod 0x000001370c7a0e90
Event: 3.063 Thread 0x000001371f9d49f0 flushing  nmethod 0x000001370c7a9e90
Event: 3.063 Thread 0x000001371f9d49f0 flushing  nmethod 0x000001370c7aa190
Event: 3.063 Thread 0x000001371f9d49f0 flushing  nmethod 0x000001370c7bf490
Event: 3.063 Thread 0x000001371f9d49f0 flushing  nmethod 0x000001370c7d7910
Event: 3.063 Thread 0x000001371f9d49f0 flushing  nmethod 0x000001370c7dd290
Event: 3.063 Thread 0x000001371f9d49f0 flushing  nmethod 0x000001370c7e8410
Event: 3.063 Thread 0x000001371f9d49f0 flushing  nmethod 0x000001370c7f4210
Event: 3.063 Thread 0x000001371f9d49f0 flushing  nmethod 0x000001370c867590
Event: 3.063 Thread 0x000001371f9d49f0 flushing  nmethod 0x000001370c887010

Events (20 events):
Event: 4.825 Thread 0x0000013767ee66e0 Thread added: 0x000001376a4b72c0
Event: 4.825 Thread 0x0000013767ee66e0 Thread added: 0x000001376a4b37b0
Event: 4.825 Thread 0x0000013767ee66e0 Thread added: 0x000001376a4b5f10
Event: 4.825 Thread 0x0000013767ee66e0 Thread added: 0x000001376a4b44d0
Event: 4.825 Thread 0x000001376a4b37b0 Thread added: 0x000001376a4b7fe0
Event: 4.826 Thread 0x000001376a4b44d0 Thread added: 0x000001376a4b1050
Event: 4.826 Thread 0x000001376a4b72c0 Thread added: 0x000001376a4b6c30
Event: 4.826 Thread 0x000001376a4b1050 Thread added: 0x000001376a4b8670
Event: 4.830 Thread 0x000001376a4b7950 Thread added: 0x000001376a4b16e0
Event: 5.478 Thread 0x0000013767ee66e0 Thread added: 0x000001376a4b3120
Event: 5.782 Thread 0x0000013767ee66e0 Thread added: 0x000001376a4b5880
Event: 5.788 Thread 0x0000013767ee66e0 Thread added: 0x000001376a4b4b60
Event: 5.794 Thread 0x0000013767ee66e0 Thread added: 0x000001376a4b51f0
Event: 5.796 Thread 0x0000013767ee66e0 Thread added: 0x000001376a4b2a90
Event: 5.800 Thread 0x0000013767ee66e0 Thread added: 0x000001377747cbd0
Event: 5.808 Thread 0x0000013767ee66e0 Thread added: 0x0000013777479de0
Event: 5.811 Thread 0x0000013767ee66e0 Thread added: 0x000001377747ab00
Event: 5.815 Thread 0x0000013767ee66e0 Thread added: 0x0000013777476ff0
Event: 5.818 Thread 0x0000013767ee66e0 Thread added: 0x000001377747e610
Event: 5.820 Thread 0x0000013767ee66e0 Thread added: 0x0000013777479750


Dynamic libraries:
0x00007ff626300000 - 0x00007ff62630e000 	c:\Users\pragy\.vscode\extensions\redhat.java-1.43.1-win32-x64\jre\21.0.7-win32-x86_64\bin\java.exe
0x00007ff919c50000 - 0x00007ff919e67000 	C:\windows\SYSTEM32\ntdll.dll
0x00007ff9183c0000 - 0x00007ff918484000 	C:\windows\System32\KERNEL32.DLL
0x00007ff917070000 - 0x00007ff917442000 	C:\windows\System32\KERNELBASE.dll
0x00007ff916d40000 - 0x00007ff916e51000 	C:\windows\System32\ucrtbase.dll
0x00007ff8d0ea0000 - 0x00007ff8d0ebe000 	c:\Users\pragy\.vscode\extensions\redhat.java-1.43.1-win32-x64\jre\21.0.7-win32-x86_64\bin\VCRUNTIME140.dll
0x00007ff8d1200000 - 0x00007ff8d1218000 	c:\Users\pragy\.vscode\extensions\redhat.java-1.43.1-win32-x64\jre\21.0.7-win32-x86_64\bin\jli.dll
0x00007ff917c80000 - 0x00007ff917e31000 	C:\windows\System32\USER32.dll
0x00007ff917040000 - 0x00007ff917066000 	C:\windows\System32\win32u.dll
0x00007ff9178e0000 - 0x00007ff917909000 	C:\windows\System32\GDI32.dll
0x00007ff8fa230000 - 0x00007ff8fa4cb000 	C:\windows\WinSxS\amd64_microsoft.windows.common-controls_6595b64144ccf1df_6.0.22621.5413_none_270da5617387a498\COMCTL32.dll
0x00007ff916f10000 - 0x00007ff917033000 	C:\windows\System32\gdi32full.dll
0x00007ff917a30000 - 0x00007ff917ad7000 	C:\windows\System32\msvcrt.dll
0x00007ff917450000 - 0x00007ff9174ea000 	C:\windows\System32\msvcp_win.dll
0x00007ff918930000 - 0x00007ff918961000 	C:\windows\System32\IMM32.DLL
0x00007ff902e70000 - 0x00007ff902e7c000 	c:\Users\pragy\.vscode\extensions\redhat.java-1.43.1-win32-x64\jre\21.0.7-win32-x86_64\bin\vcruntime140_1.dll
0x00007ff853b10000 - 0x00007ff853b9d000 	c:\Users\pragy\.vscode\extensions\redhat.java-1.43.1-win32-x64\jre\21.0.7-win32-x86_64\bin\msvcp140.dll
0x00007ff849540000 - 0x00007ff84a2d0000 	c:\Users\pragy\.vscode\extensions\redhat.java-1.43.1-win32-x64\jre\21.0.7-win32-x86_64\bin\server\jvm.dll
0x00007ff9184a0000 - 0x00007ff918551000 	C:\windows\System32\ADVAPI32.dll
0x00007ff918880000 - 0x00007ff918928000 	C:\windows\System32\sechost.dll
0x00007ff916ee0000 - 0x00007ff916f08000 	C:\windows\System32\bcrypt.dll
0x00007ff917910000 - 0x00007ff917a24000 	C:\windows\System32\RPCRT4.dll
0x00007ff918080000 - 0x00007ff9180f1000 	C:\windows\System32\WS2_32.dll
0x00007ff916600000 - 0x00007ff91664d000 	C:\windows\SYSTEM32\POWRPROF.dll
0x00007ff912280000 - 0x00007ff9122b4000 	C:\windows\SYSTEM32\WINMM.dll
0x00007ff90d430000 - 0x00007ff90d43a000 	C:\windows\SYSTEM32\VERSION.dll
0x00007ff9165e0000 - 0x00007ff9165f3000 	C:\windows\SYSTEM32\UMPDC.dll
0x00007ff915d30000 - 0x00007ff915d48000 	C:\windows\SYSTEM32\kernel.appcore.dll
0x00007ff902e40000 - 0x00007ff902e4a000 	c:\Users\pragy\.vscode\extensions\redhat.java-1.43.1-win32-x64\jre\21.0.7-win32-x86_64\bin\jimage.dll
0x00007ff914670000 - 0x00007ff9148a2000 	C:\windows\SYSTEM32\DBGHELP.DLL
0x00007ff918970000 - 0x00007ff918d03000 	C:\windows\System32\combase.dll
0x00007ff918560000 - 0x00007ff918637000 	C:\windows\System32\OLEAUT32.dll
0x00007ff8f7d90000 - 0x00007ff8f7dc2000 	C:\windows\SYSTEM32\dbgcore.DLL
0x00007ff917660000 - 0x00007ff9176db000 	C:\windows\System32\bcryptPrimitives.dll
0x00007ff902d80000 - 0x00007ff902d8f000 	c:\Users\pragy\.vscode\extensions\redhat.java-1.43.1-win32-x64\jre\21.0.7-win32-x86_64\bin\instrument.dll
0x00007ff8d0720000 - 0x00007ff8d073f000 	c:\Users\pragy\.vscode\extensions\redhat.java-1.43.1-win32-x64\jre\21.0.7-win32-x86_64\bin\java.dll
0x00007ff918d10000 - 0x00007ff9195b2000 	C:\windows\System32\SHELL32.dll
0x00007ff9177a0000 - 0x00007ff9178df000 	C:\windows\System32\wintypes.dll
0x00007ff914c20000 - 0x00007ff91553d000 	C:\windows\SYSTEM32\windows.storage.dll
0x00007ff918100000 - 0x00007ff91820b000 	C:\windows\System32\SHCORE.dll
0x00007ff918010000 - 0x00007ff918079000 	C:\windows\System32\shlwapi.dll
0x00007ff916c70000 - 0x00007ff916c9b000 	C:\windows\SYSTEM32\profapi.dll
0x00007ff8d0b50000 - 0x00007ff8d0b68000 	c:\Users\pragy\.vscode\extensions\redhat.java-1.43.1-win32-x64\jre\21.0.7-win32-x86_64\bin\zip.dll
0x00007ff8fd450000 - 0x00007ff8fd460000 	C:\Users\pragy\.vscode\extensions\redhat.java-1.43.1-win32-x64\jre\21.0.7-win32-x86_64\bin\net.dll
0x00007ff913750000 - 0x00007ff91387c000 	C:\windows\SYSTEM32\WINHTTP.dll
0x00007ff9161b0000 - 0x00007ff916219000 	C:\windows\system32\mswsock.dll
0x00007ff8d01a0000 - 0x00007ff8d01b6000 	C:\Users\pragy\.vscode\extensions\redhat.java-1.43.1-win32-x64\jre\21.0.7-win32-x86_64\bin\nio.dll
0x00007ff8fb260000 - 0x00007ff8fb270000 	c:\Users\pragy\.vscode\extensions\redhat.java-1.43.1-win32-x64\jre\21.0.7-win32-x86_64\bin\verify.dll
0x00007ff8bbe90000 - 0x00007ff8bbed5000 	C:\Users\pragy\AppData\Roaming\Code\User\globalStorage\redhat.java\1.43.1\config_win\org.eclipse.equinox.launcher\org.eclipse.equinox.launcher.win32.win32.x86_64_1.2.1300.v20250331-1702\eclipse_11911.dll
0x00007ff917ae0000 - 0x00007ff917c80000 	C:\windows\System32\ole32.dll
0x00007ff9163d0000 - 0x00007ff9163eb000 	C:\windows\SYSTEM32\CRYPTSP.dll
0x00007ff915c90000 - 0x00007ff915cc7000 	C:\windows\system32\rsaenh.dll
0x00007ff916270000 - 0x00007ff916298000 	C:\windows\SYSTEM32\USERENV.dll
0x00007ff9163f0000 - 0x00007ff9163fc000 	C:\windows\SYSTEM32\CRYPTBASE.dll
0x00007ff915790000 - 0x00007ff9157bd000 	C:\windows\SYSTEM32\IPHLPAPI.DLL
0x00007ff918330000 - 0x00007ff918339000 	C:\windows\System32\NSI.dll
0x00007ff8a2360000 - 0x00007ff8a23a9000 	C:\Users\pragy\AppData\Local\Temp\jna-106927057\jna6756934988845471606.dll
0x00007ff918490000 - 0x00007ff918498000 	C:\windows\System32\PSAPI.DLL
0x00007ff9127c0000 - 0x00007ff9127d9000 	C:\windows\SYSTEM32\dhcpcsvc6.DLL
0x00007ff9127a0000 - 0x00007ff9127bf000 	C:\windows\SYSTEM32\dhcpcsvc.DLL

dbghelp: loaded successfully - version: 4.0.5 - missing functions: none
symbol engine: initialized successfully - sym options: 0x614 - pdb path: .;c:\Users\pragy\.vscode\extensions\redhat.java-1.43.1-win32-x64\jre\21.0.7-win32-x86_64\bin;C:\windows\SYSTEM32;C:\windows\WinSxS\amd64_microsoft.windows.common-controls_6595b64144ccf1df_6.0.22621.5413_none_270da5617387a498;c:\Users\pragy\.vscode\extensions\redhat.java-1.43.1-win32-x64\jre\21.0.7-win32-x86_64\bin\server;C:\Users\pragy\AppData\Roaming\Code\User\globalStorage\redhat.java\1.43.1\config_win\org.eclipse.equinox.launcher\org.eclipse.equinox.launcher.win32.win32.x86_64_1.2.1300.v20250331-1702;C:\Users\pragy\AppData\Local\Temp\jna-106927057

VM Arguments:
jvm_args: --add-modules=ALL-SYSTEM --add-opens=java.base/java.util=ALL-UNNAMED --add-opens=java.base/java.lang=ALL-UNNAMED --add-opens=java.base/sun.nio.fs=ALL-UNNAMED -Declipse.application=org.eclipse.jdt.ls.core.id1 -Dosgi.bundles.defaultStartLevel=4 -Declipse.product=org.eclipse.jdt.ls.core.product -Djava.import.generatesMetadataFilesAtProjectRoot=false -DDetectVMInstallationsJob.disabled=true -Dfile.encoding=utf8 -XX:+UseParallelGC -XX:GCTimeRatio=4 -XX:AdaptiveSizePolicyWeight=90 -Dsun.zip.disableMemoryMapping=true -Xmx2G -Xms100m -Xlog:disable -javaagent:c:\Users\pragy\.vscode\extensions\redhat.java-1.43.1-win32-x64\lombok\lombok-1.18.39-4050.jar -XX:+HeapDumpOnOutOfMemoryError -XX:HeapDumpPath=c:\Users\pragy\AppData\Roaming\Code\User\workspaceStorage\cc99c5c5b9f10468fc12bfe29c53fb65\redhat.java -Daether.dependencyCollector.impl=bf 
java_command: c:\Users\pragy\.vscode\extensions\redhat.java-1.43.1-win32-x64\server\plugins\org.eclipse.equinox.launcher_1.7.0.v20250519-0528.jar -configuration c:\Users\pragy\AppData\Roaming\Code\User\globalStorage\redhat.java\1.43.1\config_win -data c:\Users\pragy\AppData\Roaming\Code\User\workspaceStorage\cc99c5c5b9f10468fc12bfe29c53fb65\redhat.java\jdt_ws --pipe=\\.\pipe\lsp-8a5d7b6356f5a338c342c81753a2d482-sock
java_class_path (initial): c:\Users\pragy\.vscode\extensions\redhat.java-1.43.1-win32-x64\server\plugins\org.eclipse.equinox.launcher_1.7.0.v20250519-0528.jar
Launcher Type: SUN_STANDARD

[Global flags]
    uintx AdaptiveSizePolicyWeight                 = 90                                        {product} {command line}
     intx CICompilerCount                          = 4                                         {product} {ergonomic}
    uintx GCTimeRatio                              = 4                                         {product} {command line}
     bool HeapDumpOnOutOfMemoryError               = true                                   {manageable} {command line}
    ccstr HeapDumpPath                             = c:\Users\pragy\AppData\Roaming\Code\User\workspaceStorage\cc99c5c5b9f10468fc12bfe29c53fb65\redhat.java         {manageable} {command line}
   size_t InitialHeapSize                          = 104857600                                 {product} {command line}
   size_t MaxHeapSize                              = 2147483648                                {product} {command line}
   size_t MaxNewSize                               = 715653120                                 {product} {ergonomic}
   size_t MinHeapDeltaBytes                        = 524288                                    {product} {ergonomic}
   size_t MinHeapSize                              = 104857600                                 {product} {command line}
   size_t NewSize                                  = 34603008                                  {product} {ergonomic}
    uintx NonNMethodCodeHeapSize                   = 5839372                                {pd product} {ergonomic}
    uintx NonProfiledCodeHeapSize                  = 122909434                              {pd product} {ergonomic}
   size_t OldSize                                  = 70254592                                  {product} {ergonomic}
    uintx ProfiledCodeHeapSize                     = 122909434                              {pd product} {ergonomic}
    uintx ReservedCodeCacheSize                    = 251658240                              {pd product} {ergonomic}
     bool SegmentedCodeCache                       = true                                      {product} {ergonomic}
   size_t SoftMaxHeapSize                          = 2147483648                             {manageable} {ergonomic}
     bool UseCompressedOops                        = true                           {product lp64_product} {ergonomic}
     bool UseLargePagesIndividualAllocation        = false                                  {pd product} {ergonomic}
     bool UseParallelGC                            = true                                      {product} {command line}

Logging:
Log output configuration:
 #0: stdout all=off uptime,level,tags foldmultilines=false
 #1: stderr all=off uptime,level,tags foldmultilines=false

Environment Variables:
PATH=C:\Program Files\Common Files\Oracle\Java\javapath;C:\windows\system32;C:\windows;C:\windows\System32\Wbem;C:\windows\System32\WindowsPowerShell\v1.0\;C:\windows\System32\OpenSSH\;C:\Program Files\nodejs\;C:\Program Files\Git\cmd;C:\Program Files\Git\mingw64\bin;C:\Program Files\Git\usr\bin;S:\Program Files\Microsoft VS Code\bin;C:\Users\pragy\AppData\Local\Microsoft\WindowsApps;C:\MinGW\bin;C:\Program Files\JetBrains\IntelliJ IDEA Community Edition 2023.2.1\java\IntelliJ IDEA Community Edition 2023.2.1\bin;C:\MinGW\bin;;C:\Users\pragy\AppData\Local\Programs\Microsoft VS Code\bin;C:\Users\pragy\AppData\Roaming\npm
USERNAME=pragy
OS=Windows_NT
PROCESSOR_IDENTIFIER=AMD64 Family 25 Model 80 Stepping 0, AuthenticAMD
TMP=C:\Users\pragy\AppData\Local\Temp
TEMP=C:\Users\pragy\AppData\Local\Temp




Periodic native trim disabled

---------------  S Y S T E M  ---------------

OS:
 Windows 11 , 64 bit Build 22621 (10.0.22621.5413)
OS uptime: 0 days 10:50 hours
Hyper-V role detected

CPU: total 12 (initial active 12) (12 cores per cpu, 2 threads per core) family 25 model 80 stepping 0 microcode 0x0, cx8, cmov, fxsr, ht, mmx, 3dnowpref, sse, sse2, sse3, ssse3, sse4a, sse4.1, sse4.2, popcnt, lzcnt, tsc, tscinvbit, avx, avx2, aes, erms, clmul, bmi1, bmi2, adx, sha, fma, vzeroupper, clflush, clflushopt, hv, rdtscp, rdpid, fsrm, f16c, cet_ss
Processor Information for processor 0
  Max Mhz: 2301, Current Mhz: 1798, Mhz Limit: 2301
Processor Information for processor 1
  Max Mhz: 2301, Current Mhz: 1798, Mhz Limit: 2301
Processor Information for processor 2
  Max Mhz: 2301, Current Mhz: 2301, Mhz Limit: 2301
Processor Information for processor 3
  Max Mhz: 2301, Current Mhz: 2301, Mhz Limit: 2301
Processor Information for processor 4
  Max Mhz: 2301, Current Mhz: 1798, Mhz Limit: 2301
Processor Information for processor 5
  Max Mhz: 2301, Current Mhz: 1798, Mhz Limit: 2301
Processor Information for processor 6
  Max Mhz: 2301, Current Mhz: 2301, Mhz Limit: 2301
Processor Information for processor 7
  Max Mhz: 2301, Current Mhz: 2301, Mhz Limit: 2301
Processor Information for processor 8
  Max Mhz: 2301, Current Mhz: 1798, Mhz Limit: 2301
Processor Information for processor 9
  Max Mhz: 2301, Current Mhz: 1798, Mhz Limit: 2301
Processor Information for processor 10
  Max Mhz: 2301, Current Mhz: 1798, Mhz Limit: 2301
Processor Information for processor 11
  Max Mhz: 2301, Current Mhz: 1798, Mhz Limit: 2301

Memory: 4k page, system-wide physical 15712M (2624M free)
TotalPageFile size 17140M (AvailPageFile size 5M)
current process WorkingSet (physical memory assigned to process): 594M, peak: 595M
current process commit charge ("private bytes"): 588M, peak: 1694M

vm_info: OpenJDK 64-Bit Server VM (21.0.7+6-LTS) for windows-amd64 JRE (21.0.7+6-LTS), built on 2025-04-15T00:00:00Z by "admin" with MS VC++ 17.7 (VS2022)

END.
