#
# There is insufficient memory for the Java Runtime Environment to continue.
# Native memory allocation (mmap) failed to map 257949696 bytes. Error detail: G1 virtual space
# Possible reasons:
#   The system is out of physical RAM or swap space
#   This process is running with CompressedOops enabled, and the Java Heap may be blocking the growth of the native heap
# Possible solutions:
#   Reduce memory load on the system
#   Increase physical memory or swap space
#   Check if swap backing store is full
#   Decrease Java heap size (-Xmx/-Xms)
#   Decrease number of Java threads
#   Decrease Java thread stack sizes (-Xss)
#   Set larger code cache with -XX:ReservedCodeCacheSize=
#   JVM is running with Zero Based Compressed Oops mode in which the Java heap is
#     placed in the first 32GB address space. The Java Heap base address is the
#     maximum limit for the native heap growth. Please use -XX:HeapBaseMinAddress
#     to set the Java Heap base and to place the Java Heap above 32GB virtual address.
# This output file may be truncated or incomplete.
#
#  Out of Memory Error (os_windows.cpp:3564), pid=21848, tid=15012
#
# JRE version:  (24.0.1+9) (build )
# Java VM: Java HotSpot(TM) 64-Bit Server VM (24.0.1+9-30, mixed mode, sharing, tiered, compressed oops, compressed class ptrs, g1 gc, windows-amd64)
# No core dump will be written. Minidumps are not enabled by default on client versions of Windows
#

---------------  S U M M A R Y ------------

Command Line: --enable-preview -XX:+ShowCodeDetailsInExceptionMessages RECURSION._10_remove_duplicate

Host: AMD Ryzen 5 5625U with Radeon Graphics         , 12 cores, 15G,  Windows 11 , 64 bit Build 22621 (10.0.22621.5413)
Time: Fri Jul  4 20:43:46 2025 India Standard Time elapsed time: 0.014343 seconds (0d 0h 0m 0s)

---------------  T H R E A D  ---------------

Current thread (0x000002a22e724250):  JavaThread "Unknown thread" [_thread_in_vm, id=15012, stack(0x000000f736800000,0x000000f736900000) (1024K)]

Stack: [0x000000f736800000,0x000000f736900000]
Native frames: (J=compiled Java code, j=interpreted, Vv=VM code, C=native code)
V  [jvm.dll+0x730739]  (no source info available)
V  [jvm.dll+0x8d9b23]  (no source info available)
V  [jvm.dll+0x8dc00d]  (no source info available)
V  [jvm.dll+0x8dc683]  (no source info available)
V  [jvm.dll+0x2aa086]  (no source info available)
V  [jvm.dll+0x72cc65]  (no source info available)
V  [jvm.dll+0x72059a]  (no source info available)
V  [jvm.dll+0x390cea]  (no source info available)
V  [jvm.dll+0x3989f6]  (no source info available)
V  [jvm.dll+0x38523e]  (no source info available)
V  [jvm.dll+0x3854f8]  (no source info available)
V  [jvm.dll+0x35d0cc]  (no source info available)
V  [jvm.dll+0x35dd8d]  (no source info available)
V  [jvm.dll+0x89d28f]  (no source info available)
V  [jvm.dll+0x3f985d]  (no source info available)
V  [jvm.dll+0x8858e6]  (no source info available)
V  [jvm.dll+0x495f3e]  (no source info available)
V  [jvm.dll+0x497d11]  (no source info available)
C  [jli.dll+0x52a1]  (no source info available)
C  [ucrtbase.dll+0x29333]  (no source info available)
C  [KERNEL32.DLL+0x1259d]  (no source info available)
C  [ntdll.dll+0x5af78]  (no source info available)

Lock stack of current Java thread (top to bottom):


---------------  P R O C E S S  ---------------

Threads class SMR info:
_java_thread_list=0x00007ffe892cf318, length=0, elements={
}

Java Threads: ( => current thread )
Total: 0

Other Threads:
  0x000002a230a66b40 WorkerThread "GC Thread#0"                     [id=28604, stack(0x000000f736900000,0x000000f736a00000) (1024K)]
  0x000002a230a7b000 ConcurrentGCThread "G1 Main Marker"            [id=23820, stack(0x000000f736a00000,0x000000f736b00000) (1024K)]
  0x000002a230a7cac0 WorkerThread "G1 Conc#0"                       [id=23600, stack(0x000000f736b00000,0x000000f736c00000) (1024K)]

[error occurred during error reporting (printing all threads), id 0xc0000005, EXCEPTION_ACCESS_VIOLATION (0xc0000005) at pc=0x00007ffe88a014ea]
VM state: not at safepoint (not fully initialized)

VM Mutex/Monitor currently owned by a thread:  ([mutex/lock_event])
[0x00007ffe893545b0] Heap_lock - owner thread: 0x000002a22e724250

Heap address: 0x000000070a600000, size: 3930 MB, Compressed Oops mode: Zero based, Oop shift amount: 3

CDS archive(s) mapped at: [0x0000000000000000-0x0000000000000000-0x0000000000000000), size 0, SharedBaseAddress: 0x0000000800000000, ArchiveRelocationMode: 1.
UseCompressedClassPointers 1, UseCompactObjectHeaders 0
Narrow klass pointer bits 32, Max shift 3
Narrow klass base: 0xffffffffffffffff, Narrow klass shift: -1
Encoding Range: [0xffffffffffffffff - 0x000000007fffffff), (2147483648 bytes)
Klass Range:    [0x0000000000000000 - 0x0000000000000000), (0 bytes)
Klass ID Range:  [4294967295 - 0) (1)

GC Precious Log:
 CardTable entry size: 512
 Card Set container configuration: InlinePtr #cards 4 size 8 Array Of Cards #cards 16 size 48 Howl #buckets 8 coarsen threshold 3686 Howl Bitmap #cards 512 size 80 coarsen threshold 460 Card regions per heap region 1 cards per card region 4096

Heap:
 garbage-first heap   total reserved 4024320K, committed 0K, used 0K [0x000000070a600000, 0x0000000800000000)
  region size 2048K, 0 young (0K), 0 survivors (0K)

[error occurred during error reporting (printing heap information), id 0xc0000005, EXCEPTION_ACCESS_VIOLATION (0xc0000005) at pc=0x00007ffe88e1e3e9]
GC Heap History (0 events):
No events

Dll operation events (1 events):
Event: 0.010 Loaded shared library C:\Program Files\Java\jdk-24\bin\java.dll

Deoptimization events (0 events):
No events

Classes loaded (0 events):
No events

Classes unloaded (0 events):
No events

Classes redefined (0 events):
No events

Internal exceptions (0 events):
No events

VM Operations (0 events):
No events

Memory protections (0 events):
No events

Nmethod flushes (0 events):
No events

Events (0 events):
No events


Dynamic libraries:
0x00007ff661e70000 - 0x00007ff661e80000 	C:\Program Files\Java\jdk-24\bin\java.exe
0x00007fff71030000 - 0x00007fff71247000 	C:\windows\SYSTEM32\ntdll.dll
0x00007fff6fc60000 - 0x00007fff6fd24000 	C:\windows\System32\KERNEL32.DLL
0x00007fff6e520000 - 0x00007fff6e8f2000 	C:\windows\System32\KERNELBASE.dll
0x00007fff6e400000 - 0x00007fff6e511000 	C:\windows\System32\ucrtbase.dll
0x00007fff37ae0000 - 0x00007fff37af6000 	C:\Program Files\Java\jdk-24\bin\jli.dll
0x00007fff37ac0000 - 0x00007fff37adb000 	C:\Program Files\Java\jdk-24\bin\VCRUNTIME140.dll
0x00007fff6efc0000 - 0x00007fff6f171000 	C:\windows\System32\USER32.dll
0x00007fff6e260000 - 0x00007fff6e286000 	C:\windows\System32\win32u.dll
0x00007fff574f0000 - 0x00007fff5778b000 	C:\windows\WinSxS\amd64_microsoft.windows.common-controls_6595b64144ccf1df_6.0.22621.5413_none_270da5617387a498\COMCTL32.dll
0x00007fff6ed40000 - 0x00007fff6ed69000 	C:\windows\System32\GDI32.dll
0x00007fff700d0000 - 0x00007fff70177000 	C:\windows\System32\msvcrt.dll
0x00007fff6eb90000 - 0x00007fff6ecb3000 	C:\windows\System32\gdi32full.dll
0x00007fff6e980000 - 0x00007fff6ea1a000 	C:\windows\System32\msvcp_win.dll
0x00007fff6f230000 - 0x00007fff6f261000 	C:\windows\System32\IMM32.DLL
0x00007fff53880000 - 0x00007fff5388c000 	C:\Program Files\Java\jdk-24\bin\vcruntime140_1.dll
0x00007fff20550000 - 0x00007fff205de000 	C:\Program Files\Java\jdk-24\bin\msvcp140.dll
0x00007ffe88690000 - 0x00007ffe89432000 	C:\Program Files\Java\jdk-24\bin\server\jvm.dll
0x00007fff70520000 - 0x00007fff705d1000 	C:\windows\System32\ADVAPI32.dll
0x00007fff6f180000 - 0x00007fff6f228000 	C:\windows\System32\sechost.dll
0x00007fff6e290000 - 0x00007fff6e2b8000 	C:\windows\System32\bcrypt.dll
0x00007fff6ff20000 - 0x00007fff70034000 	C:\windows\System32\RPCRT4.dll
0x00007fff708e0000 - 0x00007fff70951000 	C:\windows\System32\WS2_32.dll
0x00007fff6d8b0000 - 0x00007fff6d8fd000 	C:\windows\SYSTEM32\POWRPROF.dll
0x00007fff697a0000 - 0x00007fff697d4000 	C:\windows\SYSTEM32\WINMM.dll
0x00007fff65fe0000 - 0x00007fff65fea000 	C:\windows\SYSTEM32\VERSION.dll
0x00007fff6d890000 - 0x00007fff6d8a3000 	C:\windows\SYSTEM32\UMPDC.dll
0x00007fff6d110000 - 0x00007fff6d128000 	C:\windows\SYSTEM32\kernel.appcore.dll
0x00007fff52980000 - 0x00007fff5298a000 	C:\Program Files\Java\jdk-24\bin\jimage.dll
0x00007fff6bb40000 - 0x00007fff6bd72000 	C:\windows\SYSTEM32\DBGHELP.DLL
0x00007fff70180000 - 0x00007fff70513000 	C:\windows\System32\combase.dll
0x00007fff705e0000 - 0x00007fff706b7000 	C:\windows\System32\OLEAUT32.dll
0x00007fff4fb60000 - 0x00007fff4fb92000 	C:\windows\SYSTEM32\dbgcore.DLL
0x00007fff6e380000 - 0x00007fff6e3fb000 	C:\windows\System32\bcryptPrimitives.dll
0x00007fff34490000 - 0x00007fff344ae000 	C:\Program Files\Java\jdk-24\bin\java.dll
0x00007fff6fd80000 - 0x00007fff6ff20000 	C:\windows\System32\ole32.dll
0x00007fff6f390000 - 0x00007fff6fc32000 	C:\windows\System32\SHELL32.dll
0x00007fff6e120000 - 0x00007fff6e25f000 	C:\windows\System32\wintypes.dll

JVMTI agents: none

dbghelp: loaded successfully - version: 4.0.5 - missing functions: none
symbol engine: initialized successfully - sym options: 0x614 - pdb path: .;C:\Program Files\Java\jdk-24\bin;C:\windows\SYSTEM32;C:\windows\WinSxS\amd64_microsoft.windows.common-controls_6595b64144ccf1df_6.0.22621.5413_none_270da5617387a498;C:\Program Files\Java\jdk-24\bin\server

VM Arguments:
jvm_args: --enable-preview -XX:+ShowCodeDetailsInExceptionMessages 
java_command: RECURSION._10_remove_duplicate
java_class_path (initial): C:\Users\pragy\AppData\Roaming\Code\User\workspaceStorage\cc99c5c5b9f10468fc12bfe29c53fb65\redhat.java\jdt_ws\JAVA PROGRAMMING_bd3948ca\bin
Launcher Type: SUN_STANDARD

[Global flags]
     intx CICompilerCount                          = 4                                         {product} {ergonomic}
     uint ConcGCThreads                            = 3                                         {product} {ergonomic}
     uint G1ConcRefinementThreads                  = 10                                        {product} {ergonomic}
   size_t G1HeapRegionSize                         = 2097152                                   {product} {ergonomic}
   size_t InitialHeapSize                          = 257949696                                 {product} {ergonomic}
   size_t MarkStackSize                            = 4194304                                   {product} {ergonomic}
   size_t MarkStackSizeMax                         = 536870912                                 {product} {ergonomic}
   size_t MaxHeapSize                              = 4120903680                                {product} {ergonomic}
   size_t MinHeapDeltaBytes                        = 2097152                                   {product} {ergonomic}
   size_t MinHeapSize                              = 8388608                                   {product} {ergonomic}
    uintx NonNMethodCodeHeapSize                   = 5832704                                {pd product} {ergonomic}
    uintx NonProfiledCodeHeapSize                  = 122945536                              {pd product} {ergonomic}
    uintx ProfiledCodeHeapSize                     = 122880000                              {pd product} {ergonomic}
    uintx ReservedCodeCacheSize                    = 251658240                              {pd product} {ergonomic}
     bool SegmentedCodeCache                       = true                                      {product} {ergonomic}
     bool ShowCodeDetailsInExceptionMessages       = true                                   {manageable} {command line}
   size_t SoftMaxHeapSize                          = 4120903680                             {manageable} {ergonomic}
     bool UseCompressedOops                        = true                           {product lp64_product} {ergonomic}
     bool UseG1GC                                  = true                                      {product} {ergonomic}
     bool UseLargePagesIndividualAllocation        = false                                  {pd product} {ergonomic}

Logging:
Log output configuration:
 #0: stdout all=warning uptime,level,tags foldmultilines=false
 #1: stderr all=off uptime,level,tags foldmultilines=false

Environment Variables:
PATH=C:\Users\pragy\bin;C:\Program Files\Git\mingw64\bin;C:\Program Files\Git\usr\local\bin;C:\Program Files\Git\usr\bin;C:\Program Files\Git\usr\bin;C:\Program Files\Git\mingw64\bin;C:\Program Files\Git\usr\bin;C:\Users\pragy\bin;C:\Program Files\Common Files\Oracle\Java\javapath;C:\windows\system32;C:\windows;C:\windows\System32\Wbem;C:\windows\System32\WindowsPowerShell\v1.0;C:\windows\System32\OpenSSH;C:\Program Files\nodejs;C:\Program Files\Git\cmd;C:\Program Files\Git\mingw64\bin;C:\Program Files\Git\usr\bin;S:\Program Files\Microsoft VS Code\bin;C:\Users\pragy\AppData\Local\Microsoft\WindowsApps;C:\MinGW\bin;C:\Program Files\JetBrains\IntelliJ IDEA Community Edition 2023.2.1\java\IntelliJ IDEA Community Edition 2023.2.1\bin;C:\MinGW\bin;C:\Users\pragy\AppData\Local\Programs\Microsoft VS Code\bin;C:\Users\pragy\AppData\Roaming\npm;C:\Program Files\Git\usr\bin\vendor_perl;C:\Program Files\Git\usr\bin\core_perl
USERNAME=pragy
SHELL=C:\Program Files\Git\usr\bin\bash.exe
DISPLAY=needs-to-be-defined
LANG=en_US.UTF-8
TERM=xterm-256color
TMPDIR=C:\Users\pragy\AppData\Local\Temp
OS=Windows_NT
PROCESSOR_IDENTIFIER=AMD64 Family 25 Model 80 Stepping 0, AuthenticAMD
TMP=C:\Users\pragy\AppData\Local\Temp
TEMP=C:\Users\pragy\AppData\Local\Temp




Periodic native trim disabled

---------------  S Y S T E M  ---------------

OS:
 Windows 11 , 64 bit Build 22621 (10.0.22621.5413)
OS uptime: 0 days 9:05 hours
Hyper-V role detected

CPU: total 12 (initial active 12) (12 cores per cpu, 2 threads per core) family 25 model 80 stepping 0 microcode 0x0, cx8, cmov, fxsr, ht, mmx, 3dnowpref, sse, sse2, sse3, ssse3, sse4a, sse4.1, sse4.2, popcnt, lzcnt, tsc, tscinvbit, avx, avx2, aes, erms, clmul, bmi1, bmi2, adx, sha, fma, vzeroupper, clflush, clflushopt, hv, rdtscp, rdpid, fsrm, f16c, cet_ss
Processor Information for processor 0
  Max Mhz: 2301, Current Mhz: 2301, Mhz Limit: 2301
Processor Information for processor 1
  Max Mhz: 2301, Current Mhz: 1798, Mhz Limit: 2301
Processor Information for processor 2
  Max Mhz: 2301, Current Mhz: 1798, Mhz Limit: 2301
Processor Information for processor 3
  Max Mhz: 2301, Current Mhz: 1798, Mhz Limit: 2301
Processor Information for processor 4
  Max Mhz: 2301, Current Mhz: 2301, Mhz Limit: 2301
Processor Information for processor 5
  Max Mhz: 2301, Current Mhz: 1798, Mhz Limit: 2301
Processor Information for processor 6
  Max Mhz: 2301, Current Mhz: 2301, Mhz Limit: 2301
Processor Information for processor 7
  Max Mhz: 2301, Current Mhz: 1798, Mhz Limit: 2301
Processor Information for processor 8
  Max Mhz: 2301, Current Mhz: 2301, Mhz Limit: 2301
Processor Information for processor 9
  Max Mhz: 2301, Current Mhz: 1798, Mhz Limit: 2301
Processor Information for processor 10
  Max Mhz: 2301, Current Mhz: 2301, Mhz Limit: 2301
Processor Information for processor 11
  Max Mhz: 2301, Current Mhz: 2301, Mhz Limit: 2301

Memory: 4k page, system-wide physical 15712M (2402M free)
TotalPageFile size 17777M (AvailPageFile size 106M)
current process WorkingSet (physical memory assigned to process): 12M, peak: 12M
current process commit charge ("private bytes"): 65M, peak: 310M

vm_info: Java HotSpot(TM) 64-Bit Server VM (24.0.1+9-30) for windows-amd64 JRE (24.0.1+9-30), built on 2025-03-05T07:23:45Z with MS VC++ 17.6 (VS2022)

END.
