#
# There is insufficient memory for the Java Runtime Environment to continue.
# Native memory allocation (malloc) failed to allocate 32784 bytes. Error detail: Chunk::new
# Possible reasons:
#   The system is out of physical RAM or swap space
#   This process is running with CompressedOops enabled, and the Java Heap may be blocking the growth of the native heap
# Possible solutions:
#   Reduce memory load on the system
#   Increase physical memory or swap space
#   Check if swap backing store is full
#   Decrease Java heap size (-Xmx/-Xms)
#   Decrease number of Java threads
#   Decrease Java thread stack sizes (-Xss)
#   Set larger code cache with -XX:ReservedCodeCacheSize=
#   JVM is running with Unscaled Compressed Oops mode in which the Java heap is
#     placed in the first 4GB address space. The Java Heap base address is the
#     maximum limit for the native heap growth. Please use -XX:HeapBaseMinAddress
#     to set the Java Heap base and to place the Java Heap above 4GB virtual address.
# This output file may be truncated or incomplete.
#
#  Out of Memory Error (arena.cpp:168), pid=15976, tid=29780
#
# JRE version: OpenJDK Runtime Environment Temurin-21.0.7+6 (21.0.7+6) (build 21.0.7+6-LTS)
# Java VM: OpenJDK 64-Bit Server VM Temurin-21.0.7+6 (21.0.7+6-LTS, mixed mode, sharing, tiered, compressed oops, compressed class ptrs, parallel gc, windows-amd64)
# No core dump will be written. Minidumps are not enabled by default on client versions of Windows
#

---------------  S U M M A R Y ------------

Command Line: --add-modules=ALL-SYSTEM --add-opens=java.base/java.util=ALL-UNNAMED --add-opens=java.base/java.lang=ALL-UNNAMED --add-opens=java.base/sun.nio.fs=ALL-UNNAMED -Declipse.application=org.eclipse.jdt.ls.core.id1 -Dosgi.bundles.defaultStartLevel=4 -Declipse.product=org.eclipse.jdt.ls.core.product -Djava.import.generatesMetadataFilesAtProjectRoot=false -DDetectVMInstallationsJob.disabled=true -Dfile.encoding=utf8 -XX:+UseParallelGC -XX:GCTimeRatio=4 -XX:AdaptiveSizePolicyWeight=90 -Dsun.zip.disableMemoryMapping=true -Xmx2G -Xms100m -Xlog:disable -javaagent:c:\Users\pragy\.vscode\extensions\redhat.java-1.43.1-win32-x64\lombok\lombok-1.18.39-4050.jar c:\Users\pragy\.vscode\extensions\redhat.java-1.43.1-win32-x64\server\plugins\org.eclipse.equinox.launcher_1.7.0.v20250519-0528.jar -configuration c:\Users\pragy\AppData\Roaming\Code\User\globalStorage\redhat.java\1.43.1\config_ss_win -data c:\Users\pragy\AppData\Roaming\Code\User\workspaceStorage\cc99c5c5b9f10468fc12bfe29c53fb65\redhat.java\ss_ws --pipe=\\.\pipe\lsp-5e75bae721c8bffc816760cf708d1216-sock

Host: AMD Ryzen 5 5625U with Radeon Graphics         , 12 cores, 15G,  Windows 11 , 64 bit Build 22621 (10.0.22621.5413)
Time: Sun Jul  6 19:42:18 2025 India Standard Time elapsed time: 0.591281 seconds (0d 0h 0m 0s)

---------------  T H R E A D  ---------------

Current thread (0x000002146dbb5ec0):  JavaThread "C2 CompilerThread0" daemon [_thread_in_native, id=29780, stack(0x000000f11b000000,0x000000f11b100000) (1024K)]


Current CompileTask:
C2:591  531 %     4       java.lang.StringLatin1::replace @ 13 (198 bytes)

Stack: [0x000000f11b000000,0x000000f11b100000]
Native frames: (J=compiled Java code, j=interpreted, Vv=VM code, C=native code)
V  [jvm.dll+0x6ce119]
V  [jvm.dll+0x8a84a1]
V  [jvm.dll+0x8aa9ce]
V  [jvm.dll+0x8ab0b3]
V  [jvm.dll+0x27f8a6]
V  [jvm.dll+0xc507d]
V  [jvm.dll+0xc55b3]
V  [jvm.dll+0xd0fad]
V  [jvm.dll+0x5f6def]
V  [jvm.dll+0x250cb2]
V  [jvm.dll+0x25106f]
V  [jvm.dll+0x249934]
V  [jvm.dll+0x246fc4]
V  [jvm.dll+0x1c760e]
V  [jvm.dll+0x25695a]
V  [jvm.dll+0x254efa]
V  [jvm.dll+0x3f03f6]
V  [jvm.dll+0x851f6b]
V  [jvm.dll+0x6cc7dd]
C  [ucrtbase.dll+0x29333]
C  [KERNEL32.DLL+0x1259d]
C  [ntdll.dll+0x5af78]


---------------  P R O C E S S  ---------------

Threads class SMR info:
_java_thread_list=0x000002146ddf1a20, length=12, elements={
0x00000214141de300, 0x000002146dba44b0, 0x000002146dba52c0, 0x000002146dbaa330,
0x000002146dbab240, 0x000002146dbae370, 0x000002146dbb1930, 0x000002146dbb5ec0,
0x000002146dbdf360, 0x0000021414249c80, 0x000002146dedc270, 0x000002146df34830
}

Java Threads: ( => current thread )
  0x00000214141de300 JavaThread "main"                              [_thread_in_vm, id=29936, stack(0x000000f11a600000,0x000000f11a700000) (1024K)]
  0x000002146dba44b0 JavaThread "Reference Handler"          daemon [_thread_blocked, id=30568, stack(0x000000f11aa00000,0x000000f11ab00000) (1024K)]
  0x000002146dba52c0 JavaThread "Finalizer"                  daemon [_thread_blocked, id=30544, stack(0x000000f11ab00000,0x000000f11ac00000) (1024K)]
  0x000002146dbaa330 JavaThread "Signal Dispatcher"          daemon [_thread_blocked, id=29148, stack(0x000000f11ac00000,0x000000f11ad00000) (1024K)]
  0x000002146dbab240 JavaThread "Attach Listener"            daemon [_thread_blocked, id=29708, stack(0x000000f11ad00000,0x000000f11ae00000) (1024K)]
  0x000002146dbae370 JavaThread "Service Thread"             daemon [_thread_blocked, id=29728, stack(0x000000f11ae00000,0x000000f11af00000) (1024K)]
  0x000002146dbb1930 JavaThread "Monitor Deflation Thread"   daemon [_thread_blocked, id=29716, stack(0x000000f11af00000,0x000000f11b000000) (1024K)]
=>0x000002146dbb5ec0 JavaThread "C2 CompilerThread0"         daemon [_thread_in_native, id=29780, stack(0x000000f11b000000,0x000000f11b100000) (1024K)]
  0x000002146dbdf360 JavaThread "C1 CompilerThread0"         daemon [_thread_blocked, id=4444, stack(0x000000f11b100000,0x000000f11b200000) (1024K)]
  0x0000021414249c80 JavaThread "Common-Cleaner"             daemon [_thread_blocked, id=29860, stack(0x000000f11b200000,0x000000f11b300000) (1024K)]
  0x000002146dedc270 JavaThread "Notification Thread"        daemon [_thread_blocked, id=21636, stack(0x000000f11b400000,0x000000f11b500000) (1024K)]
  0x000002146df34830 JavaThread "C2 CompilerThread1"         daemon [_thread_in_native, id=22132, stack(0x000000f11b500000,0x000000f11b600000) (1024K)]
Total: 12

Other Threads:
  0x000002141429e950 VMThread "VM Thread"                           [id=30664, stack(0x000000f11a900000,0x000000f11aa00000) (1024K)]
  0x000002142ab5ca00 WatcherThread "VM Periodic Task Thread"        [id=30592, stack(0x000000f11a800000,0x000000f11a900000) (1024K)]
  0x00000214141fc550 WorkerThread "GC Thread#0"                     [id=30292, stack(0x000000f11a700000,0x000000f11a800000) (1024K)]
Total: 3

Threads with active compile tasks:
C2 CompilerThread0  637  531 %     4       java.lang.StringLatin1::replace @ 13 (198 bytes)
C2 CompilerThread1  637  561       4       java.util.HashMap::putVal (300 bytes)
Total: 2

VM state: not at safepoint (normal execution)

VM Mutex/Monitor currently owned by a thread: None

Heap address: 0x0000000080000000, size: 2048 MB, Compressed Oops mode: 32-bit

CDS archive(s) mapped at: [0x000002142b000000-0x000002142bba0000-0x000002142bba0000), size 12189696, SharedBaseAddress: 0x000002142b000000, ArchiveRelocationMode: 1.
Compressed class space mapped at: 0x000002142c000000-0x000002146c000000, reserved size: 1073741824
Narrow klass base: 0x000002142b000000, Narrow klass shift: 0, Narrow klass range: 0x100000000

GC Precious Log:
 CardTable entry size: 512
 CPUs: 12 total, 12 available
 Memory: 15712M
 Large Page Support: Disabled
 NUMA Support: Disabled
 Compressed Oops: Enabled (32-bit)
 Alignments: Space 512K, Generation 512K, Heap 2M
 Heap Min Capacity: 100M
 Heap Initial Capacity: 100M
 Heap Max Capacity: 2G
 Pre-touch: Disabled
 Parallel Workers: 10

Heap:
 PSYoungGen      total 29696K, used 10263K [0x00000000d5580000, 0x00000000d7680000, 0x0000000100000000)
  eden space 25600K, 40% used [0x00000000d5580000,0x00000000d5f85cf0,0x00000000d6e80000)
  from space 4096K, 0% used [0x00000000d7280000,0x00000000d7280000,0x00000000d7680000)
  to   space 4096K, 0% used [0x00000000d6e80000,0x00000000d6e80000,0x00000000d7280000)
 ParOldGen       total 68608K, used 0K [0x0000000080000000, 0x0000000084300000, 0x00000000d5580000)
  object space 68608K, 0% used [0x0000000080000000,0x0000000080000000,0x0000000084300000)
 Metaspace       used 1378K, committed 1600K, reserved 1114112K
  class space    used 129K, committed 256K, reserved 1048576K

Card table byte_map: [0x0000021413b90000,0x0000021413fa0000] _byte_map_base: 0x0000021413790000

Marking Bits: (ParMarkBitMap*) 0x00007ffa210e31f0
 Begin Bits: [0x0000021426680000, 0x0000021428680000)
 End Bits:   [0x0000021428680000, 0x000002142a680000)

Polling page: 0x00000214121d0000

Metaspace:

Usage:
  Non-class:      1.22 MB used.
      Class:    129.67 KB used.
       Both:      1.35 MB used.

Virtual space:
  Non-class space:       64.00 MB reserved,       1.31 MB (  2%) committed,  1 nodes.
      Class space:        1.00 GB reserved,     256.00 KB ( <1%) committed,  1 nodes.
             Both:        1.06 GB reserved,       1.56 MB ( <1%) committed. 

Chunk freelists:
   Non-Class:  11.66 MB
       Class:  15.67 MB
        Both:  27.33 MB

MaxMetaspaceSize: unlimited
CompressedClassSpaceSize: 1.00 GB
Initial GC threshold: 21.00 MB
Current GC threshold: 21.00 MB
CDS: on
 - commit_granule_bytes: 65536.
 - commit_granule_words: 8192.
 - virtual_space_node_default_size: 8388608.
 - enlarge_chunks_in_place: 1.
 - use_allocation_guard: 0.


Internal statistics:

num_allocs_failed_limit: 0.
num_arena_births: 74.
num_arena_deaths: 0.
num_vsnodes_births: 2.
num_vsnodes_deaths: 0.
num_space_committed: 25.
num_space_uncommitted: 0.
num_chunks_returned_to_freelist: 0.
num_chunks_taken_from_freelist: 96.
num_chunk_merges: 0.
num_chunk_splits: 66.
num_chunks_enlarged: 43.
num_inconsistent_stats: 0.

CodeHeap 'non-profiled nmethods': size=120000Kb used=180Kb max_used=180Kb free=119819Kb
 bounds [0x000002141eea0000, 0x000002141f110000, 0x00000214263d0000]
CodeHeap 'profiled nmethods': size=120000Kb used=823Kb max_used=823Kb free=119176Kb
 bounds [0x00000214173d0000, 0x0000021417640000, 0x000002141e900000]
CodeHeap 'non-nmethods': size=5760Kb used=1154Kb max_used=1169Kb free=4605Kb
 bounds [0x000002141e900000, 0x000002141eb70000, 0x000002141eea0000]
 total_blobs=967 nmethods=565 adapters=309
 compilation: enabled
              stopped_count=0, restarted_count=0
 full_count=0

Compilation events (20 events):
Event: 0.568 Thread 0x000002146dbdf360  552       3       java.util.Collections$UnmodifiableCollection::iterator (9 bytes)
Event: 0.568 Thread 0x000002146dbdf360 nmethod 552 0x000002141748f990 code [0x000002141748fb60, 0x000002141748fe90]
Event: 0.568 Thread 0x000002146dbdf360  554       3       java.lang.String::charAt (25 bytes)
Event: 0.569 Thread 0x000002146dbdf360 nmethod 554 0x0000021417490010 code [0x0000021417490200, 0x0000021417490740]
Event: 0.569 Thread 0x000002146dbdf360  550       1       lombok.patcher.ScriptManager::access$3 (5 bytes)
Event: 0.569 Thread 0x000002146dbdf360 nmethod 550 0x000002141eecaf90 code [0x000002141eecb120, 0x000002141eecb1d0]
Event: 0.569 Thread 0x000002146dbdf360  555   !   3       java.lang.String::replace (258 bytes)
Event: 0.571 Thread 0x000002146dbdf360 nmethod 555 0x0000021417490990 code [0x0000021417490e60, 0x00000214174930c0]
Event: 0.571 Thread 0x000002146dbdf360  556       3       lombok.patcher.MethodTarget::typeMatches (14 bytes)
Event: 0.572 Thread 0x000002146dbdf360 nmethod 556 0x0000021417494010 code [0x00000214174941e0, 0x0000021417494368]
Event: 0.572 Thread 0x000002146dbdf360  558       3       lombok.patcher.PatchScript::classMatches (41 bytes)
Event: 0.572 Thread 0x000002146dbdf360 nmethod 558 0x0000021417494490 code [0x00000214174946c0, 0x0000021417494d28]
Event: 0.572 Thread 0x000002146dbdf360  557       3       lombok.patcher.scripts.MethodLevelPatchScript::patch (21 bytes)
Event: 0.572 Thread 0x000002146dbdf360 nmethod 557 0x0000021417494f90 code [0x0000021417495160, 0x00000214174953e8]
Event: 0.573 Thread 0x000002146dbdf360  560       3       jdk.internal.org.objectweb.asm.ByteVector::<init> (13 bytes)
Event: 0.573 Thread 0x000002146dbdf360 nmethod 560 0x0000021417495510 code [0x00000214174956c0, 0x00000214174958e0]
Event: 0.575 Thread 0x000002146dbb5ec0 nmethod 524% 0x000002141eecb690 code [0x000002141eecb8a0, 0x000002141eecc618]
Event: 0.575 Thread 0x000002146dbb5ec0  531 %     4       java.lang.StringLatin1::replace @ 13 (198 bytes)
Event: 0.582 Thread 0x000002146dbdf360  562       3       java.lang.reflect.Modifier::isStatic (13 bytes)
Event: 0.582 Thread 0x000002146dbdf360 nmethod 562 0x0000021417495990 code [0x0000021417495b20, 0x0000021417495c60]

GC Heap History (0 events):
No events

Dll operation events (8 events):
Event: 0.068 Loaded shared library c:\Users\pragy\.vscode\extensions\redhat.java-1.43.1-win32-x64\jre\21.0.7-win32-x86_64\bin\java.dll
Event: 0.192 Loaded shared library c:\Users\pragy\.vscode\extensions\redhat.java-1.43.1-win32-x64\jre\21.0.7-win32-x86_64\bin\zip.dll
Event: 0.222 Loaded shared library C:\Users\pragy\.vscode\extensions\redhat.java-1.43.1-win32-x64\jre\21.0.7-win32-x86_64\bin\instrument.dll
Event: 0.228 Loaded shared library C:\Users\pragy\.vscode\extensions\redhat.java-1.43.1-win32-x64\jre\21.0.7-win32-x86_64\bin\net.dll
Event: 0.232 Loaded shared library C:\Users\pragy\.vscode\extensions\redhat.java-1.43.1-win32-x64\jre\21.0.7-win32-x86_64\bin\nio.dll
Event: 0.237 Loaded shared library C:\Users\pragy\.vscode\extensions\redhat.java-1.43.1-win32-x64\jre\21.0.7-win32-x86_64\bin\zip.dll
Event: 0.260 Loaded shared library C:\Users\pragy\.vscode\extensions\redhat.java-1.43.1-win32-x64\jre\21.0.7-win32-x86_64\bin\jimage.dll
Event: 0.417 Loaded shared library c:\Users\pragy\.vscode\extensions\redhat.java-1.43.1-win32-x64\jre\21.0.7-win32-x86_64\bin\verify.dll

Deoptimization events (20 events):
Event: 0.568 Thread 0x00000214141de300 DEOPT PACKING pc=0x000002141eeb1560 sp=0x000000f11a6fef60
Event: 0.568 Thread 0x00000214141de300 DEOPT UNPACKING pc=0x000002141e953aa2 sp=0x000000f11a6feea0 mode 2
Event: 0.569 Thread 0x00000214141de300 Uncommon trap: trap_request=0xffffffde fr.pc=0x000002141eeafbf8 relative=0x00000000000007b8
Event: 0.569 Thread 0x00000214141de300 Uncommon trap: reason=class_check action=maybe_recompile pc=0x000002141eeafbf8 method=java.util.HashMap.putVal(ILjava/lang/Object;Ljava/lang/Object;ZZ)Ljava/lang/Object; @ 152 c2
Event: 0.569 Thread 0x00000214141de300 DEOPT PACKING pc=0x000002141eeafbf8 sp=0x000000f11a6fed90
Event: 0.569 Thread 0x00000214141de300 DEOPT UNPACKING pc=0x000002141e953aa2 sp=0x000000f11a6fecf0 mode 2
Event: 0.569 Thread 0x00000214141de300 Uncommon trap: trap_request=0xffffffde fr.pc=0x000002141eeafbf8 relative=0x00000000000007b8
Event: 0.569 Thread 0x00000214141de300 Uncommon trap: reason=class_check action=maybe_recompile pc=0x000002141eeafbf8 method=java.util.HashMap.putVal(ILjava/lang/Object;Ljava/lang/Object;ZZ)Ljava/lang/Object; @ 152 c2
Event: 0.569 Thread 0x00000214141de300 DEOPT PACKING pc=0x000002141eeafbf8 sp=0x000000f11a6fed90
Event: 0.569 Thread 0x00000214141de300 DEOPT UNPACKING pc=0x000002141e953aa2 sp=0x000000f11a6fecf0 mode 2
Event: 0.571 Thread 0x00000214141de300 DEOPT PACKING pc=0x0000021417418158 sp=0x000000f11a6fc9f0
Event: 0.571 Thread 0x00000214141de300 DEOPT UNPACKING pc=0x000002141e954242 sp=0x000000f11a6fbeb0 mode 0
Event: 0.576 Thread 0x00000214141de300 DEOPT PACKING pc=0x0000021417418158 sp=0x000000f11a6fa770
Event: 0.576 Thread 0x00000214141de300 DEOPT UNPACKING pc=0x000002141e954242 sp=0x000000f11a6f9c30 mode 0
Event: 0.577 Thread 0x00000214141de300 DEOPT PACKING pc=0x0000021417418158 sp=0x000000f11a6fa700
Event: 0.577 Thread 0x00000214141de300 DEOPT UNPACKING pc=0x000002141e954242 sp=0x000000f11a6f9bc0 mode 0
Event: 0.579 Thread 0x00000214141de300 DEOPT PACKING pc=0x0000021417418158 sp=0x000000f11a6fa300
Event: 0.579 Thread 0x00000214141de300 DEOPT UNPACKING pc=0x000002141e954242 sp=0x000000f11a6f97c0 mode 0
Event: 0.580 Thread 0x00000214141de300 DEOPT PACKING pc=0x0000021417418158 sp=0x000000f11a6fad40
Event: 0.580 Thread 0x00000214141de300 DEOPT UNPACKING pc=0x000002141e954242 sp=0x000000f11a6fa200 mode 0

Classes loaded (20 events):
Event: 0.577 Loading class javax/security/auth/login/Configuration$Parameters
Event: 0.577 Loading class javax/security/auth/login/Configuration$Parameters done
Event: 0.578 Loading class jdk/internal/math/FloatingDecimal
Event: 0.578 Loading class jdk/internal/math/FloatingDecimal done
Event: 0.578 Loading class jdk/internal/math/FloatingDecimal$ExceptionalBinaryToASCIIBuffer
Event: 0.578 Loading class jdk/internal/math/FloatingDecimal$BinaryToASCIIConverter
Event: 0.578 Loading class jdk/internal/math/FloatingDecimal$BinaryToASCIIConverter done
Event: 0.578 Loading class jdk/internal/math/FloatingDecimal$ExceptionalBinaryToASCIIBuffer done
Event: 0.578 Loading class jdk/internal/math/FloatingDecimal$BinaryToASCIIBuffer
Event: 0.579 Loading class jdk/internal/math/FloatingDecimal$BinaryToASCIIBuffer done
Event: 0.579 Loading class jdk/internal/math/FloatingDecimal$1
Event: 0.579 Loading class jdk/internal/math/FloatingDecimal$1 done
Event: 0.579 Loading class jdk/internal/math/FloatingDecimal$PreparedASCIIToBinaryBuffer
Event: 0.579 Loading class jdk/internal/math/FloatingDecimal$ASCIIToBinaryConverter
Event: 0.579 Loading class jdk/internal/math/FloatingDecimal$ASCIIToBinaryConverter done
Event: 0.579 Loading class jdk/internal/math/FloatingDecimal$PreparedASCIIToBinaryBuffer done
Event: 0.580 Loading class jdk/internal/math/FloatingDecimal$ASCIIToBinaryBuffer
Event: 0.580 Loading class jdk/internal/math/FloatingDecimal$ASCIIToBinaryBuffer done
Event: 0.580 Loading class sun/security/jca/ProviderList$2
Event: 0.581 Loading class sun/security/jca/ProviderList$2 done

Classes unloaded (0 events):
No events

Classes redefined (0 events):
No events

Internal exceptions (11 events):
Event: 0.186 Thread 0x00000214141de300 Exception <a 'java/lang/NoSuchMethodError'{0x00000000d57aa000}: 'void java.lang.invoke.DirectMethodHandle$Holder.invokeStatic(java.lang.Object, java.lang.Object, java.lang.Object)'> (0x00000000d57aa000) 
thrown [s\src\hotspot\share\interpreter\linkResolver.cpp, line 773]
Event: 0.251 Thread 0x00000214141de300 Exception <a 'java/lang/NoSuchMethodError'{0x00000000d59122a8}: 'java.lang.Object java.lang.invoke.Invokers$Holder.invokeExact_MT(java.lang.Object, java.lang.Object, java.lang.Object, java.lang.Object, java.lang.Object)'> (0x00000000d59122a8) 
thrown [s\src\hotspot\share\interpreter\linkResolver.cpp, line 773]
Event: 0.311 Thread 0x00000214141de300 Exception <a 'java/lang/NoSuchMethodError'{0x00000000d59ca220}: 'int java.lang.invoke.DirectMethodHandle$Holder.invokeSpecial(java.lang.Object, java.lang.Object, java.lang.Object, int)'> (0x00000000d59ca220) 
thrown [s\src\hotspot\share\interpreter\linkResolver.cpp, line 773]
Event: 0.315 Thread 0x00000214141de300 Exception <a 'java/lang/NoSuchMethodError'{0x00000000d59dcc08}: 'java.lang.Object java.lang.invoke.DirectMethodHandle$Holder.invokeStatic(java.lang.Object, java.lang.Object, java.lang.Object, java.lang.Object, int)'> (0x00000000d59dcc08) 
thrown [s\src\hotspot\share\interpreter\linkResolver.cpp, line 773]
Event: 0.318 Thread 0x00000214141de300 Exception <a 'java/lang/NoSuchMethodError'{0x00000000d59e8048}: 'void java.lang.invoke.DelegatingMethodHandle$Holder.reinvoke_L(java.lang.Object, java.lang.Object, java.lang.Object, int, java.lang.Object)'> (0x00000000d59e8048) 
thrown [s\src\hotspot\share\interpreter\linkResolver.cpp, line 773]
Event: 0.322 Thread 0x00000214141de300 Exception <a 'java/lang/NoSuchMethodError'{0x00000000d59f8b40}: 'int java.lang.invoke.DirectMethodHandle$Holder.invokeSpecial(java.lang.Object, java.lang.Object, java.lang.Object)'> (0x00000000d59f8b40) 
thrown [s\src\hotspot\share\interpreter\linkResolver.cpp, line 773]
Event: 0.327 Thread 0x00000214141de300 Exception <a 'java/lang/NoSuchMethodError'{0x00000000d5a04800}: 'java.lang.Object java.lang.invoke.DirectMethodHandle$Holder.invokeStatic(java.lang.Object, java.lang.Object, int)'> (0x00000000d5a04800) 
thrown [s\src\hotspot\share\interpreter\linkResolver.cpp, line 773]
Event: 0.328 Thread 0x00000214141de300 Exception <a 'java/lang/NoSuchMethodError'{0x00000000d5a09150}: 'void java.lang.invoke.DirectMethodHandle$Holder.invokeStatic(java.lang.Object, java.lang.Object, int, java.lang.Object)'> (0x00000000d5a09150) 
thrown [s\src\hotspot\share\interpreter\linkResolver.cpp, line 773]
Event: 0.329 Thread 0x00000214141de300 Exception <a 'java/lang/NoSuchMethodError'{0x00000000d5a0cce0}: 'void java.lang.invoke.DirectMethodHandle$Holder.invokeSpecial(java.lang.Object, java.lang.Object, java.lang.Object, int, java.lang.Object)'> (0x00000000d5a0cce0) 
thrown [s\src\hotspot\share\interpreter\linkResolver.cpp, line 773]
Event: 0.329 Thread 0x00000214141de300 Exception <a 'java/lang/NoSuchMethodError'{0x00000000d5a10150}: 'void java.lang.invoke.DelegatingMethodHandle$Holder.delegate(java.lang.Object, java.lang.Object, int, java.lang.Object)'> (0x00000000d5a10150) 
thrown [s\src\hotspot\share\interpreter\linkResolver.cpp, line 773]
Event: 0.466 Thread 0x00000214141de300 Exception <a 'java/lang/NoSuchMethodError'{0x00000000d5bcf210}: 'void java.lang.invoke.DelegatingMethodHandle$Holder.reinvoke_L(java.lang.Object, java.lang.Object, java.lang.Object, int)'> (0x00000000d5bcf210) 
thrown [s\src\hotspot\share\interpreter\linkResolver.cpp, line 773]

ZGC Phase Switch (0 events):
No events

VM Operations (4 events):
Event: 0.190 Executing VM operation: HandshakeAllThreads (Deoptimize)
Event: 0.190 Executing VM operation: HandshakeAllThreads (Deoptimize) done
Event: 0.279 Executing VM operation: HandshakeAllThreads (Deoptimize)
Event: 0.279 Executing VM operation: HandshakeAllThreads (Deoptimize) done

Memory protections (0 events):
No events

Nmethod flushes (0 events):
No events

Events (11 events):
Event: 0.103 Thread 0x00000214141de300 Thread added: 0x00000214141de300
Event: 0.131 Thread 0x00000214141de300 Thread added: 0x000002146dba44b0
Event: 0.131 Thread 0x00000214141de300 Thread added: 0x000002146dba52c0
Event: 0.132 Thread 0x00000214141de300 Thread added: 0x000002146dbaa330
Event: 0.132 Thread 0x00000214141de300 Thread added: 0x000002146dbab240
Event: 0.132 Thread 0x00000214141de300 Thread added: 0x000002146dbae370
Event: 0.132 Thread 0x00000214141de300 Thread added: 0x000002146dbb1930
Event: 0.132 Thread 0x00000214141de300 Thread added: 0x000002146dbb5ec0
Event: 0.133 Thread 0x00000214141de300 Thread added: 0x000002146dbdf360
Event: 0.173 Thread 0x00000214141de300 Thread added: 0x0000021414249c80
Event: 0.566 Thread 0x00000214141de300 Thread added: 0x000002146dedc270


Dynamic libraries:
0x00007ff759bd0000 - 0x00007ff759bde000 	c:\Users\pragy\.vscode\extensions\redhat.java-1.43.1-win32-x64\jre\21.0.7-win32-x86_64\bin\java.exe
0x00007ffa708f0000 - 0x00007ffa70b07000 	C:\windows\SYSTEM32\ntdll.dll
0x00007ffa70170000 - 0x00007ffa70234000 	C:\windows\System32\KERNEL32.DLL
0x00007ffa6e060000 - 0x00007ffa6e432000 	C:\windows\System32\KERNELBASE.dll
0x00007ffa6df10000 - 0x00007ffa6e021000 	C:\windows\System32\ucrtbase.dll
0x00007ffa21270000 - 0x00007ffa21288000 	c:\Users\pragy\.vscode\extensions\redhat.java-1.43.1-win32-x64\jre\21.0.7-win32-x86_64\bin\jli.dll
0x00007ffa70630000 - 0x00007ffa707e1000 	C:\windows\System32\USER32.dll
0x00007ffa6e030000 - 0x00007ffa6e056000 	C:\windows\System32\win32u.dll
0x00007ffa6eab0000 - 0x00007ffa6ead9000 	C:\windows\System32\GDI32.dll
0x00007ffa6dde0000 - 0x00007ffa6df03000 	C:\windows\System32\gdi32full.dll
0x00007ffa6dc00000 - 0x00007ffa6dc9a000 	C:\windows\System32\msvcp_win.dll
0x00007ffa21250000 - 0x00007ffa2126e000 	c:\Users\pragy\.vscode\extensions\redhat.java-1.43.1-win32-x64\jre\21.0.7-win32-x86_64\bin\VCRUNTIME140.dll
0x00007ffa51a60000 - 0x00007ffa51cfb000 	C:\windows\WinSxS\amd64_microsoft.windows.common-controls_6595b64144ccf1df_6.0.22621.5413_none_270da5617387a498\COMCTL32.dll
0x00007ffa70800000 - 0x00007ffa708a7000 	C:\windows\System32\msvcrt.dll
0x00007ffa70420000 - 0x00007ffa70451000 	C:\windows\System32\IMM32.DLL
0x00007ffa480a0000 - 0x00007ffa480ac000 	c:\Users\pragy\.vscode\extensions\redhat.java-1.43.1-win32-x64\jre\21.0.7-win32-x86_64\bin\vcruntime140_1.dll
0x00007ffa211c0000 - 0x00007ffa2124d000 	c:\Users\pragy\.vscode\extensions\redhat.java-1.43.1-win32-x64\jre\21.0.7-win32-x86_64\bin\msvcp140.dll
0x00007ffa20430000 - 0x00007ffa211c0000 	c:\Users\pragy\.vscode\extensions\redhat.java-1.43.1-win32-x64\jre\21.0.7-win32-x86_64\bin\server\jvm.dll
0x00007ffa70570000 - 0x00007ffa70621000 	C:\windows\System32\ADVAPI32.dll
0x00007ffa70460000 - 0x00007ffa70508000 	C:\windows\System32\sechost.dll
0x00007ffa6d9e0000 - 0x00007ffa6da08000 	C:\windows\System32\bcrypt.dll
0x00007ffa6fd10000 - 0x00007ffa6fe24000 	C:\windows\System32\RPCRT4.dll
0x00007ffa703a0000 - 0x00007ffa70411000 	C:\windows\System32\WS2_32.dll
0x00007ffa6d300000 - 0x00007ffa6d34d000 	C:\windows\SYSTEM32\POWRPROF.dll
0x00007ffa68f00000 - 0x00007ffa68f34000 	C:\windows\SYSTEM32\WINMM.dll
0x00007ffa644c0000 - 0x00007ffa644ca000 	C:\windows\SYSTEM32\VERSION.dll
0x00007ffa6d280000 - 0x00007ffa6d293000 	C:\windows\SYSTEM32\UMPDC.dll
0x00007ffa6c9e0000 - 0x00007ffa6c9f8000 	C:\windows\SYSTEM32\kernel.appcore.dll
0x00007ffa46140000 - 0x00007ffa4614a000 	c:\Users\pragy\.vscode\extensions\redhat.java-1.43.1-win32-x64\jre\21.0.7-win32-x86_64\bin\jimage.dll
0x00007ffa6b440000 - 0x00007ffa6b672000 	C:\windows\SYSTEM32\DBGHELP.DLL
0x00007ffa6e580000 - 0x00007ffa6e913000 	C:\windows\System32\combase.dll
0x00007ffa70090000 - 0x00007ffa70167000 	C:\windows\System32\OLEAUT32.dll
0x00007ffa51100000 - 0x00007ffa51132000 	C:\windows\SYSTEM32\dbgcore.DLL
0x00007ffa6db80000 - 0x00007ffa6dbfb000 	C:\windows\System32\bcryptPrimitives.dll
0x00007ffa3f090000 - 0x00007ffa3f09f000 	c:\Users\pragy\.vscode\extensions\redhat.java-1.43.1-win32-x64\jre\21.0.7-win32-x86_64\bin\instrument.dll
0x00007ffa201a0000 - 0x00007ffa201bf000 	c:\Users\pragy\.vscode\extensions\redhat.java-1.43.1-win32-x64\jre\21.0.7-win32-x86_64\bin\java.dll
0x00007ffa6f0c0000 - 0x00007ffa6f962000 	C:\windows\System32\SHELL32.dll
0x00007ffa6e440000 - 0x00007ffa6e57f000 	C:\windows\System32\wintypes.dll
0x00007ffa6b8c0000 - 0x00007ffa6c1dd000 	C:\windows\SYSTEM32\windows.storage.dll
0x00007ffa6fb10000 - 0x00007ffa6fc1b000 	C:\windows\System32\SHCORE.dll
0x00007ffa6fc70000 - 0x00007ffa6fcd9000 	C:\windows\System32\shlwapi.dll
0x00007ffa6d910000 - 0x00007ffa6d93b000 	C:\windows\SYSTEM32\profapi.dll
0x00007ffa20180000 - 0x00007ffa20198000 	c:\Users\pragy\.vscode\extensions\redhat.java-1.43.1-win32-x64\jre\21.0.7-win32-x86_64\bin\zip.dll
0x00007ffa3d240000 - 0x00007ffa3d250000 	C:\Users\pragy\.vscode\extensions\redhat.java-1.43.1-win32-x64\jre\21.0.7-win32-x86_64\bin\net.dll
0x00007ffa6a480000 - 0x00007ffa6a5ac000 	C:\windows\SYSTEM32\WINHTTP.dll
0x00007ffa6ce50000 - 0x00007ffa6ceb9000 	C:\windows\system32\mswsock.dll
0x00007ffa20130000 - 0x00007ffa20146000 	C:\Users\pragy\.vscode\extensions\redhat.java-1.43.1-win32-x64\jre\21.0.7-win32-x86_64\bin\nio.dll
0x00007ffa30f50000 - 0x00007ffa30f60000 	c:\Users\pragy\.vscode\extensions\redhat.java-1.43.1-win32-x64\jre\21.0.7-win32-x86_64\bin\verify.dll

dbghelp: loaded successfully - version: 4.0.5 - missing functions: none
symbol engine: initialized successfully - sym options: 0x614 - pdb path: .;c:\Users\pragy\.vscode\extensions\redhat.java-1.43.1-win32-x64\jre\21.0.7-win32-x86_64\bin;C:\windows\SYSTEM32;C:\windows\WinSxS\amd64_microsoft.windows.common-controls_6595b64144ccf1df_6.0.22621.5413_none_270da5617387a498;c:\Users\pragy\.vscode\extensions\redhat.java-1.43.1-win32-x64\jre\21.0.7-win32-x86_64\bin\server

VM Arguments:
jvm_args: --add-modules=ALL-SYSTEM --add-opens=java.base/java.util=ALL-UNNAMED --add-opens=java.base/java.lang=ALL-UNNAMED --add-opens=java.base/sun.nio.fs=ALL-UNNAMED -Declipse.application=org.eclipse.jdt.ls.core.id1 -Dosgi.bundles.defaultStartLevel=4 -Declipse.product=org.eclipse.jdt.ls.core.product -Djava.import.generatesMetadataFilesAtProjectRoot=false -DDetectVMInstallationsJob.disabled=true -Dfile.encoding=utf8 -XX:+UseParallelGC -XX:GCTimeRatio=4 -XX:AdaptiveSizePolicyWeight=90 -Dsun.zip.disableMemoryMapping=true -Xmx2G -Xms100m -Xlog:disable -javaagent:c:\Users\pragy\.vscode\extensions\redhat.java-1.43.1-win32-x64\lombok\lombok-1.18.39-4050.jar 
java_command: c:\Users\pragy\.vscode\extensions\redhat.java-1.43.1-win32-x64\server\plugins\org.eclipse.equinox.launcher_1.7.0.v20250519-0528.jar -configuration c:\Users\pragy\AppData\Roaming\Code\User\globalStorage\redhat.java\1.43.1\config_ss_win -data c:\Users\pragy\AppData\Roaming\Code\User\workspaceStorage\cc99c5c5b9f10468fc12bfe29c53fb65\redhat.java\ss_ws --pipe=\\.\pipe\lsp-5e75bae721c8bffc816760cf708d1216-sock
java_class_path (initial): c:\Users\pragy\.vscode\extensions\redhat.java-1.43.1-win32-x64\server\plugins\org.eclipse.equinox.launcher_1.7.0.v20250519-0528.jar
Launcher Type: SUN_STANDARD

[Global flags]
    uintx AdaptiveSizePolicyWeight                 = 90                                        {product} {command line}
     intx CICompilerCount                          = 4                                         {product} {ergonomic}
    uintx GCTimeRatio                              = 4                                         {product} {command line}
   size_t InitialHeapSize                          = 104857600                                 {product} {command line}
   size_t MaxHeapSize                              = 2147483648                                {product} {command line}
   size_t MaxNewSize                               = 715653120                                 {product} {ergonomic}
   size_t MinHeapDeltaBytes                        = 524288                                    {product} {ergonomic}
   size_t MinHeapSize                              = 104857600                                 {product} {command line}
   size_t NewSize                                  = 34603008                                  {product} {ergonomic}
    uintx NonNMethodCodeHeapSize                   = 5839372                                {pd product} {ergonomic}
    uintx NonProfiledCodeHeapSize                  = 122909434                              {pd product} {ergonomic}
   size_t OldSize                                  = 70254592                                  {product} {ergonomic}
    uintx ProfiledCodeHeapSize                     = 122909434                              {pd product} {ergonomic}
    uintx ReservedCodeCacheSize                    = 251658240                              {pd product} {ergonomic}
     bool SegmentedCodeCache                       = true                                      {product} {ergonomic}
   size_t SoftMaxHeapSize                          = 2147483648                             {manageable} {ergonomic}
     bool UseCompressedOops                        = true                           {product lp64_product} {ergonomic}
     bool UseLargePagesIndividualAllocation        = false                                  {pd product} {ergonomic}
     bool UseParallelGC                            = true                                      {product} {command line}

Logging:
Log output configuration:
 #0: stdout all=off uptime,level,tags foldmultilines=false
 #1: stderr all=off uptime,level,tags foldmultilines=false

Environment Variables:
PATH=C:\Program Files\Common Files\Oracle\Java\javapath;C:\windows\system32;C:\windows;C:\windows\System32\Wbem;C:\windows\System32\WindowsPowerShell\v1.0\;C:\windows\System32\OpenSSH\;C:\Program Files\nodejs\;C:\Program Files\Git\cmd;C:\Program Files\Git\mingw64\bin;C:\Program Files\Git\usr\bin;S:\Program Files\Microsoft VS Code\bin;C:\Users\pragy\AppData\Local\Microsoft\WindowsApps;C:\MinGW\bin;C:\Program Files\JetBrains\IntelliJ IDEA Community Edition 2023.2.1\java\IntelliJ IDEA Community Edition 2023.2.1\bin;C:\MinGW\bin;;C:\Users\pragy\AppData\Local\Programs\Microsoft VS Code\bin;C:\Users\pragy\AppData\Roaming\npm
USERNAME=pragy
OS=Windows_NT
PROCESSOR_IDENTIFIER=AMD64 Family 25 Model 80 Stepping 0, AuthenticAMD
TMP=C:\Users\pragy\AppData\Local\Temp
TEMP=C:\Users\pragy\AppData\Local\Temp




Periodic native trim disabled

---------------  S Y S T E M  ---------------

OS:
 Windows 11 , 64 bit Build 22621 (10.0.22621.5413)
OS uptime: 0 days 8:16 hours
Hyper-V role detected

CPU: total 12 (initial active 12) (12 cores per cpu, 2 threads per core) family 25 model 80 stepping 0 microcode 0x0, cx8, cmov, fxsr, ht, mmx, 3dnowpref, sse, sse2, sse3, ssse3, sse4a, sse4.1, sse4.2, popcnt, lzcnt, tsc, tscinvbit, avx, avx2, aes, erms, clmul, bmi1, bmi2, adx, sha, fma, vzeroupper, clflush, clflushopt, hv, rdtscp, rdpid, fsrm, f16c, cet_ss
Processor Information for processor 0
  Max Mhz: 2301, Current Mhz: 1798, Mhz Limit: 2301
Processor Information for processor 1
  Max Mhz: 2301, Current Mhz: 2301, Mhz Limit: 2301
Processor Information for processor 2
  Max Mhz: 2301, Current Mhz: 2301, Mhz Limit: 2301
Processor Information for processor 3
  Max Mhz: 2301, Current Mhz: 2301, Mhz Limit: 2301
Processor Information for processor 4
  Max Mhz: 2301, Current Mhz: 2301, Mhz Limit: 2301
Processor Information for processor 5
  Max Mhz: 2301, Current Mhz: 2301, Mhz Limit: 2301
Processor Information for processor 6
  Max Mhz: 2301, Current Mhz: 2301, Mhz Limit: 2301
Processor Information for processor 7
  Max Mhz: 2301, Current Mhz: 2301, Mhz Limit: 2301
Processor Information for processor 8
  Max Mhz: 2301, Current Mhz: 2301, Mhz Limit: 2301
Processor Information for processor 9
  Max Mhz: 2301, Current Mhz: 1798, Mhz Limit: 2301
Processor Information for processor 10
  Max Mhz: 2301, Current Mhz: 2301, Mhz Limit: 2301
Processor Information for processor 11
  Max Mhz: 2301, Current Mhz: 2301, Mhz Limit: 2301

Memory: 4k page, system-wide physical 15712M (2359M free)
TotalPageFile size 17267M (AvailPageFile size 7M)
current process WorkingSet (physical memory assigned to process): 48M, peak: 48M
current process commit charge ("private bytes"): 231M, peak: 231M

vm_info: OpenJDK 64-Bit Server VM (21.0.7+6-LTS) for windows-amd64 JRE (21.0.7+6-LTS), built on 2025-04-15T00:00:00Z by "admin" with MS VC++ 17.7 (VS2022)

END.
