#
# There is insufficient memory for the Java Runtime Environment to continue.
# Native memory allocation (malloc) failed to allocate 636816 bytes. Error detail: Chunk::new
# Possible reasons:
#   The system is out of physical RAM or swap space
#   This process is running with CompressedOops enabled, and the Java Heap may be blocking the growth of the native heap
# Possible solutions:
#   Reduce memory load on the system
#   Increase physical memory or swap space
#   Check if swap backing store is full
#   Decrease Java heap size (-Xmx/-Xms)
#   Decrease number of Java threads
#   Decrease Java thread stack sizes (-Xss)
#   Set larger code cache with -XX:ReservedCodeCacheSize=
#   JVM is running with Unscaled Compressed Oops mode in which the Java heap is
#     placed in the first 4GB address space. The Java Heap base address is the
#     maximum limit for the native heap growth. Please use -XX:HeapBaseMinAddress
#     to set the Java Heap base and to place the Java Heap above 4GB virtual address.
# This output file may be truncated or incomplete.
#
#  Out of Memory Error (arena.cpp:168), pid=29856, tid=4820
#
# JRE version: OpenJDK Runtime Environment Temurin-21.0.7+6 (21.0.7+6) (build 21.0.7+6-LTS)
# Java VM: OpenJDK 64-Bit Server VM Temurin-21.0.7+6 (21.0.7+6-LTS, mixed mode, sharing, tiered, compressed oops, compressed class ptrs, parallel gc, windows-amd64)
# No core dump will be written. Minidumps are not enabled by default on client versions of Windows
#

---------------  S U M M A R Y ------------

Command Line: --add-modules=ALL-SYSTEM --add-opens=java.base/java.util=ALL-UNNAMED --add-opens=java.base/java.lang=ALL-UNNAMED --add-opens=java.base/sun.nio.fs=ALL-UNNAMED -Declipse.application=org.eclipse.jdt.ls.core.id1 -Dosgi.bundles.defaultStartLevel=4 -Declipse.product=org.eclipse.jdt.ls.core.product -Djava.import.generatesMetadataFilesAtProjectRoot=false -DDetectVMInstallationsJob.disabled=true -Dfile.encoding=utf8 -XX:+UseParallelGC -XX:GCTimeRatio=4 -XX:AdaptiveSizePolicyWeight=90 -Dsun.zip.disableMemoryMapping=true -Xmx2G -Xms100m -Xlog:disable -javaagent:c:\Users\pragy\.vscode\extensions\redhat.java-1.43.1-win32-x64\lombok\lombok-1.18.39-4050.jar -XX:+HeapDumpOnOutOfMemoryError -XX:HeapDumpPath=c:\Users\pragy\AppData\Roaming\Code\User\workspaceStorage\cc99c5c5b9f10468fc12bfe29c53fb65\redhat.java -Daether.dependencyCollector.impl=bf c:\Users\pragy\.vscode\extensions\redhat.java-1.43.1-win32-x64\server\plugins\org.eclipse.equinox.launcher_1.7.0.v20250519-0528.jar -configuration c:\Users\pragy\AppData\Roaming\Code\User\globalStorage\redhat.java\1.43.1\config_win -data c:\Users\pragy\AppData\Roaming\Code\User\workspaceStorage\cc99c5c5b9f10468fc12bfe29c53fb65\redhat.java\jdt_ws --pipe=\\.\pipe\lsp-d17b2e5b9934c1bb6ebe672b66b8395a-sock

Host: AMD Ryzen 5 5625U with Radeon Graphics         , 12 cores, 15G,  Windows 11 , 64 bit Build 22621 (10.0.22621.5413)
Time: Sun Jul  6 19:42:42 2025 India Standard Time elapsed time: 24.966853 seconds (0d 0h 0m 24s)

---------------  T H R E A D  ---------------

Current thread (0x0000021359452ca0):  JavaThread "C2 CompilerThread0" daemon [_thread_in_native, id=4820, stack(0x000000c31d300000,0x000000c31d400000) (1024K)]


Current CompileTask:
C2:24966 9742       4       org.eclipse.jdt.internal.compiler.parser.Scanner::internalScanIdentifierOrKeyword (5041 bytes)

Stack: [0x000000c31d300000,0x000000c31d400000]
Native frames: (J=compiled Java code, j=interpreted, Vv=VM code, C=native code)
V  [jvm.dll+0x6ce119]
V  [jvm.dll+0x8a84a1]
V  [jvm.dll+0x8aa9ce]
V  [jvm.dll+0x8ab0b3]
V  [jvm.dll+0x27f8a6]
V  [jvm.dll+0xc507d]
V  [jvm.dll+0xc55b3]
V  [jvm.dll+0x3b68f2]
V  [jvm.dll+0x382aa5]
V  [jvm.dll+0x381f0a]
V  [jvm.dll+0x247af0]
V  [jvm.dll+0x2470cf]
V  [jvm.dll+0x1c760e]
V  [jvm.dll+0x25695a]
V  [jvm.dll+0x254efa]
V  [jvm.dll+0x3f03f6]
V  [jvm.dll+0x851f6b]
V  [jvm.dll+0x6cc7dd]
C  [ucrtbase.dll+0x29333]
C  [KERNEL32.DLL+0x1259d]
C  [ntdll.dll+0x5af78]


---------------  P R O C E S S  ---------------

Threads class SMR info:
_java_thread_list=0x0000021361e583d0, length=78, elements={
0x000002137e3dd410, 0x00000213594444b0, 0x000002131632b3b0, 0x000002131632d2f0,
0x000002131632e200, 0x00000213594460d0, 0x000002135944e130, 0x0000021359452ca0,
0x000002135946d9d0, 0x000002137e44bb40, 0x00000213597add10, 0x000002135e4b17a0,
0x000002135e8c9a60, 0x00000213597df810, 0x00000213597dfe70, 0x000002135e75e720,
0x000002135973e590, 0x000002135e710db0, 0x000002135e712160, 0x000002135e70f370,
0x000002135e710720, 0x000002135e1c6390, 0x000002135f5140d0, 0x000002135e711ad0,
0x000002135e70fa00, 0x000002135e711440, 0x000002136054ac60, 0x0000021360547150,
0x000002136054a5d0, 0x0000021360549220, 0x0000021360547e70, 0x0000021360545710,
0x000002136054b2f0, 0x0000021360549f40, 0x0000021360545080, 0x000002136054b980,
0x000002136054c010, 0x00000213605498b0, 0x000002136054c6a0, 0x0000021360545da0,
0x0000021360546430, 0x0000021360546ac0, 0x00000213605477e0, 0x0000021360548500,
0x0000021360548b90, 0x0000021360245240, 0x00000213602458d0, 0x0000021360243170,
0x0000021360247310, 0x0000021360243800, 0x0000021360242ae0, 0x0000021360245f60,
0x0000021360242450, 0x0000021360243e90, 0x0000021360244bb0, 0x0000021360244520,
0x00000213602465f0, 0x0000021360246c80, 0x00000213602479a0, 0x0000021360248030,
0x00000213602486c0, 0x0000021360248d50, 0x00000213602493e0, 0x0000021360249a70,
0x00000213606a50c0, 0x000002136069f4e0, 0x00000213606a2ff0, 0x00000213606a1c40,
0x00000213606a0200, 0x00000213606a43a0, 0x00000213606a22d0, 0x00000213606a15b0,
0x00000213606a0890, 0x000002136069e7c0, 0x000002136069ee50, 0x00000213606a2960,
0x00000213606a3680, 0x00000213606a3d10
}

Java Threads: ( => current thread )
  0x000002137e3dd410 JavaThread "main"                              [_thread_blocked, id=27788, stack(0x000000c31c900000,0x000000c31ca00000) (1024K)]
  0x00000213594444b0 JavaThread "Reference Handler"          daemon [_thread_blocked, id=22648, stack(0x000000c31cd00000,0x000000c31ce00000) (1024K)]
  0x000002131632b3b0 JavaThread "Finalizer"                  daemon [_thread_blocked, id=26144, stack(0x000000c31ce00000,0x000000c31cf00000) (1024K)]
  0x000002131632d2f0 JavaThread "Signal Dispatcher"          daemon [_thread_blocked, id=9320, stack(0x000000c31cf00000,0x000000c31d000000) (1024K)]
  0x000002131632e200 JavaThread "Attach Listener"            daemon [_thread_blocked, id=8420, stack(0x000000c31d000000,0x000000c31d100000) (1024K)]
  0x00000213594460d0 JavaThread "Service Thread"             daemon [_thread_blocked, id=24292, stack(0x000000c31d100000,0x000000c31d200000) (1024K)]
  0x000002135944e130 JavaThread "Monitor Deflation Thread"   daemon [_thread_blocked, id=16140, stack(0x000000c31d200000,0x000000c31d300000) (1024K)]
=>0x0000021359452ca0 JavaThread "C2 CompilerThread0"         daemon [_thread_in_native, id=4820, stack(0x000000c31d300000,0x000000c31d400000) (1024K)]
  0x000002135946d9d0 JavaThread "C1 CompilerThread0"         daemon [_thread_blocked, id=26512, stack(0x000000c31d400000,0x000000c31d500000) (1024K)]
  0x000002137e44bb40 JavaThread "Common-Cleaner"             daemon [_thread_blocked, id=30272, stack(0x000000c31d500000,0x000000c31d600000) (1024K)]
  0x00000213597add10 JavaThread "Notification Thread"        daemon [_thread_blocked, id=17340, stack(0x000000c31d700000,0x000000c31d800000) (1024K)]
  0x000002135e4b17a0 JavaThread "Active Thread: Equinox Container: 1c5ed769-fc95-44ce-9fa8-85f998a96ba1"        [_thread_blocked, id=29632, stack(0x000000c31df00000,0x000000c31e000000) (1024K)]
  0x000002135e8c9a60 JavaThread "Refresh Thread: Equinox Container: 1c5ed769-fc95-44ce-9fa8-85f998a96ba1" daemon [_thread_blocked, id=28972, stack(0x000000c31d600000,0x000000c31d700000) (1024K)]
  0x00000213597df810 JavaThread "Framework Event Dispatcher: Equinox Container: 1c5ed769-fc95-44ce-9fa8-85f998a96ba1" daemon [_thread_blocked, id=28984, stack(0x000000c31e000000,0x000000c31e100000) (1024K)]
  0x00000213597dfe70 JavaThread "Start Level: Equinox Container: 1c5ed769-fc95-44ce-9fa8-85f998a96ba1" daemon [_thread_blocked, id=29176, stack(0x000000c31e100000,0x000000c31e200000) (1024K)]
  0x000002135e75e720 JavaThread "Bundle File Closer"         daemon [_thread_blocked, id=29048, stack(0x000000c31e400000,0x000000c31e500000) (1024K)]
  0x000002135973e590 JavaThread "SCR Component Actor"        daemon [_thread_blocked, id=13996, stack(0x000000c31e500000,0x000000c31e600000) (1024K)]
  0x000002135e710db0 JavaThread "Worker-JM"                         [_thread_blocked, id=2920, stack(0x000000c31e800000,0x000000c31e900000) (1024K)]
  0x000002135e712160 JavaThread "JNA Cleaner"                daemon [_thread_blocked, id=12036, stack(0x000000c31e700000,0x000000c31e800000) (1024K)]
  0x000002135e70f370 JavaThread "Worker-0"                          [_thread_blocked, id=8660, stack(0x000000c31e900000,0x000000c31ea00000) (1024K)]
  0x000002135e710720 JavaThread "Worker-1: Initialize workspace"        [_thread_in_Java, id=22116, stack(0x000000c31ea00000,0x000000c31eb00000) (1024K)]
  0x000002135e1c6390 JavaThread "C2 CompilerThread1"         daemon [_thread_in_native, id=12604, stack(0x000000c31eb00000,0x000000c31ec00000) (1024K)]
  0x000002135f5140d0 JavaThread "C2 CompilerThread2"         daemon [_thread_in_native, id=19020, stack(0x000000c31ec00000,0x000000c31ed00000) (1024K)]
  0x000002135e711ad0 JavaThread "Java indexing"              daemon [_thread_in_Java, id=19916, stack(0x000000c31ed00000,0x000000c31ee00000) (1024K)]
  0x000002135e70fa00 JavaThread "Worker-2: Java indexing... "        [_thread_blocked, id=648, stack(0x000000c31ee00000,0x000000c31ef00000) (1024K)]
  0x000002135e711440 JavaThread "Worker-3"                          [_thread_blocked, id=8016, stack(0x000000c31ef00000,0x000000c31f000000) (1024K)]
  0x000002136054ac60 JavaThread "Worker-4"                          [_thread_blocked, id=3388, stack(0x000000c31f000000,0x000000c31f100000) (1024K)]
  0x0000021360547150 JavaThread "Worker-5"                          [_thread_blocked, id=26968, stack(0x000000c31f100000,0x000000c31f200000) (1024K)]
  0x000002136054a5d0 JavaThread "Thread-2"                   daemon [_thread_in_native, id=4180, stack(0x000000c31f200000,0x000000c31f300000) (1024K)]
  0x0000021360549220 JavaThread "Thread-3"                   daemon [_thread_in_native, id=15420, stack(0x000000c31f300000,0x000000c31f400000) (1024K)]
  0x0000021360547e70 JavaThread "Thread-4"                   daemon [_thread_in_native, id=2260, stack(0x000000c31f400000,0x000000c31f500000) (1024K)]
  0x0000021360545710 JavaThread "Thread-5"                   daemon [_thread_in_native, id=24316, stack(0x000000c31f500000,0x000000c31f600000) (1024K)]
  0x000002136054b2f0 JavaThread "Thread-6"                   daemon [_thread_in_native, id=23312, stack(0x000000c31f600000,0x000000c31f700000) (1024K)]
  0x0000021360549f40 JavaThread "Thread-7"                   daemon [_thread_in_native, id=23340, stack(0x000000c31f700000,0x000000c31f800000) (1024K)]
  0x0000021360545080 JavaThread "Thread-8"                   daemon [_thread_in_native, id=8384, stack(0x000000c31f800000,0x000000c31f900000) (1024K)]
  0x000002136054b980 JavaThread "Thread-9"                   daemon [_thread_in_native, id=17516, stack(0x000000c31f900000,0x000000c31fa00000) (1024K)]
  0x000002136054c010 JavaThread "Thread-10"                  daemon [_thread_in_native, id=23520, stack(0x000000c31fa00000,0x000000c31fb00000) (1024K)]
  0x00000213605498b0 JavaThread "Thread-11"                  daemon [_thread_in_native, id=22880, stack(0x000000c31fb00000,0x000000c31fc00000) (1024K)]
  0x000002136054c6a0 JavaThread "Thread-12"                  daemon [_thread_in_native, id=26584, stack(0x000000c31fc00000,0x000000c31fd00000) (1024K)]
  0x0000021360545da0 JavaThread "Thread-13"                  daemon [_thread_in_native, id=9064, stack(0x000000c31fd00000,0x000000c31fe00000) (1024K)]
  0x0000021360546430 JavaThread "Thread-14"                  daemon [_thread_in_native, id=20524, stack(0x000000c31fe00000,0x000000c31ff00000) (1024K)]
  0x0000021360546ac0 JavaThread "pool-2-thread-1"                   [_thread_blocked, id=9572, stack(0x000000c31ff00000,0x000000c320000000) (1024K)]
  0x00000213605477e0 JavaThread "WorkspaceEventsHandler"            [_thread_blocked, id=25952, stack(0x000000c320100000,0x000000c320200000) (1024K)]
  0x0000021360548500 JavaThread "pool-1-thread-1"                   [_thread_in_vm, id=23372, stack(0x000000c320200000,0x000000c320300000) (1024K)]
  0x0000021360548b90 JavaThread "Keep-Alive-Timer"           daemon [_thread_blocked, id=23356, stack(0x000000c320300000,0x000000c320400000) (1024K)]
  0x0000021360245240 JavaThread "LocalFile Deleter"          daemon [_thread_blocked, id=8556, stack(0x000000c320400000,0x000000c320500000) (1024K)]
  0x00000213602458d0 JavaThread "LocalFile Deleter"          daemon [_thread_blocked, id=25372, stack(0x000000c320500000,0x000000c320600000) (1024K)]
  0x0000021360243170 JavaThread "LocalFile Deleter"          daemon [_thread_blocked, id=29904, stack(0x000000c320600000,0x000000c320700000) (1024K)]
  0x0000021360247310 JavaThread "LocalFile Deleter"          daemon [_thread_blocked, id=12208, stack(0x000000c320700000,0x000000c320800000) (1024K)]
  0x0000021360243800 JavaThread "LocalFile Deleter"          daemon [_thread_blocked, id=18004, stack(0x000000c320800000,0x000000c320900000) (1024K)]
  0x0000021360242ae0 JavaThread "LocalFile Deleter"          daemon [_thread_blocked, id=30084, stack(0x000000c320900000,0x000000c320a00000) (1024K)]
  0x0000021360245f60 JavaThread "LocalFile Deleter"          daemon [_thread_blocked, id=30060, stack(0x000000c320a00000,0x000000c320b00000) (1024K)]
  0x0000021360242450 JavaThread "LocalFile Deleter"          daemon [_thread_blocked, id=30012, stack(0x000000c320b00000,0x000000c320c00000) (1024K)]
  0x0000021360243e90 JavaThread "LocalFile Deleter"          daemon [_thread_blocked, id=30024, stack(0x000000c320c00000,0x000000c320d00000) (1024K)]
  0x0000021360244bb0 JavaThread "LocalFile Deleter"          daemon [_thread_blocked, id=30016, stack(0x000000c320d00000,0x000000c320e00000) (1024K)]
  0x0000021360244520 JavaThread "LocalFile Deleter"          daemon [_thread_blocked, id=30100, stack(0x000000c320e00000,0x000000c320f00000) (1024K)]
  0x00000213602465f0 JavaThread "LocalFile Deleter"          daemon [_thread_blocked, id=30064, stack(0x000000c320f00000,0x000000c321000000) (1024K)]
  0x0000021360246c80 JavaThread "Compiler Source File Reader" daemon [_thread_blocked, id=29896, stack(0x000000c321000000,0x000000c321100000) (1024K)]
  0x00000213602479a0 JavaThread "Compiler Source File Reader" daemon [_thread_blocked, id=29736, stack(0x000000c321100000,0x000000c321200000) (1024K)]
  0x0000021360248030 JavaThread "Compiler Source File Reader" daemon [_thread_blocked, id=29988, stack(0x000000c321200000,0x000000c321300000) (1024K)]
  0x00000213602486c0 JavaThread "Compiler Source File Reader" daemon [_thread_blocked, id=29912, stack(0x000000c321300000,0x000000c321400000) (1024K)]
  0x0000021360248d50 JavaThread "Compiler Source File Reader" daemon [_thread_blocked, id=30020, stack(0x000000c321400000,0x000000c321500000) (1024K)]
  0x00000213602493e0 JavaThread "Compiler Source File Reader" daemon [_thread_blocked, id=29984, stack(0x000000c321500000,0x000000c321600000) (1024K)]
  0x0000021360249a70 JavaThread "Compiler Source File Reader" daemon [_thread_blocked, id=26324, stack(0x000000c321600000,0x000000c321700000) (1024K)]
  0x00000213606a50c0 JavaThread "Compiler Source File Reader" daemon [_thread_blocked, id=3580, stack(0x000000c321700000,0x000000c321800000) (1024K)]
  0x000002136069f4e0 JavaThread "Compiler Source File Reader" daemon [_thread_blocked, id=30104, stack(0x000000c321800000,0x000000c321900000) (1024K)]
  0x00000213606a2ff0 JavaThread "Compiler Source File Reader" daemon [_thread_blocked, id=30148, stack(0x000000c321900000,0x000000c321a00000) (1024K)]
  0x00000213606a1c40 JavaThread "Compiler Processing Task"   daemon [_thread_blocked, id=18908, stack(0x000000c31e600000,0x000000c31e700000) (1024K)]
  0x00000213606a0200 JavaThread "Compiler Class File Writer" daemon [_thread_blocked, id=30112, stack(0x000000c321a00000,0x000000c321b00000) (1024K)]
  0x00000213606a43a0 JavaThread "Compiler Class File Writer" daemon [_thread_blocked, id=30040, stack(0x000000c321b00000,0x000000c321c00000) (1024K)]
  0x00000213606a22d0 JavaThread "Compiler Class File Writer" daemon [_thread_blocked, id=30364, stack(0x000000c321c00000,0x000000c321d00000) (1024K)]
  0x00000213606a15b0 JavaThread "Compiler Class File Writer" daemon [_thread_blocked, id=30168, stack(0x000000c321d00000,0x000000c321e00000) (1024K)]
  0x00000213606a0890 JavaThread "Compiler Class File Writer" daemon [_thread_blocked, id=30188, stack(0x000000c321e00000,0x000000c321f00000) (1024K)]
  0x000002136069e7c0 JavaThread "Compiler Class File Writer" daemon [_thread_blocked, id=30172, stack(0x000000c321f00000,0x000000c322000000) (1024K)]
  0x000002136069ee50 JavaThread "Compiler Class File Writer" daemon [_thread_blocked, id=30180, stack(0x000000c322000000,0x000000c322100000) (1024K)]
  0x00000213606a2960 JavaThread "Compiler Class File Writer" daemon [_thread_blocked, id=30184, stack(0x000000c322100000,0x000000c322200000) (1024K)]
  0x00000213606a3680 JavaThread "Compiler Class File Writer" daemon [_thread_blocked, id=30196, stack(0x000000c322200000,0x000000c322300000) (1024K)]
  0x00000213606a3d10 JavaThread "Compiler Class File Writer" daemon [_thread_blocked, id=30236, stack(0x000000c322300000,0x000000c322400000) (1024K)]
Total: 78

Other Threads:
  0x0000021316314530 VMThread "VM Thread"                           [id=30692, stack(0x000000c31cc00000,0x000000c31cd00000) (1024K)]
  0x000002131620ca00 WatcherThread "VM Periodic Task Thread"        [id=7600, stack(0x000000c31cb00000,0x000000c31cc00000) (1024K)]
  0x000002137e3fe780 WorkerThread "GC Thread#0"                     [id=23452, stack(0x000000c31ca00000,0x000000c31cb00000) (1024K)]
  0x000002135e47ef30 WorkerThread "GC Thread#1"                     [id=29968, stack(0x000000c31d900000,0x000000c31da00000) (1024K)]
  0x000002135e8a2bb0 WorkerThread "GC Thread#2"                     [id=11268, stack(0x000000c31da00000,0x000000c31db00000) (1024K)]
  0x000002135e47f2d0 WorkerThread "GC Thread#3"                     [id=29940, stack(0x000000c31db00000,0x000000c31dc00000) (1024K)]
  0x000002135e7fe260 WorkerThread "GC Thread#4"                     [id=3416, stack(0x000000c31dc00000,0x000000c31dd00000) (1024K)]
  0x000002135e68d250 WorkerThread "GC Thread#5"                     [id=18240, stack(0x000000c31dd00000,0x000000c31de00000) (1024K)]
  0x000002135e68d5f0 WorkerThread "GC Thread#6"                     [id=30072, stack(0x000000c31de00000,0x000000c31df00000) (1024K)]
  0x000002135e978200 WorkerThread "GC Thread#7"                     [id=28916, stack(0x000000c31d800000,0x000000c31d900000) (1024K)]
  0x000002135e9e0490 WorkerThread "GC Thread#8"                     [id=29544, stack(0x000000c31e200000,0x000000c31e300000) (1024K)]
  0x00000213594d59c0 WorkerThread "GC Thread#9"                     [id=29572, stack(0x000000c31e300000,0x000000c31e400000) (1024K)]
Total: 12

Threads with active compile tasks:
C2 CompilerThread0  25003 9742       4       org.eclipse.jdt.internal.compiler.parser.Scanner::internalScanIdentifierOrKeyword (5041 bytes)
C2 CompilerThread1  25003 9733       4       org.eclipse.jdt.internal.compiler.parser.Parser::consumeRule (7748 bytes)
C2 CompilerThread2  25003 9748       4       java.lang.reflect.Field::get (39 bytes)
Total: 3

VM state: not at safepoint (normal execution)

VM Mutex/Monitor currently owned by a thread:  ([mutex/lock_event])
[0x00007ffa210dce88] MethodCompileQueue_lock - owner thread: 0x0000000000000000

Heap address: 0x0000000080000000, size: 2048 MB, Compressed Oops mode: 32-bit

CDS archive(s) mapped at: [0x0000021317000000-0x0000021317ba0000-0x0000021317ba0000), size 12189696, SharedBaseAddress: 0x0000021317000000, ArchiveRelocationMode: 1.
Compressed class space mapped at: 0x0000021318000000-0x0000021358000000, reserved size: 1073741824
Narrow klass base: 0x0000021317000000, Narrow klass shift: 0, Narrow klass range: 0x100000000

GC Precious Log:
 CardTable entry size: 512
 CPUs: 12 total, 12 available
 Memory: 15712M
 Large Page Support: Disabled
 NUMA Support: Disabled
 Compressed Oops: Enabled (32-bit)
 Alignments: Space 512K, Generation 512K, Heap 2M
 Heap Min Capacity: 100M
 Heap Initial Capacity: 100M
 Heap Max Capacity: 2G
 Pre-touch: Disabled
 Parallel Workers: 10

Heap:
 PSYoungGen      total 3584K, used 2457K [0x00000000d5580000, 0x00000000d5a00000, 0x0000000100000000)
  eden space 2560K, 70% used [0x00000000d5580000,0x00000000d57413b0,0x00000000d5800000)
  from space 1024K, 64% used [0x00000000d5800000,0x00000000d58a51a0,0x00000000d5900000)
  to   space 1024K, 0% used [0x00000000d5900000,0x00000000d5900000,0x00000000d5a00000)
 ParOldGen       total 223232K, used 222735K [0x0000000080000000, 0x000000008da00000, 0x00000000d5580000)
  object space 223232K, 99% used [0x0000000080000000,0x000000008d983fa8,0x000000008da00000)
 Metaspace       used 62990K, committed 64384K, reserved 1114112K
  class space    used 6608K, committed 7232K, reserved 1048576K

Card table byte_map: [0x000002137dd80000,0x000002137e190000] _byte_map_base: 0x000002137d980000

Marking Bits: (ParMarkBitMap*) 0x00007ffa210e31f0
 Begin Bits: [0x0000021312130000, 0x0000021314130000)
 End Bits:   [0x0000021314130000, 0x0000021316130000)

Polling page: 0x000002137c2a0000

Metaspace:

Usage:
  Non-class:     55.06 MB used.
      Class:      6.45 MB used.
       Both:     61.51 MB used.

Virtual space:
  Non-class space:       64.00 MB reserved,      55.81 MB ( 87%) committed,  1 nodes.
      Class space:        1.00 GB reserved,       7.06 MB ( <1%) committed,  1 nodes.
             Both:        1.06 GB reserved,      62.88 MB (  6%) committed. 

Chunk freelists:
   Non-Class:  7.67 MB
       Class:  8.98 MB
        Both:  16.65 MB

MaxMetaspaceSize: unlimited
CompressedClassSpaceSize: 1.00 GB
Initial GC threshold: 21.00 MB
Current GC threshold: 97.31 MB
CDS: on
 - commit_granule_bytes: 65536.
 - commit_granule_words: 8192.
 - virtual_space_node_default_size: 8388608.
 - enlarge_chunks_in_place: 1.
 - use_allocation_guard: 0.


Internal statistics:

num_allocs_failed_limit: 9.
num_arena_births: 1048.
num_arena_deaths: 14.
num_vsnodes_births: 2.
num_vsnodes_deaths: 0.
num_space_committed: 1006.
num_space_uncommitted: 0.
num_chunks_returned_to_freelist: 23.
num_chunks_taken_from_freelist: 3731.
num_chunk_merges: 13.
num_chunk_splits: 2328.
num_chunks_enlarged: 1398.
num_inconsistent_stats: 0.

CodeHeap 'non-profiled nmethods': size=120000Kb used=5975Kb max_used=5975Kb free=114024Kb
 bounds [0x000002130ac00000, 0x000002130b1e0000, 0x0000021312130000]
CodeHeap 'profiled nmethods': size=120000Kb used=19942Kb max_used=19942Kb free=100057Kb
 bounds [0x0000021303130000, 0x00000213044b0000, 0x000002130a660000]
CodeHeap 'non-nmethods': size=5760Kb used=1469Kb max_used=1545Kb free=4290Kb
 bounds [0x000002130a660000, 0x000002130a8d0000, 0x000002130ac00000]
 total_blobs=9834 nmethods=9049 adapters=691
 compilation: enabled
              stopped_count=0, restarted_count=0
 full_count=0

Compilation events (20 events):
Event: 24.943 Thread 0x000002135946d9d0 9808       3       java.nio.MappedByteBuffer::flip (7 bytes)
Event: 24.944 Thread 0x000002135946d9d0 nmethod 9808 0x0000021304492b90 code [0x0000021304492d40, 0x0000021304492f20]
Event: 24.945 Thread 0x000002135946d9d0 9810       3       jdk.internal.misc.Unsafe::alignToHeapWordSize (29 bytes)
Event: 24.945 Thread 0x000002135946d9d0 nmethod 9810 0x0000021304493010 code [0x00000213044931c0, 0x0000021304493448]
Event: 24.945 Thread 0x000002135946d9d0 9811       3       jdk.internal.misc.Unsafe::allocateMemoryChecks (6 bytes)
Event: 24.946 Thread 0x000002135946d9d0 nmethod 9811 0x0000021304493590 code [0x0000021304493760, 0x0000021304493a28]
Event: 24.946 Thread 0x000002135946d9d0 9812       3       jdk.internal.misc.Unsafe::allocateMemory (65 bytes)
Event: 24.946 Thread 0x000002135946d9d0 nmethod 9812 0x0000021304493b90 code [0x0000021304493e20, 0x00000213044947f0]
Event: 24.949 Thread 0x000002135946d9d0 9814   !   3       java.lang.ref.Reference::processPendingReferences (118 bytes)
Event: 24.950 Thread 0x000002135946d9d0 nmethod 9814 0x0000021304494c10 code [0x0000021304494e60, 0x0000021304495810]
Event: 24.950 Thread 0x000002135946d9d0 9813       3       java.lang.Long::equals (30 bytes)
Event: 24.950 Thread 0x000002135946d9d0 nmethod 9813 0x0000021304495b10 code [0x0000021304495cc0, 0x0000021304496088]
Event: 24.951 Thread 0x000002135946d9d0 9818       3       lombok.patcher.MethodLogistics::returnOpcodeFor (144 bytes)
Event: 24.951 Thread 0x000002135946d9d0 nmethod 9818 0x0000021304496190 code [0x0000021304496440, 0x0000021304497008]
Event: 24.952 Thread 0x000002135946d9d0 9820       3       org.eclipse.core.internal.runtime.Log::isLoggable (32 bytes)
Event: 24.952 Thread 0x000002135946d9d0 nmethod 9820 0x0000021304497490 code [0x0000021304497680, 0x0000021304497a18]
Event: 24.954 Thread 0x000002135946d9d0 9822       2       java.lang.String::split (242 bytes)
Event: 24.955 Thread 0x000002135946d9d0 nmethod 9822 0x0000021304497b90 code [0x0000021304497e20, 0x0000021304498b50]
Event: 24.959 Thread 0x000002135946d9d0 9825       3       org.lombokweb.asm.ByteVector::put122 (93 bytes)
Event: 24.960 Thread 0x000002135946d9d0 nmethod 9825 0x0000021304499590 code [0x0000021304499740, 0x00000213044999b8]

GC Heap History (20 events):
Event: 24.857 GC heap before
{Heap before GC invocations=175 (full 3):
 PSYoungGen      total 3584K, used 3231K [0x00000000d5580000, 0x00000000d5a00000, 0x0000000100000000)
  eden space 2560K, 99% used [0x00000000d5580000,0x00000000d57ffff0,0x00000000d5800000)
  from space 1024K, 65% used [0x00000000d5800000,0x00000000d58a8000,0x00000000d5900000)
  to   space 1024K, 0% used [0x00000000d5900000,0x00000000d5900000,0x00000000d5a00000)
 ParOldGen       total 216064K, used 215601K [0x0000000080000000, 0x000000008d300000, 0x00000000d5580000)
  object space 216064K, 99% used [0x0000000080000000,0x000000008d28c550,0x000000008d300000)
 Metaspace       used 62246K, committed 63616K, reserved 1114112K
  class space    used 6494K, committed 7104K, reserved 1048576K
}
Event: 24.858 GC heap after
{Heap after GC invocations=175 (full 3):
 PSYoungGen      total 3584K, used 709K [0x00000000d5580000, 0x00000000d5a00000, 0x0000000100000000)
  eden space 2560K, 0% used [0x00000000d5580000,0x00000000d5580000,0x00000000d5800000)
  from space 1024K, 69% used [0x00000000d5900000,0x00000000d59b17c8,0x00000000d5a00000)
  to   space 1024K, 0% used [0x00000000d5800000,0x00000000d5800000,0x00000000d5900000)
 ParOldGen       total 216576K, used 216124K [0x0000000080000000, 0x000000008d380000, 0x00000000d5580000)
  object space 216576K, 99% used [0x0000000080000000,0x000000008d30f3f8,0x000000008d380000)
 Metaspace       used 62246K, committed 63616K, reserved 1114112K
  class space    used 6494K, committed 7104K, reserved 1048576K
}
Event: 24.866 GC heap before
{Heap before GC invocations=176 (full 3):
 PSYoungGen      total 3584K, used 3269K [0x00000000d5580000, 0x00000000d5a00000, 0x0000000100000000)
  eden space 2560K, 100% used [0x00000000d5580000,0x00000000d5800000,0x00000000d5800000)
  from space 1024K, 69% used [0x00000000d5900000,0x00000000d59b17c8,0x00000000d5a00000)
  to   space 1024K, 0% used [0x00000000d5800000,0x00000000d5800000,0x00000000d5900000)
 ParOldGen       total 216576K, used 216124K [0x0000000080000000, 0x000000008d380000, 0x00000000d5580000)
  object space 216576K, 99% used [0x0000000080000000,0x000000008d30f3f8,0x000000008d380000)
 Metaspace       used 62253K, committed 63616K, reserved 1114112K
  class space    used 6494K, committed 7104K, reserved 1048576K
}
Event: 24.867 GC heap after
{Heap after GC invocations=176 (full 3):
 PSYoungGen      total 3584K, used 807K [0x00000000d5580000, 0x00000000d5a00000, 0x0000000100000000)
  eden space 2560K, 0% used [0x00000000d5580000,0x00000000d5580000,0x00000000d5800000)
  from space 1024K, 78% used [0x00000000d5800000,0x00000000d58c9ee0,0x00000000d5900000)
  to   space 1024K, 0% used [0x00000000d5900000,0x00000000d5900000,0x00000000d5a00000)
 ParOldGen       total 217088K, used 216684K [0x0000000080000000, 0x000000008d400000, 0x00000000d5580000)
  object space 217088K, 99% used [0x0000000080000000,0x000000008d39b2c8,0x000000008d400000)
 Metaspace       used 62253K, committed 63616K, reserved 1114112K
  class space    used 6494K, committed 7104K, reserved 1048576K
}
Event: 24.875 GC heap before
{Heap before GC invocations=177 (full 3):
 PSYoungGen      total 3584K, used 3367K [0x00000000d5580000, 0x00000000d5a00000, 0x0000000100000000)
  eden space 2560K, 100% used [0x00000000d5580000,0x00000000d5800000,0x00000000d5800000)
  from space 1024K, 78% used [0x00000000d5800000,0x00000000d58c9ee0,0x00000000d5900000)
  to   space 1024K, 0% used [0x00000000d5900000,0x00000000d5900000,0x00000000d5a00000)
 ParOldGen       total 217088K, used 216684K [0x0000000080000000, 0x000000008d400000, 0x00000000d5580000)
  object space 217088K, 99% used [0x0000000080000000,0x000000008d39b2c8,0x000000008d400000)
 Metaspace       used 62277K, committed 63616K, reserved 1114112K
  class space    used 6494K, committed 7104K, reserved 1048576K
}
Event: 24.876 GC heap after
{Heap after GC invocations=177 (full 3):
 PSYoungGen      total 3584K, used 800K [0x00000000d5580000, 0x00000000d5a00000, 0x0000000100000000)
  eden space 2560K, 0% used [0x00000000d5580000,0x00000000d5580000,0x00000000d5800000)
  from space 1024K, 78% used [0x00000000d5900000,0x00000000d59c8000,0x00000000d5a00000)
  to   space 1024K, 0% used [0x00000000d5800000,0x00000000d5800000,0x00000000d5900000)
 ParOldGen       total 217600K, used 217246K [0x0000000080000000, 0x000000008d480000, 0x00000000d5580000)
  object space 217600K, 99% used [0x0000000080000000,0x000000008d427bf0,0x000000008d480000)
 Metaspace       used 62277K, committed 63616K, reserved 1114112K
  class space    used 6494K, committed 7104K, reserved 1048576K
}
Event: 24.886 GC heap before
{Heap before GC invocations=178 (full 3):
 PSYoungGen      total 3584K, used 3360K [0x00000000d5580000, 0x00000000d5a00000, 0x0000000100000000)
  eden space 2560K, 100% used [0x00000000d5580000,0x00000000d5800000,0x00000000d5800000)
  from space 1024K, 78% used [0x00000000d5900000,0x00000000d59c8000,0x00000000d5a00000)
  to   space 1024K, 0% used [0x00000000d5800000,0x00000000d5800000,0x00000000d5900000)
 ParOldGen       total 217600K, used 217246K [0x0000000080000000, 0x000000008d480000, 0x00000000d5580000)
  object space 217600K, 99% used [0x0000000080000000,0x000000008d427bf0,0x000000008d480000)
 Metaspace       used 62295K, committed 63680K, reserved 1114112K
  class space    used 6499K, committed 7104K, reserved 1048576K
}
Event: 24.887 GC heap after
{Heap after GC invocations=178 (full 3):
 PSYoungGen      total 3584K, used 710K [0x00000000d5580000, 0x00000000d5a00000, 0x0000000100000000)
  eden space 2560K, 0% used [0x00000000d5580000,0x00000000d5580000,0x00000000d5800000)
  from space 1024K, 69% used [0x00000000d5800000,0x00000000d58b1b30,0x00000000d5900000)
  to   space 1024K, 0% used [0x00000000d5900000,0x00000000d5900000,0x00000000d5a00000)
 ParOldGen       total 218112K, used 217802K [0x0000000080000000, 0x000000008d500000, 0x00000000d5580000)
  object space 218112K, 99% used [0x0000000080000000,0x000000008d4b2a80,0x000000008d500000)
 Metaspace       used 62295K, committed 63680K, reserved 1114112K
  class space    used 6499K, committed 7104K, reserved 1048576K
}
Event: 24.921 GC heap before
{Heap before GC invocations=179 (full 3):
 PSYoungGen      total 3584K, used 3270K [0x00000000d5580000, 0x00000000d5a00000, 0x0000000100000000)
  eden space 2560K, 100% used [0x00000000d5580000,0x00000000d5800000,0x00000000d5800000)
  from space 1024K, 69% used [0x00000000d5800000,0x00000000d58b1b30,0x00000000d5900000)
  to   space 1024K, 0% used [0x00000000d5900000,0x00000000d5900000,0x00000000d5a00000)
 ParOldGen       total 218112K, used 217802K [0x0000000080000000, 0x000000008d500000, 0x00000000d5580000)
  object space 218112K, 99% used [0x0000000080000000,0x000000008d4b2a80,0x000000008d500000)
 Metaspace       used 62366K, committed 63680K, reserved 1114112K
  class space    used 6512K, committed 7104K, reserved 1048576K
}
Event: 24.922 GC heap after
{Heap after GC invocations=179 (full 3):
 PSYoungGen      total 3584K, used 660K [0x00000000d5580000, 0x00000000d5a00000, 0x0000000100000000)
  eden space 2560K, 0% used [0x00000000d5580000,0x00000000d5580000,0x00000000d5800000)
  from space 1024K, 64% used [0x00000000d5900000,0x00000000d59a5160,0x00000000d5a00000)
  to   space 1024K, 0% used [0x00000000d5800000,0x00000000d5800000,0x00000000d5900000)
 ParOldGen       total 218624K, used 218365K [0x0000000080000000, 0x000000008d580000, 0x00000000d5580000)
  object space 218624K, 99% used [0x0000000080000000,0x000000008d53f5d0,0x000000008d580000)
 Metaspace       used 62366K, committed 63680K, reserved 1114112K
  class space    used 6512K, committed 7104K, reserved 1048576K
}
Event: 24.929 GC heap before
{Heap before GC invocations=180 (full 3):
 PSYoungGen      total 3584K, used 3220K [0x00000000d5580000, 0x00000000d5a00000, 0x0000000100000000)
  eden space 2560K, 99% used [0x00000000d5580000,0x00000000d57ffff8,0x00000000d5800000)
  from space 1024K, 64% used [0x00000000d5900000,0x00000000d59a5160,0x00000000d5a00000)
  to   space 1024K, 0% used [0x00000000d5800000,0x00000000d5800000,0x00000000d5900000)
 ParOldGen       total 218624K, used 218365K [0x0000000080000000, 0x000000008d580000, 0x00000000d5580000)
  object space 218624K, 99% used [0x0000000080000000,0x000000008d53f5d0,0x000000008d580000)
 Metaspace       used 62433K, committed 63744K, reserved 1114112K
  class space    used 6520K, committed 7104K, reserved 1048576K
}
Event: 24.930 GC heap after
{Heap after GC invocations=180 (full 3):
 PSYoungGen      total 3584K, used 512K [0x00000000d5580000, 0x00000000d5a00000, 0x0000000100000000)
  eden space 2560K, 0% used [0x00000000d5580000,0x00000000d5580000,0x00000000d5800000)
  from space 1024K, 50% used [0x00000000d5800000,0x00000000d5880000,0x00000000d5900000)
  to   space 1024K, 0% used [0x00000000d5900000,0x00000000d5900000,0x00000000d5a00000)
 ParOldGen       total 219136K, used 218850K [0x0000000080000000, 0x000000008d600000, 0x00000000d5580000)
  object space 219136K, 99% used [0x0000000080000000,0x000000008d5b8a90,0x000000008d600000)
 Metaspace       used 62433K, committed 63744K, reserved 1114112K
  class space    used 6520K, committed 7104K, reserved 1048576K
}
Event: 24.938 GC heap before
{Heap before GC invocations=181 (full 3):
 PSYoungGen      total 3584K, used 3072K [0x00000000d5580000, 0x00000000d5a00000, 0x0000000100000000)
  eden space 2560K, 100% used [0x00000000d5580000,0x00000000d5800000,0x00000000d5800000)
  from space 1024K, 50% used [0x00000000d5800000,0x00000000d5880000,0x00000000d5900000)
  to   space 1024K, 0% used [0x00000000d5900000,0x00000000d5900000,0x00000000d5a00000)
 ParOldGen       total 219136K, used 218850K [0x0000000080000000, 0x000000008d600000, 0x00000000d5580000)
  object space 219136K, 99% used [0x0000000080000000,0x000000008d5b8a90,0x000000008d600000)
 Metaspace       used 62476K, committed 63872K, reserved 1114112K
  class space    used 6526K, committed 7168K, reserved 1048576K
}
Event: 24.940 GC heap after
{Heap after GC invocations=181 (full 3):
 PSYoungGen      total 3584K, used 669K [0x00000000d5580000, 0x00000000d5a00000, 0x0000000100000000)
  eden space 2560K, 0% used [0x00000000d5580000,0x00000000d5580000,0x00000000d5800000)
  from space 1024K, 65% used [0x00000000d5900000,0x00000000d59a75a8,0x00000000d5a00000)
  to   space 1024K, 0% used [0x00000000d5800000,0x00000000d5800000,0x00000000d5900000)
 ParOldGen       total 219648K, used 219276K [0x0000000080000000, 0x000000008d680000, 0x00000000d5580000)
  object space 219648K, 99% used [0x0000000080000000,0x000000008d6233d8,0x000000008d680000)
 Metaspace       used 62476K, committed 63872K, reserved 1114112K
  class space    used 6526K, committed 7168K, reserved 1048576K
}
Event: 24.947 GC heap before
{Heap before GC invocations=182 (full 3):
 PSYoungGen      total 3584K, used 3229K [0x00000000d5580000, 0x00000000d5a00000, 0x0000000100000000)
  eden space 2560K, 99% used [0x00000000d5580000,0x00000000d57ffff0,0x00000000d5800000)
  from space 1024K, 65% used [0x00000000d5900000,0x00000000d59a75a8,0x00000000d5a00000)
  to   space 1024K, 0% used [0x00000000d5800000,0x00000000d5800000,0x00000000d5900000)
 ParOldGen       total 219648K, used 219276K [0x0000000080000000, 0x000000008d680000, 0x00000000d5580000)
  object space 219648K, 99% used [0x0000000080000000,0x000000008d6233d8,0x000000008d680000)
 Metaspace       used 62540K, committed 63936K, reserved 1114112K
  class space    used 6529K, committed 7168K, reserved 1048576K
}
Event: 24.949 GC heap after
{Heap after GC invocations=182 (full 3):
 PSYoungGen      total 3584K, used 792K [0x00000000d5580000, 0x00000000d5a00000, 0x0000000100000000)
  eden space 2560K, 0% used [0x00000000d5580000,0x00000000d5580000,0x00000000d5800000)
  from space 1024K, 77% used [0x00000000d5800000,0x00000000d58c6068,0x00000000d5900000)
  to   space 1024K, 0% used [0x00000000d5900000,0x00000000d5900000,0x00000000d5a00000)
 ParOldGen       total 220160K, used 219808K [0x0000000080000000, 0x000000008d700000, 0x00000000d5580000)
  object space 220160K, 99% used [0x0000000080000000,0x000000008d6a8010,0x000000008d700000)
 Metaspace       used 62540K, committed 63936K, reserved 1114112K
  class space    used 6529K, committed 7168K, reserved 1048576K
}
Event: 24.956 GC heap before
{Heap before GC invocations=183 (full 3):
 PSYoungGen      total 3584K, used 3352K [0x00000000d5580000, 0x00000000d5a00000, 0x0000000100000000)
  eden space 2560K, 100% used [0x00000000d5580000,0x00000000d5800000,0x00000000d5800000)
  from space 1024K, 77% used [0x00000000d5800000,0x00000000d58c6068,0x00000000d5900000)
  to   space 1024K, 0% used [0x00000000d5900000,0x00000000d5900000,0x00000000d5a00000)
 ParOldGen       total 220160K, used 219808K [0x0000000080000000, 0x000000008d700000, 0x00000000d5580000)
  object space 220160K, 99% used [0x0000000080000000,0x000000008d6a8010,0x000000008d700000)
 Metaspace       used 62557K, committed 63936K, reserved 1114112K
  class space    used 6531K, committed 7168K, reserved 1048576K
}
Event: 24.957 GC heap after
{Heap after GC invocations=183 (full 3):
 PSYoungGen      total 3584K, used 716K [0x00000000d5580000, 0x00000000d5a00000, 0x0000000100000000)
  eden space 2560K, 0% used [0x00000000d5580000,0x00000000d5580000,0x00000000d5800000)
  from space 1024K, 69% used [0x00000000d5900000,0x00000000d59b3228,0x00000000d5a00000)
  to   space 1024K, 0% used [0x00000000d5800000,0x00000000d5800000,0x00000000d5900000)
 ParOldGen       total 220672K, used 220349K [0x0000000080000000, 0x000000008d780000, 0x00000000d5580000)
  object space 220672K, 99% used [0x0000000080000000,0x000000008d72f678,0x000000008d780000)
 Metaspace       used 62557K, committed 63936K, reserved 1114112K
  class space    used 6531K, committed 7168K, reserved 1048576K
}
Event: 24.962 GC heap before
{Heap before GC invocations=184 (full 3):
 PSYoungGen      total 3584K, used 3276K [0x00000000d5580000, 0x00000000d5a00000, 0x0000000100000000)
  eden space 2560K, 100% used [0x00000000d5580000,0x00000000d5800000,0x00000000d5800000)
  from space 1024K, 69% used [0x00000000d5900000,0x00000000d59b3228,0x00000000d5a00000)
  to   space 1024K, 0% used [0x00000000d5800000,0x00000000d5800000,0x00000000d5900000)
 ParOldGen       total 220672K, used 220349K [0x0000000080000000, 0x000000008d780000, 0x00000000d5580000)
  object space 220672K, 99% used [0x0000000080000000,0x000000008d72f678,0x000000008d780000)
 Metaspace       used 62655K, committed 64064K, reserved 1114112K
  class space    used 6541K, committed 7168K, reserved 1048576K
}
Event: 24.963 GC heap after
{Heap after GC invocations=184 (full 3):
 PSYoungGen      total 3584K, used 544K [0x00000000d5580000, 0x00000000d5a00000, 0x0000000100000000)
  eden space 2560K, 0% used [0x00000000d5580000,0x00000000d5580000,0x00000000d5800000)
  from space 1024K, 53% used [0x00000000d5800000,0x00000000d5888000,0x00000000d5900000)
  to   space 1024K, 0% used [0x00000000d5900000,0x00000000d5900000,0x00000000d5a00000)
 ParOldGen       total 221184K, used 220717K [0x0000000080000000, 0x000000008d800000, 0x00000000d5580000)
  object space 221184K, 99% used [0x0000000080000000,0x000000008d78b5d8,0x000000008d800000)
 Metaspace       used 62655K, committed 64064K, reserved 1114112K
  class space    used 6541K, committed 7168K, reserved 1048576K
}

Dll operation events (12 events):
Event: 0.023 Loaded shared library c:\Users\pragy\.vscode\extensions\redhat.java-1.43.1-win32-x64\jre\21.0.7-win32-x86_64\bin\java.dll
Event: 0.154 Loaded shared library c:\Users\pragy\.vscode\extensions\redhat.java-1.43.1-win32-x64\jre\21.0.7-win32-x86_64\bin\zip.dll
Event: 0.183 Loaded shared library C:\Users\pragy\.vscode\extensions\redhat.java-1.43.1-win32-x64\jre\21.0.7-win32-x86_64\bin\instrument.dll
Event: 0.189 Loaded shared library C:\Users\pragy\.vscode\extensions\redhat.java-1.43.1-win32-x64\jre\21.0.7-win32-x86_64\bin\net.dll
Event: 0.193 Loaded shared library C:\Users\pragy\.vscode\extensions\redhat.java-1.43.1-win32-x64\jre\21.0.7-win32-x86_64\bin\nio.dll
Event: 0.198 Loaded shared library C:\Users\pragy\.vscode\extensions\redhat.java-1.43.1-win32-x64\jre\21.0.7-win32-x86_64\bin\zip.dll
Event: 0.225 Loaded shared library C:\Users\pragy\.vscode\extensions\redhat.java-1.43.1-win32-x64\jre\21.0.7-win32-x86_64\bin\jimage.dll
Event: 0.324 Loaded shared library c:\Users\pragy\.vscode\extensions\redhat.java-1.43.1-win32-x64\jre\21.0.7-win32-x86_64\bin\verify.dll
Event: 6.952 Loaded shared library C:\Users\pragy\AppData\Roaming\Code\User\globalStorage\redhat.java\1.43.1\config_win\org.eclipse.equinox.launcher\org.eclipse.equinox.launcher.win32.win32.x86_64_1.2.1300.v20250331-1702\eclipse_11911.dll
Event: 16.044 Loaded shared library C:\Users\pragy\AppData\Local\Temp\jna-106927057\jna6937288768052778981.dll
Event: 18.167 Loaded shared library C:\Users\pragy\.vscode\extensions\redhat.java-1.43.1-win32-x64\jre\21.0.7-win32-x86_64\bin\sunmscapi.dll
Event: 18.269 Loaded shared library C:\Users\pragy\.vscode\extensions\redhat.java-1.43.1-win32-x64\jre\21.0.7-win32-x86_64\bin\extnet.dll

Deoptimization events (20 events):
Event: 24.925 Thread 0x0000021360548500 Uncommon trap: trap_request=0xffffff45 fr.pc=0x000002130b0d5c30 relative=0x00000000000004d0
Event: 24.925 Thread 0x0000021360548500 Uncommon trap: reason=unstable_if action=reinterpret pc=0x000002130b0d5c30 method=java.io.File.getName()Ljava/lang/String; @ 16 c2
Event: 24.925 Thread 0x0000021360548500 DEOPT PACKING pc=0x000002130b0d5c30 sp=0x000000c3202fe520
Event: 24.925 Thread 0x0000021360548500 DEOPT UNPACKING pc=0x000002130a6b3aa2 sp=0x000000c3202fe4f0 mode 2
Event: 24.928 Thread 0x0000021360548500 Uncommon trap: trap_request=0xffffff45 fr.pc=0x000002130b183e14 relative=0x0000000000000b54
Event: 24.928 Thread 0x0000021360548500 Uncommon trap: reason=unstable_if action=reinterpret pc=0x000002130b183e14 method=java.util.regex.Pattern.sequence(Ljava/util/regex/Pattern$Node;)Ljava/util/regex/Pattern$Node; @ 12 c2
Event: 24.928 Thread 0x0000021360548500 DEOPT PACKING pc=0x000002130b183e14 sp=0x000000c3202fe280
Event: 24.928 Thread 0x0000021360548500 DEOPT UNPACKING pc=0x000002130a6b3aa2 sp=0x000000c3202fe210 mode 2
Event: 24.931 Thread 0x0000021360548500 DEOPT PACKING pc=0x00000213044369ce sp=0x000000c3202fde50
Event: 24.931 Thread 0x0000021360548500 DEOPT UNPACKING pc=0x000002130a6b4242 sp=0x000000c3202fd3d0 mode 0
Event: 24.949 Thread 0x0000021360548500 DEOPT PACKING pc=0x000002130393ed79 sp=0x000000c3202fbe90
Event: 24.949 Thread 0x0000021360548500 DEOPT UNPACKING pc=0x000002130a6b4242 sp=0x000000c3202fb438 mode 0
Event: 24.951 Thread 0x0000021360548500 Uncommon trap: trap_request=0xffffffcc fr.pc=0x000002130ad0b64c relative=0x000000000000272c
Event: 24.951 Thread 0x0000021360548500 Uncommon trap: reason=intrinsic_or_type_checked_inlining action=make_not_entrant pc=0x000002130ad0b64c method=java.util.ArrayList$SubList.toArray([Ljava/lang/Object;)[Ljava/lang/Object; @ 58 c2
Event: 24.951 Thread 0x0000021360548500 DEOPT PACKING pc=0x000002130ad0b64c sp=0x000000c3202fbad0
Event: 24.951 Thread 0x0000021360548500 DEOPT UNPACKING pc=0x000002130a6b3aa2 sp=0x000000c3202fb890 mode 2
Event: 24.951 Thread 0x0000021360548500 Uncommon trap: trap_request=0xffffffcc fr.pc=0x000002130b1d0d9c relative=0x000000000000187c
Event: 24.951 Thread 0x0000021360548500 Uncommon trap: reason=intrinsic_or_type_checked_inlining action=make_not_entrant pc=0x000002130b1d0d9c method=java.util.ArrayList$SubList.toArray([Ljava/lang/Object;)[Ljava/lang/Object; @ 58 c2
Event: 24.951 Thread 0x0000021360548500 DEOPT PACKING pc=0x000002130b1d0d9c sp=0x000000c3202fbc80
Event: 24.951 Thread 0x0000021360548500 DEOPT UNPACKING pc=0x000002130a6b3aa2 sp=0x000000c3202fbba8 mode 2

Classes loaded (20 events):
Event: 23.503 Loading class java/lang/Throwable$PrintStreamOrWriter done
Event: 23.503 Loading class java/lang/Throwable$WrappedPrintWriter done
Event: 23.709 Loading class java/util/TreeMap$ValueSpliterator
Event: 23.709 Loading class java/util/TreeMap$TreeMapSpliterator
Event: 23.709 Loading class java/util/TreeMap$TreeMapSpliterator done
Event: 23.709 Loading class java/util/TreeMap$ValueSpliterator done
Event: 23.732 Loading class java/util/concurrent/CompletionException
Event: 23.732 Loading class java/util/concurrent/CompletionException done
Event: 23.736 Loading class java/nio/file/FileTreeWalker$1
Event: 23.736 Loading class java/nio/file/FileTreeWalker$1 done
Event: 23.937 Loading class sun/security/ssl/Alert
Event: 23.938 Loading class sun/security/ssl/Alert done
Event: 23.938 Loading class sun/security/ssl/Alert$AlertConsumer
Event: 23.939 Loading class sun/security/ssl/Alert$AlertConsumer done
Event: 23.939 Loading class sun/security/ssl/Alert$Level
Event: 23.939 Loading class sun/security/ssl/Alert$Level done
Event: 24.583 Loading class java/lang/UnsupportedClassVersionError
Event: 24.583 Loading class java/lang/UnsupportedClassVersionError done
Event: 24.928 Loading class java/util/regex/PatternSyntaxException
Event: 24.928 Loading class java/util/regex/PatternSyntaxException done

Classes unloaded (7 events):
Event: 16.893 Thread 0x0000021316314530 Unloading class 0x00000213181a5000 'java/lang/invoke/LambdaForm$MH+0x00000213181a5000'
Event: 16.893 Thread 0x0000021316314530 Unloading class 0x00000213181a4c00 'java/lang/invoke/LambdaForm$MH+0x00000213181a4c00'
Event: 16.893 Thread 0x0000021316314530 Unloading class 0x00000213181a4800 'java/lang/invoke/LambdaForm$MH+0x00000213181a4800'
Event: 16.893 Thread 0x0000021316314530 Unloading class 0x00000213181a4400 'java/lang/invoke/LambdaForm$MH+0x00000213181a4400'
Event: 16.893 Thread 0x0000021316314530 Unloading class 0x00000213181a4000 'java/lang/invoke/LambdaForm$BMH+0x00000213181a4000'
Event: 16.893 Thread 0x0000021316314530 Unloading class 0x00000213181a3c00 'java/lang/invoke/LambdaForm$DMH+0x00000213181a3c00'
Event: 16.893 Thread 0x0000021316314530 Unloading class 0x00000213181a2800 'java/lang/invoke/LambdaForm$DMH+0x00000213181a2800'

Classes redefined (0 events):
No events

Internal exceptions (20 events):
Event: 24.466 Thread 0x0000021360547150 Exception <a 'sun/nio/fs/WindowsException'{0x00000000d58d7fc8}> (0x00000000d58d7fc8) 
thrown [s\src\hotspot\share\prims\jni.cpp, line 520]
Event: 24.467 Thread 0x0000021360547150 Exception <a 'sun/nio/fs/WindowsException'{0x00000000d58db328}> (0x00000000d58db328) 
thrown [s\src\hotspot\share\prims\jni.cpp, line 520]
Event: 24.468 Thread 0x0000021360547150 Exception <a 'sun/nio/fs/WindowsException'{0x00000000d5920728}> (0x00000000d5920728) 
thrown [s\src\hotspot\share\prims\jni.cpp, line 520]
Event: 24.468 Thread 0x0000021360547150 Exception <a 'sun/nio/fs/WindowsException'{0x00000000d5937fe8}> (0x00000000d5937fe8) 
thrown [s\src\hotspot\share\prims\jni.cpp, line 520]
Event: 24.469 Thread 0x0000021360547150 Exception <a 'sun/nio/fs/WindowsException'{0x00000000d5950fd8}> (0x00000000d5950fd8) 
thrown [s\src\hotspot\share\prims\jni.cpp, line 520]
Event: 24.470 Thread 0x0000021360547150 Exception <a 'sun/nio/fs/WindowsException'{0x00000000d5969e38}> (0x00000000d5969e38) 
thrown [s\src\hotspot\share\prims\jni.cpp, line 520]
Event: 24.472 Thread 0x0000021360547150 Exception <a 'sun/nio/fs/WindowsException'{0x00000000d599def8}> (0x00000000d599def8) 
thrown [s\src\hotspot\share\prims\jni.cpp, line 520]
Event: 24.473 Thread 0x0000021360547150 Exception <a 'sun/nio/fs/WindowsException'{0x00000000d59b8178}> (0x00000000d59b8178) 
thrown [s\src\hotspot\share\prims\jni.cpp, line 520]
Event: 24.473 Thread 0x0000021360547150 Exception <a 'sun/nio/fs/WindowsException'{0x00000000d59d0ef8}> (0x00000000d59d0ef8) 
thrown [s\src\hotspot\share\prims\jni.cpp, line 520]
Event: 24.474 Thread 0x0000021360547150 Exception <a 'sun/nio/fs/WindowsException'{0x00000000d59e8a80}> (0x00000000d59e8a80) 
thrown [s\src\hotspot\share\prims\jni.cpp, line 520]
Event: 24.476 Thread 0x0000021360547150 Exception <a 'sun/nio/fs/WindowsException'{0x00000000d55958f0}> (0x00000000d55958f0) 
thrown [s\src\hotspot\share\prims\jni.cpp, line 520]
Event: 24.477 Thread 0x0000021360547150 Exception <a 'sun/nio/fs/WindowsException'{0x00000000d55ada20}> (0x00000000d55ada20) 
thrown [s\src\hotspot\share\prims\jni.cpp, line 520]
Event: 24.477 Thread 0x0000021360547150 Exception <a 'sun/nio/fs/WindowsException'{0x00000000d55c6310}> (0x00000000d55c6310) 
thrown [s\src\hotspot\share\prims\jni.cpp, line 520]
Event: 24.477 Thread 0x0000021360547150 Exception <a 'sun/nio/fs/WindowsException'{0x00000000d55e3248}> (0x00000000d55e3248) 
thrown [s\src\hotspot\share\prims\jni.cpp, line 520]
Event: 24.478 Thread 0x0000021360547150 Exception <a 'sun/nio/fs/WindowsException'{0x00000000d55fc100}> (0x00000000d55fc100) 
thrown [s\src\hotspot\share\prims\jni.cpp, line 520]
Event: 24.478 Thread 0x0000021360547150 Exception <a 'sun/nio/fs/WindowsException'{0x00000000d5613b60}> (0x00000000d5613b60) 
thrown [s\src\hotspot\share\prims\jni.cpp, line 520]
Event: 24.479 Thread 0x0000021360547150 Exception <a 'sun/nio/fs/WindowsException'{0x00000000d5618d30}> (0x00000000d5618d30) 
thrown [s\src\hotspot\share\prims\jni.cpp, line 520]
Event: 24.479 Thread 0x0000021360547150 Exception <a 'sun/nio/fs/WindowsException'{0x00000000d5633e60}> (0x00000000d5633e60) 
thrown [s\src\hotspot\share\prims\jni.cpp, line 520]
Event: 24.479 Thread 0x0000021360547150 Exception <a 'sun/nio/fs/WindowsException'{0x00000000d564c0a0}> (0x00000000d564c0a0) 
thrown [s\src\hotspot\share\prims\jni.cpp, line 520]
Event: 24.614 Thread 0x0000021360547150 Exception <a 'java/lang/NoSuchMethodError'{0x00000000d55f56d0}: 'int java.lang.invoke.Invokers$Holder.invokeExact_MT(java.lang.Object, java.lang.Object)'> (0x00000000d55f56d0) 
thrown [s\src\hotspot\share\interpreter\linkResolver.cpp, line 773]

ZGC Phase Switch (0 events):
No events

VM Operations (20 events):
Event: 24.866 Executing VM operation: ParallelGCFailedAllocation (Allocation Failure)
Event: 24.867 Executing VM operation: ParallelGCFailedAllocation (Allocation Failure) done
Event: 24.875 Executing VM operation: ParallelGCFailedAllocation (Allocation Failure)
Event: 24.876 Executing VM operation: ParallelGCFailedAllocation (Allocation Failure) done
Event: 24.886 Executing VM operation: ParallelGCFailedAllocation (Allocation Failure)
Event: 24.887 Executing VM operation: ParallelGCFailedAllocation (Allocation Failure) done
Event: 24.920 Executing VM operation: ParallelGCFailedAllocation (Allocation Failure)
Event: 24.922 Executing VM operation: ParallelGCFailedAllocation (Allocation Failure) done
Event: 24.929 Executing VM operation: ParallelGCFailedAllocation (Allocation Failure)
Event: 24.930 Executing VM operation: ParallelGCFailedAllocation (Allocation Failure) done
Event: 24.937 Executing VM operation: ParallelGCFailedAllocation (Allocation Failure)
Event: 24.940 Executing VM operation: ParallelGCFailedAllocation (Allocation Failure) done
Event: 24.940 Executing VM operation: HandshakeAllThreads (Deoptimize)
Event: 24.940 Executing VM operation: HandshakeAllThreads (Deoptimize) done
Event: 24.947 Executing VM operation: ParallelGCFailedAllocation (Allocation Failure)
Event: 24.949 Executing VM operation: ParallelGCFailedAllocation (Allocation Failure) done
Event: 24.955 Executing VM operation: ParallelGCFailedAllocation (Allocation Failure)
Event: 24.957 Executing VM operation: ParallelGCFailedAllocation (Allocation Failure) done
Event: 24.962 Executing VM operation: ParallelGCFailedAllocation (Allocation Failure)
Event: 24.963 Executing VM operation: ParallelGCFailedAllocation (Allocation Failure) done

Memory protections (0 events):
No events

Nmethod flushes (20 events):
Event: 22.656 Thread 0x0000021316314530 flushing  nmethod 0x00000213039a4f10
Event: 22.656 Thread 0x0000021316314530 flushing  nmethod 0x00000213039a5890
Event: 22.656 Thread 0x0000021316314530 flushing  nmethod 0x00000213039b7310
Event: 22.656 Thread 0x0000021316314530 flushing  nmethod 0x00000213039b9c90
Event: 22.656 Thread 0x0000021316314530 flushing  nmethod 0x00000213039bb110
Event: 22.656 Thread 0x0000021316314530 flushing  nmethod 0x00000213039bee90
Event: 22.656 Thread 0x0000021316314530 flushing  nmethod 0x00000213039bf590
Event: 22.656 Thread 0x0000021316314530 flushing  nmethod 0x00000213039bfd10
Event: 22.656 Thread 0x0000021316314530 flushing  nmethod 0x00000213039c0690
Event: 22.656 Thread 0x0000021316314530 flushing  nmethod 0x00000213039c1f90
Event: 22.656 Thread 0x0000021316314530 flushing  nmethod 0x00000213039e3390
Event: 22.656 Thread 0x0000021316314530 flushing  nmethod 0x00000213039f9b90
Event: 22.656 Thread 0x0000021316314530 flushing  nmethod 0x0000021303a08f10
Event: 22.656 Thread 0x0000021316314530 flushing  nmethod 0x0000021303a36c90
Event: 22.656 Thread 0x0000021316314530 flushing  nmethod 0x0000021303a61610
Event: 22.656 Thread 0x0000021316314530 flushing  nmethod 0x0000021303a62110
Event: 22.656 Thread 0x0000021316314530 flushing  nmethod 0x0000021303a63f90
Event: 22.656 Thread 0x0000021316314530 flushing  nmethod 0x0000021303a6e610
Event: 22.656 Thread 0x0000021316314530 flushing  nmethod 0x0000021303a8a510
Event: 22.656 Thread 0x0000021316314530 flushing  nmethod 0x0000021303a95910

Events (20 events):
Event: 21.165 Thread 0x000002135e711440 Thread added: 0x0000021360248030
Event: 21.165 Thread 0x000002135e711440 Thread added: 0x00000213602486c0
Event: 21.165 Thread 0x000002135e711440 Thread added: 0x0000021360248d50
Event: 21.166 Thread 0x0000021360248030 Thread added: 0x00000213602493e0
Event: 21.166 Thread 0x00000213602479a0 Thread added: 0x0000021360249a70
Event: 21.166 Thread 0x0000021360246c80 Thread added: 0x00000213606a50c0
Event: 21.166 Thread 0x00000213602493e0 Thread added: 0x000002136069f4e0
Event: 21.166 Thread 0x0000021360249a70 Thread added: 0x00000213606a2ff0
Event: 21.854 Thread 0x000002135e70ece0 Thread exited: 0x000002135e70ece0
Event: 22.237 Thread 0x000002135e711440 Thread added: 0x00000213606a1c40
Event: 23.069 Thread 0x000002135e711440 Thread added: 0x00000213606a0200
Event: 23.069 Thread 0x000002135e711440 Thread added: 0x00000213606a43a0
Event: 23.069 Thread 0x000002135e711440 Thread added: 0x00000213606a22d0
Event: 23.150 Thread 0x000002135e711440 Thread added: 0x00000213606a15b0
Event: 23.172 Thread 0x000002135e711440 Thread added: 0x00000213606a0890
Event: 23.190 Thread 0x000002135e711440 Thread added: 0x000002136069e7c0
Event: 23.197 Thread 0x000002135e711440 Thread added: 0x000002136069ee50
Event: 23.207 Thread 0x000002135e711440 Thread added: 0x00000213606a2960
Event: 23.215 Thread 0x000002135e711440 Thread added: 0x00000213606a3680
Event: 23.229 Thread 0x000002135e711440 Thread added: 0x00000213606a3d10


Dynamic libraries:
0x00007ff759bd0000 - 0x00007ff759bde000 	c:\Users\pragy\.vscode\extensions\redhat.java-1.43.1-win32-x64\jre\21.0.7-win32-x86_64\bin\java.exe
0x00007ffa708f0000 - 0x00007ffa70b07000 	C:\windows\SYSTEM32\ntdll.dll
0x00007ffa70170000 - 0x00007ffa70234000 	C:\windows\System32\KERNEL32.DLL
0x00007ffa6e060000 - 0x00007ffa6e432000 	C:\windows\System32\KERNELBASE.dll
0x00007ffa6df10000 - 0x00007ffa6e021000 	C:\windows\System32\ucrtbase.dll
0x00007ffa21270000 - 0x00007ffa21288000 	c:\Users\pragy\.vscode\extensions\redhat.java-1.43.1-win32-x64\jre\21.0.7-win32-x86_64\bin\jli.dll
0x00007ffa70630000 - 0x00007ffa707e1000 	C:\windows\System32\USER32.dll
0x00007ffa6e030000 - 0x00007ffa6e056000 	C:\windows\System32\win32u.dll
0x00007ffa6eab0000 - 0x00007ffa6ead9000 	C:\windows\System32\GDI32.dll
0x00007ffa6dde0000 - 0x00007ffa6df03000 	C:\windows\System32\gdi32full.dll
0x00007ffa21250000 - 0x00007ffa2126e000 	c:\Users\pragy\.vscode\extensions\redhat.java-1.43.1-win32-x64\jre\21.0.7-win32-x86_64\bin\VCRUNTIME140.dll
0x00007ffa6dc00000 - 0x00007ffa6dc9a000 	C:\windows\System32\msvcp_win.dll
0x00007ffa51a60000 - 0x00007ffa51cfb000 	C:\windows\WinSxS\amd64_microsoft.windows.common-controls_6595b64144ccf1df_6.0.22621.5413_none_270da5617387a498\COMCTL32.dll
0x00007ffa70800000 - 0x00007ffa708a7000 	C:\windows\System32\msvcrt.dll
0x00007ffa70420000 - 0x00007ffa70451000 	C:\windows\System32\IMM32.DLL
0x00007ffa480a0000 - 0x00007ffa480ac000 	c:\Users\pragy\.vscode\extensions\redhat.java-1.43.1-win32-x64\jre\21.0.7-win32-x86_64\bin\vcruntime140_1.dll
0x00007ffa211c0000 - 0x00007ffa2124d000 	c:\Users\pragy\.vscode\extensions\redhat.java-1.43.1-win32-x64\jre\21.0.7-win32-x86_64\bin\msvcp140.dll
0x00007ffa20430000 - 0x00007ffa211c0000 	c:\Users\pragy\.vscode\extensions\redhat.java-1.43.1-win32-x64\jre\21.0.7-win32-x86_64\bin\server\jvm.dll
0x00007ffa70570000 - 0x00007ffa70621000 	C:\windows\System32\ADVAPI32.dll
0x00007ffa70460000 - 0x00007ffa70508000 	C:\windows\System32\sechost.dll
0x00007ffa6d9e0000 - 0x00007ffa6da08000 	C:\windows\System32\bcrypt.dll
0x00007ffa6fd10000 - 0x00007ffa6fe24000 	C:\windows\System32\RPCRT4.dll
0x00007ffa703a0000 - 0x00007ffa70411000 	C:\windows\System32\WS2_32.dll
0x00007ffa68f00000 - 0x00007ffa68f34000 	C:\windows\SYSTEM32\WINMM.dll
0x00007ffa644c0000 - 0x00007ffa644ca000 	C:\windows\SYSTEM32\VERSION.dll
0x00007ffa6d300000 - 0x00007ffa6d34d000 	C:\windows\SYSTEM32\POWRPROF.dll
0x00007ffa6d280000 - 0x00007ffa6d293000 	C:\windows\SYSTEM32\UMPDC.dll
0x00007ffa6c9e0000 - 0x00007ffa6c9f8000 	C:\windows\SYSTEM32\kernel.appcore.dll
0x00007ffa46140000 - 0x00007ffa4614a000 	c:\Users\pragy\.vscode\extensions\redhat.java-1.43.1-win32-x64\jre\21.0.7-win32-x86_64\bin\jimage.dll
0x00007ffa6b440000 - 0x00007ffa6b672000 	C:\windows\SYSTEM32\DBGHELP.DLL
0x00007ffa6e580000 - 0x00007ffa6e913000 	C:\windows\System32\combase.dll
0x00007ffa70090000 - 0x00007ffa70167000 	C:\windows\System32\OLEAUT32.dll
0x00007ffa51100000 - 0x00007ffa51132000 	C:\windows\SYSTEM32\dbgcore.DLL
0x00007ffa6db80000 - 0x00007ffa6dbfb000 	C:\windows\System32\bcryptPrimitives.dll
0x00007ffa3f090000 - 0x00007ffa3f09f000 	c:\Users\pragy\.vscode\extensions\redhat.java-1.43.1-win32-x64\jre\21.0.7-win32-x86_64\bin\instrument.dll
0x00007ffa201a0000 - 0x00007ffa201bf000 	c:\Users\pragy\.vscode\extensions\redhat.java-1.43.1-win32-x64\jre\21.0.7-win32-x86_64\bin\java.dll
0x00007ffa6f0c0000 - 0x00007ffa6f962000 	C:\windows\System32\SHELL32.dll
0x00007ffa6e440000 - 0x00007ffa6e57f000 	C:\windows\System32\wintypes.dll
0x00007ffa6b8c0000 - 0x00007ffa6c1dd000 	C:\windows\SYSTEM32\windows.storage.dll
0x00007ffa6fb10000 - 0x00007ffa6fc1b000 	C:\windows\System32\SHCORE.dll
0x00007ffa6fc70000 - 0x00007ffa6fcd9000 	C:\windows\System32\shlwapi.dll
0x00007ffa6d910000 - 0x00007ffa6d93b000 	C:\windows\SYSTEM32\profapi.dll
0x00007ffa20180000 - 0x00007ffa20198000 	c:\Users\pragy\.vscode\extensions\redhat.java-1.43.1-win32-x64\jre\21.0.7-win32-x86_64\bin\zip.dll
0x00007ffa3d240000 - 0x00007ffa3d250000 	C:\Users\pragy\.vscode\extensions\redhat.java-1.43.1-win32-x64\jre\21.0.7-win32-x86_64\bin\net.dll
0x00007ffa6a480000 - 0x00007ffa6a5ac000 	C:\windows\SYSTEM32\WINHTTP.dll
0x00007ffa6ce50000 - 0x00007ffa6ceb9000 	C:\windows\system32\mswsock.dll
0x00007ffa20130000 - 0x00007ffa20146000 	C:\Users\pragy\.vscode\extensions\redhat.java-1.43.1-win32-x64\jre\21.0.7-win32-x86_64\bin\nio.dll
0x00007ffa30f50000 - 0x00007ffa30f60000 	c:\Users\pragy\.vscode\extensions\redhat.java-1.43.1-win32-x64\jre\21.0.7-win32-x86_64\bin\verify.dll
0x00007ffa22af0000 - 0x00007ffa22b35000 	C:\Users\pragy\AppData\Roaming\Code\User\globalStorage\redhat.java\1.43.1\config_win\org.eclipse.equinox.launcher\org.eclipse.equinox.launcher.win32.win32.x86_64_1.2.1300.v20250331-1702\eclipse_11911.dll
0x00007ffa6f970000 - 0x00007ffa6fb10000 	C:\windows\System32\ole32.dll
0x00007ffa6d0c0000 - 0x00007ffa6d0db000 	C:\windows\SYSTEM32\CRYPTSP.dll
0x00007ffa6c940000 - 0x00007ffa6c977000 	C:\windows\system32\rsaenh.dll
0x00007ffa6cf30000 - 0x00007ffa6cf58000 	C:\windows\SYSTEM32\USERENV.dll
0x00007ffa6d0e0000 - 0x00007ffa6d0ec000 	C:\windows\SYSTEM32\CRYPTBASE.dll
0x00007ffa6c430000 - 0x00007ffa6c45d000 	C:\windows\SYSTEM32\IPHLPAPI.DLL
0x00007ffa6ea30000 - 0x00007ffa6ea39000 	C:\windows\System32\NSI.dll
0x00007ffa1f270000 - 0x00007ffa1f2b9000 	C:\Users\pragy\AppData\Local\Temp\jna-106927057\jna6937288768052778981.dll
0x00007ffa707f0000 - 0x00007ffa707f8000 	C:\windows\System32\PSAPI.DLL
0x00007ffa69460000 - 0x00007ffa69479000 	C:\windows\SYSTEM32\dhcpcsvc6.DLL
0x00007ffa69420000 - 0x00007ffa6943f000 	C:\windows\SYSTEM32\dhcpcsvc.DLL
0x00007ffa57ee0000 - 0x00007ffa57eee000 	C:\Users\pragy\.vscode\extensions\redhat.java-1.43.1-win32-x64\jre\21.0.7-win32-x86_64\bin\sunmscapi.dll
0x00007ffa6da10000 - 0x00007ffa6db77000 	C:\windows\System32\CRYPT32.dll
0x00007ffa6d390000 - 0x00007ffa6d3bd000 	C:\windows\SYSTEM32\ncrypt.dll
0x00007ffa6d350000 - 0x00007ffa6d387000 	C:\windows\SYSTEM32\NTASN1.dll
0x00007ffa6c460000 - 0x00007ffa6c558000 	C:\windows\SYSTEM32\DNSAPI.dll
0x00000000515a0000 - 0x00000000515d5000 	C:\Program Files\Bonjour\mdnsNSP.dll
0x00007ffa692e0000 - 0x00007ffa692ea000 	C:\Windows\System32\rasadhlp.dll
0x00007ffa68f40000 - 0x00007ffa68fc4000 	C:\windows\System32\fwpuclnt.dll
0x00007ffa2eaa0000 - 0x00007ffa2eaa9000 	C:\Users\pragy\.vscode\extensions\redhat.java-1.43.1-win32-x64\jre\21.0.7-win32-x86_64\bin\extnet.dll

dbghelp: loaded successfully - version: 4.0.5 - missing functions: none
symbol engine: initialized successfully - sym options: 0x614 - pdb path: .;c:\Users\pragy\.vscode\extensions\redhat.java-1.43.1-win32-x64\jre\21.0.7-win32-x86_64\bin;C:\windows\SYSTEM32;C:\windows\WinSxS\amd64_microsoft.windows.common-controls_6595b64144ccf1df_6.0.22621.5413_none_270da5617387a498;c:\Users\pragy\.vscode\extensions\redhat.java-1.43.1-win32-x64\jre\21.0.7-win32-x86_64\bin\server;C:\Users\pragy\AppData\Roaming\Code\User\globalStorage\redhat.java\1.43.1\config_win\org.eclipse.equinox.launcher\org.eclipse.equinox.launcher.win32.win32.x86_64_1.2.1300.v20250331-1702;C:\Users\pragy\AppData\Local\Temp\jna-106927057;C:\Program Files\Bonjour

VM Arguments:
jvm_args: --add-modules=ALL-SYSTEM --add-opens=java.base/java.util=ALL-UNNAMED --add-opens=java.base/java.lang=ALL-UNNAMED --add-opens=java.base/sun.nio.fs=ALL-UNNAMED -Declipse.application=org.eclipse.jdt.ls.core.id1 -Dosgi.bundles.defaultStartLevel=4 -Declipse.product=org.eclipse.jdt.ls.core.product -Djava.import.generatesMetadataFilesAtProjectRoot=false -DDetectVMInstallationsJob.disabled=true -Dfile.encoding=utf8 -XX:+UseParallelGC -XX:GCTimeRatio=4 -XX:AdaptiveSizePolicyWeight=90 -Dsun.zip.disableMemoryMapping=true -Xmx2G -Xms100m -Xlog:disable -javaagent:c:\Users\pragy\.vscode\extensions\redhat.java-1.43.1-win32-x64\lombok\lombok-1.18.39-4050.jar -XX:+HeapDumpOnOutOfMemoryError -XX:HeapDumpPath=c:\Users\pragy\AppData\Roaming\Code\User\workspaceStorage\cc99c5c5b9f10468fc12bfe29c53fb65\redhat.java -Daether.dependencyCollector.impl=bf 
java_command: c:\Users\pragy\.vscode\extensions\redhat.java-1.43.1-win32-x64\server\plugins\org.eclipse.equinox.launcher_1.7.0.v20250519-0528.jar -configuration c:\Users\pragy\AppData\Roaming\Code\User\globalStorage\redhat.java\1.43.1\config_win -data c:\Users\pragy\AppData\Roaming\Code\User\workspaceStorage\cc99c5c5b9f10468fc12bfe29c53fb65\redhat.java\jdt_ws --pipe=\\.\pipe\lsp-d17b2e5b9934c1bb6ebe672b66b8395a-sock
java_class_path (initial): c:\Users\pragy\.vscode\extensions\redhat.java-1.43.1-win32-x64\server\plugins\org.eclipse.equinox.launcher_1.7.0.v20250519-0528.jar
Launcher Type: SUN_STANDARD

[Global flags]
    uintx AdaptiveSizePolicyWeight                 = 90                                        {product} {command line}
     intx CICompilerCount                          = 4                                         {product} {ergonomic}
    uintx GCTimeRatio                              = 4                                         {product} {command line}
     bool HeapDumpOnOutOfMemoryError               = true                                   {manageable} {command line}
    ccstr HeapDumpPath                             = c:\Users\pragy\AppData\Roaming\Code\User\workspaceStorage\cc99c5c5b9f10468fc12bfe29c53fb65\redhat.java         {manageable} {command line}
   size_t InitialHeapSize                          = 104857600                                 {product} {command line}
   size_t MaxHeapSize                              = 2147483648                                {product} {command line}
   size_t MaxNewSize                               = 715653120                                 {product} {ergonomic}
   size_t MinHeapDeltaBytes                        = 524288                                    {product} {ergonomic}
   size_t MinHeapSize                              = 104857600                                 {product} {command line}
   size_t NewSize                                  = 34603008                                  {product} {ergonomic}
    uintx NonNMethodCodeHeapSize                   = 5839372                                {pd product} {ergonomic}
    uintx NonProfiledCodeHeapSize                  = 122909434                              {pd product} {ergonomic}
   size_t OldSize                                  = 70254592                                  {product} {ergonomic}
    uintx ProfiledCodeHeapSize                     = 122909434                              {pd product} {ergonomic}
    uintx ReservedCodeCacheSize                    = 251658240                              {pd product} {ergonomic}
     bool SegmentedCodeCache                       = true                                      {product} {ergonomic}
   size_t SoftMaxHeapSize                          = 2147483648                             {manageable} {ergonomic}
     bool UseCompressedOops                        = true                           {product lp64_product} {ergonomic}
     bool UseLargePagesIndividualAllocation        = false                                  {pd product} {ergonomic}
     bool UseParallelGC                            = true                                      {product} {command line}

Logging:
Log output configuration:
 #0: stdout all=off uptime,level,tags foldmultilines=false
 #1: stderr all=off uptime,level,tags foldmultilines=false

Environment Variables:
PATH=C:\Program Files\Common Files\Oracle\Java\javapath;C:\windows\system32;C:\windows;C:\windows\System32\Wbem;C:\windows\System32\WindowsPowerShell\v1.0\;C:\windows\System32\OpenSSH\;C:\Program Files\nodejs\;C:\Program Files\Git\cmd;C:\Program Files\Git\mingw64\bin;C:\Program Files\Git\usr\bin;S:\Program Files\Microsoft VS Code\bin;C:\Users\pragy\AppData\Local\Microsoft\WindowsApps;C:\MinGW\bin;C:\Program Files\JetBrains\IntelliJ IDEA Community Edition 2023.2.1\java\IntelliJ IDEA Community Edition 2023.2.1\bin;C:\MinGW\bin;;C:\Users\pragy\AppData\Local\Programs\Microsoft VS Code\bin;C:\Users\pragy\AppData\Roaming\npm
USERNAME=pragy
OS=Windows_NT
PROCESSOR_IDENTIFIER=AMD64 Family 25 Model 80 Stepping 0, AuthenticAMD
TMP=C:\Users\pragy\AppData\Local\Temp
TEMP=C:\Users\pragy\AppData\Local\Temp




Periodic native trim disabled

---------------  S Y S T E M  ---------------

OS:
 Windows 11 , 64 bit Build 22621 (10.0.22621.5413)
OS uptime: 0 days 8:16 hours
Hyper-V role detected

CPU: total 12 (initial active 12) (12 cores per cpu, 2 threads per core) family 25 model 80 stepping 0 microcode 0x0, cx8, cmov, fxsr, ht, mmx, 3dnowpref, sse, sse2, sse3, ssse3, sse4a, sse4.1, sse4.2, popcnt, lzcnt, tsc, tscinvbit, avx, avx2, aes, erms, clmul, bmi1, bmi2, adx, sha, fma, vzeroupper, clflush, clflushopt, hv, rdtscp, rdpid, fsrm, f16c, cet_ss
Processor Information for processor 0
  Max Mhz: 2301, Current Mhz: 2301, Mhz Limit: 2301
Processor Information for processor 1
  Max Mhz: 2301, Current Mhz: 2301, Mhz Limit: 2301
Processor Information for processor 2
  Max Mhz: 2301, Current Mhz: 2301, Mhz Limit: 2301
Processor Information for processor 3
  Max Mhz: 2301, Current Mhz: 2301, Mhz Limit: 2301
Processor Information for processor 4
  Max Mhz: 2301, Current Mhz: 2301, Mhz Limit: 2301
Processor Information for processor 5
  Max Mhz: 2301, Current Mhz: 1798, Mhz Limit: 2301
Processor Information for processor 6
  Max Mhz: 2301, Current Mhz: 2301, Mhz Limit: 2301
Processor Information for processor 7
  Max Mhz: 2301, Current Mhz: 1798, Mhz Limit: 2301
Processor Information for processor 8
  Max Mhz: 2301, Current Mhz: 2301, Mhz Limit: 2301
Processor Information for processor 9
  Max Mhz: 2301, Current Mhz: 2301, Mhz Limit: 2301
Processor Information for processor 10
  Max Mhz: 2301, Current Mhz: 1798, Mhz Limit: 2301
Processor Information for processor 11
  Max Mhz: 2301, Current Mhz: 2301, Mhz Limit: 2301

Memory: 4k page, system-wide physical 15712M (1873M free)
TotalPageFile size 17300M (AvailPageFile size 2M)
current process WorkingSet (physical memory assigned to process): 521M, peak: 521M
current process commit charge ("private bytes"): 524M, peak: 524M

vm_info: OpenJDK 64-Bit Server VM (21.0.7+6-LTS) for windows-amd64 JRE (21.0.7+6-LTS), built on 2025-04-15T00:00:00Z by "admin" with MS VC++ 17.7 (VS2022)

END.
