#
# There is insufficient memory for the Java Runtime Environment to continue.
# Native memory allocation (malloc) failed to allocate 1048576 bytes. Error detail: AllocateHeap
# Possible reasons:
#   The system is out of physical RAM or swap space
#   This process is running with CompressedOops enabled, and the Java Heap may be blocking the growth of the native heap
# Possible solutions:
#   Reduce memory load on the system
#   Increase physical memory or swap space
#   Check if swap backing store is full
#   Decrease Java heap size (-Xmx/-Xms)
#   Decrease number of Java threads
#   Decrease Java thread stack sizes (-Xss)
#   Set larger code cache with -XX:ReservedCodeCacheSize=
#   JVM is running with Unscaled Compressed Oops mode in which the Java heap is
#     placed in the first 4GB address space. The Java Heap base address is the
#     maximum limit for the native heap growth. Please use -XX:HeapBaseMinAddress
#     to set the Java Heap base and to place the Java Heap above 4GB virtual address.
# This output file may be truncated or incomplete.
#
#  Out of Memory Error (allocation.cpp:44), pid=4500, tid=8276
#
# JRE version:  (21.0.7+6) (build )
# Java VM: OpenJDK 64-Bit Server VM (21.0.7+6-LTS, mixed mode, sharing, tiered, compressed oops, compressed class ptrs, parallel gc, windows-amd64)
# No core dump will be written. Minidumps are not enabled by default on client versions of Windows
#

---------------  S U M M A R Y ------------

Command Line: --add-modules=ALL-SYSTEM --add-opens=java.base/java.util=ALL-UNNAMED --add-opens=java.base/java.lang=ALL-UNNAMED --add-opens=java.base/sun.nio.fs=ALL-UNNAMED -Declipse.application=org.eclipse.jdt.ls.core.id1 -Dosgi.bundles.defaultStartLevel=4 -Declipse.product=org.eclipse.jdt.ls.core.product -Djava.import.generatesMetadataFilesAtProjectRoot=false -DDetectVMInstallationsJob.disabled=true -Dfile.encoding=utf8 -XX:+UseParallelGC -XX:GCTimeRatio=4 -XX:AdaptiveSizePolicyWeight=90 -Dsun.zip.disableMemoryMapping=true -Xmx1G -Xms100m -Xlog:disable -javaagent:c:\Users\pragy\.vscode\extensions\redhat.java-1.42.0-win32-x64\lombok\lombok-1.18.36.jar -XX:+HeapDumpOnOutOfMemoryError -XX:HeapDumpPath=c:\Users\pragy\AppData\Roaming\Code\User\workspaceStorage\cc99c5c5b9f10468fc12bfe29c53fb65\redhat.java -Daether.dependencyCollector.impl=bf c:\Users\pragy\.vscode\extensions\redhat.java-1.42.0-win32-x64\server\plugins\org.eclipse.equinox.launcher_1.7.0.v20250424-1814.jar -configuration c:\Users\pragy\AppData\Roaming\Code\User\globalStorage\redhat.java\1.42.0\config_win -data c:\Users\pragy\AppData\Roaming\Code\User\workspaceStorage\cc99c5c5b9f10468fc12bfe29c53fb65\redhat.java\jdt_ws --pipe=\\.\pipe\lsp-7cb538a598a720a9997e5090bfe3d87c-sock

Host: AMD Ryzen 5 5625U with Radeon Graphics         , 12 cores, 15G,  Windows 11 , 64 bit Build 22621 (10.0.22621.5413)
Time: Tue Jun 24 23:36:18 2025 India Standard Time elapsed time: 0.162976 seconds (0d 0h 0m 0s)

---------------  T H R E A D  ---------------

Current thread (0x0000024efc66b560):  JavaThread "Unknown thread" [_thread_in_vm, id=8276, stack(0x00000096ebc00000,0x00000096ebd00000) (1024K)]

Stack: [0x00000096ebc00000,0x00000096ebd00000]
Native frames: (J=compiled Java code, j=interpreted, Vv=VM code, C=native code)
V  [jvm.dll+0x6ce119]
V  [jvm.dll+0x8a84a1]
V  [jvm.dll+0x8aa9ce]
V  [jvm.dll+0x8ab0b3]
V  [jvm.dll+0x27f8a6]
V  [jvm.dll+0xbfba7]
V  [jvm.dll+0x702092]
V  [jvm.dll+0x702dcc]
V  [jvm.dll+0x6dcc63]
V  [jvm.dll+0x871dbc]
V  [jvm.dll+0x3bc47c]
V  [jvm.dll+0x85a848]
V  [jvm.dll+0x45080e]
V  [jvm.dll+0x452451]
C  [jli.dll+0x5278]
C  [ucrtbase.dll+0x29333]
C  [KERNEL32.DLL+0x1259d]
C  [ntdll.dll+0x5af78]


---------------  P R O C E S S  ---------------

Threads class SMR info:
_java_thread_list=0x0000024efc6d7cb0, length=1, elements={
0x0000024efc66b560
}

Java Threads: ( => current thread )
=>0x0000024efc66b560 JavaThread "Unknown thread"             [_thread_in_vm, id=8276, stack(0x00000096ebc00000,0x00000096ebd00000) (1024K)]
Total: 1

Other Threads:
  0x0000024eff93c580 WatcherThread "VM Periodic Task Thread"        [id=27532, stack(0x00000096ebe00000,0x00000096ebf00000) (1024K)]
  0x0000024efc68aae0 WorkerThread "GC Thread#0"                     [id=11716, stack(0x00000096ebd00000,0x00000096ebe00000) (1024K)]
Total: 2

Threads with active compile tasks:
Total: 0

VM state: not at safepoint (normal execution)

VM Mutex/Monitor currently owned by a thread: None

Heap address: 0x00000000c0000000, size: 1024 MB, Compressed Oops mode: 32-bit

CDS archive(s) mapped at: [0x0000024e91000000-0x0000024e91ba0000-0x0000024e91ba0000), size 12189696, SharedBaseAddress: 0x0000024e91000000, ArchiveRelocationMode: 1.
Compressed class space mapped at: 0x0000024e92000000-0x0000024ed2000000, reserved size: 1073741824
Narrow klass base: 0x0000024e91000000, Narrow klass shift: 0, Narrow klass range: 0x100000000

GC Precious Log:
 CardTable entry size: 512
 CPUs: 12 total, 12 available
 Memory: 15712M
 Large Page Support: Disabled
 NUMA Support: Disabled
 Compressed Oops: Enabled (32-bit)
 Alignments: Space 512K, Generation 512K, Heap 2M
 Heap Min Capacity: 100M
 Heap Initial Capacity: 100M
 Heap Max Capacity: 1G
 Pre-touch: Disabled
 Parallel Workers: 10

Heap:
 PSYoungGen      total 29696K, used 512K [0x00000000eab00000, 0x00000000ecc00000, 0x0000000100000000)
  eden space 25600K, 2% used [0x00000000eab00000,0x00000000eab80020,0x00000000ec400000)
  from space 4096K, 0% used [0x00000000ec800000,0x00000000ec800000,0x00000000ecc00000)
  to   space 4096K, 0% used [0x00000000ec400000,0x00000000ec400000,0x00000000ec800000)
 ParOldGen       total 68608K, used 0K [0x00000000c0000000, 0x00000000c4300000, 0x00000000eab00000)
  object space 68608K, 0% used [0x00000000c0000000,0x00000000c0000000,0x00000000c4300000)
 Metaspace       used 0K, committed 0K, reserved 1048576K
  class space    used 0K, committed 0K, reserved 1048576K

Card table byte_map: [0x0000024efc040000,0x0000024efc250000] _byte_map_base: 0x0000024efba40000

Marking Bits: (ParMarkBitMap*) 0x00007ffd879531f0
 Begin Bits: [0x0000024e8f000000, 0x0000024e90000000)
 End Bits:   [0x0000024e90000000, 0x0000024e91000000)

Polling page: 0x0000024efbe30000

Metaspace:

Usage:
  Non-class:      0 bytes used.
      Class:      0 bytes used.
       Both:      0 bytes used.

Virtual space:
  Non-class space:        0 bytes reserved,       0 bytes (  ?%) committed,  0 nodes.
      Class space:        1.00 GB reserved,       0 bytes (  0%) committed,  1 nodes.
             Both:        1.00 GB reserved,       0 bytes (  0%) committed. 

Chunk freelists:
   Non-Class:  0 bytes
       Class:  16.00 MB
        Both:  16.00 MB

MaxMetaspaceSize: unlimited
CompressedClassSpaceSize: 1.00 GB
Initial GC threshold: 21.00 MB
Current GC threshold: 17179869184.00 GB
CDS: on
 - commit_granule_bytes: 65536.
 - commit_granule_words: 8192.
 - virtual_space_node_default_size: 8388608.
 - enlarge_chunks_in_place: 1.
 - use_allocation_guard: 0.


Internal statistics:

num_allocs_failed_limit: 0.
num_arena_births: 0.
num_arena_deaths: 0.
num_vsnodes_births: 1.
num_vsnodes_deaths: 0.
num_space_committed: 0.
num_space_uncommitted: 0.
num_chunks_returned_to_freelist: 0.
num_chunks_taken_from_freelist: 1.
num_chunk_merges: 0.
num_chunk_splits: 1.
num_chunks_enlarged: 0.
num_inconsistent_stats: 0.

CodeHeap 'non-profiled nmethods': size=120000Kb used=0Kb max_used=0Kb free=120000Kb
 bounds [0x0000024e87ad0000, 0x0000024e87d40000, 0x0000024e8f000000]
CodeHeap 'profiled nmethods': size=120000Kb used=0Kb max_used=0Kb free=120000Kb
 bounds [0x0000024e80000000, 0x0000024e80270000, 0x0000024e87530000]
CodeHeap 'non-nmethods': size=5760Kb used=194Kb max_used=342Kb free=5565Kb
 bounds [0x0000024e87530000, 0x0000024e877a0000, 0x0000024e87ad0000]
 total_blobs=70 nmethods=0 adapters=48
 compilation: enabled
              stopped_count=0, restarted_count=0
 full_count=0

Compilation events (0 events):
No events

GC Heap History (0 events):
No events

Dll operation events (1 events):
Event: 0.068 Loaded shared library c:\Users\pragy\.vscode\extensions\redhat.java-1.42.0-win32-x64\jre\21.0.7-win32-x86_64\bin\java.dll

Deoptimization events (0 events):
No events

Classes loaded (0 events):
No events

Classes unloaded (0 events):
No events

Classes redefined (0 events):
No events

Internal exceptions (0 events):
No events

ZGC Phase Switch (0 events):
No events

VM Operations (0 events):
No events

Memory protections (0 events):
No events

Nmethod flushes (0 events):
No events

Events (1 events):
Event: 0.142 Thread 0x0000024efc66b560 Thread added: 0x0000024efc66b560


Dynamic libraries:
0x00007ff6d2720000 - 0x00007ff6d272e000 	c:\Users\pragy\.vscode\extensions\redhat.java-1.42.0-win32-x64\jre\21.0.7-win32-x86_64\bin\java.exe
0x00007ffe2fc70000 - 0x00007ffe2fe87000 	C:\windows\SYSTEM32\ntdll.dll
0x00007ffe2f730000 - 0x00007ffe2f7f4000 	C:\windows\System32\KERNEL32.DLL
0x00007ffe2cd60000 - 0x00007ffe2d132000 	C:\windows\System32\KERNELBASE.dll
0x00007ffe2d7e0000 - 0x00007ffe2d8f1000 	C:\windows\System32\ucrtbase.dll
0x00007ffe120c0000 - 0x00007ffe120d8000 	c:\Users\pragy\.vscode\extensions\redhat.java-1.42.0-win32-x64\jre\21.0.7-win32-x86_64\bin\jli.dll
0x00007ffe0ddf0000 - 0x00007ffe0de0e000 	c:\Users\pragy\.vscode\extensions\redhat.java-1.42.0-win32-x64\jre\21.0.7-win32-x86_64\bin\VCRUNTIME140.dll
0x00007ffe2edc0000 - 0x00007ffe2ef71000 	C:\windows\System32\USER32.dll
0x00007ffe2d140000 - 0x00007ffe2d166000 	C:\windows\System32\win32u.dll
0x00007ffe10c40000 - 0x00007ffe10edb000 	C:\windows\WinSxS\amd64_microsoft.windows.common-controls_6595b64144ccf1df_6.0.22621.5413_none_270da5617387a498\COMCTL32.dll
0x00007ffe2db70000 - 0x00007ffe2db99000 	C:\windows\System32\GDI32.dll
0x00007ffe2f310000 - 0x00007ffe2f3b7000 	C:\windows\System32\msvcrt.dll
0x00007ffe2d6b0000 - 0x00007ffe2d7d3000 	C:\windows\System32\gdi32full.dll
0x00007ffe2d610000 - 0x00007ffe2d6aa000 	C:\windows\System32\msvcp_win.dll
0x00007ffe2fbd0000 - 0x00007ffe2fc01000 	C:\windows\System32\IMM32.DLL
0x00007ffe174a0000 - 0x00007ffe174ac000 	c:\Users\pragy\.vscode\extensions\redhat.java-1.42.0-win32-x64\jre\21.0.7-win32-x86_64\bin\vcruntime140_1.dll
0x00007ffdaec90000 - 0x00007ffdaed1d000 	c:\Users\pragy\.vscode\extensions\redhat.java-1.42.0-win32-x64\jre\21.0.7-win32-x86_64\bin\msvcp140.dll
0x00007ffd86ca0000 - 0x00007ffd87a30000 	c:\Users\pragy\.vscode\extensions\redhat.java-1.42.0-win32-x64\jre\21.0.7-win32-x86_64\bin\server\jvm.dll
0x00007ffe2fa90000 - 0x00007ffe2fb41000 	C:\windows\System32\ADVAPI32.dll
0x00007ffe2ef80000 - 0x00007ffe2f028000 	C:\windows\System32\sechost.dll
0x00007ffe2d4e0000 - 0x00007ffe2d508000 	C:\windows\System32\bcrypt.dll
0x00007ffe2f4b0000 - 0x00007ffe2f5c4000 	C:\windows\System32\RPCRT4.dll
0x00007ffe2da60000 - 0x00007ffe2dad1000 	C:\windows\System32\WS2_32.dll
0x00007ffe2c620000 - 0x00007ffe2c66d000 	C:\windows\SYSTEM32\POWRPROF.dll
0x00007ffe24730000 - 0x00007ffe2473a000 	C:\windows\SYSTEM32\VERSION.dll
0x00007ffe283b0000 - 0x00007ffe283e4000 	C:\windows\SYSTEM32\WINMM.dll
0x00007ffe2c600000 - 0x00007ffe2c613000 	C:\windows\SYSTEM32\UMPDC.dll
0x00007ffe2bd50000 - 0x00007ffe2bd68000 	C:\windows\SYSTEM32\kernel.appcore.dll
0x00007ffe11dc0000 - 0x00007ffe11dca000 	c:\Users\pragy\.vscode\extensions\redhat.java-1.42.0-win32-x64\jre\21.0.7-win32-x86_64\bin\jimage.dll
0x00007ffe2a820000 - 0x00007ffe2aa52000 	C:\windows\SYSTEM32\DBGHELP.DLL
0x00007ffe2e040000 - 0x00007ffe2e3d3000 	C:\windows\System32\combase.dll
0x00007ffe2f9b0000 - 0x00007ffe2fa87000 	C:\windows\System32\OLEAUT32.dll
0x00007ffe10360000 - 0x00007ffe10392000 	C:\windows\SYSTEM32\dbgcore.DLL
0x00007ffe2d590000 - 0x00007ffe2d60b000 	C:\windows\System32\bcryptPrimitives.dll
0x00007ffe11ce0000 - 0x00007ffe11cef000 	c:\Users\pragy\.vscode\extensions\redhat.java-1.42.0-win32-x64\jre\21.0.7-win32-x86_64\bin\instrument.dll
0x00007ffe05450000 - 0x00007ffe0546f000 	c:\Users\pragy\.vscode\extensions\redhat.java-1.42.0-win32-x64\jre\21.0.7-win32-x86_64\bin\java.dll

dbghelp: loaded successfully - version: 4.0.5 - missing functions: none
symbol engine: initialized successfully - sym options: 0x614 - pdb path: .;c:\Users\pragy\.vscode\extensions\redhat.java-1.42.0-win32-x64\jre\21.0.7-win32-x86_64\bin;C:\windows\SYSTEM32;C:\windows\WinSxS\amd64_microsoft.windows.common-controls_6595b64144ccf1df_6.0.22621.5413_none_270da5617387a498;c:\Users\pragy\.vscode\extensions\redhat.java-1.42.0-win32-x64\jre\21.0.7-win32-x86_64\bin\server

VM Arguments:
jvm_args: --add-modules=ALL-SYSTEM --add-opens=java.base/java.util=ALL-UNNAMED --add-opens=java.base/java.lang=ALL-UNNAMED --add-opens=java.base/sun.nio.fs=ALL-UNNAMED -Declipse.application=org.eclipse.jdt.ls.core.id1 -Dosgi.bundles.defaultStartLevel=4 -Declipse.product=org.eclipse.jdt.ls.core.product -Djava.import.generatesMetadataFilesAtProjectRoot=false -DDetectVMInstallationsJob.disabled=true -Dfile.encoding=utf8 -XX:+UseParallelGC -XX:GCTimeRatio=4 -XX:AdaptiveSizePolicyWeight=90 -Dsun.zip.disableMemoryMapping=true -Xmx1G -Xms100m -Xlog:disable -javaagent:c:\Users\pragy\.vscode\extensions\redhat.java-1.42.0-win32-x64\lombok\lombok-1.18.36.jar -XX:+HeapDumpOnOutOfMemoryError -XX:HeapDumpPath=c:\Users\pragy\AppData\Roaming\Code\User\workspaceStorage\cc99c5c5b9f10468fc12bfe29c53fb65\redhat.java -Daether.dependencyCollector.impl=bf 
java_command: c:\Users\pragy\.vscode\extensions\redhat.java-1.42.0-win32-x64\server\plugins\org.eclipse.equinox.launcher_1.7.0.v20250424-1814.jar -configuration c:\Users\pragy\AppData\Roaming\Code\User\globalStorage\redhat.java\1.42.0\config_win -data c:\Users\pragy\AppData\Roaming\Code\User\workspaceStorage\cc99c5c5b9f10468fc12bfe29c53fb65\redhat.java\jdt_ws --pipe=\\.\pipe\lsp-7cb538a598a720a9997e5090bfe3d87c-sock
java_class_path (initial): c:\Users\pragy\.vscode\extensions\redhat.java-1.42.0-win32-x64\server\plugins\org.eclipse.equinox.launcher_1.7.0.v20250424-1814.jar
Launcher Type: SUN_STANDARD

[Global flags]
    uintx AdaptiveSizePolicyWeight                 = 90                                        {product} {command line}
     intx CICompilerCount                          = 4                                         {product} {ergonomic}
    uintx GCTimeRatio                              = 4                                         {product} {command line}
     bool HeapDumpOnOutOfMemoryError               = true                                   {manageable} {command line}
    ccstr HeapDumpPath                             = c:\Users\pragy\AppData\Roaming\Code\User\workspaceStorage\cc99c5c5b9f10468fc12bfe29c53fb65\redhat.java         {manageable} {command line}
   size_t InitialHeapSize                          = 104857600                                 {product} {command line}
   size_t MaxHeapSize                              = 1073741824                                {product} {command line}
   size_t MaxNewSize                               = 357564416                                 {product} {ergonomic}
   size_t MinHeapDeltaBytes                        = 524288                                    {product} {ergonomic}
   size_t MinHeapSize                              = 104857600                                 {product} {command line}
   size_t NewSize                                  = 34603008                                  {product} {ergonomic}
    uintx NonNMethodCodeHeapSize                   = 5839372                                {pd product} {ergonomic}
    uintx NonProfiledCodeHeapSize                  = 122909434                              {pd product} {ergonomic}
   size_t OldSize                                  = 70254592                                  {product} {ergonomic}
    uintx ProfiledCodeHeapSize                     = 122909434                              {pd product} {ergonomic}
    uintx ReservedCodeCacheSize                    = 251658240                              {pd product} {ergonomic}
     bool SegmentedCodeCache                       = true                                      {product} {ergonomic}
   size_t SoftMaxHeapSize                          = 1073741824                             {manageable} {ergonomic}
     bool UseCompressedOops                        = true                           {product lp64_product} {ergonomic}
     bool UseLargePagesIndividualAllocation        = false                                  {pd product} {ergonomic}
     bool UseParallelGC                            = true                                      {product} {command line}

Logging:
Log output configuration:
 #0: stdout all=off uptime,level,tags foldmultilines=false
 #1: stderr all=off uptime,level,tags foldmultilines=false

Environment Variables:
PATH=C:\Program Files\Common Files\Oracle\Java\javapath;C:\windows\system32;C:\windows;C:\windows\System32\Wbem;C:\windows\System32\WindowsPowerShell\v1.0\;C:\windows\System32\OpenSSH\;C:\Program Files\nodejs\;C:\Program Files\Git\cmd;C:\Program Files\Git\mingw64\bin;C:\Program Files\Git\usr\bin;C:\Users\pragy\AppData\Local\Microsoft\WindowsApps;C:\MinGW\bin;C:\Program Files\JetBrains\IntelliJ IDEA Community Edition 2023.2.1\java\IntelliJ IDEA Community Edition 2023.2.1\bin;C:\MinGW\bin;;C:\Users\pragy\AppData\Local\Programs\Microsoft VS Code\bin;C:\Users\pragy\AppData\Roaming\npm
USERNAME=pragy
OS=Windows_NT
PROCESSOR_IDENTIFIER=AMD64 Family 25 Model 80 Stepping 0, AuthenticAMD
TMP=C:\Users\pragy\AppData\Local\Temp
TEMP=C:\Users\pragy\AppData\Local\Temp




Periodic native trim disabled

---------------  S Y S T E M  ---------------

OS:
 Windows 11 , 64 bit Build 22621 (10.0.22621.5413)
OS uptime: 0 days 11:49 hours
Hyper-V role detected

CPU: total 12 (initial active 12) (12 cores per cpu, 2 threads per core) family 25 model 80 stepping 0 microcode 0x0, cx8, cmov, fxsr, ht, mmx, 3dnowpref, sse, sse2, sse3, ssse3, sse4a, sse4.1, sse4.2, popcnt, lzcnt, tsc, tscinvbit, avx, avx2, aes, erms, clmul, bmi1, bmi2, adx, sha, fma, vzeroupper, clflush, clflushopt, hv, rdtscp, rdpid, fsrm, f16c, cet_ss
Processor Information for the first 12 processors :
  Max Mhz: 2301, Current Mhz: 2301, Mhz Limit: 2301

Memory: 4k page, system-wide physical 15712M (4567M free)
TotalPageFile size 16570M (AvailPageFile size 18M)
current process WorkingSet (physical memory assigned to process): 25M, peak: 25M
current process commit charge ("private bytes"): 158M, peak: 159M

vm_info: OpenJDK 64-Bit Server VM (21.0.7+6-LTS) for windows-amd64 JRE (21.0.7+6-LTS), built on 2025-04-15T00:00:00Z by "admin" with MS VC++ 17.7 (VS2022)

END.
