#
# There is insufficient memory for the Java Runtime Environment to continue.
# Native memory allocation (malloc) failed to allocate 32744 bytes. Error detail: Chunk::new
# Possible reasons:
#   The system is out of physical RAM or swap space
#   This process is running with CompressedOops enabled, and the Java Heap may be blocking the growth of the native heap
# Possible solutions:
#   Reduce memory load on the system
#   Increase physical memory or swap space
#   Check if swap backing store is full
#   Decrease Java heap size (-Xmx/-Xms)
#   Decrease number of Java threads
#   Decrease Java thread stack sizes (-Xss)
#   Set larger code cache with -XX:ReservedCodeCacheSize=
#   JVM is running with Unscaled Compressed Oops mode in which the Java heap is
#     placed in the first 4GB address space. The Java Heap base address is the
#     maximum limit for the native heap growth. Please use -XX:HeapBaseMinAddress
#     to set the Java Heap base and to place the Java Heap above 4GB virtual address.
# This output file may be truncated or incomplete.
#
#  Out of Memory Error (arena.cpp:168), pid=28384, tid=28848
#
# JRE version: OpenJDK Runtime Environment Temurin-21.0.8+9 (21.0.8+9) (build 21.0.8+9-LTS)
# Java VM: OpenJDK 64-Bit Server VM Temurin-21.0.8+9 (21.0.8+9-LTS, mixed mode, sharing, tiered, compressed oops, compressed class ptrs, parallel gc, windows-amd64)
# No core dump will be written. Minidumps are not enabled by default on client versions of Windows
#

---------------  S U M M A R Y ------------

Command Line: --add-modules=ALL-SYSTEM --add-opens=java.base/java.util=ALL-UNNAMED --add-opens=java.base/java.lang=ALL-UNNAMED --add-opens=java.base/sun.nio.fs=ALL-UNNAMED -Declipse.application=org.eclipse.jdt.ls.core.id1 -Dosgi.bundles.defaultStartLevel=4 -Declipse.product=org.eclipse.jdt.ls.core.product -Djava.import.generatesMetadataFilesAtProjectRoot=false -DDetectVMInstallationsJob.disabled=true -Dfile.encoding=utf8 -XX:+UseParallelGC -XX:GCTimeRatio=4 -XX:AdaptiveSizePolicyWeight=90 -Dsun.zip.disableMemoryMapping=true -Xmx2G -Xms100m -Xlog:disable -javaagent:c:\Users\pragy\.vscode\extensions\redhat.java-1.44.0-win32-x64\lombok\lombok-1.18.39-4050.jar -XX:+HeapDumpOnOutOfMemoryError -XX:HeapDumpPath=c:\Users\pragy\AppData\Roaming\Code\User\workspaceStorage\cc99c5c5b9f10468fc12bfe29c53fb65\redhat.java -Daether.dependencyCollector.impl=bf c:\Users\pragy\.vscode\extensions\redhat.java-1.44.0-win32-x64\server\plugins\org.eclipse.equinox.launcher_1.7.0.v20250519-0528.jar -configuration c:\Users\pragy\AppData\Roaming\Code\User\globalStorage\redhat.java\1.44.0\config_win -data c:\Users\pragy\AppData\Roaming\Code\User\workspaceStorage\cc99c5c5b9f10468fc12bfe29c53fb65\redhat.java\jdt_ws --pipe=\\.\pipe\lsp-5ce9f4c54178e570036016cdbf3bb37f-sock

Host: AMD Ryzen 5 5625U with Radeon Graphics         , 12 cores, 15G,  Windows 11 , 64 bit Build 22621 (10.0.22621.5415)
Time: Sat Aug 16 20:24:27 2025 India Standard Time elapsed time: 0.571218 seconds (0d 0h 0m 0s)

---------------  T H R E A D  ---------------

Current thread (0x000001b2dd33eff0):  JavaThread "C2 CompilerThread0" daemon [_thread_in_native, id=28848, stack(0x00000071db400000,0x00000071db500000) (1024K)]


Current CompileTask:
C2:571  653       4       lombok.patcher.scripts.MethodLevelPatchScript::patch (21 bytes)

Stack: [0x00000071db400000,0x00000071db500000]
Native frames: (J=compiled Java code, j=interpreted, Vv=VM code, C=native code)
V  [jvm.dll+0x6d2449]
V  [jvm.dll+0x8ae341]
V  [jvm.dll+0x8b08be]
V  [jvm.dll+0x8b0fa3]
V  [jvm.dll+0x280c96]
V  [jvm.dll+0xc581d]
V  [jvm.dll+0xc5d53]
V  [jvm.dll+0x65adbb]
V  [jvm.dll+0x65af5f]
V  [jvm.dll+0x660a09]
V  [jvm.dll+0x6619f6]
V  [jvm.dll+0x65fd8e]
V  [jvm.dll+0x248d55]
V  [jvm.dll+0x2484af]
V  [jvm.dll+0x1c89ee]
V  [jvm.dll+0x257d4d]
V  [jvm.dll+0x2562ea]
V  [jvm.dll+0x3f2d16]
V  [jvm.dll+0x857e6b]
V  [jvm.dll+0x6d0b0d]
C  [ucrtbase.dll+0x29333]
C  [KERNEL32.DLL+0x1259d]
C  [ntdll.dll+0x5af78]


---------------  P R O C E S S  ---------------

Threads class SMR info:
_java_thread_list=0x000001b2dd6e0c40, length=13, elements={
0x000001b2838ae8d0, 0x000001b29a34e620, 0x000001b2dd334f30, 0x000001b2dd3371d0,
0x000001b2dd3380e0, 0x000001b2dd33a890, 0x000001b2dd33bed0, 0x000001b2dd33eff0,
0x000001b2dd343c70, 0x000001b2dd448120, 0x000001b2dd59ae60, 0x000001b2dd58eb70,
0x000001b2dd6e5cf0
}

Java Threads: ( => current thread )
  0x000001b2838ae8d0 JavaThread "main"                              [_thread_in_vm, id=28720, stack(0x00000071daa00000,0x00000071dab00000) (1024K)]
  0x000001b29a34e620 JavaThread "Reference Handler"          daemon [_thread_blocked, id=28824, stack(0x00000071dae00000,0x00000071daf00000) (1024K)]
  0x000001b2dd334f30 JavaThread "Finalizer"                  daemon [_thread_blocked, id=28828, stack(0x00000071daf00000,0x00000071db000000) (1024K)]
  0x000001b2dd3371d0 JavaThread "Signal Dispatcher"          daemon [_thread_blocked, id=28832, stack(0x00000071db000000,0x00000071db100000) (1024K)]
  0x000001b2dd3380e0 JavaThread "Attach Listener"            daemon [_thread_blocked, id=28836, stack(0x00000071db100000,0x00000071db200000) (1024K)]
  0x000001b2dd33a890 JavaThread "Service Thread"             daemon [_thread_blocked, id=28840, stack(0x00000071db200000,0x00000071db300000) (1024K)]
  0x000001b2dd33bed0 JavaThread "Monitor Deflation Thread"   daemon [_thread_blocked, id=28844, stack(0x00000071db300000,0x00000071db400000) (1024K)]
=>0x000001b2dd33eff0 JavaThread "C2 CompilerThread0"         daemon [_thread_in_native, id=28848, stack(0x00000071db400000,0x00000071db500000) (1024K)]
  0x000001b2dd343c70 JavaThread "C1 CompilerThread0"         daemon [_thread_blocked, id=28852, stack(0x00000071db500000,0x00000071db600000) (1024K)]
  0x000001b2dd448120 JavaThread "Common-Cleaner"             daemon [_thread_blocked, id=28892, stack(0x00000071db600000,0x00000071db700000) (1024K)]
  0x000001b2dd59ae60 JavaThread "C2 CompilerThread1"         daemon [_thread_in_native, id=29132, stack(0x00000071db700000,0x00000071db800000) (1024K)]
  0x000001b2dd58eb70 JavaThread "Notification Thread"        daemon [_thread_blocked, id=29472, stack(0x00000071db800000,0x00000071db900000) (1024K)]
  0x000001b2dd6e5cf0 JavaThread "C2 CompilerThread2"         daemon [_thread_in_native, id=28748, stack(0x00000071db900000,0x00000071dba00000) (1024K)]
Total: 13

Other Threads:
  0x000001b29a335b50 VMThread "VM Thread"                           [id=28792, stack(0x00000071dad00000,0x00000071dae00000) (1024K)]
  0x000001b29a22ca00 WatcherThread "VM Periodic Task Thread"        [id=28780, stack(0x00000071dac00000,0x00000071dad00000) (1024K)]
  0x000001b2838cdaa0 WorkerThread "GC Thread#0"                     [id=28760, stack(0x00000071dab00000,0x00000071dac00000) (1024K)]
Total: 3

Threads with active compile tasks:
C2 CompilerThread0  605  653       4       lombok.patcher.scripts.MethodLevelPatchScript::patch (21 bytes)
C2 CompilerThread1  605  731       4       java.util.HashSet::iterator (13 bytes)
C2 CompilerThread2  605  694       4       java.util.Collections$UnmodifiableCollection::iterator (9 bytes)
Total: 3

VM state: not at safepoint (normal execution)

VM Mutex/Monitor currently owned by a thread:  ([mutex/lock_event])
[0x00007ffd96e63458] Metaspace_lock - owner thread: 0x000001b2838ae8d0

Heap address: 0x0000000080000000, size: 2048 MB, Compressed Oops mode: 32-bit

CDS archive(s) mapped at: [0x000001b29b000000-0x000001b29bba0000-0x000001b29bba0000), size 12189696, SharedBaseAddress: 0x000001b29b000000, ArchiveRelocationMode: 1.
Compressed class space mapped at: 0x000001b29c000000-0x000001b2dc000000, reserved size: 1073741824
Narrow klass base: 0x000001b29b000000, Narrow klass shift: 0, Narrow klass range: 0x100000000

GC Precious Log:
 CardTable entry size: 512
 CPUs: 12 total, 12 available
 Memory: 15712M
 Large Page Support: Disabled
 NUMA Support: Disabled
 Compressed Oops: Enabled (32-bit)
 Alignments: Space 512K, Generation 512K, Heap 2M
 Heap Min Capacity: 100M
 Heap Initial Capacity: 100M
 Heap Max Capacity: 2G
 Pre-touch: Disabled
 Parallel Workers: 10

Heap:
 PSYoungGen      total 29696K, used 15572K [0x00000000d5580000, 0x00000000d7680000, 0x0000000100000000)
  eden space 25600K, 60% used [0x00000000d5580000,0x00000000d64b5368,0x00000000d6e80000)
  from space 4096K, 0% used [0x00000000d7280000,0x00000000d7280000,0x00000000d7680000)
  to   space 4096K, 0% used [0x00000000d6e80000,0x00000000d6e80000,0x00000000d7280000)
 ParOldGen       total 68608K, used 0K [0x0000000080000000, 0x0000000084300000, 0x00000000d5580000)
  object space 68608K, 0% used [0x0000000080000000,0x0000000080000000,0x0000000084300000)
 Metaspace       used 3009K, committed 3136K, reserved 1114112K
  class space    used 308K, committed 384K, reserved 1048576K

Card table byte_map: [0x000001b283280000,0x000001b283690000] _byte_map_base: 0x000001b282e80000

Marking Bits: (ParMarkBitMap*) 0x00007ffd96e6a340
 Begin Bits: [0x000001b295d50000, 0x000001b297d50000)
 End Bits:   [0x000001b297d50000, 0x000001b299d50000)

Polling page: 0x000001b283070000

Metaspace:

Usage:
  Non-class:      2.64 MB used.
      Class:    308.12 KB used.
       Both:      2.94 MB used.

Virtual space:
  Non-class space:       64.00 MB reserved,       2.69 MB (  4%) committed,  1 nodes.
      Class space:        1.00 GB reserved,     384.00 KB ( <1%) committed,  1 nodes.
             Both:        1.06 GB reserved,       3.06 MB ( <1%) committed. 

Chunk freelists:
   Non-Class:  11.57 MB
       Class:  15.66 MB
        Both:  27.23 MB

MaxMetaspaceSize: unlimited
CompressedClassSpaceSize: 1.00 GB
Initial GC threshold: 21.00 MB
Current GC threshold: 21.00 MB
CDS: on
 - commit_granule_bytes: 65536.
 - commit_granule_words: 8192.
 - virtual_space_node_default_size: 8388608.
 - enlarge_chunks_in_place: 1.
 - use_allocation_guard: 0.


Internal statistics:

num_allocs_failed_limit: 0.
num_arena_births: 84.
num_arena_deaths: 0.
num_vsnodes_births: 2.
num_vsnodes_deaths: 0.
num_space_committed: 49.
num_space_uncommitted: 0.
num_chunks_returned_to_freelist: 0.
num_chunks_taken_from_freelist: 112.
num_chunk_merges: 0.
num_chunk_splits: 77.
num_chunks_enlarged: 48.
num_inconsistent_stats: 0.

CodeHeap 'non-profiled nmethods': size=120000Kb used=263Kb max_used=263Kb free=119736Kb
 bounds [0x000001b28e570000, 0x000001b28e7e0000, 0x000001b295aa0000]
CodeHeap 'profiled nmethods': size=120000Kb used=1143Kb max_used=1143Kb free=118856Kb
 bounds [0x000001b286aa0000, 0x000001b286d10000, 0x000001b28dfd0000]
CodeHeap 'non-nmethods': size=5760Kb used=1185Kb max_used=1203Kb free=4574Kb
 bounds [0x000001b28dfd0000, 0x000001b28e240000, 0x000001b28e570000]
CodeCache: size=245760Kb, used=2591Kb, max_used=2609Kb, free=243166Kb
 total_blobs=1182, nmethods=740, adapters=349, full_count=0
Compilation: enabled, stopped_count=0, restarted_count=0

Compilation events (20 events):
Event: 0.559 Thread 0x000001b2dd343c70 nmethod 717 0x000001b28e5aeb10 code [0x000001b28e5aeca0, 0x000001b28e5aed48]
Event: 0.559 Thread 0x000001b2dd343c70  718       3       java.lang.invoke.VarHandleGuards::guard_LI_I (78 bytes)
Event: 0.560 Thread 0x000001b2dd343c70 nmethod 718 0x000001b286ba7810 code [0x000001b286ba7b40, 0x000001b286ba9310]
Event: 0.560 Thread 0x000001b2dd343c70  720       3       java.lang.invoke.VarForm::getMemberName (31 bytes)
Event: 0.560 Thread 0x000001b2dd343c70 nmethod 720 0x000001b286ba9a10 code [0x000001b286ba9be0, 0x000001b286ba9e70]
Event: 0.560 Thread 0x000001b2dd343c70  721       3       java.lang.invoke.VarHandleByteArrayAsInts$ArrayHandle::index (12 bytes)
Event: 0.561 Thread 0x000001b2dd343c70 nmethod 721 0x000001b286ba9f90 code [0x000001b286baa140, 0x000001b286baa288]
Event: 0.561 Thread 0x000001b2dd343c70  722       3       java.lang.invoke.VarHandle::checkAccessModeThenIsDirect (29 bytes)
Event: 0.561 Thread 0x000001b2dd6e5cf0 nmethod 691 0x000001b28e5af110 code [0x000001b28e5af2c0, 0x000001b28e5af650]
Event: 0.561 Thread 0x000001b2dd6e5cf0  698       4       java.lang.Integer::rotateRight (9 bytes)
Event: 0.561 Thread 0x000001b2dd6e5cf0 nmethod 698 0x000001b28e5af810 code [0x000001b28e5af980, 0x000001b28e5af9f0]
Event: 0.561 Thread 0x000001b2dd343c70 nmethod 722 0x000001b286baa390 code [0x000001b286baa5a0, 0x000001b286baae08]
Event: 0.561 Thread 0x000001b2dd6e5cf0  725       4       java.math.BigInteger::implMulAdd (81 bytes)
Event: 0.561 Thread 0x000001b2dd343c70  719       3       java.lang.invoke.VarHandleByteArrayAsInts$ArrayHandle::get (36 bytes)
Event: 0.561 Thread 0x000001b2dd343c70 nmethod 719 0x000001b286bab110 code [0x000001b286bab2e0, 0x000001b286bab6b8]
Event: 0.561 Thread 0x000001b2dd343c70  723       3       java.lang.invoke.VarHandle::accessModeType (41 bytes)
Event: 0.562 Thread 0x000001b2dd343c70 nmethod 723 0x000001b286bab890 code [0x000001b286baba80, 0x000001b286bac1b0]
Event: 0.566 Thread 0x000001b2dd6e5cf0 nmethod 725 0x000001b28e5afb10 code [0x000001b28e5afca0, 0x000001b28e5afef0]
Event: 0.566 Thread 0x000001b2dd6e5cf0  694       4       java.util.Collections$UnmodifiableCollection::iterator (9 bytes)
Event: 0.567 Thread 0x000001b2dd343c70  729   !   3       java.lang.String::<init> (890 bytes)

GC Heap History (0 events):
No events

Dll operation events (8 events):
Event: 0.013 Loaded shared library c:\Users\pragy\.vscode\extensions\redhat.java-1.44.0-win32-x64\jre\21.0.8-win32-x86_64\bin\java.dll
Event: 0.089 Loaded shared library c:\Users\pragy\.vscode\extensions\redhat.java-1.44.0-win32-x64\jre\21.0.8-win32-x86_64\bin\zip.dll
Event: 0.110 Loaded shared library C:\Users\pragy\.vscode\extensions\redhat.java-1.44.0-win32-x64\jre\21.0.8-win32-x86_64\bin\instrument.dll
Event: 0.116 Loaded shared library C:\Users\pragy\.vscode\extensions\redhat.java-1.44.0-win32-x64\jre\21.0.8-win32-x86_64\bin\net.dll
Event: 0.119 Loaded shared library C:\Users\pragy\.vscode\extensions\redhat.java-1.44.0-win32-x64\jre\21.0.8-win32-x86_64\bin\nio.dll
Event: 0.136 Loaded shared library C:\Users\pragy\.vscode\extensions\redhat.java-1.44.0-win32-x64\jre\21.0.8-win32-x86_64\bin\zip.dll
Event: 0.157 Loaded shared library C:\Users\pragy\.vscode\extensions\redhat.java-1.44.0-win32-x64\jre\21.0.8-win32-x86_64\bin\jimage.dll
Event: 0.253 Loaded shared library c:\Users\pragy\.vscode\extensions\redhat.java-1.44.0-win32-x64\jre\21.0.8-win32-x86_64\bin\verify.dll

Deoptimization events (20 events):
Event: 0.564 Thread 0x000001b2838ae8d0 DEOPT PACKING pc=0x000001b286ba0904 sp=0x00000071daafd710
Event: 0.564 Thread 0x000001b2838ae8d0 DEOPT UNPACKING pc=0x000001b28e024242 sp=0x00000071daafcb68 mode 0
Event: 0.564 Thread 0x000001b2838ae8d0 DEOPT PACKING pc=0x000001b286ba0904 sp=0x00000071daafd680
Event: 0.564 Thread 0x000001b2838ae8d0 DEOPT UNPACKING pc=0x000001b28e024242 sp=0x00000071daafcad8 mode 0
Event: 0.564 Thread 0x000001b2838ae8d0 DEOPT PACKING pc=0x000001b286ba0904 sp=0x00000071daafd710
Event: 0.564 Thread 0x000001b2838ae8d0 DEOPT UNPACKING pc=0x000001b28e024242 sp=0x00000071daafcb68 mode 0
Event: 0.564 Thread 0x000001b2838ae8d0 DEOPT PACKING pc=0x000001b286ba0904 sp=0x00000071daafd710
Event: 0.564 Thread 0x000001b2838ae8d0 DEOPT UNPACKING pc=0x000001b28e024242 sp=0x00000071daafcb68 mode 0
Event: 0.564 Thread 0x000001b2838ae8d0 DEOPT PACKING pc=0x000001b286ba0904 sp=0x00000071daafd680
Event: 0.564 Thread 0x000001b2838ae8d0 DEOPT UNPACKING pc=0x000001b28e024242 sp=0x00000071daafcad8 mode 0
Event: 0.564 Thread 0x000001b2838ae8d0 DEOPT PACKING pc=0x000001b286ba0904 sp=0x00000071daafd710
Event: 0.564 Thread 0x000001b2838ae8d0 DEOPT UNPACKING pc=0x000001b28e024242 sp=0x00000071daafcb68 mode 0
Event: 0.565 Thread 0x000001b2838ae8d0 DEOPT PACKING pc=0x000001b286ba0904 sp=0x00000071daafd710
Event: 0.565 Thread 0x000001b2838ae8d0 DEOPT UNPACKING pc=0x000001b28e024242 sp=0x00000071daafcb68 mode 0
Event: 0.565 Thread 0x000001b2838ae8d0 DEOPT PACKING pc=0x000001b286ba0904 sp=0x00000071daafd680
Event: 0.565 Thread 0x000001b2838ae8d0 DEOPT UNPACKING pc=0x000001b28e024242 sp=0x00000071daafcad8 mode 0
Event: 0.565 Thread 0x000001b2838ae8d0 DEOPT PACKING pc=0x000001b286ba0904 sp=0x00000071daafd710
Event: 0.565 Thread 0x000001b2838ae8d0 DEOPT UNPACKING pc=0x000001b28e024242 sp=0x00000071daafcb68 mode 0
Event: 0.565 Thread 0x000001b2838ae8d0 DEOPT PACKING pc=0x000001b286ba0904 sp=0x00000071daafd710
Event: 0.565 Thread 0x000001b2838ae8d0 DEOPT UNPACKING pc=0x000001b28e024242 sp=0x00000071daafcb68 mode 0

Classes loaded (20 events):
Event: 0.557 Loading class sun/security/timestamp/TimestampToken
Event: 0.557 Loading class sun/security/timestamp/TimestampToken done
Event: 0.558 Loading class java/security/Timestamp
Event: 0.558 Loading class java/security/Timestamp done
Event: 0.567 Loading class java/security/CodeSigner
Event: 0.567 Loading class java/security/CodeSigner done
Event: 0.567 Loading class sun/security/util/JarConstraintsParameters
Event: 0.567 Loading class sun/security/util/ConstraintsParameters
Event: 0.567 Loading class sun/security/util/ConstraintsParameters done
Event: 0.567 Loading class sun/security/util/JarConstraintsParameters done
Event: 0.568 Loading class java/security/interfaces/ECKey
Event: 0.568 Loading class java/security/interfaces/ECKey done
Event: 0.568 Loading class java/security/interfaces/XECKey
Event: 0.568 Loading class java/security/interfaces/XECKey done
Event: 0.568 Loading class sun/security/util/KeyUtil
Event: 0.568 Loading class sun/security/util/KeyUtil done
Event: 0.568 Loading class sun/security/util/Length
Event: 0.568 Loading class sun/security/util/Length done
Event: 0.568 Loading class javax/crypto/SecretKey
Event: 0.569 Loading class javax/crypto/SecretKey done

Classes unloaded (0 events):
No events

Classes redefined (0 events):
No events

Internal exceptions (12 events):
Event: 0.085 Thread 0x000001b2838ae8d0 Exception <a 'java/lang/NoSuchMethodError'{0x00000000d57aa0d0}: 'void java.lang.invoke.DirectMethodHandle$Holder.invokeStatic(java.lang.Object, java.lang.Object, java.lang.Object)'> (0x00000000d57aa0d0) 
thrown [s\src\hotspot\share\interpreter\linkResolver.cpp, line 773]
Event: 0.150 Thread 0x000001b2838ae8d0 Exception <a 'java/lang/NoSuchMethodError'{0x00000000d5912400}: 'java.lang.Object java.lang.invoke.Invokers$Holder.invokeExact_MT(java.lang.Object, java.lang.Object, java.lang.Object, java.lang.Object, java.lang.Object)'> (0x00000000d5912400) 
thrown [s\src\hotspot\share\interpreter\linkResolver.cpp, line 773]
Event: 0.198 Thread 0x000001b2838ae8d0 Exception <a 'java/lang/NoSuchMethodError'{0x00000000d59c9e30}: 'int java.lang.invoke.DirectMethodHandle$Holder.invokeSpecial(java.lang.Object, java.lang.Object, java.lang.Object, int)'> (0x00000000d59c9e30) 
thrown [s\src\hotspot\share\interpreter\linkResolver.cpp, line 773]
Event: 0.201 Thread 0x000001b2838ae8d0 Exception <a 'java/lang/NoSuchMethodError'{0x00000000d59dc818}: 'java.lang.Object java.lang.invoke.DirectMethodHandle$Holder.invokeStatic(java.lang.Object, java.lang.Object, java.lang.Object, java.lang.Object, int)'> (0x00000000d59dc818) 
thrown [s\src\hotspot\share\interpreter\linkResolver.cpp, line 773]
Event: 0.203 Thread 0x000001b2838ae8d0 Exception <a 'java/lang/NoSuchMethodError'{0x00000000d59e7cc0}: 'void java.lang.invoke.DelegatingMethodHandle$Holder.reinvoke_L(java.lang.Object, java.lang.Object, java.lang.Object, int, java.lang.Object)'> (0x00000000d59e7cc0) 
thrown [s\src\hotspot\share\interpreter\linkResolver.cpp, line 773]
Event: 0.208 Thread 0x000001b2838ae8d0 Exception <a 'java/lang/NoSuchMethodError'{0x00000000d59f87b8}: 'int java.lang.invoke.DirectMethodHandle$Holder.invokeSpecial(java.lang.Object, java.lang.Object, java.lang.Object)'> (0x00000000d59f87b8) 
thrown [s\src\hotspot\share\interpreter\linkResolver.cpp, line 773]
Event: 0.211 Thread 0x000001b2838ae8d0 Exception <a 'java/lang/NoSuchMethodError'{0x00000000d5a04478}: 'java.lang.Object java.lang.invoke.DirectMethodHandle$Holder.invokeStatic(java.lang.Object, java.lang.Object, int)'> (0x00000000d5a04478) 
thrown [s\src\hotspot\share\interpreter\linkResolver.cpp, line 773]
Event: 0.213 Thread 0x000001b2838ae8d0 Exception <a 'java/lang/NoSuchMethodError'{0x00000000d5a08dc8}: 'void java.lang.invoke.DirectMethodHandle$Holder.invokeStatic(java.lang.Object, java.lang.Object, int, java.lang.Object)'> (0x00000000d5a08dc8) 
thrown [s\src\hotspot\share\interpreter\linkResolver.cpp, line 773]
Event: 0.213 Thread 0x000001b2838ae8d0 Exception <a 'java/lang/NoSuchMethodError'{0x00000000d5a0c958}: 'void java.lang.invoke.DirectMethodHandle$Holder.invokeSpecial(java.lang.Object, java.lang.Object, java.lang.Object, int, java.lang.Object)'> (0x00000000d5a0c958) 
thrown [s\src\hotspot\share\interpreter\linkResolver.cpp, line 773]
Event: 0.214 Thread 0x000001b2838ae8d0 Exception <a 'java/lang/NoSuchMethodError'{0x00000000d5a0fdc8}: 'void java.lang.invoke.DelegatingMethodHandle$Holder.delegate(java.lang.Object, java.lang.Object, int, java.lang.Object)'> (0x00000000d5a0fdc8) 
thrown [s\src\hotspot\share\interpreter\linkResolver.cpp, line 773]
Event: 0.293 Thread 0x000001b2838ae8d0 Exception <a 'java/lang/NoSuchMethodError'{0x00000000d5bcf020}: 'void java.lang.invoke.DelegatingMethodHandle$Holder.reinvoke_L(java.lang.Object, java.lang.Object, java.lang.Object, int)'> (0x00000000d5bcf020) 
thrown [s\src\hotspot\share\interpreter\linkResolver.cpp, line 773]
Event: 0.472 Thread 0x000001b2838ae8d0 Exception <a 'java/lang/NoSuchMethodError'{0x00000000d605a260}: 'void java.lang.invoke.DirectMethodHandle$Holder.invokeVirtual(java.lang.Object, java.lang.Object)'> (0x00000000d605a260) 
thrown [s\src\hotspot\share\interpreter\linkResolver.cpp, line 773]

ZGC Phase Switch (0 events):
No events

VM Operations (6 events):
Event: 0.088 Executing VM operation: HandshakeAllThreads (Deoptimize)
Event: 0.088 Executing VM operation: HandshakeAllThreads (Deoptimize) done
Event: 0.172 Executing VM operation: HandshakeAllThreads (Deoptimize)
Event: 0.172 Executing VM operation: HandshakeAllThreads (Deoptimize) done
Event: 0.569 Executing VM operation: HandshakeAllThreads (Deoptimize)
Event: 0.569 Executing VM operation: HandshakeAllThreads (Deoptimize) done

Memory protections (0 events):
No events

Nmethod flushes (0 events):
No events

Events (13 events):
Event: 0.029 Thread 0x000001b2838ae8d0 Thread added: 0x000001b2838ae8d0
Event: 0.046 Thread 0x000001b2838ae8d0 Thread added: 0x000001b29a34e620
Event: 0.047 Thread 0x000001b2838ae8d0 Thread added: 0x000001b2dd334f30
Event: 0.047 Thread 0x000001b2838ae8d0 Thread added: 0x000001b2dd3371d0
Event: 0.047 Thread 0x000001b2838ae8d0 Thread added: 0x000001b2dd3380e0
Event: 0.047 Thread 0x000001b2838ae8d0 Thread added: 0x000001b2dd33a890
Event: 0.047 Thread 0x000001b2838ae8d0 Thread added: 0x000001b2dd33bed0
Event: 0.047 Thread 0x000001b2838ae8d0 Thread added: 0x000001b2dd33eff0
Event: 0.047 Thread 0x000001b2838ae8d0 Thread added: 0x000001b2dd343c70
Event: 0.077 Thread 0x000001b2838ae8d0 Thread added: 0x000001b2dd448120
Event: 0.246 Thread 0x000001b2dd343c70 Thread added: 0x000001b2dd59ae60
Event: 0.390 Thread 0x000001b2838ae8d0 Thread added: 0x000001b2dd58eb70
Event: 0.537 Thread 0x000001b2dd343c70 Thread added: 0x000001b2dd6e5cf0


Dynamic libraries:
0x00007ff635d70000 - 0x00007ff635d7e000 	c:\Users\pragy\.vscode\extensions\redhat.java-1.44.0-win32-x64\jre\21.0.8-win32-x86_64\bin\java.exe
0x00007ffe49eb0000 - 0x00007ffe4a0c7000 	C:\windows\SYSTEM32\ntdll.dll
0x00007ffe48420000 - 0x00007ffe484e4000 	C:\windows\System32\KERNEL32.DLL
0x00007ffe47500000 - 0x00007ffe478d2000 	C:\windows\System32\KERNELBASE.dll
0x00007ffe47290000 - 0x00007ffe473a1000 	C:\windows\System32\ucrtbase.dll
0x00007ffdfada0000 - 0x00007ffdfadbe000 	c:\Users\pragy\.vscode\extensions\redhat.java-1.44.0-win32-x64\jre\21.0.8-win32-x86_64\bin\VCRUNTIME140.dll
0x00007ffdfac80000 - 0x00007ffdfac98000 	c:\Users\pragy\.vscode\extensions\redhat.java-1.44.0-win32-x64\jre\21.0.8-win32-x86_64\bin\jli.dll
0x00007ffe488d0000 - 0x00007ffe48a81000 	C:\windows\System32\USER32.dll
0x00007ffe47450000 - 0x00007ffe47476000 	C:\windows\System32\win32u.dll
0x00007ffe48050000 - 0x00007ffe48079000 	C:\windows\System32\GDI32.dll
0x00007ffe47160000 - 0x00007ffe47283000 	C:\windows\System32\gdi32full.dll
0x00007ffe2adf0000 - 0x00007ffe2b08b000 	C:\windows\WinSxS\amd64_microsoft.windows.common-controls_6595b64144ccf1df_6.0.22621.5547_none_27104afb73855772\COMCTL32.dll
0x00007ffe473b0000 - 0x00007ffe4744a000 	C:\windows\System32\msvcp_win.dll
0x00007ffe47bf0000 - 0x00007ffe47c97000 	C:\windows\System32\msvcrt.dll
0x00007ffe485d0000 - 0x00007ffe48601000 	C:\windows\System32\IMM32.DLL
0x00007ffe30b60000 - 0x00007ffe30b6c000 	c:\Users\pragy\.vscode\extensions\redhat.java-1.44.0-win32-x64\jre\21.0.8-win32-x86_64\bin\vcruntime140_1.dll
0x00007ffdf1060000 - 0x00007ffdf10ed000 	c:\Users\pragy\.vscode\extensions\redhat.java-1.44.0-win32-x64\jre\21.0.8-win32-x86_64\bin\msvcp140.dll
0x00007ffd961b0000 - 0x00007ffd96f47000 	c:\Users\pragy\.vscode\extensions\redhat.java-1.44.0-win32-x64\jre\21.0.8-win32-x86_64\bin\server\jvm.dll
0x00007ffe48b10000 - 0x00007ffe48bc1000 	C:\windows\System32\ADVAPI32.dll
0x00007ffe48510000 - 0x00007ffe485b8000 	C:\windows\System32\sechost.dll
0x00007ffe479a0000 - 0x00007ffe479c8000 	C:\windows\System32\bcrypt.dll
0x00007ffe47ca0000 - 0x00007ffe47db4000 	C:\windows\System32\RPCRT4.dll
0x00007ffe48c20000 - 0x00007ffe48c91000 	C:\windows\System32\WS2_32.dll
0x00007ffe46860000 - 0x00007ffe468ad000 	C:\windows\SYSTEM32\POWRPROF.dll
0x00007ffe423f0000 - 0x00007ffe42424000 	C:\windows\SYSTEM32\WINMM.dll
0x00007ffe3e0e0000 - 0x00007ffe3e0ea000 	C:\windows\SYSTEM32\VERSION.dll
0x00007ffe46840000 - 0x00007ffe46853000 	C:\windows\SYSTEM32\UMPDC.dll
0x00007ffe45f90000 - 0x00007ffe45fa8000 	C:\windows\SYSTEM32\kernel.appcore.dll
0x00007ffe2f1c0000 - 0x00007ffe2f1ca000 	c:\Users\pragy\.vscode\extensions\redhat.java-1.44.0-win32-x64\jre\21.0.8-win32-x86_64\bin\jimage.dll
0x00007ffe44a10000 - 0x00007ffe44c43000 	C:\windows\SYSTEM32\DBGHELP.DLL
0x00007ffe48080000 - 0x00007ffe48413000 	C:\windows\System32\combase.dll
0x00007ffe48770000 - 0x00007ffe48847000 	C:\windows\System32\OLEAUT32.dll
0x00007ffe2ac60000 - 0x00007ffe2ac92000 	C:\windows\SYSTEM32\dbgcore.DLL
0x00007ffe470e0000 - 0x00007ffe4715b000 	C:\windows\System32\bcryptPrimitives.dll
0x00007ffe29f80000 - 0x00007ffe29f8f000 	c:\Users\pragy\.vscode\extensions\redhat.java-1.44.0-win32-x64\jre\21.0.8-win32-x86_64\bin\instrument.dll
0x00007ffdfa3a0000 - 0x00007ffdfa3bf000 	c:\Users\pragy\.vscode\extensions\redhat.java-1.44.0-win32-x64\jre\21.0.8-win32-x86_64\bin\java.dll
0x00007ffe49550000 - 0x00007ffe49df2000 	C:\windows\System32\SHELL32.dll
0x00007ffe46fa0000 - 0x00007ffe470df000 	C:\windows\System32\wintypes.dll
0x00007ffe44e80000 - 0x00007ffe4579d000 	C:\windows\SYSTEM32\windows.storage.dll
0x00007ffe48f60000 - 0x00007ffe4906c000 	C:\windows\System32\SHCORE.dll
0x00007ffe48850000 - 0x00007ffe488b9000 	C:\windows\System32\shlwapi.dll
0x00007ffe46ed0000 - 0x00007ffe46efb000 	C:\windows\SYSTEM32\profapi.dll
0x00007ffdfa160000 - 0x00007ffdfa178000 	c:\Users\pragy\.vscode\extensions\redhat.java-1.44.0-win32-x64\jre\21.0.8-win32-x86_64\bin\zip.dll
0x00007ffe29860000 - 0x00007ffe29870000 	C:\Users\pragy\.vscode\extensions\redhat.java-1.44.0-win32-x64\jre\21.0.8-win32-x86_64\bin\net.dll
0x00007ffe43a30000 - 0x00007ffe43b5c000 	C:\windows\SYSTEM32\WINHTTP.dll
0x00007ffe46410000 - 0x00007ffe46479000 	C:\windows\system32\mswsock.dll
0x00007ffdf9df0000 - 0x00007ffdf9e06000 	C:\Users\pragy\.vscode\extensions\redhat.java-1.44.0-win32-x64\jre\21.0.8-win32-x86_64\bin\nio.dll
0x00007ffe28cb0000 - 0x00007ffe28cc0000 	c:\Users\pragy\.vscode\extensions\redhat.java-1.44.0-win32-x64\jre\21.0.8-win32-x86_64\bin\verify.dll

JVMTI agents:
c:\Users\pragy\.vscode\extensions\redhat.java-1.44.0-win32-x64\lombok\lombok-1.18.39-4050.jar path:c:\Users\pragy\.vscode\extensions\redhat.java-1.44.0-win32-x64\jre\21.0.8-win32-x86_64\bin\instrument.dll, loaded, initialized, instrumentlib options:none

dbghelp: loaded successfully - version: 4.0.5 - missing functions: none
symbol engine: initialized successfully - sym options: 0x614 - pdb path: .;c:\Users\pragy\.vscode\extensions\redhat.java-1.44.0-win32-x64\jre\21.0.8-win32-x86_64\bin;C:\windows\SYSTEM32;C:\windows\WinSxS\amd64_microsoft.windows.common-controls_6595b64144ccf1df_6.0.22621.5547_none_27104afb73855772;c:\Users\pragy\.vscode\extensions\redhat.java-1.44.0-win32-x64\jre\21.0.8-win32-x86_64\bin\server

VM Arguments:
jvm_args: --add-modules=ALL-SYSTEM --add-opens=java.base/java.util=ALL-UNNAMED --add-opens=java.base/java.lang=ALL-UNNAMED --add-opens=java.base/sun.nio.fs=ALL-UNNAMED -Declipse.application=org.eclipse.jdt.ls.core.id1 -Dosgi.bundles.defaultStartLevel=4 -Declipse.product=org.eclipse.jdt.ls.core.product -Djava.import.generatesMetadataFilesAtProjectRoot=false -DDetectVMInstallationsJob.disabled=true -Dfile.encoding=utf8 -XX:+UseParallelGC -XX:GCTimeRatio=4 -XX:AdaptiveSizePolicyWeight=90 -Dsun.zip.disableMemoryMapping=true -Xmx2G -Xms100m -Xlog:disable -javaagent:c:\Users\pragy\.vscode\extensions\redhat.java-1.44.0-win32-x64\lombok\lombok-1.18.39-4050.jar -XX:+HeapDumpOnOutOfMemoryError -XX:HeapDumpPath=c:\Users\pragy\AppData\Roaming\Code\User\workspaceStorage\cc99c5c5b9f10468fc12bfe29c53fb65\redhat.java -Daether.dependencyCollector.impl=bf 
java_command: c:\Users\pragy\.vscode\extensions\redhat.java-1.44.0-win32-x64\server\plugins\org.eclipse.equinox.launcher_1.7.0.v20250519-0528.jar -configuration c:\Users\pragy\AppData\Roaming\Code\User\globalStorage\redhat.java\1.44.0\config_win -data c:\Users\pragy\AppData\Roaming\Code\User\workspaceStorage\cc99c5c5b9f10468fc12bfe29c53fb65\redhat.java\jdt_ws --pipe=\\.\pipe\lsp-5ce9f4c54178e570036016cdbf3bb37f-sock
java_class_path (initial): c:\Users\pragy\.vscode\extensions\redhat.java-1.44.0-win32-x64\server\plugins\org.eclipse.equinox.launcher_1.7.0.v20250519-0528.jar
Launcher Type: SUN_STANDARD

[Global flags]
    uintx AdaptiveSizePolicyWeight                 = 90                                        {product} {command line}
     intx CICompilerCount                          = 4                                         {product} {ergonomic}
    uintx GCTimeRatio                              = 4                                         {product} {command line}
     bool HeapDumpOnOutOfMemoryError               = true                                   {manageable} {command line}
    ccstr HeapDumpPath                             = c:\Users\pragy\AppData\Roaming\Code\User\workspaceStorage\cc99c5c5b9f10468fc12bfe29c53fb65\redhat.java         {manageable} {command line}
   size_t InitialHeapSize                          = 104857600                                 {product} {command line}
   size_t MaxHeapSize                              = 2147483648                                {product} {command line}
   size_t MaxNewSize                               = 715653120                                 {product} {ergonomic}
   size_t MinHeapDeltaBytes                        = 524288                                    {product} {ergonomic}
   size_t MinHeapSize                              = 104857600                                 {product} {command line}
   size_t NewSize                                  = 34603008                                  {product} {ergonomic}
    uintx NonNMethodCodeHeapSize                   = 5839372                                {pd product} {ergonomic}
    uintx NonProfiledCodeHeapSize                  = 122909434                              {pd product} {ergonomic}
   size_t OldSize                                  = 70254592                                  {product} {ergonomic}
    uintx ProfiledCodeHeapSize                     = 122909434                              {pd product} {ergonomic}
    uintx ReservedCodeCacheSize                    = 251658240                              {pd product} {ergonomic}
     bool SegmentedCodeCache                       = true                                      {product} {ergonomic}
   size_t SoftMaxHeapSize                          = 2147483648                             {manageable} {ergonomic}
     bool UseCompressedOops                        = true                           {product lp64_product} {ergonomic}
     bool UseLargePagesIndividualAllocation        = false                                  {pd product} {ergonomic}
     bool UseParallelGC                            = true                                      {product} {command line}

Logging:
Log output configuration:
 #0: stdout all=off uptime,level,tags foldmultilines=false
 #1: stderr all=off uptime,level,tags foldmultilines=false

Environment Variables:
PATH=C:\Program Files\Common Files\Oracle\Java\javapath;C:\windows\system32;C:\windows;C:\windows\System32\Wbem;C:\windows\System32\WindowsPowerShell\v1.0\;C:\windows\System32\OpenSSH\;C:\Program Files\nodejs\;C:\Program Files\Git\cmd;C:\Program Files\Git\mingw64\bin;C:\Program Files\Git\usr\bin;S:\Program Files\Microsoft VS Code\bin;C:\Users\pragy\AppData\Local\Microsoft\WindowsApps;C:\MinGW\bin;C:\Program Files\JetBrains\IntelliJ IDEA Community Edition 2023.2.1\java\IntelliJ IDEA Community Edition 2023.2.1\bin;C:\MinGW\bin;;C:\Users\pragy\AppData\Local\Programs\Microsoft VS Code\bin;C:\Users\pragy\AppData\Roaming\npm
USERNAME=pragy
OS=Windows_NT
PROCESSOR_IDENTIFIER=AMD64 Family 25 Model 80 Stepping 0, AuthenticAMD
TMP=C:\Users\pragy\AppData\Local\Temp
TEMP=C:\Users\pragy\AppData\Local\Temp




Periodic native trim disabled

---------------  S Y S T E M  ---------------

OS:
 Windows 11 , 64 bit Build 22621 (10.0.22621.5415)
OS uptime: 0 days 9:47 hours
Hyper-V role detected

CPU: total 12 (initial active 12) (12 cores per cpu, 2 threads per core) family 25 model 80 stepping 0 microcode 0x0, cx8, cmov, fxsr, ht, mmx, 3dnowpref, sse, sse2, sse3, ssse3, sse4a, sse4.1, sse4.2, popcnt, lzcnt, tsc, tscinvbit, avx, avx2, aes, erms, clmul, bmi1, bmi2, adx, sha, fma, vzeroupper, clflush, clflushopt, hv, rdtscp, rdpid, fsrm, f16c, cet_ss
Processor Information for the first 12 processors :
  Max Mhz: 2301, Current Mhz: 2301, Mhz Limit: 2301

Memory: 4k page, system-wide physical 15712M (4671M free)
TotalPageFile size 15894M (AvailPageFile size 10M)
current process WorkingSet (physical memory assigned to process): 64M, peak: 65M
current process commit charge ("private bytes"): 241M, peak: 242M

vm_info: OpenJDK 64-Bit Server VM (21.0.8+9-LTS) for windows-amd64 JRE (21.0.8+9-LTS), built on 2025-07-15T00:00:00Z by "admin" with MS VC++ 17.7 (VS2022)

END.
