#
# There is insufficient memory for the Java Runtime Environment to continue.
# Native memory allocation (malloc) failed to allocate 1985120 bytes. Error detail: Chunk::new
# Possible reasons:
#   The system is out of physical RAM or swap space
#   This process is running with CompressedOops enabled, and the Java Heap may be blocking the growth of the native heap
# Possible solutions:
#   Reduce memory load on the system
#   Increase physical memory or swap space
#   Check if swap backing store is full
#   Decrease Java heap size (-Xmx/-Xms)
#   Decrease number of Java threads
#   Decrease Java thread stack sizes (-Xss)
#   Set larger code cache with -XX:ReservedCodeCacheSize=
#   JVM is running with Unscaled Compressed Oops mode in which the Java heap is
#     placed in the first 4GB address space. The Java Heap base address is the
#     maximum limit for the native heap growth. Please use -XX:HeapBaseMinAddress
#     to set the Java Heap base and to place the Java Heap above 4GB virtual address.
# This output file may be truncated or incomplete.
#
#  Out of Memory Error (arena.cpp:168), pid=21664, tid=23692
#
# JRE version: OpenJDK Runtime Environment Temurin-21.0.7+6 (21.0.7+6) (build 21.0.7+6-LTS)
# Java VM: OpenJDK 64-Bit Server VM Temurin-21.0.7+6 (21.0.7+6-LTS, mixed mode, sharing, tiered, compressed oops, compressed class ptrs, parallel gc, windows-amd64)
# No core dump will be written. Minidumps are not enabled by default on client versions of Windows
#

---------------  S U M M A R Y ------------

Command Line: --add-modules=ALL-SYSTEM --add-opens=java.base/java.util=ALL-UNNAMED --add-opens=java.base/java.lang=ALL-UNNAMED --add-opens=java.base/sun.nio.fs=ALL-UNNAMED -Declipse.application=org.eclipse.jdt.ls.core.id1 -Dosgi.bundles.defaultStartLevel=4 -Declipse.product=org.eclipse.jdt.ls.core.product -Djava.import.generatesMetadataFilesAtProjectRoot=false -DDetectVMInstallationsJob.disabled=true -Dfile.encoding=utf8 -XX:+UseParallelGC -XX:GCTimeRatio=4 -XX:AdaptiveSizePolicyWeight=90 -Dsun.zip.disableMemoryMapping=true -Xmx2G -Xms100m -Xlog:disable -javaagent:c:\Users\pragy\.vscode\extensions\redhat.java-1.43.1-win32-x64\lombok\lombok-1.18.39-4050.jar -XX:+HeapDumpOnOutOfMemoryError -XX:HeapDumpPath=c:\Users\pragy\AppData\Roaming\Code\User\workspaceStorage\cc99c5c5b9f10468fc12bfe29c53fb65\redhat.java -Daether.dependencyCollector.impl=bf c:\Users\pragy\.vscode\extensions\redhat.java-1.43.1-win32-x64\server\plugins\org.eclipse.equinox.launcher_1.7.0.v20250519-0528.jar -configuration c:\Users\pragy\AppData\Roaming\Code\User\globalStorage\redhat.java\1.43.1\config_win -data c:\Users\pragy\AppData\Roaming\Code\User\workspaceStorage\cc99c5c5b9f10468fc12bfe29c53fb65\redhat.java\jdt_ws --pipe=\\.\pipe\lsp-40910c198a0cc237db33f702f6ebc3c7-sock

Host: AMD Ryzen 5 5625U with Radeon Graphics         , 12 cores, 15G,  Windows 11 , 64 bit Build 22621 (10.0.22621.5413)
Time: Mon Jul 14 22:52:51 2025 India Standard Time elapsed time: 7.664014 seconds (0d 0h 0m 7s)

---------------  T H R E A D  ---------------

Current thread (0x000001757d1ac020):  JavaThread "C2 CompilerThread2" daemon [_thread_in_native, id=23692, stack(0x000000618b400000,0x000000618b500000) (1024K)]


Current CompileTask:
C2:7664 9264       4       org.eclipse.jdt.internal.compiler.parser.Parser::consumeRule (7748 bytes)

Stack: [0x000000618b400000,0x000000618b500000]
Native frames: (J=compiled Java code, j=interpreted, Vv=VM code, C=native code)
V  [jvm.dll+0x6ce119]
V  [jvm.dll+0x8a84a1]
V  [jvm.dll+0x8aa9ce]
V  [jvm.dll+0x8ab0b3]
V  [jvm.dll+0x27f8a6]
V  [jvm.dll+0xc507d]
V  [jvm.dll+0xc55b3]
V  [jvm.dll+0x3b692c]
V  [jvm.dll+0x382aa5]
V  [jvm.dll+0x381f0a]
V  [jvm.dll+0x247af0]
V  [jvm.dll+0x2470cf]
V  [jvm.dll+0x1c760e]
V  [jvm.dll+0x25695a]
V  [jvm.dll+0x254efa]
V  [jvm.dll+0x3f03f6]
V  [jvm.dll+0x851f6b]
V  [jvm.dll+0x6cc7dd]
C  [ucrtbase.dll+0x29333]
C  [KERNEL32.DLL+0x1259d]
C  [ntdll.dll+0x5af78]


---------------  P R O C E S S  ---------------

Threads class SMR info:
_java_thread_list=0x00000175527d74b0, length=77, elements={
0x0000017563d63da0, 0x0000017563d0e8f0, 0x000001757c5e46e0, 0x000001757c5e6b20,
0x000001757c5e7b60, 0x000001757c5e9340, 0x000001757c5f1250, 0x000001757c5f5600,
0x000001757c5f82c0, 0x0000017563dd11a0, 0x000001757c87fa70, 0x000001757c91bc10,
0x000001757d389670, 0x000001757d517ba0, 0x000001757d2daa70, 0x000001757d08e3d0,
0x000001757d9b3aa0, 0x000001757d8e3c70, 0x000001757d378fe0, 0x000001757d3761f0,
0x000001757d378950, 0x000001757d376880, 0x000001757d376f10, 0x000001757d3775a0,
0x000001757d377c30, 0x000001757d3782c0, 0x0000017545124010, 0x00000175451225d0,
0x0000017545128840, 0x00000175451281b0, 0x0000017545126e00, 0x00000175451253c0,
0x0000017545127490, 0x00000175451246a0, 0x0000017545129560, 0x0000017545127b20,
0x0000017545124d30, 0x0000017545128ed0, 0x00000175451260e0, 0x000001757d1ac020,
0x0000017545125a50, 0x0000017545126770, 0x0000017545129bf0, 0x0000017545122c60,
0x0000017545eaad40, 0x0000017545eab3d0, 0x0000017545ea8c70, 0x0000017545eaa020,
0x0000017545ea9990, 0x0000017545ea85e0, 0x0000017545ea9300, 0x0000017545ea7f50,
0x00000175451d5f30, 0x00000175451d5210, 0x00000175451d3140, 0x00000175451d2ab0,
0x00000175451d58a0, 0x00000175451d8000, 0x00000175451da0d0, 0x00000175451d37d0,
0x00000175451d65c0, 0x00000175451d3e60, 0x00000175451d8690, 0x00000175451d44f0,
0x00000175451d72e0, 0x00000175451d4b80, 0x00000175451d8d20, 0x00000175451d7970,
0x00000175451d93b0, 0x0000017545ec2370, 0x0000017545ebeef0, 0x0000017545ebf580,
0x0000017545ec3090, 0x0000017545ebfc10, 0x0000017545ec3db0, 0x0000017545ebe1d0,
0x0000017545ec02a0
}

Java Threads: ( => current thread )
  0x0000017563d63da0 JavaThread "main"                              [_thread_blocked, id=19556, stack(0x0000006188100000,0x0000006188200000) (1024K)]
  0x0000017563d0e8f0 JavaThread "Reference Handler"          daemon [_thread_blocked, id=9360, stack(0x0000006188500000,0x0000006188600000) (1024K)]
  0x000001757c5e46e0 JavaThread "Finalizer"                  daemon [_thread_blocked, id=26564, stack(0x0000006188600000,0x0000006188700000) (1024K)]
  0x000001757c5e6b20 JavaThread "Signal Dispatcher"          daemon [_thread_blocked, id=24828, stack(0x0000006188700000,0x0000006188800000) (1024K)]
  0x000001757c5e7b60 JavaThread "Attach Listener"            daemon [_thread_blocked, id=316, stack(0x0000006188800000,0x0000006188900000) (1024K)]
  0x000001757c5e9340 JavaThread "Service Thread"             daemon [_thread_blocked, id=12880, stack(0x0000006188900000,0x0000006188a00000) (1024K)]
  0x000001757c5f1250 JavaThread "Monitor Deflation Thread"   daemon [_thread_blocked, id=9932, stack(0x0000006188a00000,0x0000006188b00000) (1024K)]
  0x000001757c5f5600 JavaThread "C2 CompilerThread0"         daemon [_thread_in_native, id=7564, stack(0x0000006188b00000,0x0000006188c00000) (1024K)]
  0x000001757c5f82c0 JavaThread "C1 CompilerThread0"         daemon [_thread_blocked, id=14824, stack(0x0000006188c00000,0x0000006188d00000) (1024K)]
  0x0000017563dd11a0 JavaThread "Common-Cleaner"             daemon [_thread_blocked, id=15444, stack(0x0000006188d00000,0x0000006188e00000) (1024K)]
  0x000001757c87fa70 JavaThread "C2 CompilerThread1"         daemon [_thread_blocked, id=9068, stack(0x0000006188e00000,0x0000006188f00000) (1024K)]
  0x000001757c91bc10 JavaThread "Notification Thread"        daemon [_thread_blocked, id=12640, stack(0x0000006188f00000,0x0000006189000000) (1024K)]
  0x000001757d389670 JavaThread "Active Thread: Equinox Container: c67b44c8-2f75-4df3-871e-d234f0a7f522"        [_thread_blocked, id=24056, stack(0x0000006189700000,0x0000006189800000) (1024K)]
  0x000001757d517ba0 JavaThread "Refresh Thread: Equinox Container: c67b44c8-2f75-4df3-871e-d234f0a7f522" daemon [_thread_blocked, id=19580, stack(0x0000006189900000,0x0000006189a00000) (1024K)]
  0x000001757d2daa70 JavaThread "Framework Event Dispatcher: Equinox Container: c67b44c8-2f75-4df3-871e-d234f0a7f522" daemon [_thread_blocked, id=24712, stack(0x0000006189a00000,0x0000006189b00000) (1024K)]
  0x000001757d08e3d0 JavaThread "Start Level: Equinox Container: c67b44c8-2f75-4df3-871e-d234f0a7f522" daemon [_thread_blocked, id=20580, stack(0x0000006189b00000,0x0000006189c00000) (1024K)]
  0x000001757d9b3aa0 JavaThread "Bundle File Closer"         daemon [_thread_blocked, id=21956, stack(0x0000006189e00000,0x0000006189f00000) (1024K)]
  0x000001757d8e3c70 JavaThread "SCR Component Actor"        daemon [_thread_blocked, id=28496, stack(0x0000006189f00000,0x000000618a000000) (1024K)]
  0x000001757d378fe0 JavaThread "SCR Component Registry"     daemon [_thread_blocked, id=27088, stack(0x000000618a000000,0x000000618a100000) (1024K)]
  0x000001757d3761f0 JavaThread "Worker-JM"                         [_thread_blocked, id=14952, stack(0x000000618a100000,0x000000618a200000) (1024K)]
  0x000001757d378950 JavaThread "JNA Cleaner"                daemon [_thread_blocked, id=25064, stack(0x000000618a200000,0x000000618a300000) (1024K)]
  0x000001757d376880 JavaThread "Worker-0: Java indexing... "        [_thread_blocked, id=16128, stack(0x000000618a300000,0x000000618a400000) (1024K)]
  0x000001757d376f10 JavaThread "Worker-1"                          [_thread_blocked, id=21360, stack(0x000000618a400000,0x000000618a500000) (1024K)]
  0x000001757d3775a0 JavaThread "Java indexing"              daemon [_thread_blocked, id=5340, stack(0x0000006189000000,0x0000006189100000) (1024K)]
  0x000001757d377c30 JavaThread "Worker-2: Initialize workspace"        [_thread_blocked, id=12488, stack(0x000000618a500000,0x000000618a600000) (1024K)]
  0x000001757d3782c0 JavaThread "Worker-3"                          [_thread_blocked, id=4572, stack(0x000000618a600000,0x000000618a700000) (1024K)]
  0x0000017545124010 JavaThread "Thread-2"                   daemon [_thread_in_native, id=26604, stack(0x000000618a700000,0x000000618a800000) (1024K)]
  0x00000175451225d0 JavaThread "Thread-3"                   daemon [_thread_in_native, id=5300, stack(0x000000618a800000,0x000000618a900000) (1024K)]
  0x0000017545128840 JavaThread "Thread-4"                   daemon [_thread_in_native, id=11944, stack(0x000000618a900000,0x000000618aa00000) (1024K)]
  0x00000175451281b0 JavaThread "Thread-5"                   daemon [_thread_in_native, id=28432, stack(0x000000618aa00000,0x000000618ab00000) (1024K)]
  0x0000017545126e00 JavaThread "Thread-6"                   daemon [_thread_in_native, id=25140, stack(0x000000618ab00000,0x000000618ac00000) (1024K)]
  0x00000175451253c0 JavaThread "Thread-7"                   daemon [_thread_in_native, id=27108, stack(0x000000618ac00000,0x000000618ad00000) (1024K)]
  0x0000017545127490 JavaThread "Thread-8"                   daemon [_thread_in_native, id=16268, stack(0x000000618ad00000,0x000000618ae00000) (1024K)]
  0x00000175451246a0 JavaThread "Thread-9"                   daemon [_thread_in_native, id=24956, stack(0x000000618ae00000,0x000000618af00000) (1024K)]
  0x0000017545129560 JavaThread "Thread-10"                  daemon [_thread_in_native, id=28228, stack(0x000000618af00000,0x000000618b000000) (1024K)]
  0x0000017545127b20 JavaThread "Thread-11"                  daemon [_thread_in_native, id=13112, stack(0x000000618b000000,0x000000618b100000) (1024K)]
  0x0000017545124d30 JavaThread "Thread-12"                  daemon [_thread_in_native, id=24044, stack(0x000000618b100000,0x000000618b200000) (1024K)]
  0x0000017545128ed0 JavaThread "Thread-13"                  daemon [_thread_in_native, id=14964, stack(0x000000618b200000,0x000000618b300000) (1024K)]
  0x00000175451260e0 JavaThread "Thread-14"                  daemon [_thread_in_native, id=20148, stack(0x000000618b300000,0x000000618b400000) (1024K)]
=>0x000001757d1ac020 JavaThread "C2 CompilerThread2"         daemon [_thread_in_native, id=23692, stack(0x000000618b400000,0x000000618b500000) (1024K)]
  0x0000017545125a50 JavaThread "pool-2-thread-1"                   [_thread_blocked, id=27832, stack(0x000000618b500000,0x000000618b600000) (1024K)]
  0x0000017545126770 JavaThread "WorkspaceEventsHandler"            [_thread_blocked, id=17288, stack(0x000000618b600000,0x000000618b700000) (1024K)]
  0x0000017545129bf0 JavaThread "pool-1-thread-1"                   [_thread_blocked, id=4336, stack(0x000000618b700000,0x000000618b800000) (1024K)]
  0x0000017545122c60 JavaThread "Worker-4"                          [_thread_blocked, id=21136, stack(0x000000618b800000,0x000000618b900000) (1024K)]
  0x0000017545eaad40 JavaThread "LocalFile Deleter"          daemon [_thread_blocked, id=28512, stack(0x000000618b900000,0x000000618ba00000) (1024K)]
  0x0000017545eab3d0 JavaThread "LocalFile Deleter"          daemon [_thread_blocked, id=27332, stack(0x000000618ba00000,0x000000618bb00000) (1024K)]
  0x0000017545ea8c70 JavaThread "LocalFile Deleter"          daemon [_thread_blocked, id=25872, stack(0x000000618bb00000,0x000000618bc00000) (1024K)]
  0x0000017545eaa020 JavaThread "LocalFile Deleter"          daemon [_thread_blocked, id=9476, stack(0x000000618bc00000,0x000000618bd00000) (1024K)]
  0x0000017545ea9990 JavaThread "LocalFile Deleter"          daemon [_thread_blocked, id=22300, stack(0x000000618bd00000,0x000000618be00000) (1024K)]
  0x0000017545ea85e0 JavaThread "LocalFile Deleter"          daemon [_thread_blocked, id=24816, stack(0x000000618be00000,0x000000618bf00000) (1024K)]
  0x0000017545ea9300 JavaThread "LocalFile Deleter"          daemon [_thread_blocked, id=3024, stack(0x000000618bf00000,0x000000618c000000) (1024K)]
  0x0000017545ea7f50 JavaThread "LocalFile Deleter"          daemon [_thread_blocked, id=26548, stack(0x000000618c000000,0x000000618c100000) (1024K)]
  0x00000175451d5f30 JavaThread "LocalFile Deleter"          daemon [_thread_blocked, id=28572, stack(0x000000618c100000,0x000000618c200000) (1024K)]
  0x00000175451d5210 JavaThread "LocalFile Deleter"          daemon [_thread_blocked, id=28168, stack(0x000000618c200000,0x000000618c300000) (1024K)]
  0x00000175451d3140 JavaThread "LocalFile Deleter"          daemon [_thread_blocked, id=23248, stack(0x000000618c300000,0x000000618c400000) (1024K)]
  0x00000175451d2ab0 JavaThread "LocalFile Deleter"          daemon [_thread_blocked, id=6636, stack(0x000000618c400000,0x000000618c500000) (1024K)]
  0x00000175451d58a0 JavaThread "Compiler Source File Reader" daemon [_thread_blocked, id=12888, stack(0x000000618c500000,0x000000618c600000) (1024K)]
  0x00000175451d8000 JavaThread "Compiler Source File Reader" daemon [_thread_blocked, id=5784, stack(0x000000618c600000,0x000000618c700000) (1024K)]
  0x00000175451da0d0 JavaThread "Compiler Source File Reader" daemon [_thread_blocked, id=6744, stack(0x000000618c700000,0x000000618c800000) (1024K)]
  0x00000175451d37d0 JavaThread "Compiler Source File Reader" daemon [_thread_blocked, id=25816, stack(0x000000618c800000,0x000000618c900000) (1024K)]
  0x00000175451d65c0 JavaThread "Compiler Source File Reader" daemon [_thread_blocked, id=10904, stack(0x000000618c900000,0x000000618ca00000) (1024K)]
  0x00000175451d3e60 JavaThread "Compiler Source File Reader" daemon [_thread_blocked, id=23620, stack(0x000000618ca00000,0x000000618cb00000) (1024K)]
  0x00000175451d8690 JavaThread "Compiler Source File Reader" daemon [_thread_blocked, id=18036, stack(0x000000618cb00000,0x000000618cc00000) (1024K)]
  0x00000175451d44f0 JavaThread "Compiler Source File Reader" daemon [_thread_blocked, id=2768, stack(0x000000618cc00000,0x000000618cd00000) (1024K)]
  0x00000175451d72e0 JavaThread "Compiler Source File Reader" daemon [_thread_blocked, id=24904, stack(0x000000618cd00000,0x000000618ce00000) (1024K)]
  0x00000175451d4b80 JavaThread "Compiler Source File Reader" daemon [_thread_blocked, id=12728, stack(0x000000618ce00000,0x000000618cf00000) (1024K)]
  0x00000175451d8d20 JavaThread "Compiler Processing Task"   daemon [_thread_blocked, id=12784, stack(0x000000618cf00000,0x000000618d000000) (1024K)]
  0x00000175451d7970 JavaThread "Compiler Class File Writer" daemon [_thread_blocked, id=28180, stack(0x000000618d000000,0x000000618d100000) (1024K)]
  0x00000175451d93b0 JavaThread "Compiler Class File Writer" daemon [_thread_blocked, id=26992, stack(0x000000618d100000,0x000000618d200000) (1024K)]
  0x0000017545ec2370 JavaThread "Compiler Class File Writer" daemon [_thread_blocked, id=7764, stack(0x000000618d200000,0x000000618d300000) (1024K)]
  0x0000017545ebeef0 JavaThread "Compiler Class File Writer" daemon [_thread_blocked, id=2012, stack(0x000000618d300000,0x000000618d400000) (1024K)]
  0x0000017545ebf580 JavaThread "Compiler Class File Writer" daemon [_thread_blocked, id=22544, stack(0x000000618d400000,0x000000618d500000) (1024K)]
  0x0000017545ec3090 JavaThread "Compiler Class File Writer" daemon [_thread_blocked, id=27324, stack(0x000000618d500000,0x000000618d600000) (1024K)]
  0x0000017545ebfc10 JavaThread "Compiler Class File Writer" daemon [_thread_blocked, id=16516, stack(0x000000618d600000,0x000000618d700000) (1024K)]
  0x0000017545ec3db0 JavaThread "Compiler Class File Writer" daemon [_thread_blocked, id=26912, stack(0x000000618d700000,0x000000618d800000) (1024K)]
  0x0000017545ebe1d0 JavaThread "Compiler Class File Writer" daemon [_thread_blocked, id=27836, stack(0x000000618d800000,0x000000618d900000) (1024K)]
  0x0000017545ec02a0 JavaThread "Compiler Class File Writer" daemon [_thread_blocked, id=6544, stack(0x000000618d900000,0x000000618da00000) (1024K)]
Total: 77

Other Threads:
  0x0000017563cf50b0 VMThread "VM Thread"                           [id=6188, stack(0x0000006188400000,0x0000006188500000) (1024K)]
  0x0000017563beca00 WatcherThread "VM Periodic Task Thread"        [id=26048, stack(0x0000006188300000,0x0000006188400000) (1024K)]
  0x0000017563d81ff0 WorkerThread "GC Thread#0"                     [id=20140, stack(0x0000006188200000,0x0000006188300000) (1024K)]
  0x000001757cb23f10 WorkerThread "GC Thread#1"                     [id=4680, stack(0x0000006189100000,0x0000006189200000) (1024K)]
  0x000001757cb242b0 WorkerThread "GC Thread#2"                     [id=7236, stack(0x0000006189200000,0x0000006189300000) (1024K)]
  0x000001757cb58700 WorkerThread "GC Thread#3"                     [id=4604, stack(0x0000006189300000,0x0000006189400000) (1024K)]
  0x000001757d20e5b0 WorkerThread "GC Thread#4"                     [id=8364, stack(0x0000006189400000,0x0000006189500000) (1024K)]
  0x000001757d20ecf0 WorkerThread "GC Thread#5"                     [id=15716, stack(0x0000006189500000,0x0000006189600000) (1024K)]
  0x000001757d20d390 WorkerThread "GC Thread#6"                     [id=10080, stack(0x0000006189600000,0x0000006189700000) (1024K)]
  0x000001757d20e950 WorkerThread "GC Thread#7"                     [id=28184, stack(0x0000006189800000,0x0000006189900000) (1024K)]
  0x000001757d20dad0 WorkerThread "GC Thread#8"                     [id=24772, stack(0x0000006189c00000,0x0000006189d00000) (1024K)]
  0x000001757d20de70 WorkerThread "GC Thread#9"                     [id=16836, stack(0x0000006189d00000,0x0000006189e00000) (1024K)]
Total: 12

Threads with active compile tasks:
C2 CompilerThread0  7702 9252       4       java.lang.invoke.DirectMethodHandle::make (275 bytes)
C2 CompilerThread1  7703 9257       4       java.lang.reflect.Field::get (39 bytes)
C2 CompilerThread2  7703 9264       4       org.eclipse.jdt.internal.compiler.parser.Parser::consumeRule (7748 bytes)
Total: 3

VM state: at safepoint (normal execution)

VM Mutex/Monitor currently owned by a thread:  ([mutex/lock_event])
[0x00007ff84a1ee308] Threads_lock - owner thread: 0x0000017563cf50b0
[0x00007ff84a1ee408] Heap_lock - owner thread: 0x000001757d3775a0

Heap address: 0x0000000080000000, size: 2048 MB, Compressed Oops mode: 32-bit

CDS archive(s) mapped at: [0x0000017500000000-0x0000017500ba0000-0x0000017500ba0000), size 12189696, SharedBaseAddress: 0x0000017500000000, ArchiveRelocationMode: 1.
Compressed class space mapped at: 0x0000017501000000-0x0000017541000000, reserved size: 1073741824
Narrow klass base: 0x0000017500000000, Narrow klass shift: 0, Narrow klass range: 0x100000000

GC Precious Log:
 CardTable entry size: 512
 CPUs: 12 total, 12 available
 Memory: 15712M
 Large Page Support: Disabled
 NUMA Support: Disabled
 Compressed Oops: Enabled (32-bit)
 Alignments: Space 512K, Generation 512K, Heap 2M
 Heap Min Capacity: 100M
 Heap Initial Capacity: 100M
 Heap Max Capacity: 2G
 Pre-touch: Disabled
 Parallel Workers: 10

Heap:
 PSYoungGen      total 3584K, used 3309K [0x00000000d5580000, 0x00000000d5a00000, 0x0000000100000000)
  eden space 2560K, 100% used [0x00000000d5580000,0x00000000d5800000,0x00000000d5800000)
  from space 1024K, 73% used [0x00000000d5900000,0x00000000d59bb508,0x00000000d5a00000)
  to   space 1024K, 57% used [0x00000000d5800000,0x00000000d5892660,0x00000000d5900000)
 ParOldGen       total 293376K, used 292939K [0x0000000080000000, 0x0000000091e80000, 0x00000000d5580000)
  object space 293376K, 99% used [0x0000000080000000,0x0000000091e12cd8,0x0000000091e80000)
 Metaspace       used 58117K, committed 59456K, reserved 1114112K
  class space    used 5996K, committed 6592K, reserved 1048576K

Card table byte_map: [0x0000017563700000,0x0000017563b10000] _byte_map_base: 0x0000017563300000

Marking Bits: (ParMarkBitMap*) 0x00007ff84a1f31f0
 Begin Bits: [0x0000017576200000, 0x0000017578200000)
 End Bits:   [0x0000017578200000, 0x000001757a200000)

Polling page: 0x0000017561bc0000

Metaspace:

Usage:
  Non-class:     50.90 MB used.
      Class:      5.86 MB used.
       Both:     56.76 MB used.

Virtual space:
  Non-class space:       64.00 MB reserved,      51.62 MB ( 81%) committed,  1 nodes.
      Class space:        1.00 GB reserved,       6.44 MB ( <1%) committed,  1 nodes.
             Both:        1.06 GB reserved,      58.06 MB (  5%) committed. 

Chunk freelists:
   Non-Class:  11.81 MB
       Class:  9.45 MB
        Both:  21.26 MB

MaxMetaspaceSize: unlimited
CompressedClassSpaceSize: 1.00 GB
Initial GC threshold: 21.00 MB
Current GC threshold: 58.38 MB
CDS: on
 - commit_granule_bytes: 65536.
 - commit_granule_words: 8192.
 - virtual_space_node_default_size: 8388608.
 - enlarge_chunks_in_place: 1.
 - use_allocation_guard: 0.


Internal statistics:

num_allocs_failed_limit: 8.
num_arena_births: 1044.
num_arena_deaths: 14.
num_vsnodes_births: 2.
num_vsnodes_deaths: 0.
num_space_committed: 929.
num_space_uncommitted: 0.
num_chunks_returned_to_freelist: 22.
num_chunks_taken_from_freelist: 3650.
num_chunk_merges: 12.
num_chunk_splits: 2318.
num_chunks_enlarged: 1398.
num_inconsistent_stats: 0.

CodeHeap 'non-profiled nmethods': size=120000Kb used=5328Kb max_used=5328Kb free=114671Kb
 bounds [0x000001756ea20000, 0x000001756ef60000, 0x0000017575f50000]
CodeHeap 'profiled nmethods': size=120000Kb used=19836Kb max_used=19836Kb free=100163Kb
 bounds [0x0000017566f50000, 0x00000175682b0000, 0x000001756e480000]
CodeHeap 'non-nmethods': size=5760Kb used=1424Kb max_used=1481Kb free=4336Kb
 bounds [0x000001756e480000, 0x000001756e6f0000, 0x000001756ea20000]
 total_blobs=9551 nmethods=8813 adapters=644
 compilation: enabled
              stopped_count=0, restarted_count=0
 full_count=0

Compilation events (20 events):
Event: 7.655 Thread 0x000001757c5f82c0 9422       1       com.google.gson.stream.JsonWriter::setHtmlSafe (6 bytes)
Event: 7.655 Thread 0x000001757c5f82c0 nmethod 9422 0x000001756ef53690 code [0x000001756ef53820, 0x000001756ef538f0]
Event: 7.655 Thread 0x000001757c5f82c0 9424       2       com.google.gson.stream.JsonWriter::name (56 bytes)
Event: 7.655 Thread 0x000001757c5f82c0 nmethod 9424 0x00000175682a6a90 code [0x00000175682a6c80, 0x00000175682a7118]
Event: 7.655 Thread 0x000001757c5f82c0 9423       1       com.google.gson.stream.JsonWriter::setSerializeNulls (6 bytes)
Event: 7.655 Thread 0x000001757c5f82c0 nmethod 9423 0x000001756ef53990 code [0x000001756ef53b20, 0x000001756ef53bf0]
Event: 7.655 Thread 0x000001757c5f82c0 9425       2       java.io.StringWriter::append (6 bytes)
Event: 7.656 Thread 0x000001757c5f82c0 nmethod 9425 0x00000175682a7390 code [0x00000175682a7560, 0x00000175682a7800]
Event: 7.656 Thread 0x000001757c5f82c0 9426       1       java.nio.charset.Charset::name (5 bytes)
Event: 7.656 Thread 0x000001757c5f82c0 nmethod 9426 0x000001756ef53c90 code [0x000001756ef53e20, 0x000001756ef53ee8]
Event: 7.656 Thread 0x000001757c5f82c0 9427       1       com.google.gson.stream.JsonWriter::getStrictness (5 bytes)
Event: 7.656 Thread 0x000001757c5f82c0 nmethod 9427 0x000001756ef53f90 code [0x000001756ef54120, 0x000001756ef541e8]
Event: 7.659 Thread 0x000001757c5f82c0 9428       2       java.util.concurrent.atomic.AtomicLong::addAndGet (14 bytes)
Event: 7.660 Thread 0x000001757c5f82c0 nmethod 9428 0x00000175682a7990 code [0x00000175682a7b20, 0x00000175682a7c38]
Event: 7.661 Thread 0x000001757c5f82c0 9429       2       com.google.gson.stream.JsonWriter::beforeName (49 bytes)
Event: 7.662 Thread 0x000001757c5f82c0 nmethod 9429 0x00000175682a7d10 code [0x00000175682a7f00, 0x00000175682a8280]
Event: 7.662 Thread 0x000001757c5f82c0 9430       2       jdk.internal.misc.Unsafe::allocateMemoryChecks (6 bytes)
Event: 7.662 Thread 0x000001757c5f82c0 nmethod 9430 0x00000175682a8490 code [0x00000175682a8640, 0x00000175682a8800]
Event: 7.662 Thread 0x000001757c5f82c0 9431       2       jdk.internal.misc.Unsafe::allocateMemory (65 bytes)
Event: 7.662 Thread 0x000001757c5f82c0 nmethod 9431 0x00000175682a8910 code [0x00000175682a8b40, 0x00000175682a9060]

GC Heap History (20 events):
Event: 7.597 GC heap before
{Heap before GC invocations=263 (full 2):
 PSYoungGen      total 3584K, used 3296K [0x00000000d5580000, 0x00000000d5a00000, 0x0000000100000000)
  eden space 2560K, 100% used [0x00000000d5580000,0x00000000d5800000,0x00000000d5800000)
  from space 1024K, 71% used [0x00000000d5900000,0x00000000d59b8000,0x00000000d5a00000)
  to   space 1024K, 0% used [0x00000000d5800000,0x00000000d5800000,0x00000000d5900000)
 ParOldGen       total 286208K, used 285734K [0x0000000080000000, 0x0000000091780000, 0x00000000d5580000)
  object space 286208K, 99% used [0x0000000080000000,0x0000000091709ba8,0x0000000091780000)
 Metaspace       used 57636K, committed 58880K, reserved 1114112K
  class space    used 5941K, committed 6528K, reserved 1048576K
}
Event: 7.597 GC heap after
{Heap after GC invocations=263 (full 2):
 PSYoungGen      total 3584K, used 677K [0x00000000d5580000, 0x00000000d5a00000, 0x0000000100000000)
  eden space 2560K, 0% used [0x00000000d5580000,0x00000000d5580000,0x00000000d5800000)
  from space 1024K, 66% used [0x00000000d5800000,0x00000000d58a95e8,0x00000000d5900000)
  to   space 1024K, 0% used [0x00000000d5900000,0x00000000d5900000,0x00000000d5a00000)
 ParOldGen       total 286720K, used 286308K [0x0000000080000000, 0x0000000091800000, 0x00000000d5580000)
  object space 286720K, 99% used [0x0000000080000000,0x0000000091799300,0x0000000091800000)
 Metaspace       used 57636K, committed 58880K, reserved 1114112K
  class space    used 5941K, committed 6528K, reserved 1048576K
}
Event: 7.601 GC heap before
{Heap before GC invocations=264 (full 2):
 PSYoungGen      total 3584K, used 3237K [0x00000000d5580000, 0x00000000d5a00000, 0x0000000100000000)
  eden space 2560K, 100% used [0x00000000d5580000,0x00000000d5800000,0x00000000d5800000)
  from space 1024K, 66% used [0x00000000d5800000,0x00000000d58a95e8,0x00000000d5900000)
  to   space 1024K, 0% used [0x00000000d5900000,0x00000000d5900000,0x00000000d5a00000)
 ParOldGen       total 286720K, used 286308K [0x0000000080000000, 0x0000000091800000, 0x00000000d5580000)
  object space 286720K, 99% used [0x0000000080000000,0x0000000091799300,0x0000000091800000)
 Metaspace       used 57641K, committed 59008K, reserved 1114112K
  class space    used 5941K, committed 6592K, reserved 1048576K
}
Event: 7.602 GC heap after
{Heap after GC invocations=264 (full 2):
 PSYoungGen      total 3584K, used 792K [0x00000000d5580000, 0x00000000d5a00000, 0x0000000100000000)
  eden space 2560K, 0% used [0x00000000d5580000,0x00000000d5580000,0x00000000d5800000)
  from space 1024K, 77% used [0x00000000d5900000,0x00000000d59c6330,0x00000000d5a00000)
  to   space 1024K, 0% used [0x00000000d5800000,0x00000000d5800000,0x00000000d5900000)
 ParOldGen       total 287232K, used 286869K [0x0000000080000000, 0x0000000091880000, 0x00000000d5580000)
  object space 287232K, 99% used [0x0000000080000000,0x0000000091825578,0x0000000091880000)
 Metaspace       used 57641K, committed 59008K, reserved 1114112K
  class space    used 5941K, committed 6592K, reserved 1048576K
}
Event: 7.608 GC heap before
{Heap before GC invocations=265 (full 2):
 PSYoungGen      total 3584K, used 3352K [0x00000000d5580000, 0x00000000d5a00000, 0x0000000100000000)
  eden space 2560K, 100% used [0x00000000d5580000,0x00000000d5800000,0x00000000d5800000)
  from space 1024K, 77% used [0x00000000d5900000,0x00000000d59c6330,0x00000000d5a00000)
  to   space 1024K, 0% used [0x00000000d5800000,0x00000000d5800000,0x00000000d5900000)
 ParOldGen       total 287232K, used 286869K [0x0000000080000000, 0x0000000091880000, 0x00000000d5580000)
  object space 287232K, 99% used [0x0000000080000000,0x0000000091825578,0x0000000091880000)
 Metaspace       used 57647K, committed 59008K, reserved 1114112K
  class space    used 5941K, committed 6592K, reserved 1048576K
}
Event: 7.609 GC heap after
{Heap after GC invocations=265 (full 2):
 PSYoungGen      total 3584K, used 741K [0x00000000d5580000, 0x00000000d5a00000, 0x0000000100000000)
  eden space 2560K, 0% used [0x00000000d5580000,0x00000000d5580000,0x00000000d5800000)
  from space 1024K, 72% used [0x00000000d5800000,0x00000000d58b9580,0x00000000d5900000)
  to   space 1024K, 0% used [0x00000000d5900000,0x00000000d5900000,0x00000000d5a00000)
 ParOldGen       total 287744K, used 287452K [0x0000000080000000, 0x0000000091900000, 0x00000000d5580000)
  object space 287744K, 99% used [0x0000000080000000,0x00000000918b73b8,0x0000000091900000)
 Metaspace       used 57647K, committed 59008K, reserved 1114112K
  class space    used 5941K, committed 6592K, reserved 1048576K
}
Event: 7.616 GC heap before
{Heap before GC invocations=266 (full 2):
 PSYoungGen      total 3584K, used 3301K [0x00000000d5580000, 0x00000000d5a00000, 0x0000000100000000)
  eden space 2560K, 100% used [0x00000000d5580000,0x00000000d5800000,0x00000000d5800000)
  from space 1024K, 72% used [0x00000000d5800000,0x00000000d58b9580,0x00000000d5900000)
  to   space 1024K, 0% used [0x00000000d5900000,0x00000000d5900000,0x00000000d5a00000)
 ParOldGen       total 287744K, used 287452K [0x0000000080000000, 0x0000000091900000, 0x00000000d5580000)
  object space 287744K, 99% used [0x0000000080000000,0x00000000918b73b8,0x0000000091900000)
 Metaspace       used 57683K, committed 59008K, reserved 1114112K
  class space    used 5941K, committed 6592K, reserved 1048576K
}
Event: 7.617 GC heap after
{Heap after GC invocations=266 (full 2):
 PSYoungGen      total 3584K, used 768K [0x00000000d5580000, 0x00000000d5a00000, 0x0000000100000000)
  eden space 2560K, 0% used [0x00000000d5580000,0x00000000d5580000,0x00000000d5800000)
  from space 1024K, 75% used [0x00000000d5900000,0x00000000d59c0208,0x00000000d5a00000)
  to   space 1024K, 0% used [0x00000000d5800000,0x00000000d5800000,0x00000000d5900000)
 ParOldGen       total 288256K, used 288059K [0x0000000080000000, 0x0000000091980000, 0x00000000d5580000)
  object space 288256K, 99% used [0x0000000080000000,0x000000009194ee68,0x0000000091980000)
 Metaspace       used 57683K, committed 59008K, reserved 1114112K
  class space    used 5941K, committed 6592K, reserved 1048576K
}
Event: 7.623 GC heap before
{Heap before GC invocations=267 (full 2):
 PSYoungGen      total 3584K, used 3328K [0x00000000d5580000, 0x00000000d5a00000, 0x0000000100000000)
  eden space 2560K, 100% used [0x00000000d5580000,0x00000000d5800000,0x00000000d5800000)
  from space 1024K, 75% used [0x00000000d5900000,0x00000000d59c0208,0x00000000d5a00000)
  to   space 1024K, 0% used [0x00000000d5800000,0x00000000d5800000,0x00000000d5900000)
 ParOldGen       total 288256K, used 288059K [0x0000000080000000, 0x0000000091980000, 0x00000000d5580000)
  object space 288256K, 99% used [0x0000000080000000,0x000000009194ee68,0x0000000091980000)
 Metaspace       used 57694K, committed 59008K, reserved 1114112K
  class space    used 5943K, committed 6592K, reserved 1048576K
}
Event: 7.624 GC heap after
{Heap after GC invocations=267 (full 2):
 PSYoungGen      total 3584K, used 657K [0x00000000d5580000, 0x00000000d5a00000, 0x0000000100000000)
  eden space 2560K, 0% used [0x00000000d5580000,0x00000000d5580000,0x00000000d5800000)
  from space 1024K, 64% used [0x00000000d5800000,0x00000000d58a4478,0x00000000d5900000)
  to   space 1024K, 0% used [0x00000000d5900000,0x00000000d5900000,0x00000000d5a00000)
 ParOldGen       total 288768K, used 288643K [0x0000000080000000, 0x0000000091a00000, 0x00000000d5580000)
  object space 288768K, 99% used [0x0000000080000000,0x00000000919e0c08,0x0000000091a00000)
 Metaspace       used 57694K, committed 59008K, reserved 1114112K
  class space    used 5943K, committed 6592K, reserved 1048576K
}
Event: 7.630 GC heap before
{Heap before GC invocations=268 (full 2):
 PSYoungGen      total 3584K, used 3217K [0x00000000d5580000, 0x00000000d5a00000, 0x0000000100000000)
  eden space 2560K, 100% used [0x00000000d5580000,0x00000000d5800000,0x00000000d5800000)
  from space 1024K, 64% used [0x00000000d5800000,0x00000000d58a4478,0x00000000d5900000)
  to   space 1024K, 0% used [0x00000000d5900000,0x00000000d5900000,0x00000000d5a00000)
 ParOldGen       total 288768K, used 288643K [0x0000000080000000, 0x0000000091a00000, 0x00000000d5580000)
  object space 288768K, 99% used [0x0000000080000000,0x00000000919e0c08,0x0000000091a00000)
 Metaspace       used 57733K, committed 59136K, reserved 1114112K
  class space    used 5946K, committed 6592K, reserved 1048576K
}
Event: 7.631 GC heap after
{Heap after GC invocations=268 (full 2):
 PSYoungGen      total 3584K, used 698K [0x00000000d5580000, 0x00000000d5a00000, 0x0000000100000000)
  eden space 2560K, 0% used [0x00000000d5580000,0x00000000d5580000,0x00000000d5800000)
  from space 1024K, 68% used [0x00000000d5900000,0x00000000d59aeac0,0x00000000d5a00000)
  to   space 1024K, 0% used [0x00000000d5800000,0x00000000d5800000,0x00000000d5900000)
 ParOldGen       total 289280K, used 289158K [0x0000000080000000, 0x0000000091a80000, 0x00000000d5580000)
  object space 289280K, 99% used [0x0000000080000000,0x0000000091a619e8,0x0000000091a80000)
 Metaspace       used 57733K, committed 59136K, reserved 1114112K
  class space    used 5946K, committed 6592K, reserved 1048576K
}
Event: 7.637 GC heap before
{Heap before GC invocations=269 (full 2):
 PSYoungGen      total 3584K, used 3258K [0x00000000d5580000, 0x00000000d5a00000, 0x0000000100000000)
  eden space 2560K, 99% used [0x00000000d5580000,0x00000000d57fffe8,0x00000000d5800000)
  from space 1024K, 68% used [0x00000000d5900000,0x00000000d59aeac0,0x00000000d5a00000)
  to   space 1024K, 0% used [0x00000000d5800000,0x00000000d5800000,0x00000000d5900000)
 ParOldGen       total 289280K, used 289158K [0x0000000080000000, 0x0000000091a80000, 0x00000000d5580000)
  object space 289280K, 99% used [0x0000000080000000,0x0000000091a619e8,0x0000000091a80000)
 Metaspace       used 57757K, committed 59136K, reserved 1114112K
  class space    used 5950K, committed 6592K, reserved 1048576K
}
Event: 7.639 GC heap after
{Heap after GC invocations=269 (full 2):
 PSYoungGen      total 3584K, used 757K [0x00000000d5580000, 0x00000000d5a00000, 0x0000000100000000)
  eden space 2560K, 0% used [0x00000000d5580000,0x00000000d5580000,0x00000000d5800000)
  from space 1024K, 73% used [0x00000000d5800000,0x00000000d58bd520,0x00000000d5900000)
  to   space 1024K, 0% used [0x00000000d5900000,0x00000000d5900000,0x00000000d5a00000)
 ParOldGen       total 289792K, used 289762K [0x0000000080000000, 0x0000000091b00000, 0x00000000d5580000)
  object space 289792K, 99% used [0x0000000080000000,0x0000000091af89f0,0x0000000091b00000)
 Metaspace       used 57757K, committed 59136K, reserved 1114112K
  class space    used 5950K, committed 6592K, reserved 1048576K
}
Event: 7.646 GC heap before
{Heap before GC invocations=270 (full 2):
 PSYoungGen      total 3584K, used 3317K [0x00000000d5580000, 0x00000000d5a00000, 0x0000000100000000)
  eden space 2560K, 100% used [0x00000000d5580000,0x00000000d5800000,0x00000000d5800000)
  from space 1024K, 73% used [0x00000000d5800000,0x00000000d58bd520,0x00000000d5900000)
  to   space 1024K, 0% used [0x00000000d5900000,0x00000000d5900000,0x00000000d5a00000)
 ParOldGen       total 289792K, used 289762K [0x0000000080000000, 0x0000000091b00000, 0x00000000d5580000)
  object space 289792K, 99% used [0x0000000080000000,0x0000000091af89f0,0x0000000091b00000)
 Metaspace       used 57766K, committed 59136K, reserved 1114112K
  class space    used 5952K, committed 6592K, reserved 1048576K
}
Event: 7.647 GC heap after
{Heap after GC invocations=270 (full 2):
 PSYoungGen      total 3584K, used 742K [0x00000000d5580000, 0x00000000d5a00000, 0x0000000100000000)
  eden space 2560K, 0% used [0x00000000d5580000,0x00000000d5580000,0x00000000d5800000)
  from space 1024K, 72% used [0x00000000d5900000,0x00000000d59b9bb8,0x00000000d5a00000)
  to   space 1024K, 0% used [0x00000000d5800000,0x00000000d5800000,0x00000000d5900000)
 ParOldGen       total 290816K, used 290423K [0x0000000080000000, 0x0000000091c00000, 0x00000000d5580000)
  object space 290816K, 99% used [0x0000000080000000,0x0000000091b9de00,0x0000000091c00000)
 Metaspace       used 57766K, committed 59136K, reserved 1114112K
  class space    used 5952K, committed 6592K, reserved 1048576K
}
Event: 7.652 GC heap before
{Heap before GC invocations=271 (full 2):
 PSYoungGen      total 3584K, used 3302K [0x00000000d5580000, 0x00000000d5a00000, 0x0000000100000000)
  eden space 2560K, 100% used [0x00000000d5580000,0x00000000d5800000,0x00000000d5800000)
  from space 1024K, 72% used [0x00000000d5900000,0x00000000d59b9bb8,0x00000000d5a00000)
  to   space 1024K, 0% used [0x00000000d5800000,0x00000000d5800000,0x00000000d5900000)
 ParOldGen       total 290816K, used 290423K [0x0000000080000000, 0x0000000091c00000, 0x00000000d5580000)
  object space 290816K, 99% used [0x0000000080000000,0x0000000091b9de00,0x0000000091c00000)
 Metaspace       used 57849K, committed 59200K, reserved 1114112K
  class space    used 5961K, committed 6592K, reserved 1048576K
}
Event: 7.654 GC heap after
{Heap after GC invocations=271 (full 2):
 PSYoungGen      total 3584K, used 596K [0x00000000d5580000, 0x00000000d5a00000, 0x0000000100000000)
  eden space 2560K, 0% used [0x00000000d5580000,0x00000000d5580000,0x00000000d5800000)
  from space 1024K, 58% used [0x00000000d5800000,0x00000000d5895348,0x00000000d5900000)
  to   space 1024K, 0% used [0x00000000d5900000,0x00000000d5900000,0x00000000d5a00000)
 ParOldGen       total 291328K, used 291029K [0x0000000080000000, 0x0000000091c80000, 0x00000000d5580000)
  object space 291328K, 99% used [0x0000000080000000,0x0000000091c354f0,0x0000000091c80000)
 Metaspace       used 57849K, committed 59200K, reserved 1114112K
  class space    used 5961K, committed 6592K, reserved 1048576K
}
Event: 7.660 GC heap before
{Heap before GC invocations=272 (full 2):
 PSYoungGen      total 3584K, used 3156K [0x00000000d5580000, 0x00000000d5a00000, 0x0000000100000000)
  eden space 2560K, 100% used [0x00000000d5580000,0x00000000d5800000,0x00000000d5800000)
  from space 1024K, 58% used [0x00000000d5800000,0x00000000d5895348,0x00000000d5900000)
  to   space 1024K, 0% used [0x00000000d5900000,0x00000000d5900000,0x00000000d5a00000)
 ParOldGen       total 291328K, used 291029K [0x0000000080000000, 0x0000000091c80000, 0x00000000d5580000)
  object space 291328K, 99% used [0x0000000080000000,0x0000000091c354f0,0x0000000091c80000)
 Metaspace       used 57916K, committed 59264K, reserved 1114112K
  class space    used 5968K, committed 6592K, reserved 1048576K
}
Event: 7.661 GC heap after
{Heap after GC invocations=272 (full 2):
 PSYoungGen      total 3584K, used 712K [0x00000000d5580000, 0x00000000d5a00000, 0x0000000100000000)
  eden space 2560K, 0% used [0x00000000d5580000,0x00000000d5580000,0x00000000d5800000)
  from space 1024K, 69% used [0x00000000d5900000,0x00000000d59b22a8,0x00000000d5a00000)
  to   space 1024K, 0% used [0x00000000d5800000,0x00000000d5800000,0x00000000d5900000)
 ParOldGen       total 291840K, used 291513K [0x0000000080000000, 0x0000000091d00000, 0x00000000d5580000)
  object space 291840K, 99% used [0x0000000080000000,0x0000000091cae710,0x0000000091d00000)
 Metaspace       used 57916K, committed 59264K, reserved 1114112K
  class space    used 5968K, committed 6592K, reserved 1048576K
}

Dll operation events (10 events):
Event: 0.010 Loaded shared library c:\Users\pragy\.vscode\extensions\redhat.java-1.43.1-win32-x64\jre\21.0.7-win32-x86_64\bin\java.dll
Event: 0.061 Loaded shared library c:\Users\pragy\.vscode\extensions\redhat.java-1.43.1-win32-x64\jre\21.0.7-win32-x86_64\bin\zip.dll
Event: 0.079 Loaded shared library C:\Users\pragy\.vscode\extensions\redhat.java-1.43.1-win32-x64\jre\21.0.7-win32-x86_64\bin\instrument.dll
Event: 0.083 Loaded shared library C:\Users\pragy\.vscode\extensions\redhat.java-1.43.1-win32-x64\jre\21.0.7-win32-x86_64\bin\net.dll
Event: 0.086 Loaded shared library C:\Users\pragy\.vscode\extensions\redhat.java-1.43.1-win32-x64\jre\21.0.7-win32-x86_64\bin\nio.dll
Event: 0.089 Loaded shared library C:\Users\pragy\.vscode\extensions\redhat.java-1.43.1-win32-x64\jre\21.0.7-win32-x86_64\bin\zip.dll
Event: 0.107 Loaded shared library C:\Users\pragy\.vscode\extensions\redhat.java-1.43.1-win32-x64\jre\21.0.7-win32-x86_64\bin\jimage.dll
Event: 0.179 Loaded shared library c:\Users\pragy\.vscode\extensions\redhat.java-1.43.1-win32-x64\jre\21.0.7-win32-x86_64\bin\verify.dll
Event: 1.168 Loaded shared library C:\Users\pragy\AppData\Roaming\Code\User\globalStorage\redhat.java\1.43.1\config_win\org.eclipse.equinox.launcher\org.eclipse.equinox.launcher.win32.win32.x86_64_1.2.1300.v20250331-1702\eclipse_11911.dll
Event: 2.428 Loaded shared library C:\Users\pragy\AppData\Local\Temp\jna-106927057\jna5954529326209059726.dll

Deoptimization events (20 events):
Event: 7.509 Thread 0x0000017545122c60 Uncommon trap: trap_request=0xffffff45 fr.pc=0x000001756eeaf3bc relative=0x00000000000001fc
Event: 7.509 Thread 0x0000017545122c60 Uncommon trap: reason=unstable_if action=reinterpret pc=0x000001756eeaf3bc method=org.eclipse.jdt.internal.compiler.parser.Scanner.scanIdentifierOrKeyword()Lorg/eclipse/jdt/internal/compiler/parser/TerminalToken; @ 27 c2
Event: 7.509 Thread 0x0000017545122c60 DEOPT PACKING pc=0x000001756eeaf3bc sp=0x000000618b8fe160
Event: 7.509 Thread 0x0000017545122c60 DEOPT UNPACKING pc=0x000001756e4d3aa2 sp=0x000000618b8fe0e0 mode 2
Event: 7.554 Thread 0x0000017545122c60 DEOPT PACKING pc=0x0000017568260bce sp=0x000000618b8fe440
Event: 7.554 Thread 0x0000017545122c60 DEOPT UNPACKING pc=0x000001756e4d4242 sp=0x000000618b8fd9c0 mode 0
Event: 7.622 Thread 0x0000017545122c60 Uncommon trap: trap_request=0xffffff45 fr.pc=0x000001756ee713d4 relative=0x0000000000000e74
Event: 7.622 Thread 0x0000017545122c60 Uncommon trap: reason=unstable_if action=reinterpret pc=0x000001756ee713d4 method=org.eclipse.core.runtime.Path.computeLength()I @ 92 c2
Event: 7.622 Thread 0x0000017545122c60 DEOPT PACKING pc=0x000001756ee713d4 sp=0x000000618b8feae0
Event: 7.622 Thread 0x0000017545122c60 DEOPT UNPACKING pc=0x000001756e4d3aa2 sp=0x000000618b8fea28 mode 2
Event: 7.622 Thread 0x0000017545122c60 Uncommon trap: trap_request=0xffffff45 fr.pc=0x000001756ee4d408 relative=0x00000000000001e8
Event: 7.622 Thread 0x0000017545122c60 Uncommon trap: reason=unstable_if action=reinterpret pc=0x000001756ee4d408 method=org.eclipse.core.runtime.Path.computeLength()I @ 92 c2
Event: 7.622 Thread 0x0000017545122c60 DEOPT PACKING pc=0x000001756ee4d408 sp=0x000000618b8feaa0
Event: 7.622 Thread 0x0000017545122c60 DEOPT UNPACKING pc=0x000001756e4d3aa2 sp=0x000000618b8fea20 mode 2
Event: 7.636 Thread 0x000001757d3775a0 Uncommon trap: trap_request=0xffffff45 fr.pc=0x000001756edf7848 relative=0x0000000000007ba8
Event: 7.636 Thread 0x000001757d3775a0 Uncommon trap: reason=unstable_if action=reinterpret pc=0x000001756edf7848 method=org.eclipse.jdt.internal.compiler.util.Util.isClassFileName(Ljava/lang/String;)Z @ 20 c2
Event: 7.636 Thread 0x000001757d3775a0 DEOPT PACKING pc=0x000001756edf7848 sp=0x00000061890fef50
Event: 7.636 Thread 0x000001757d3775a0 DEOPT UNPACKING pc=0x000001756e4d3aa2 sp=0x00000061890fed88 mode 2
Event: 7.655 Thread 0x0000017545129bf0 DEOPT PACKING pc=0x0000017568260bce sp=0x000000618b7fd840
Event: 7.655 Thread 0x0000017545129bf0 DEOPT UNPACKING pc=0x000001756e4d4242 sp=0x000000618b7fcdc0 mode 0

Classes loaded (20 events):
Event: 6.922 Loading class java/util/TreeMap$ValueSpliterator
Event: 6.922 Loading class java/util/TreeMap$TreeMapSpliterator
Event: 6.922 Loading class java/util/TreeMap$TreeMapSpliterator done
Event: 6.922 Loading class java/util/TreeMap$ValueSpliterator done
Event: 6.941 Loading class java/util/concurrent/CompletionException
Event: 6.941 Loading class java/util/concurrent/CompletionException done
Event: 6.944 Loading class java/nio/file/FileTreeWalker$1
Event: 6.944 Loading class java/nio/file/FileTreeWalker$1 done
Event: 6.945 Loading class sun/nio/fs/Globs
Event: 6.945 Loading class sun/nio/fs/Globs done
Event: 6.945 Loading class java/util/regex/Pattern$SliceU
Event: 6.945 Loading class java/util/regex/Pattern$SliceU done
Event: 6.945 Loading class sun/nio/fs/WindowsFileSystem$2
Event: 6.945 Loading class java/nio/file/PathMatcher
Event: 6.945 Loading class java/nio/file/PathMatcher done
Event: 6.945 Loading class sun/nio/fs/WindowsFileSystem$2 done
Event: 7.433 Loading class java/lang/UnsupportedClassVersionError
Event: 7.433 Loading class java/lang/UnsupportedClassVersionError done
Event: 7.652 Loading class java/util/regex/PatternSyntaxException
Event: 7.654 Loading class java/util/regex/PatternSyntaxException done

Classes unloaded (7 events):
Event: 2.896 Thread 0x0000017563cf50b0 Unloading class 0x00000175011a5000 'java/lang/invoke/LambdaForm$MH+0x00000175011a5000'
Event: 2.896 Thread 0x0000017563cf50b0 Unloading class 0x00000175011a4c00 'java/lang/invoke/LambdaForm$MH+0x00000175011a4c00'
Event: 2.896 Thread 0x0000017563cf50b0 Unloading class 0x00000175011a4800 'java/lang/invoke/LambdaForm$MH+0x00000175011a4800'
Event: 2.896 Thread 0x0000017563cf50b0 Unloading class 0x00000175011a4400 'java/lang/invoke/LambdaForm$MH+0x00000175011a4400'
Event: 2.896 Thread 0x0000017563cf50b0 Unloading class 0x00000175011a4000 'java/lang/invoke/LambdaForm$BMH+0x00000175011a4000'
Event: 2.896 Thread 0x0000017563cf50b0 Unloading class 0x00000175011a3c00 'java/lang/invoke/LambdaForm$DMH+0x00000175011a3c00'
Event: 2.896 Thread 0x0000017563cf50b0 Unloading class 0x00000175011a2800 'java/lang/invoke/LambdaForm$DMH+0x00000175011a2800'

Classes redefined (0 events):
No events

Internal exceptions (20 events):
Event: 7.365 Thread 0x0000017545122c60 Exception <a 'sun/nio/fs/WindowsException'{0x00000000d56672a0}> (0x00000000d56672a0) 
thrown [s\src\hotspot\share\prims\jni.cpp, line 520]
Event: 7.365 Thread 0x0000017545122c60 Exception <a 'sun/nio/fs/WindowsException'{0x00000000d5676fc0}> (0x00000000d5676fc0) 
thrown [s\src\hotspot\share\prims\jni.cpp, line 520]
Event: 7.365 Thread 0x0000017545122c60 Exception <a 'sun/nio/fs/WindowsException'{0x00000000d5696850}> (0x00000000d5696850) 
thrown [s\src\hotspot\share\prims\jni.cpp, line 520]
Event: 7.365 Thread 0x0000017545122c60 Exception <a 'sun/nio/fs/WindowsException'{0x00000000d56a7700}> (0x00000000d56a7700) 
thrown [s\src\hotspot\share\prims\jni.cpp, line 520]
Event: 7.366 Thread 0x0000017545122c60 Exception <a 'sun/nio/fs/WindowsException'{0x00000000d56cd6f0}> (0x00000000d56cd6f0) 
thrown [s\src\hotspot\share\prims\jni.cpp, line 520]
Event: 7.366 Thread 0x0000017545122c60 Exception <a 'sun/nio/fs/WindowsException'{0x00000000d56debf8}> (0x00000000d56debf8) 
thrown [s\src\hotspot\share\prims\jni.cpp, line 520]
Event: 7.366 Thread 0x0000017545122c60 Exception <a 'sun/nio/fs/WindowsException'{0x00000000d56edf80}> (0x00000000d56edf80) 
thrown [s\src\hotspot\share\prims\jni.cpp, line 520]
Event: 7.366 Thread 0x0000017545122c60 Exception <a 'sun/nio/fs/WindowsException'{0x00000000d57131c8}> (0x00000000d57131c8) 
thrown [s\src\hotspot\share\prims\jni.cpp, line 520]
Event: 7.366 Thread 0x0000017545122c60 Exception <a 'sun/nio/fs/WindowsException'{0x00000000d5721808}> (0x00000000d5721808) 
thrown [s\src\hotspot\share\prims\jni.cpp, line 520]
Event: 7.366 Thread 0x0000017545122c60 Exception <a 'sun/nio/fs/WindowsException'{0x00000000d572fe28}> (0x00000000d572fe28) 
thrown [s\src\hotspot\share\prims\jni.cpp, line 520]
Event: 7.367 Thread 0x0000017545122c60 Exception <a 'sun/nio/fs/WindowsException'{0x00000000d5734300}> (0x00000000d5734300) 
thrown [s\src\hotspot\share\prims\jni.cpp, line 520]
Event: 7.367 Thread 0x0000017545122c60 Exception <a 'sun/nio/fs/WindowsException'{0x00000000d5743340}> (0x00000000d5743340) 
thrown [s\src\hotspot\share\prims\jni.cpp, line 520]
Event: 7.367 Thread 0x0000017545122c60 Exception <a 'sun/nio/fs/WindowsException'{0x00000000d5751c08}> (0x00000000d5751c08) 
thrown [s\src\hotspot\share\prims\jni.cpp, line 520]
Event: 7.367 Thread 0x0000017545122c60 Exception <a 'sun/nio/fs/WindowsException'{0x00000000d57719f8}> (0x00000000d57719f8) 
thrown [s\src\hotspot\share\prims\jni.cpp, line 520]
Event: 7.367 Thread 0x0000017545122c60 Exception <a 'sun/nio/fs/WindowsException'{0x00000000d57987f0}> (0x00000000d57987f0) 
thrown [s\src\hotspot\share\prims\jni.cpp, line 520]
Event: 7.368 Thread 0x0000017545122c60 Exception <a 'sun/nio/fs/WindowsException'{0x00000000d579b820}> (0x00000000d579b820) 
thrown [s\src\hotspot\share\prims\jni.cpp, line 520]
Event: 7.368 Thread 0x0000017545122c60 Exception <a 'sun/nio/fs/WindowsException'{0x00000000d57ae788}> (0x00000000d57ae788) 
thrown [s\src\hotspot\share\prims\jni.cpp, line 520]
Event: 7.368 Thread 0x0000017545122c60 Exception <a 'sun/nio/fs/WindowsException'{0x00000000d57bd980}> (0x00000000d57bd980) 
thrown [s\src\hotspot\share\prims\jni.cpp, line 520]
Event: 7.368 Thread 0x0000017545122c60 Exception <a 'sun/nio/fs/WindowsException'{0x00000000d57cc1e0}> (0x00000000d57cc1e0) 
thrown [s\src\hotspot\share\prims\jni.cpp, line 520]
Event: 7.453 Thread 0x0000017545122c60 Exception <a 'java/lang/NoSuchMethodError'{0x00000000d573fd80}: 'int java.lang.invoke.Invokers$Holder.invokeExact_MT(java.lang.Object, java.lang.Object)'> (0x00000000d573fd80) 
thrown [s\src\hotspot\share\interpreter\linkResolver.cpp, line 773]

ZGC Phase Switch (0 events):
No events

VM Operations (20 events):
Event: 7.601 Executing VM operation: ParallelGCFailedAllocation (Allocation Failure)
Event: 7.603 Executing VM operation: ParallelGCFailedAllocation (Allocation Failure) done
Event: 7.608 Executing VM operation: ParallelGCFailedAllocation (Allocation Failure)
Event: 7.609 Executing VM operation: ParallelGCFailedAllocation (Allocation Failure) done
Event: 7.616 Executing VM operation: ParallelGCFailedAllocation (Allocation Failure)
Event: 7.617 Executing VM operation: ParallelGCFailedAllocation (Allocation Failure) done
Event: 7.623 Executing VM operation: ParallelGCFailedAllocation (Allocation Failure)
Event: 7.624 Executing VM operation: ParallelGCFailedAllocation (Allocation Failure) done
Event: 7.630 Executing VM operation: ParallelGCFailedAllocation (Allocation Failure)
Event: 7.631 Executing VM operation: ParallelGCFailedAllocation (Allocation Failure) done
Event: 7.637 Executing VM operation: ParallelGCFailedAllocation (Allocation Failure)
Event: 7.639 Executing VM operation: ParallelGCFailedAllocation (Allocation Failure) done
Event: 7.646 Executing VM operation: ParallelGCFailedAllocation (Allocation Failure)
Event: 7.647 Executing VM operation: ParallelGCFailedAllocation (Allocation Failure) done
Event: 7.652 Executing VM operation: ParallelGCFailedAllocation (Allocation Failure)
Event: 7.654 Executing VM operation: ParallelGCFailedAllocation (Allocation Failure) done
Event: 7.660 Executing VM operation: HandshakeAllThreads (Deoptimize)
Event: 7.660 Executing VM operation: HandshakeAllThreads (Deoptimize) done
Event: 7.660 Executing VM operation: ParallelGCFailedAllocation (Allocation Failure)
Event: 7.661 Executing VM operation: ParallelGCFailedAllocation (Allocation Failure) done

Memory protections (0 events):
No events

Nmethod flushes (20 events):
Event: 3.696 Thread 0x0000017563cf50b0 flushing  nmethod 0x00000175675ad290
Event: 3.696 Thread 0x0000017563cf50b0 flushing  nmethod 0x00000175675ada90
Event: 3.696 Thread 0x0000017563cf50b0 flushing  nmethod 0x00000175675ae210
Event: 3.696 Thread 0x0000017563cf50b0 flushing  nmethod 0x00000175675af790
Event: 3.696 Thread 0x0000017563cf50b0 flushing  nmethod 0x00000175675afb90
Event: 3.696 Thread 0x0000017563cf50b0 flushing  nmethod 0x00000175675b0090
Event: 3.696 Thread 0x0000017563cf50b0 flushing  nmethod 0x00000175675b1190
Event: 3.696 Thread 0x0000017563cf50b0 flushing  nmethod 0x00000175675b1610
Event: 3.696 Thread 0x0000017563cf50b0 flushing  nmethod 0x00000175675b2890
Event: 3.696 Thread 0x0000017563cf50b0 flushing  nmethod 0x00000175675b3090
Event: 3.696 Thread 0x0000017563cf50b0 flushing  nmethod 0x00000175675b4010
Event: 3.696 Thread 0x0000017563cf50b0 flushing  nmethod 0x00000175675b4310
Event: 3.696 Thread 0x0000017563cf50b0 flushing  nmethod 0x00000175675d5c90
Event: 3.696 Thread 0x0000017563cf50b0 flushing  nmethod 0x00000175675e9710
Event: 3.696 Thread 0x0000017563cf50b0 flushing  nmethod 0x00000175675eb310
Event: 3.696 Thread 0x0000017563cf50b0 flushing  nmethod 0x00000175675fa690
Event: 3.696 Thread 0x0000017563cf50b0 flushing  nmethod 0x000001756763af90
Event: 3.696 Thread 0x0000017563cf50b0 flushing  nmethod 0x0000017567681190
Event: 3.696 Thread 0x0000017563cf50b0 flushing  nmethod 0x0000017567681b10
Event: 3.696 Thread 0x0000017563cf50b0 flushing  nmethod 0x00000175676a3c90

Events (20 events):
Event: 5.517 Thread 0x000001757d3782c0 Thread added: 0x00000175451d8000
Event: 5.517 Thread 0x000001757d3782c0 Thread added: 0x00000175451da0d0
Event: 5.517 Thread 0x000001757d3782c0 Thread added: 0x00000175451d37d0
Event: 5.517 Thread 0x000001757d3782c0 Thread added: 0x00000175451d65c0
Event: 5.517 Thread 0x000001757d3782c0 Thread added: 0x00000175451d3e60
Event: 5.517 Thread 0x00000175451d37d0 Thread added: 0x00000175451d8690
Event: 5.518 Thread 0x00000175451d3e60 Thread added: 0x00000175451d44f0
Event: 5.518 Thread 0x00000175451d8690 Thread added: 0x00000175451d72e0
Event: 5.518 Thread 0x00000175451d44f0 Thread added: 0x00000175451d4b80
Event: 6.133 Thread 0x000001757d3782c0 Thread added: 0x00000175451d8d20
Event: 6.411 Thread 0x000001757d3782c0 Thread added: 0x00000175451d7970
Event: 6.415 Thread 0x000001757d3782c0 Thread added: 0x00000175451d93b0
Event: 6.418 Thread 0x000001757d3782c0 Thread added: 0x0000017545ec2370
Event: 6.423 Thread 0x000001757d3782c0 Thread added: 0x0000017545ebeef0
Event: 6.425 Thread 0x000001757d3782c0 Thread added: 0x0000017545ebf580
Event: 6.432 Thread 0x000001757d3782c0 Thread added: 0x0000017545ec3090
Event: 6.436 Thread 0x000001757d3782c0 Thread added: 0x0000017545ebfc10
Event: 6.438 Thread 0x000001757d3782c0 Thread added: 0x0000017545ec3db0
Event: 6.441 Thread 0x000001757d3782c0 Thread added: 0x0000017545ebe1d0
Event: 6.443 Thread 0x000001757d3782c0 Thread added: 0x0000017545ec02a0


Dynamic libraries:
0x00007ff626300000 - 0x00007ff62630e000 	c:\Users\pragy\.vscode\extensions\redhat.java-1.43.1-win32-x64\jre\21.0.7-win32-x86_64\bin\java.exe
0x00007ff919c50000 - 0x00007ff919e67000 	C:\windows\SYSTEM32\ntdll.dll
0x00007ff9183c0000 - 0x00007ff918484000 	C:\windows\System32\KERNEL32.DLL
0x00007ff917070000 - 0x00007ff917442000 	C:\windows\System32\KERNELBASE.dll
0x00007ff916d40000 - 0x00007ff916e51000 	C:\windows\System32\ucrtbase.dll
0x00007ff8d1200000 - 0x00007ff8d1218000 	c:\Users\pragy\.vscode\extensions\redhat.java-1.43.1-win32-x64\jre\21.0.7-win32-x86_64\bin\jli.dll
0x00007ff8d0ea0000 - 0x00007ff8d0ebe000 	c:\Users\pragy\.vscode\extensions\redhat.java-1.43.1-win32-x64\jre\21.0.7-win32-x86_64\bin\VCRUNTIME140.dll
0x00007ff917c80000 - 0x00007ff917e31000 	C:\windows\System32\USER32.dll
0x00007ff917040000 - 0x00007ff917066000 	C:\windows\System32\win32u.dll
0x00007ff9178e0000 - 0x00007ff917909000 	C:\windows\System32\GDI32.dll
0x00007ff8fa230000 - 0x00007ff8fa4cb000 	C:\windows\WinSxS\amd64_microsoft.windows.common-controls_6595b64144ccf1df_6.0.22621.5413_none_270da5617387a498\COMCTL32.dll
0x00007ff916f10000 - 0x00007ff917033000 	C:\windows\System32\gdi32full.dll
0x00007ff917a30000 - 0x00007ff917ad7000 	C:\windows\System32\msvcrt.dll
0x00007ff917450000 - 0x00007ff9174ea000 	C:\windows\System32\msvcp_win.dll
0x00007ff918930000 - 0x00007ff918961000 	C:\windows\System32\IMM32.DLL
0x00007ff902e70000 - 0x00007ff902e7c000 	c:\Users\pragy\.vscode\extensions\redhat.java-1.43.1-win32-x64\jre\21.0.7-win32-x86_64\bin\vcruntime140_1.dll
0x00007ff853b10000 - 0x00007ff853b9d000 	c:\Users\pragy\.vscode\extensions\redhat.java-1.43.1-win32-x64\jre\21.0.7-win32-x86_64\bin\msvcp140.dll
0x00007ff849540000 - 0x00007ff84a2d0000 	c:\Users\pragy\.vscode\extensions\redhat.java-1.43.1-win32-x64\jre\21.0.7-win32-x86_64\bin\server\jvm.dll
0x00007ff9184a0000 - 0x00007ff918551000 	C:\windows\System32\ADVAPI32.dll
0x00007ff918880000 - 0x00007ff918928000 	C:\windows\System32\sechost.dll
0x00007ff916ee0000 - 0x00007ff916f08000 	C:\windows\System32\bcrypt.dll
0x00007ff917910000 - 0x00007ff917a24000 	C:\windows\System32\RPCRT4.dll
0x00007ff918080000 - 0x00007ff9180f1000 	C:\windows\System32\WS2_32.dll
0x00007ff912280000 - 0x00007ff9122b4000 	C:\windows\SYSTEM32\WINMM.dll
0x00007ff90d430000 - 0x00007ff90d43a000 	C:\windows\SYSTEM32\VERSION.dll
0x00007ff916600000 - 0x00007ff91664d000 	C:\windows\SYSTEM32\POWRPROF.dll
0x00007ff9165e0000 - 0x00007ff9165f3000 	C:\windows\SYSTEM32\UMPDC.dll
0x00007ff915d30000 - 0x00007ff915d48000 	C:\windows\SYSTEM32\kernel.appcore.dll
0x00007ff902e40000 - 0x00007ff902e4a000 	c:\Users\pragy\.vscode\extensions\redhat.java-1.43.1-win32-x64\jre\21.0.7-win32-x86_64\bin\jimage.dll
0x00007ff914670000 - 0x00007ff9148a2000 	C:\windows\SYSTEM32\DBGHELP.DLL
0x00007ff918970000 - 0x00007ff918d03000 	C:\windows\System32\combase.dll
0x00007ff918560000 - 0x00007ff918637000 	C:\windows\System32\OLEAUT32.dll
0x00007ff8f7d90000 - 0x00007ff8f7dc2000 	C:\windows\SYSTEM32\dbgcore.DLL
0x00007ff917660000 - 0x00007ff9176db000 	C:\windows\System32\bcryptPrimitives.dll
0x00007ff902d80000 - 0x00007ff902d8f000 	c:\Users\pragy\.vscode\extensions\redhat.java-1.43.1-win32-x64\jre\21.0.7-win32-x86_64\bin\instrument.dll
0x00007ff8d0720000 - 0x00007ff8d073f000 	c:\Users\pragy\.vscode\extensions\redhat.java-1.43.1-win32-x64\jre\21.0.7-win32-x86_64\bin\java.dll
0x00007ff918d10000 - 0x00007ff9195b2000 	C:\windows\System32\SHELL32.dll
0x00007ff9177a0000 - 0x00007ff9178df000 	C:\windows\System32\wintypes.dll
0x00007ff914c20000 - 0x00007ff91553d000 	C:\windows\SYSTEM32\windows.storage.dll
0x00007ff918100000 - 0x00007ff91820b000 	C:\windows\System32\SHCORE.dll
0x00007ff918010000 - 0x00007ff918079000 	C:\windows\System32\shlwapi.dll
0x00007ff916c70000 - 0x00007ff916c9b000 	C:\windows\SYSTEM32\profapi.dll
0x00007ff8d0b50000 - 0x00007ff8d0b68000 	c:\Users\pragy\.vscode\extensions\redhat.java-1.43.1-win32-x64\jre\21.0.7-win32-x86_64\bin\zip.dll
0x00007ff8fd450000 - 0x00007ff8fd460000 	C:\Users\pragy\.vscode\extensions\redhat.java-1.43.1-win32-x64\jre\21.0.7-win32-x86_64\bin\net.dll
0x00007ff913750000 - 0x00007ff91387c000 	C:\windows\SYSTEM32\WINHTTP.dll
0x00007ff9161b0000 - 0x00007ff916219000 	C:\windows\system32\mswsock.dll
0x00007ff8d01a0000 - 0x00007ff8d01b6000 	C:\Users\pragy\.vscode\extensions\redhat.java-1.43.1-win32-x64\jre\21.0.7-win32-x86_64\bin\nio.dll
0x00007ff8fb260000 - 0x00007ff8fb270000 	c:\Users\pragy\.vscode\extensions\redhat.java-1.43.1-win32-x64\jre\21.0.7-win32-x86_64\bin\verify.dll
0x00007ff8bbe90000 - 0x00007ff8bbed5000 	C:\Users\pragy\AppData\Roaming\Code\User\globalStorage\redhat.java\1.43.1\config_win\org.eclipse.equinox.launcher\org.eclipse.equinox.launcher.win32.win32.x86_64_1.2.1300.v20250331-1702\eclipse_11911.dll
0x00007ff917ae0000 - 0x00007ff917c80000 	C:\windows\System32\ole32.dll
0x00007ff9163d0000 - 0x00007ff9163eb000 	C:\windows\SYSTEM32\CRYPTSP.dll
0x00007ff915c90000 - 0x00007ff915cc7000 	C:\windows\system32\rsaenh.dll
0x00007ff916270000 - 0x00007ff916298000 	C:\windows\SYSTEM32\USERENV.dll
0x00007ff9163f0000 - 0x00007ff9163fc000 	C:\windows\SYSTEM32\CRYPTBASE.dll
0x00007ff915790000 - 0x00007ff9157bd000 	C:\windows\SYSTEM32\IPHLPAPI.DLL
0x00007ff918330000 - 0x00007ff918339000 	C:\windows\System32\NSI.dll
0x00007ff8a2360000 - 0x00007ff8a23a9000 	C:\Users\pragy\AppData\Local\Temp\jna-106927057\jna5954529326209059726.dll
0x00007ff918490000 - 0x00007ff918498000 	C:\windows\System32\PSAPI.DLL
0x00007ff9127c0000 - 0x00007ff9127d9000 	C:\windows\SYSTEM32\dhcpcsvc6.DLL
0x00007ff9127a0000 - 0x00007ff9127bf000 	C:\windows\SYSTEM32\dhcpcsvc.DLL

dbghelp: loaded successfully - version: 4.0.5 - missing functions: none
symbol engine: initialized successfully - sym options: 0x614 - pdb path: .;c:\Users\pragy\.vscode\extensions\redhat.java-1.43.1-win32-x64\jre\21.0.7-win32-x86_64\bin;C:\windows\SYSTEM32;C:\windows\WinSxS\amd64_microsoft.windows.common-controls_6595b64144ccf1df_6.0.22621.5413_none_270da5617387a498;c:\Users\pragy\.vscode\extensions\redhat.java-1.43.1-win32-x64\jre\21.0.7-win32-x86_64\bin\server;C:\Users\pragy\AppData\Roaming\Code\User\globalStorage\redhat.java\1.43.1\config_win\org.eclipse.equinox.launcher\org.eclipse.equinox.launcher.win32.win32.x86_64_1.2.1300.v20250331-1702;C:\Users\pragy\AppData\Local\Temp\jna-106927057

VM Arguments:
jvm_args: --add-modules=ALL-SYSTEM --add-opens=java.base/java.util=ALL-UNNAMED --add-opens=java.base/java.lang=ALL-UNNAMED --add-opens=java.base/sun.nio.fs=ALL-UNNAMED -Declipse.application=org.eclipse.jdt.ls.core.id1 -Dosgi.bundles.defaultStartLevel=4 -Declipse.product=org.eclipse.jdt.ls.core.product -Djava.import.generatesMetadataFilesAtProjectRoot=false -DDetectVMInstallationsJob.disabled=true -Dfile.encoding=utf8 -XX:+UseParallelGC -XX:GCTimeRatio=4 -XX:AdaptiveSizePolicyWeight=90 -Dsun.zip.disableMemoryMapping=true -Xmx2G -Xms100m -Xlog:disable -javaagent:c:\Users\pragy\.vscode\extensions\redhat.java-1.43.1-win32-x64\lombok\lombok-1.18.39-4050.jar -XX:+HeapDumpOnOutOfMemoryError -XX:HeapDumpPath=c:\Users\pragy\AppData\Roaming\Code\User\workspaceStorage\cc99c5c5b9f10468fc12bfe29c53fb65\redhat.java -Daether.dependencyCollector.impl=bf 
java_command: c:\Users\pragy\.vscode\extensions\redhat.java-1.43.1-win32-x64\server\plugins\org.eclipse.equinox.launcher_1.7.0.v20250519-0528.jar -configuration c:\Users\pragy\AppData\Roaming\Code\User\globalStorage\redhat.java\1.43.1\config_win -data c:\Users\pragy\AppData\Roaming\Code\User\workspaceStorage\cc99c5c5b9f10468fc12bfe29c53fb65\redhat.java\jdt_ws --pipe=\\.\pipe\lsp-40910c198a0cc237db33f702f6ebc3c7-sock
java_class_path (initial): c:\Users\pragy\.vscode\extensions\redhat.java-1.43.1-win32-x64\server\plugins\org.eclipse.equinox.launcher_1.7.0.v20250519-0528.jar
Launcher Type: SUN_STANDARD

[Global flags]
    uintx AdaptiveSizePolicyWeight                 = 90                                        {product} {command line}
     intx CICompilerCount                          = 4                                         {product} {ergonomic}
    uintx GCTimeRatio                              = 4                                         {product} {command line}
     bool HeapDumpOnOutOfMemoryError               = true                                   {manageable} {command line}
    ccstr HeapDumpPath                             = c:\Users\pragy\AppData\Roaming\Code\User\workspaceStorage\cc99c5c5b9f10468fc12bfe29c53fb65\redhat.java         {manageable} {command line}
   size_t InitialHeapSize                          = 104857600                                 {product} {command line}
   size_t MaxHeapSize                              = 2147483648                                {product} {command line}
   size_t MaxNewSize                               = 715653120                                 {product} {ergonomic}
   size_t MinHeapDeltaBytes                        = 524288                                    {product} {ergonomic}
   size_t MinHeapSize                              = 104857600                                 {product} {command line}
   size_t NewSize                                  = 34603008                                  {product} {ergonomic}
    uintx NonNMethodCodeHeapSize                   = 5839372                                {pd product} {ergonomic}
    uintx NonProfiledCodeHeapSize                  = 122909434                              {pd product} {ergonomic}
   size_t OldSize                                  = 70254592                                  {product} {ergonomic}
    uintx ProfiledCodeHeapSize                     = 122909434                              {pd product} {ergonomic}
    uintx ReservedCodeCacheSize                    = 251658240                              {pd product} {ergonomic}
     bool SegmentedCodeCache                       = true                                      {product} {ergonomic}
   size_t SoftMaxHeapSize                          = 2147483648                             {manageable} {ergonomic}
     bool UseCompressedOops                        = true                           {product lp64_product} {ergonomic}
     bool UseLargePagesIndividualAllocation        = false                                  {pd product} {ergonomic}
     bool UseParallelGC                            = true                                      {product} {command line}

Logging:
Log output configuration:
 #0: stdout all=off uptime,level,tags foldmultilines=false
 #1: stderr all=off uptime,level,tags foldmultilines=false

Environment Variables:
PATH=C:\Program Files\Common Files\Oracle\Java\javapath;C:\windows\system32;C:\windows;C:\windows\System32\Wbem;C:\windows\System32\WindowsPowerShell\v1.0\;C:\windows\System32\OpenSSH\;C:\Program Files\nodejs\;C:\Program Files\Git\cmd;C:\Program Files\Git\mingw64\bin;C:\Program Files\Git\usr\bin;S:\Program Files\Microsoft VS Code\bin;C:\Users\pragy\AppData\Local\Microsoft\WindowsApps;C:\MinGW\bin;C:\Program Files\JetBrains\IntelliJ IDEA Community Edition 2023.2.1\java\IntelliJ IDEA Community Edition 2023.2.1\bin;C:\MinGW\bin;;C:\Users\pragy\AppData\Local\Programs\Microsoft VS Code\bin;C:\Users\pragy\AppData\Roaming\npm
USERNAME=pragy
OS=Windows_NT
PROCESSOR_IDENTIFIER=AMD64 Family 25 Model 80 Stepping 0, AuthenticAMD
TMP=C:\Users\pragy\AppData\Local\Temp
TEMP=C:\Users\pragy\AppData\Local\Temp




Periodic native trim disabled

---------------  S Y S T E M  ---------------

OS:
 Windows 11 , 64 bit Build 22621 (10.0.22621.5413)
OS uptime: 0 days 10:50 hours
Hyper-V role detected

CPU: total 12 (initial active 12) (12 cores per cpu, 2 threads per core) family 25 model 80 stepping 0 microcode 0x0, cx8, cmov, fxsr, ht, mmx, 3dnowpref, sse, sse2, sse3, ssse3, sse4a, sse4.1, sse4.2, popcnt, lzcnt, tsc, tscinvbit, avx, avx2, aes, erms, clmul, bmi1, bmi2, adx, sha, fma, vzeroupper, clflush, clflushopt, hv, rdtscp, rdpid, fsrm, f16c, cet_ss
Processor Information for processor 0
  Max Mhz: 2301, Current Mhz: 1798, Mhz Limit: 2301
Processor Information for processor 1
  Max Mhz: 2301, Current Mhz: 1798, Mhz Limit: 2301
Processor Information for processor 2
  Max Mhz: 2301, Current Mhz: 1798, Mhz Limit: 2301
Processor Information for processor 3
  Max Mhz: 2301, Current Mhz: 2301, Mhz Limit: 2301
Processor Information for processor 4
  Max Mhz: 2301, Current Mhz: 1798, Mhz Limit: 2301
Processor Information for processor 5
  Max Mhz: 2301, Current Mhz: 2301, Mhz Limit: 2301
Processor Information for processor 6
  Max Mhz: 2301, Current Mhz: 1798, Mhz Limit: 2301
Processor Information for processor 7
  Max Mhz: 2301, Current Mhz: 2301, Mhz Limit: 2301
Processor Information for processor 8
  Max Mhz: 2301, Current Mhz: 1798, Mhz Limit: 2301
Processor Information for processor 9
  Max Mhz: 2301, Current Mhz: 1798, Mhz Limit: 2301
Processor Information for processor 10
  Max Mhz: 2301, Current Mhz: 1798, Mhz Limit: 2301
Processor Information for processor 11
  Max Mhz: 2301, Current Mhz: 1798, Mhz Limit: 2301

Memory: 4k page, system-wide physical 15712M (2607M free)
TotalPageFile size 17140M (AvailPageFile size 5M)
current process WorkingSet (physical memory assigned to process): 628M, peak: 633M
current process commit charge ("private bytes"): 615M, peak: 1698M

vm_info: OpenJDK 64-Bit Server VM (21.0.7+6-LTS) for windows-amd64 JRE (21.0.7+6-LTS), built on 2025-04-15T00:00:00Z by "admin" with MS VC++ 17.7 (VS2022)

END.
