#
# There is insufficient memory for the Java Runtime Environment to continue.
# Native memory allocation (malloc) failed to allocate 1285296 bytes. Error detail: Chunk::new
# Possible reasons:
#   The system is out of physical RAM or swap space
#   This process is running with CompressedOops enabled, and the Java Heap may be blocking the growth of the native heap
# Possible solutions:
#   Reduce memory load on the system
#   Increase physical memory or swap space
#   Check if swap backing store is full
#   Decrease Java heap size (-Xmx/-Xms)
#   Decrease number of Java threads
#   Decrease Java thread stack sizes (-Xss)
#   Set larger code cache with -XX:ReservedCodeCacheSize=
#   JVM is running with Unscaled Compressed Oops mode in which the Java heap is
#     placed in the first 4GB address space. The Java Heap base address is the
#     maximum limit for the native heap growth. Please use -XX:HeapBaseMinAddress
#     to set the Java Heap base and to place the Java Heap above 4GB virtual address.
# This output file may be truncated or incomplete.
#
#  Out of Memory Error (arena.cpp:168), pid=27768, tid=28076
#
# JRE version: OpenJDK Runtime Environment Temurin-21.0.7+6 (21.0.7+6) (build 21.0.7+6-LTS)
# Java VM: OpenJDK 64-Bit Server VM Temurin-21.0.7+6 (21.0.7+6-LTS, mixed mode, sharing, tiered, compressed oops, compressed class ptrs, parallel gc, windows-amd64)
# No core dump will be written. Minidumps are not enabled by default on client versions of Windows
#

---------------  S U M M A R Y ------------

Command Line: --add-modules=ALL-SYSTEM --add-opens=java.base/java.util=ALL-UNNAMED --add-opens=java.base/java.lang=ALL-UNNAMED --add-opens=java.base/sun.nio.fs=ALL-UNNAMED -Declipse.application=org.eclipse.jdt.ls.core.id1 -Dosgi.bundles.defaultStartLevel=4 -Declipse.product=org.eclipse.jdt.ls.core.product -Djava.import.generatesMetadataFilesAtProjectRoot=false -DDetectVMInstallationsJob.disabled=true -Dfile.encoding=utf8 -XX:+UseParallelGC -XX:GCTimeRatio=4 -XX:AdaptiveSizePolicyWeight=90 -Dsun.zip.disableMemoryMapping=true -Xmx2G -Xms100m -Xlog:disable -javaagent:c:\Users\pragy\.vscode\extensions\redhat.java-1.43.1-win32-x64\lombok\lombok-1.18.39-4050.jar -XX:+HeapDumpOnOutOfMemoryError -XX:HeapDumpPath=c:\Users\pragy\AppData\Roaming\Code\User\workspaceStorage\cc99c5c5b9f10468fc12bfe29c53fb65\redhat.java -Daether.dependencyCollector.impl=bf c:\Users\pragy\.vscode\extensions\redhat.java-1.43.1-win32-x64\server\plugins\org.eclipse.equinox.launcher_1.7.0.v20250519-0528.jar -configuration c:\Users\pragy\AppData\Roaming\Code\User\globalStorage\redhat.java\1.43.1\config_win -data c:\Users\pragy\AppData\Roaming\Code\User\workspaceStorage\cc99c5c5b9f10468fc12bfe29c53fb65\redhat.java\jdt_ws --pipe=\\.\pipe\lsp-52aa4df690eb8e3c83bf1d2a96cf98bb-sock

Host: AMD Ryzen 5 5625U with Radeon Graphics         , 12 cores, 15G,  Windows 11 , 64 bit Build 22621 (10.0.22621.5413)
Time: Mon Jul 14 22:52:34 2025 India Standard Time elapsed time: 21.002773 seconds (0d 0h 0m 21s)

---------------  T H R E A D  ---------------

Current thread (0x0000025b6253f4d0):  JavaThread "C2 CompilerThread2" daemon [_thread_in_native, id=28076, stack(0x000000eadc000000,0x000000eadc100000) (1024K)]


Current CompileTask:
C2:21002 9633       4       org.eclipse.jdt.internal.core.search.indexing.BinaryIndexer::extractReferenceFromConstantPool (358 bytes)

Stack: [0x000000eadc000000,0x000000eadc100000]
Native frames: (J=compiled Java code, j=interpreted, Vv=VM code, C=native code)
V  [jvm.dll+0x6ce119]
V  [jvm.dll+0x8a84a1]
V  [jvm.dll+0x8aa9ce]
V  [jvm.dll+0x8ab0b3]
V  [jvm.dll+0x27f8a6]
V  [jvm.dll+0xc507d]
V  [jvm.dll+0xc55b3]
V  [jvm.dll+0x3b68f2]
V  [jvm.dll+0x382aa5]
V  [jvm.dll+0x381f0a]
V  [jvm.dll+0x247af0]
V  [jvm.dll+0x2470cf]
V  [jvm.dll+0x1c760e]
V  [jvm.dll+0x25695a]
V  [jvm.dll+0x254efa]
V  [jvm.dll+0x3f03f6]
V  [jvm.dll+0x851f6b]
V  [jvm.dll+0x6cc7dd]
C  [ucrtbase.dll+0x29333]
C  [KERNEL32.DLL+0x1259d]
C  [ntdll.dll+0x5af78]


---------------  P R O C E S S  ---------------

Threads class SMR info:
_java_thread_list=0x0000025b6437c040, length=78, elements={
0x0000025b7fd4dac0, 0x0000025b591fe820, 0x0000025b5b211530, 0x0000025b5b2138b0,
0x0000025b5b2147c0, 0x0000025b5b2156d0, 0x0000025b5b219140, 0x0000025b5b219f70,
0x0000025b5b230cd0, 0x0000025b5b315350, 0x0000025b5b569d30, 0x0000025b5bd46f00,
0x0000025b6013c4d0, 0x0000025b5b34cc10, 0x0000025b5b350260, 0x0000025b6048da30,
0x0000025b5b5e1500, 0x0000025b5b8384c0, 0x0000025b6005b410, 0x0000025b600599d0,
0x0000025b6005c130, 0x0000025b60058cb0, 0x0000025b6005baa0, 0x0000025b6253f4d0,
0x0000025b60059340, 0x0000025b6005a060, 0x0000025b60297f20, 0x0000025b602985b0,
0x0000025b60293d80, 0x0000025b60297890, 0x0000025b60295130, 0x0000025b602957c0,
0x0000025b602929d0, 0x0000025b60291cb0, 0x0000025b60296b70, 0x0000025b60297200,
0x0000025b60294410, 0x0000025b60291620, 0x0000025b602964e0, 0x0000025b60295e50,
0x0000025b60294aa0, 0x0000025b602936f0, 0x0000025b60298c40, 0x0000025b60292340,
0x0000025b60293060, 0x0000025b62058920, 0x0000025b62058290, 0x0000025b62059640,
0x0000025b62057570, 0x0000025b62058fb0, 0x0000025b6205a360, 0x0000025b62056ee0,
0x0000025b640b25c0, 0x0000025b640b2c50, 0x0000025b640b04f0, 0x0000025b640b5a40,
0x0000025b640b0b80, 0x0000025b640b4000, 0x0000025b640b3970, 0x0000025b640b4690,
0x0000025b640b1210, 0x0000025b640af7d0, 0x0000025b640b32e0, 0x0000025b640b18a0,
0x0000025b640b1f30, 0x0000025b640b4d20, 0x0000025b640b53b0, 0x0000025b640aeab0,
0x0000025b640af140, 0x0000025b640afe60, 0x0000025b70823640, 0x0000025b70825080,
0x0000025b70825710, 0x0000025b70821c00, 0x0000025b708277e0, 0x0000025b70827e70,
0x0000025b70826ac0, 0x0000025b70826430
}

Java Threads: ( => current thread )
  0x0000025b7fd4dac0 JavaThread "main"                              [_thread_blocked, id=12188, stack(0x000000ead9c00000,0x000000ead9d00000) (1024K)]
  0x0000025b591fe820 JavaThread "Reference Handler"          daemon [_thread_blocked, id=4564, stack(0x000000eada000000,0x000000eada100000) (1024K)]
  0x0000025b5b211530 JavaThread "Finalizer"                  daemon [_thread_blocked, id=652, stack(0x000000eada100000,0x000000eada200000) (1024K)]
  0x0000025b5b2138b0 JavaThread "Signal Dispatcher"          daemon [_thread_blocked, id=26892, stack(0x000000eada200000,0x000000eada300000) (1024K)]
  0x0000025b5b2147c0 JavaThread "Attach Listener"            daemon [_thread_blocked, id=2392, stack(0x000000eada300000,0x000000eada400000) (1024K)]
  0x0000025b5b2156d0 JavaThread "Service Thread"             daemon [_thread_blocked, id=27408, stack(0x000000eada400000,0x000000eada500000) (1024K)]
  0x0000025b5b219140 JavaThread "Monitor Deflation Thread"   daemon [_thread_blocked, id=3888, stack(0x000000eada500000,0x000000eada600000) (1024K)]
  0x0000025b5b219f70 JavaThread "C2 CompilerThread0"         daemon [_thread_in_native, id=21700, stack(0x000000eada600000,0x000000eada700000) (1024K)]
  0x0000025b5b230cd0 JavaThread "C1 CompilerThread0"         daemon [_thread_in_vm, id=27436, stack(0x000000eada700000,0x000000eada800000) (1024K)]
  0x0000025b5b315350 JavaThread "Common-Cleaner"             daemon [_thread_blocked, id=27604, stack(0x000000eada800000,0x000000eada900000) (1024K)]
  0x0000025b5b569d30 JavaThread "Notification Thread"        daemon [_thread_blocked, id=7804, stack(0x000000eada900000,0x000000eadaa00000) (1024K)]
  0x0000025b5bd46f00 JavaThread "Active Thread: Equinox Container: f1cada96-d093-4f03-8e07-443d5179e2f1"        [_thread_blocked, id=9924, stack(0x000000eadb200000,0x000000eadb300000) (1024K)]
  0x0000025b6013c4d0 JavaThread "Refresh Thread: Equinox Container: f1cada96-d093-4f03-8e07-443d5179e2f1" daemon [_thread_blocked, id=10232, stack(0x000000eadab00000,0x000000eadac00000) (1024K)]
  0x0000025b5b34cc10 JavaThread "Framework Event Dispatcher: Equinox Container: f1cada96-d093-4f03-8e07-443d5179e2f1" daemon [_thread_blocked, id=28252, stack(0x000000eadb300000,0x000000eadb400000) (1024K)]
  0x0000025b5b350260 JavaThread "Start Level: Equinox Container: f1cada96-d093-4f03-8e07-443d5179e2f1" daemon [_thread_blocked, id=9188, stack(0x000000eadb400000,0x000000eadb500000) (1024K)]
  0x0000025b6048da30 JavaThread "Bundle File Closer"         daemon [_thread_blocked, id=9384, stack(0x000000eadb800000,0x000000eadb900000) (1024K)]
  0x0000025b5b5e1500 JavaThread "SCR Component Actor"        daemon [_thread_blocked, id=19424, stack(0x000000eadb500000,0x000000eadb600000) (1024K)]
  0x0000025b5b8384c0 JavaThread "C2 CompilerThread1"         daemon [_thread_in_native, id=24640, stack(0x000000eadba00000,0x000000eadbb00000) (1024K)]
  0x0000025b6005b410 JavaThread "Worker-JM"                         [_thread_blocked, id=25308, stack(0x000000eadbb00000,0x000000eadbc00000) (1024K)]
  0x0000025b600599d0 JavaThread "JNA Cleaner"                daemon [_thread_blocked, id=17872, stack(0x000000eadbc00000,0x000000eadbd00000) (1024K)]
  0x0000025b6005c130 JavaThread "Worker-0"                          [_thread_blocked, id=27840, stack(0x000000eadbd00000,0x000000eadbe00000) (1024K)]
  0x0000025b60058cb0 JavaThread "Worker-1"                          [_thread_blocked, id=3648, stack(0x000000eadbe00000,0x000000eadbf00000) (1024K)]
  0x0000025b6005baa0 JavaThread "Java indexing"              daemon [_thread_in_Java, id=15048, stack(0x000000eadbf00000,0x000000eadc000000) (1024K)]
=>0x0000025b6253f4d0 JavaThread "C2 CompilerThread2"         daemon [_thread_in_native, id=28076, stack(0x000000eadc000000,0x000000eadc100000) (1024K)]
  0x0000025b60059340 JavaThread "Worker-2"                          [_thread_blocked, id=8844, stack(0x000000eadc100000,0x000000eadc200000) (1024K)]
  0x0000025b6005a060 JavaThread "Worker-3: Java indexing... "        [_thread_blocked, id=22864, stack(0x000000eadc200000,0x000000eadc300000) (1024K)]
  0x0000025b60297f20 JavaThread "Thread-2"                   daemon [_thread_in_native, id=22724, stack(0x000000eadc300000,0x000000eadc400000) (1024K)]
  0x0000025b602985b0 JavaThread "Thread-3"                   daemon [_thread_in_native, id=16844, stack(0x000000eadc400000,0x000000eadc500000) (1024K)]
  0x0000025b60293d80 JavaThread "Thread-4"                   daemon [_thread_in_native, id=24156, stack(0x000000eadc500000,0x000000eadc600000) (1024K)]
  0x0000025b60297890 JavaThread "Thread-5"                   daemon [_thread_in_native, id=24112, stack(0x000000eadc600000,0x000000eadc700000) (1024K)]
  0x0000025b60295130 JavaThread "Thread-6"                   daemon [_thread_in_native, id=27476, stack(0x000000eadc700000,0x000000eadc800000) (1024K)]
  0x0000025b602957c0 JavaThread "Thread-7"                   daemon [_thread_in_native, id=25424, stack(0x000000eadc800000,0x000000eadc900000) (1024K)]
  0x0000025b602929d0 JavaThread "Thread-8"                   daemon [_thread_in_native, id=27376, stack(0x000000eadc900000,0x000000eadca00000) (1024K)]
  0x0000025b60291cb0 JavaThread "Thread-9"                   daemon [_thread_in_native, id=24676, stack(0x000000eadca00000,0x000000eadcb00000) (1024K)]
  0x0000025b60296b70 JavaThread "Thread-10"                  daemon [_thread_in_native, id=28344, stack(0x000000eadcb00000,0x000000eadcc00000) (1024K)]
  0x0000025b60297200 JavaThread "Thread-11"                  daemon [_thread_in_native, id=27672, stack(0x000000eadcc00000,0x000000eadcd00000) (1024K)]
  0x0000025b60294410 JavaThread "Thread-12"                  daemon [_thread_in_native, id=20392, stack(0x000000eadcd00000,0x000000eadce00000) (1024K)]
  0x0000025b60291620 JavaThread "Thread-13"                  daemon [_thread_in_native, id=22672, stack(0x000000eadce00000,0x000000eadcf00000) (1024K)]
  0x0000025b602964e0 JavaThread "Thread-14"                  daemon [_thread_in_native, id=22840, stack(0x000000eadcf00000,0x000000eadd000000) (1024K)]
  0x0000025b60295e50 JavaThread "pool-2-thread-1"                   [_thread_blocked, id=13440, stack(0x000000eadd000000,0x000000eadd100000) (1024K)]
  0x0000025b60294aa0 JavaThread "Worker-4"                          [_thread_blocked, id=23600, stack(0x000000eadd100000,0x000000eadd200000) (1024K)]
  0x0000025b602936f0 JavaThread "WorkspaceEventsHandler"            [_thread_blocked, id=4796, stack(0x000000eadd200000,0x000000eadd300000) (1024K)]
  0x0000025b60298c40 JavaThread "pool-1-thread-1"                   [_thread_blocked, id=19612, stack(0x000000eadd300000,0x000000eadd400000) (1024K)]
  0x0000025b60292340 JavaThread "Worker-5: Flushing content description cache."        [_thread_in_native, id=24100, stack(0x000000eadd500000,0x000000eadd600000) (1024K)]
  0x0000025b60293060 JavaThread "Keep-Alive-Timer"           daemon [_thread_blocked, id=25800, stack(0x000000eadd600000,0x000000eadd700000) (1024K)]
  0x0000025b62058920 JavaThread "LocalFile Deleter"          daemon [_thread_blocked, id=24564, stack(0x000000eadd700000,0x000000eadd800000) (1024K)]
  0x0000025b62058290 JavaThread "LocalFile Deleter"          daemon [_thread_blocked, id=25788, stack(0x000000eadd800000,0x000000eadd900000) (1024K)]
  0x0000025b62059640 JavaThread "LocalFile Deleter"          daemon [_thread_blocked, id=25784, stack(0x000000eadd900000,0x000000eadda00000) (1024K)]
  0x0000025b62057570 JavaThread "LocalFile Deleter"          daemon [_thread_blocked, id=22716, stack(0x000000eadda00000,0x000000eaddb00000) (1024K)]
  0x0000025b62058fb0 JavaThread "LocalFile Deleter"          daemon [_thread_blocked, id=27420, stack(0x000000eaddb00000,0x000000eaddc00000) (1024K)]
  0x0000025b6205a360 JavaThread "LocalFile Deleter"          daemon [_thread_blocked, id=28448, stack(0x000000eaddc00000,0x000000eaddd00000) (1024K)]
  0x0000025b62056ee0 JavaThread "LocalFile Deleter"          daemon [_thread_blocked, id=8284, stack(0x000000eaddd00000,0x000000eadde00000) (1024K)]
  0x0000025b640b25c0 JavaThread "LocalFile Deleter"          daemon [_thread_blocked, id=25564, stack(0x000000eadde00000,0x000000eaddf00000) (1024K)]
  0x0000025b640b2c50 JavaThread "LocalFile Deleter"          daemon [_thread_blocked, id=25776, stack(0x000000eaddf00000,0x000000eade000000) (1024K)]
  0x0000025b640b04f0 JavaThread "LocalFile Deleter"          daemon [_thread_blocked, id=4056, stack(0x000000eade000000,0x000000eade100000) (1024K)]
  0x0000025b640b5a40 JavaThread "LocalFile Deleter"          daemon [_thread_blocked, id=11836, stack(0x000000eade100000,0x000000eade200000) (1024K)]
  0x0000025b640b0b80 JavaThread "LocalFile Deleter"          daemon [_thread_blocked, id=26440, stack(0x000000eade200000,0x000000eade300000) (1024K)]
  0x0000025b640b4000 JavaThread "Compiler Source File Reader" daemon [_thread_blocked, id=26448, stack(0x000000eade300000,0x000000eade400000) (1024K)]
  0x0000025b640b3970 JavaThread "Compiler Source File Reader" daemon [_thread_blocked, id=25832, stack(0x000000eade400000,0x000000eade500000) (1024K)]
  0x0000025b640b4690 JavaThread "Compiler Source File Reader" daemon [_thread_blocked, id=25792, stack(0x000000eade500000,0x000000eade600000) (1024K)]
  0x0000025b640b1210 JavaThread "Compiler Source File Reader" daemon [_thread_blocked, id=23056, stack(0x000000eade600000,0x000000eade700000) (1024K)]
  0x0000025b640af7d0 JavaThread "Compiler Source File Reader" daemon [_thread_blocked, id=25472, stack(0x000000eade700000,0x000000eade800000) (1024K)]
  0x0000025b640b32e0 JavaThread "Compiler Source File Reader" daemon [_thread_blocked, id=876, stack(0x000000eade800000,0x000000eade900000) (1024K)]
  0x0000025b640b18a0 JavaThread "Compiler Source File Reader" daemon [_thread_blocked, id=25628, stack(0x000000eade900000,0x000000eadea00000) (1024K)]
  0x0000025b640b1f30 JavaThread "Compiler Source File Reader" daemon [_thread_blocked, id=25624, stack(0x000000eadea00000,0x000000eadeb00000) (1024K)]
  0x0000025b640b4d20 JavaThread "Compiler Source File Reader" daemon [_thread_blocked, id=7572, stack(0x000000eadeb00000,0x000000eadec00000) (1024K)]
  0x0000025b640b53b0 JavaThread "Compiler Source File Reader" daemon [_thread_blocked, id=26644, stack(0x000000eadec00000,0x000000eaded00000) (1024K)]
  0x0000025b640aeab0 JavaThread "Compiler Processing Task"   daemon [_thread_blocked, id=25828, stack(0x000000eaded00000,0x000000eadee00000) (1024K)]
  0x0000025b640af140 JavaThread "Compiler Class File Writer" daemon [_thread_blocked, id=26792, stack(0x000000eadee00000,0x000000eadef00000) (1024K)]
  0x0000025b640afe60 JavaThread "Compiler Class File Writer" daemon [_thread_blocked, id=27292, stack(0x000000eadef00000,0x000000eadf000000) (1024K)]
  0x0000025b70823640 JavaThread "Compiler Class File Writer" daemon [_thread_blocked, id=25636, stack(0x000000eadf000000,0x000000eadf100000) (1024K)]
  0x0000025b70825080 JavaThread "Compiler Class File Writer" daemon [_thread_blocked, id=26444, stack(0x000000eadf100000,0x000000eadf200000) (1024K)]
  0x0000025b70825710 JavaThread "Compiler Class File Writer" daemon [_thread_blocked, id=25824, stack(0x000000eadf200000,0x000000eadf300000) (1024K)]
  0x0000025b70821c00 JavaThread "Compiler Class File Writer" daemon [_thread_blocked, id=26136, stack(0x000000eadf300000,0x000000eadf400000) (1024K)]
  0x0000025b708277e0 JavaThread "Compiler Class File Writer" daemon [_thread_blocked, id=26140, stack(0x000000eadf400000,0x000000eadf500000) (1024K)]
  0x0000025b70827e70 JavaThread "Compiler Class File Writer" daemon [_thread_blocked, id=26128, stack(0x000000eadf500000,0x000000eadf600000) (1024K)]
  0x0000025b70826ac0 JavaThread "Compiler Class File Writer" daemon [_thread_blocked, id=26124, stack(0x000000eadf600000,0x000000eadf700000) (1024K)]
  0x0000025b70826430 JavaThread "Compiler Class File Writer" daemon [_thread_blocked, id=5980, stack(0x000000eadf700000,0x000000eadf800000) (1024K)]
Total: 78

Other Threads:
  0x0000025b7fe0ea10 VMThread "VM Thread"                           [id=6544, stack(0x000000ead9f00000,0x000000eada000000) (1024K)]
  0x0000025b590dc8d0 WatcherThread "VM Periodic Task Thread"        [id=27836, stack(0x000000ead9e00000,0x000000ead9f00000) (1024K)]
  0x0000025b7fd6c340 WorkerThread "GC Thread#0"                     [id=26912, stack(0x000000ead9d00000,0x000000ead9e00000) (1024K)]
  0x0000025b60064bf0 WorkerThread "GC Thread#1"                     [id=25820, stack(0x000000eadac00000,0x000000eadad00000) (1024K)]
  0x0000025b5ba35e90 WorkerThread "GC Thread#2"                     [id=27576, stack(0x000000eadad00000,0x000000eadae00000) (1024K)]
  0x0000025b5b9666b0 WorkerThread "GC Thread#3"                     [id=27432, stack(0x000000eadae00000,0x000000eadaf00000) (1024K)]
  0x0000025b5b966a50 WorkerThread "GC Thread#4"                     [id=27572, stack(0x000000eadaf00000,0x000000eadb000000) (1024K)]
  0x0000025b5b966df0 WorkerThread "GC Thread#5"                     [id=24664, stack(0x000000eadb000000,0x000000eadb100000) (1024K)]
  0x0000025b5b967190 WorkerThread "GC Thread#6"                     [id=25796, stack(0x000000eadb100000,0x000000eadb200000) (1024K)]
  0x0000025b6013afd0 WorkerThread "GC Thread#7"                     [id=10764, stack(0x000000eadaa00000,0x000000eadab00000) (1024K)]
  0x0000025b5baa4980 WorkerThread "GC Thread#8"                     [id=24672, stack(0x000000eadb600000,0x000000eadb700000) (1024K)]
  0x0000025b5b281770 WorkerThread "GC Thread#9"                     [id=22816, stack(0x000000eadb700000,0x000000eadb800000) (1024K)]
Total: 12

Threads with active compile tasks:
C2 CompilerThread0  21047 9289       4       org.eclipse.jdt.internal.core.search.matching.ConstructorPattern::createIndexKey (33 bytes)
C1 CompilerThread0  21047 9757       3       org.eclipse.core.internal.dtree.DeltaDataTree::includes (12 bytes)
C2 CompilerThread1  21047 9716   !   4       org.eclipse.jdt.internal.compiler.parser.Scanner::getNextToken0 (3064 bytes)
C2 CompilerThread2  21047 9633       4       org.eclipse.jdt.internal.core.search.indexing.BinaryIndexer::extractReferenceFromConstantPool (358 bytes)
Total: 4

VM state: not at safepoint (normal execution)

VM Mutex/Monitor currently owned by a thread: None

Heap address: 0x0000000080000000, size: 2048 MB, Compressed Oops mode: 32-bit

CDS archive(s) mapped at: [0x0000025b18000000-0x0000025b18ba0000-0x0000025b18ba0000), size 12189696, SharedBaseAddress: 0x0000025b18000000, ArchiveRelocationMode: 1.
Compressed class space mapped at: 0x0000025b19000000-0x0000025b59000000, reserved size: 1073741824
Narrow klass base: 0x0000025b18000000, Narrow klass shift: 0, Narrow klass range: 0x100000000

GC Precious Log:
 CardTable entry size: 512
 CPUs: 12 total, 12 available
 Memory: 15712M
 Large Page Support: Disabled
 NUMA Support: Disabled
 Compressed Oops: Enabled (32-bit)
 Alignments: Space 512K, Generation 512K, Heap 2M
 Heap Min Capacity: 100M
 Heap Initial Capacity: 100M
 Heap Max Capacity: 2G
 Pre-touch: Disabled
 Parallel Workers: 10

Heap:
 PSYoungGen      total 3584K, used 2857K [0x00000000d5580000, 0x00000000d5a00000, 0x0000000100000000)
  eden space 2560K, 87% used [0x00000000d5580000,0x00000000d57acd70,0x00000000d5800000)
  from space 1024K, 61% used [0x00000000d5800000,0x00000000d589da30,0x00000000d5900000)
  to   space 1024K, 0% used [0x00000000d5900000,0x00000000d5900000,0x00000000d5a00000)
 ParOldGen       total 224768K, used 224563K [0x0000000080000000, 0x000000008db80000, 0x00000000d5580000)
  object space 224768K, 99% used [0x0000000080000000,0x000000008db4cd10,0x000000008db80000)
 Metaspace       used 62518K, committed 63872K, reserved 1114112K
  class space    used 6504K, committed 7104K, reserved 1048576K

Card table byte_map: [0x0000025b13540000,0x0000025b13950000] _byte_map_base: 0x0000025b13140000

Marking Bits: (ParMarkBitMap*) 0x00007ff84a1f31f0
 Begin Bits: [0x0000025b13c00000, 0x0000025b15c00000)
 End Bits:   [0x0000025b15c00000, 0x0000025b17c00000)

Polling page: 0x0000025b7f7c0000

Metaspace:

Usage:
  Non-class:     54.70 MB used.
      Class:      6.35 MB used.
       Both:     61.05 MB used.

Virtual space:
  Non-class space:       64.00 MB reserved,      55.44 MB ( 87%) committed,  1 nodes.
      Class space:        1.00 GB reserved,       6.94 MB ( <1%) committed,  1 nodes.
             Both:        1.06 GB reserved,      62.38 MB (  6%) committed. 

Chunk freelists:
   Non-Class:  8.09 MB
       Class:  9.11 MB
        Both:  17.20 MB

MaxMetaspaceSize: unlimited
CompressedClassSpaceSize: 1.00 GB
Initial GC threshold: 21.00 MB
Current GC threshold: 97.31 MB
CDS: on
 - commit_granule_bytes: 65536.
 - commit_granule_words: 8192.
 - virtual_space_node_default_size: 8388608.
 - enlarge_chunks_in_place: 1.
 - use_allocation_guard: 0.


Internal statistics:

num_allocs_failed_limit: 9.
num_arena_births: 1052.
num_arena_deaths: 14.
num_vsnodes_births: 2.
num_vsnodes_deaths: 0.
num_space_committed: 998.
num_space_uncommitted: 0.
num_chunks_returned_to_freelist: 23.
num_chunks_taken_from_freelist: 3647.
num_chunk_merges: 10.
num_chunk_splits: 2310.
num_chunks_enlarged: 1435.
num_inconsistent_stats: 0.

CodeHeap 'non-profiled nmethods': size=120000Kb used=5331Kb max_used=5331Kb free=114668Kb
 bounds [0x0000025b0c010000, 0x0000025b0c550000, 0x0000025b13540000]
CodeHeap 'profiled nmethods': size=120000Kb used=19773Kb max_used=19773Kb free=100226Kb
 bounds [0x0000025b04540000, 0x0000025b05890000, 0x0000025b0ba70000]
CodeHeap 'non-nmethods': size=5760Kb used=1466Kb max_used=1540Kb free=4293Kb
 bounds [0x0000025b0ba70000, 0x0000025b0bce0000, 0x0000025b0c010000]
 total_blobs=9767 nmethods=8988 adapters=685
 compilation: enabled
              stopped_count=0, restarted_count=0
 full_count=0

Compilation events (20 events):
Event: 20.991 Thread 0x0000025b5b219f70 nmethod 9605 0x0000025b0c53d110 code [0x0000025b0c53d2c0, 0x0000025b0c53d8b0]
Event: 20.993 Thread 0x0000025b5b219f70 9608   !   4       org.eclipse.jdt.internal.core.search.indexing.BinaryContainer::$SWITCH_TABLE$org$eclipse$jdt$internal$compiler$parser$TerminalToken (2080 bytes)
Event: 20.996 Thread 0x0000025b5b230cd0 nmethod 9719 0x0000025b05874a90 code [0x0000025b05874fe0, 0x0000025b05877f68]
Event: 20.996 Thread 0x0000025b5b230cd0 9708       2       org.eclipse.jdt.core.dom.ASTNode::checkModifiable (28 bytes)
Event: 20.996 Thread 0x0000025b5b230cd0 nmethod 9708 0x0000025b0587d190 code [0x0000025b0587d360, 0x0000025b0587d578]
Event: 20.996 Thread 0x0000025b5b230cd0 9721       2       org.eclipse.jdt.internal.compiler.parser.Scanner::resetTo (11 bytes)
Event: 20.997 Thread 0x0000025b5b219f70 nmethod 9608 0x0000025b0c53dc10 code [0x0000025b0c53dda0, 0x0000025b0c53de38]
Event: 20.997 Thread 0x0000025b5b230cd0 nmethod 9721 0x0000025b0587d710 code [0x0000025b0587d8c0, 0x0000025b0587da10]
Event: 20.997 Thread 0x0000025b5b219f70 9726       4       java.util.HashMap::getNode (150 bytes)
Event: 20.997 Thread 0x0000025b5b230cd0 9711   !   2       lombok.eclipse.EclipseAST::getTopLevelTypeReferenceAnnotations (69 bytes)
Event: 20.997 Thread 0x0000025b5b230cd0 nmethod 9711 0x0000025b0587db10 code [0x0000025b0587dd80, 0x0000025b0587e328]
Event: 20.997 Thread 0x0000025b5b230cd0 9715       2       org.eclipse.jdt.internal.compiler.parser.Parser::recoveryExitFromVariable (133 bytes)
Event: 20.998 Thread 0x0000025b5b230cd0 nmethod 9715 0x0000025b0587e910 code [0x0000025b0587eb00, 0x0000025b0587ef50]
Event: 20.998 Thread 0x0000025b5b230cd0 9704       2       org.eclipse.core.runtime.SubMonitor::<init> (57 bytes)
Event: 20.998 Thread 0x0000025b5b230cd0 nmethod 9704 0x0000025b0587f190 code [0x0000025b0587f320, 0x0000025b0587f480]
Event: 20.998 Thread 0x0000025b5b230cd0 9713       2       lombok.eclipse.agent.PatchValEclipse$Reflection::access$0 (4 bytes)
Event: 20.998 Thread 0x0000025b5b230cd0 nmethod 9713 0x0000025b0587f510 code [0x0000025b0587f6a0, 0x0000025b0587f790]
Event: 20.998 Thread 0x0000025b5b230cd0 9717       2       org.eclipse.jdt.internal.compiler.parser.AbstractCommentParser::readChar (235 bytes)
Event: 20.998 Thread 0x0000025b5b230cd0 nmethod 9717 0x0000025b0587f810 code [0x0000025b0587fa00, 0x0000025b0587fdd8]
Event: 20.998 Thread 0x0000025b5b230cd0 9712   !   2       lombok.eclipse.TransformEclipseAST::transform (280 bytes)

GC Heap History (20 events):
Event: 20.924 GC heap before
{Heap before GC invocations=234 (full 3):
 PSYoungGen      total 2560K, used 1952K [0x00000000d5580000, 0x00000000d5900000, 0x0000000100000000)
  eden space 1536K, 100% used [0x00000000d5580000,0x00000000d5700000,0x00000000d5700000)
  from space 1024K, 40% used [0x00000000d5800000,0x00000000d5868000,0x00000000d5900000)
  to   space 1024K, 0% used [0x00000000d5700000,0x00000000d5700000,0x00000000d5800000)
 ParOldGen       total 219136K, used 219051K [0x0000000080000000, 0x000000008d600000, 0x00000000d5580000)
  object space 219136K, 99% used [0x0000000080000000,0x000000008d5eaf80,0x000000008d600000)
 Metaspace       used 62383K, committed 63616K, reserved 1114112K
  class space    used 6491K, committed 7040K, reserved 1048576K
}
Event: 20.926 GC heap after
{Heap after GC invocations=234 (full 3):
 PSYoungGen      total 2560K, used 480K [0x00000000d5580000, 0x00000000d5880000, 0x0000000100000000)
  eden space 1536K, 0% used [0x00000000d5580000,0x00000000d5580000,0x00000000d5700000)
  from space 1024K, 46% used [0x00000000d5700000,0x00000000d5778000,0x00000000d5800000)
  to   space 512K, 0% used [0x00000000d5800000,0x00000000d5800000,0x00000000d5880000)
 ParOldGen       total 219648K, used 219338K [0x0000000080000000, 0x000000008d680000, 0x00000000d5580000)
  object space 219648K, 99% used [0x0000000080000000,0x000000008d6328f0,0x000000008d680000)
 Metaspace       used 62383K, committed 63616K, reserved 1114112K
  class space    used 6491K, committed 7040K, reserved 1048576K
}
Event: 20.930 GC heap before
{Heap before GC invocations=235 (full 3):
 PSYoungGen      total 2560K, used 2016K [0x00000000d5580000, 0x00000000d5880000, 0x0000000100000000)
  eden space 1536K, 100% used [0x00000000d5580000,0x00000000d5700000,0x00000000d5700000)
  from space 1024K, 46% used [0x00000000d5700000,0x00000000d5778000,0x00000000d5800000)
  to   space 512K, 0% used [0x00000000d5800000,0x00000000d5800000,0x00000000d5880000)
 ParOldGen       total 219648K, used 219338K [0x0000000080000000, 0x000000008d680000, 0x00000000d5580000)
  object space 219648K, 99% used [0x0000000080000000,0x000000008d6328f0,0x000000008d680000)
 Metaspace       used 62403K, committed 63616K, reserved 1114112K
  class space    used 6492K, committed 7040K, reserved 1048576K
}
Event: 20.932 GC heap after
{Heap after GC invocations=235 (full 3):
 PSYoungGen      total 2048K, used 489K [0x00000000d5580000, 0x00000000d5900000, 0x0000000100000000)
  eden space 1536K, 0% used [0x00000000d5580000,0x00000000d5580000,0x00000000d5700000)
  from space 512K, 95% used [0x00000000d5800000,0x00000000d587a798,0x00000000d5880000)
  to   space 1024K, 0% used [0x00000000d5700000,0x00000000d5700000,0x00000000d5800000)
 ParOldGen       total 220160K, used 219753K [0x0000000080000000, 0x000000008d700000, 0x00000000d5580000)
  object space 220160K, 99% used [0x0000000080000000,0x000000008d69a700,0x000000008d700000)
 Metaspace       used 62403K, committed 63616K, reserved 1114112K
  class space    used 6492K, committed 7040K, reserved 1048576K
}
Event: 20.935 GC heap before
{Heap before GC invocations=236 (full 3):
 PSYoungGen      total 2048K, used 2025K [0x00000000d5580000, 0x00000000d5900000, 0x0000000100000000)
  eden space 1536K, 100% used [0x00000000d5580000,0x00000000d5700000,0x00000000d5700000)
  from space 512K, 95% used [0x00000000d5800000,0x00000000d587a798,0x00000000d5880000)
  to   space 1024K, 0% used [0x00000000d5700000,0x00000000d5700000,0x00000000d5800000)
 ParOldGen       total 220160K, used 219753K [0x0000000080000000, 0x000000008d700000, 0x00000000d5580000)
  object space 220160K, 99% used [0x0000000080000000,0x000000008d69a700,0x000000008d700000)
 Metaspace       used 62413K, committed 63680K, reserved 1114112K
  class space    used 6492K, committed 7040K, reserved 1048576K
}
Event: 20.936 GC heap after
{Heap after GC invocations=236 (full 3):
 PSYoungGen      total 2560K, used 621K [0x00000000d5580000, 0x00000000d5980000, 0x0000000100000000)
  eden space 1536K, 0% used [0x00000000d5580000,0x00000000d5580000,0x00000000d5700000)
  from space 1024K, 60% used [0x00000000d5700000,0x00000000d579b668,0x00000000d5800000)
  to   space 1024K, 0% used [0x00000000d5880000,0x00000000d5880000,0x00000000d5980000)
 ParOldGen       total 220160K, used 220145K [0x0000000080000000, 0x000000008d700000, 0x00000000d5580000)
  object space 220160K, 99% used [0x0000000080000000,0x000000008d6fc6b0,0x000000008d700000)
 Metaspace       used 62413K, committed 63680K, reserved 1114112K
  class space    used 6492K, committed 7040K, reserved 1048576K
}
Event: 20.939 GC heap before
{Heap before GC invocations=237 (full 3):
 PSYoungGen      total 2560K, used 2048K [0x00000000d5580000, 0x00000000d5980000, 0x0000000100000000)
  eden space 1536K, 92% used [0x00000000d5580000,0x00000000d56e49f0,0x00000000d5700000)
  from space 1024K, 60% used [0x00000000d5700000,0x00000000d579b668,0x00000000d5800000)
  to   space 1024K, 0% used [0x00000000d5880000,0x00000000d5880000,0x00000000d5980000)
 ParOldGen       total 220160K, used 220145K [0x0000000080000000, 0x000000008d700000, 0x00000000d5580000)
  object space 220160K, 99% used [0x0000000080000000,0x000000008d6fc6b0,0x000000008d700000)
 Metaspace       used 62414K, committed 63680K, reserved 1114112K
  class space    used 6492K, committed 7040K, reserved 1048576K
}
Event: 20.941 GC heap after
{Heap after GC invocations=237 (full 3):
 PSYoungGen      total 3072K, used 495K [0x00000000d5580000, 0x00000000d5980000, 0x0000000100000000)
  eden space 2048K, 0% used [0x00000000d5580000,0x00000000d5580000,0x00000000d5780000)
  from space 1024K, 48% used [0x00000000d5880000,0x00000000d58fbfb8,0x00000000d5980000)
  to   space 1024K, 0% used [0x00000000d5780000,0x00000000d5780000,0x00000000d5880000)
 ParOldGen       total 220672K, used 220643K [0x0000000080000000, 0x000000008d780000, 0x00000000d5580000)
  object space 220672K, 99% used [0x0000000080000000,0x000000008d778f98,0x000000008d780000)
 Metaspace       used 62414K, committed 63680K, reserved 1114112K
  class space    used 6492K, committed 7040K, reserved 1048576K
}
Event: 20.943 GC heap before
{Heap before GC invocations=238 (full 3):
 PSYoungGen      total 3072K, used 2543K [0x00000000d5580000, 0x00000000d5980000, 0x0000000100000000)
  eden space 2048K, 100% used [0x00000000d5580000,0x00000000d5780000,0x00000000d5780000)
  from space 1024K, 48% used [0x00000000d5880000,0x00000000d58fbfb8,0x00000000d5980000)
  to   space 1024K, 0% used [0x00000000d5780000,0x00000000d5780000,0x00000000d5880000)
 ParOldGen       total 220672K, used 220643K [0x0000000080000000, 0x000000008d780000, 0x00000000d5580000)
  object space 220672K, 99% used [0x0000000080000000,0x000000008d778f98,0x000000008d780000)
 Metaspace       used 62415K, committed 63680K, reserved 1114112K
  class space    used 6492K, committed 7040K, reserved 1048576K
}
Event: 20.944 GC heap after
{Heap after GC invocations=238 (full 3):
 PSYoungGen      total 3072K, used 922K [0x00000000d5580000, 0x00000000d5a00000, 0x0000000100000000)
  eden space 2048K, 0% used [0x00000000d5580000,0x00000000d5580000,0x00000000d5780000)
  from space 1024K, 90% used [0x00000000d5780000,0x00000000d5866bc8,0x00000000d5880000)
  to   space 1024K, 0% used [0x00000000d5900000,0x00000000d5900000,0x00000000d5a00000)
 ParOldGen       total 221184K, used 221035K [0x0000000080000000, 0x000000008d800000, 0x00000000d5580000)
  object space 221184K, 99% used [0x0000000080000000,0x000000008d7daf50,0x000000008d800000)
 Metaspace       used 62415K, committed 63680K, reserved 1114112K
  class space    used 6492K, committed 7040K, reserved 1048576K
}
Event: 20.949 GC heap before
{Heap before GC invocations=239 (full 3):
 PSYoungGen      total 3072K, used 2970K [0x00000000d5580000, 0x00000000d5a00000, 0x0000000100000000)
  eden space 2048K, 100% used [0x00000000d5580000,0x00000000d5780000,0x00000000d5780000)
  from space 1024K, 90% used [0x00000000d5780000,0x00000000d5866bc8,0x00000000d5880000)
  to   space 1024K, 0% used [0x00000000d5900000,0x00000000d5900000,0x00000000d5a00000)
 ParOldGen       total 221184K, used 221035K [0x0000000080000000, 0x000000008d800000, 0x00000000d5580000)
  object space 221184K, 99% used [0x0000000080000000,0x000000008d7daf50,0x000000008d800000)
 Metaspace       used 62417K, committed 63680K, reserved 1114112K
  class space    used 6492K, committed 7040K, reserved 1048576K
}
Event: 20.951 GC heap after
{Heap after GC invocations=239 (full 3):
 PSYoungGen      total 3584K, used 669K [0x00000000d5580000, 0x00000000d5a00000, 0x0000000100000000)
  eden space 2560K, 0% used [0x00000000d5580000,0x00000000d5580000,0x00000000d5800000)
  from space 1024K, 65% used [0x00000000d5900000,0x00000000d59a7498,0x00000000d5a00000)
  to   space 1024K, 0% used [0x00000000d5800000,0x00000000d5800000,0x00000000d5900000)
 ParOldGen       total 222208K, used 221835K [0x0000000080000000, 0x000000008d900000, 0x00000000d5580000)
  object space 222208K, 99% used [0x0000000080000000,0x000000008d8a2cb8,0x000000008d900000)
 Metaspace       used 62417K, committed 63680K, reserved 1114112K
  class space    used 6492K, committed 7040K, reserved 1048576K
}
Event: 20.960 GC heap before
{Heap before GC invocations=240 (full 3):
 PSYoungGen      total 3584K, used 3229K [0x00000000d5580000, 0x00000000d5a00000, 0x0000000100000000)
  eden space 2560K, 100% used [0x00000000d5580000,0x00000000d5800000,0x00000000d5800000)
  from space 1024K, 65% used [0x00000000d5900000,0x00000000d59a7498,0x00000000d5a00000)
  to   space 1024K, 0% used [0x00000000d5800000,0x00000000d5800000,0x00000000d5900000)
 ParOldGen       total 222208K, used 221835K [0x0000000080000000, 0x000000008d900000, 0x00000000d5580000)
  object space 222208K, 99% used [0x0000000080000000,0x000000008d8a2cb8,0x000000008d900000)
 Metaspace       used 62419K, committed 63680K, reserved 1114112K
  class space    used 6492K, committed 7040K, reserved 1048576K
}
Event: 20.961 GC heap after
{Heap after GC invocations=240 (full 3):
 PSYoungGen      total 3584K, used 691K [0x00000000d5580000, 0x00000000d5a00000, 0x0000000100000000)
  eden space 2560K, 0% used [0x00000000d5580000,0x00000000d5580000,0x00000000d5800000)
  from space 1024K, 67% used [0x00000000d5800000,0x00000000d58acd38,0x00000000d5900000)
  to   space 1024K, 0% used [0x00000000d5900000,0x00000000d5900000,0x00000000d5a00000)
 ParOldGen       total 222720K, used 222299K [0x0000000080000000, 0x000000008d980000, 0x00000000d5580000)
  object space 222720K, 99% used [0x0000000080000000,0x000000008d916e98,0x000000008d980000)
 Metaspace       used 62419K, committed 63680K, reserved 1114112K
  class space    used 6492K, committed 7040K, reserved 1048576K
}
Event: 20.967 GC heap before
{Heap before GC invocations=241 (full 3):
 PSYoungGen      total 3584K, used 3183K [0x00000000d5580000, 0x00000000d5a00000, 0x0000000100000000)
  eden space 2560K, 97% used [0x00000000d5580000,0x00000000d57eef38,0x00000000d5800000)
  from space 1024K, 67% used [0x00000000d5800000,0x00000000d58acd38,0x00000000d5900000)
  to   space 1024K, 0% used [0x00000000d5900000,0x00000000d5900000,0x00000000d5a00000)
 ParOldGen       total 222720K, used 222299K [0x0000000080000000, 0x000000008d980000, 0x00000000d5580000)
  object space 222720K, 99% used [0x0000000080000000,0x000000008d916e98,0x000000008d980000)
 Metaspace       used 62423K, committed 63680K, reserved 1114112K
  class space    used 6492K, committed 7040K, reserved 1048576K
}
Event: 20.968 GC heap after
{Heap after GC invocations=241 (full 3):
 PSYoungGen      total 3584K, used 622K [0x00000000d5580000, 0x00000000d5a00000, 0x0000000100000000)
  eden space 2560K, 0% used [0x00000000d5580000,0x00000000d5580000,0x00000000d5800000)
  from space 1024K, 60% used [0x00000000d5900000,0x00000000d599bac8,0x00000000d5a00000)
  to   space 1024K, 0% used [0x00000000d5800000,0x00000000d5800000,0x00000000d5900000)
 ParOldGen       total 223232K, used 222850K [0x0000000080000000, 0x000000008da00000, 0x00000000d5580000)
  object space 223232K, 99% used [0x0000000080000000,0x000000008d9a08a8,0x000000008da00000)
 Metaspace       used 62423K, committed 63680K, reserved 1114112K
  class space    used 6492K, committed 7040K, reserved 1048576K
}
Event: 20.975 GC heap before
{Heap before GC invocations=242 (full 3):
 PSYoungGen      total 3584K, used 3175K [0x00000000d5580000, 0x00000000d5a00000, 0x0000000100000000)
  eden space 2560K, 99% used [0x00000000d5580000,0x00000000d57fe488,0x00000000d5800000)
  from space 1024K, 60% used [0x00000000d5900000,0x00000000d599bac8,0x00000000d5a00000)
  to   space 1024K, 0% used [0x00000000d5800000,0x00000000d5800000,0x00000000d5900000)
 ParOldGen       total 223232K, used 222850K [0x0000000080000000, 0x000000008da00000, 0x00000000d5580000)
  object space 223232K, 99% used [0x0000000080000000,0x000000008d9a08a8,0x000000008da00000)
 Metaspace       used 62423K, committed 63680K, reserved 1114112K
  class space    used 6492K, committed 7040K, reserved 1048576K
}
Event: 20.977 GC heap after
{Heap after GC invocations=242 (full 3):
 PSYoungGen      total 3584K, used 778K [0x00000000d5580000, 0x00000000d5a00000, 0x0000000100000000)
  eden space 2560K, 0% used [0x00000000d5580000,0x00000000d5580000,0x00000000d5800000)
  from space 1024K, 76% used [0x00000000d5800000,0x00000000d58c2a28,0x00000000d5900000)
  to   space 1024K, 0% used [0x00000000d5900000,0x00000000d5900000,0x00000000d5a00000)
 ParOldGen       total 223744K, used 223362K [0x0000000080000000, 0x000000008da80000, 0x00000000d5580000)
  object space 223744K, 99% used [0x0000000080000000,0x000000008da209e0,0x000000008da80000)
 Metaspace       used 62423K, committed 63680K, reserved 1114112K
  class space    used 6492K, committed 7040K, reserved 1048576K
}
Event: 20.983 GC heap before
{Heap before GC invocations=243 (full 3):
 PSYoungGen      total 3584K, used 3338K [0x00000000d5580000, 0x00000000d5a00000, 0x0000000100000000)
  eden space 2560K, 100% used [0x00000000d5580000,0x00000000d5800000,0x00000000d5800000)
  from space 1024K, 76% used [0x00000000d5800000,0x00000000d58c2a28,0x00000000d5900000)
  to   space 1024K, 0% used [0x00000000d5900000,0x00000000d5900000,0x00000000d5a00000)
 ParOldGen       total 223744K, used 223362K [0x0000000080000000, 0x000000008da80000, 0x00000000d5580000)
  object space 223744K, 99% used [0x0000000080000000,0x000000008da209e0,0x000000008da80000)
 Metaspace       used 62448K, committed 63680K, reserved 1114112K
  class space    used 6492K, committed 7040K, reserved 1048576K
}
Event: 20.984 GC heap after
{Heap after GC invocations=243 (full 3):
 PSYoungGen      total 3584K, used 728K [0x00000000d5580000, 0x00000000d5a00000, 0x0000000100000000)
  eden space 2560K, 0% used [0x00000000d5580000,0x00000000d5580000,0x00000000d5800000)
  from space 1024K, 71% used [0x00000000d5900000,0x00000000d59b62a8,0x00000000d5a00000)
  to   space 1024K, 0% used [0x00000000d5800000,0x00000000d5800000,0x00000000d5900000)
 ParOldGen       total 224256K, used 223969K [0x0000000080000000, 0x000000008db00000, 0x00000000d5580000)
  object space 224256K, 99% used [0x0000000080000000,0x000000008dab86d0,0x000000008db00000)
 Metaspace       used 62448K, committed 63680K, reserved 1114112K
  class space    used 6492K, committed 7040K, reserved 1048576K
}

Dll operation events (12 events):
Event: 0.010 Loaded shared library c:\Users\pragy\.vscode\extensions\redhat.java-1.43.1-win32-x64\jre\21.0.7-win32-x86_64\bin\java.dll
Event: 0.086 Loaded shared library c:\Users\pragy\.vscode\extensions\redhat.java-1.43.1-win32-x64\jre\21.0.7-win32-x86_64\bin\zip.dll
Event: 0.109 Loaded shared library C:\Users\pragy\.vscode\extensions\redhat.java-1.43.1-win32-x64\jre\21.0.7-win32-x86_64\bin\instrument.dll
Event: 0.115 Loaded shared library C:\Users\pragy\.vscode\extensions\redhat.java-1.43.1-win32-x64\jre\21.0.7-win32-x86_64\bin\net.dll
Event: 0.118 Loaded shared library C:\Users\pragy\.vscode\extensions\redhat.java-1.43.1-win32-x64\jre\21.0.7-win32-x86_64\bin\nio.dll
Event: 0.123 Loaded shared library C:\Users\pragy\.vscode\extensions\redhat.java-1.43.1-win32-x64\jre\21.0.7-win32-x86_64\bin\zip.dll
Event: 0.143 Loaded shared library C:\Users\pragy\.vscode\extensions\redhat.java-1.43.1-win32-x64\jre\21.0.7-win32-x86_64\bin\jimage.dll
Event: 0.245 Loaded shared library c:\Users\pragy\.vscode\extensions\redhat.java-1.43.1-win32-x64\jre\21.0.7-win32-x86_64\bin\verify.dll
Event: 5.882 Loaded shared library C:\Users\pragy\AppData\Roaming\Code\User\globalStorage\redhat.java\1.43.1\config_win\org.eclipse.equinox.launcher\org.eclipse.equinox.launcher.win32.win32.x86_64_1.2.1300.v20250331-1702\eclipse_11911.dll
Event: 14.475 Loaded shared library C:\Users\pragy\AppData\Local\Temp\jna-106927057\jna11188447005975684279.dll
Event: 16.001 Loaded shared library C:\Users\pragy\.vscode\extensions\redhat.java-1.43.1-win32-x64\jre\21.0.7-win32-x86_64\bin\sunmscapi.dll
Event: 16.093 Loaded shared library C:\Users\pragy\.vscode\extensions\redhat.java-1.43.1-win32-x64\jre\21.0.7-win32-x86_64\bin\extnet.dll

Deoptimization events (20 events):
Event: 20.946 Thread 0x0000025b6005baa0 DEOPT PACKING pc=0x0000025b04d64b53 sp=0x000000eadbffec70
Event: 20.946 Thread 0x0000025b6005baa0 DEOPT UNPACKING pc=0x0000025b0bac4242 sp=0x000000eadbffe1d8 mode 0
Event: 20.952 Thread 0x0000025b6005baa0 DEOPT PACKING pc=0x0000025b04d64d78 sp=0x000000eadbffec70
Event: 20.952 Thread 0x0000025b6005baa0 DEOPT UNPACKING pc=0x0000025b0bac4242 sp=0x000000eadbffe1d8 mode 0
Event: 20.960 Thread 0x0000025b6005baa0 DEOPT PACKING pc=0x0000025b04d64bd3 sp=0x000000eadbffec70
Event: 20.960 Thread 0x0000025b6005baa0 DEOPT UNPACKING pc=0x0000025b0bac4242 sp=0x000000eadbffe1d8 mode 0
Event: 20.965 Thread 0x0000025b6005baa0 DEOPT PACKING pc=0x0000025b04d64b53 sp=0x000000eadbffec70
Event: 20.965 Thread 0x0000025b6005baa0 DEOPT UNPACKING pc=0x0000025b0bac4242 sp=0x000000eadbffe1d8 mode 0
Event: 20.970 Thread 0x0000025b6005baa0 DEOPT PACKING pc=0x0000025b04d64bd3 sp=0x000000eadbffec70
Event: 20.970 Thread 0x0000025b6005baa0 DEOPT UNPACKING pc=0x0000025b0bac4242 sp=0x000000eadbffe1d8 mode 0
Event: 20.974 Thread 0x0000025b6005baa0 DEOPT PACKING pc=0x0000025b04d64bd3 sp=0x000000eadbffec70
Event: 20.974 Thread 0x0000025b6005baa0 DEOPT UNPACKING pc=0x0000025b0bac4242 sp=0x000000eadbffe1d8 mode 0
Event: 20.979 Thread 0x0000025b6005baa0 DEOPT PACKING pc=0x0000025b04d64b53 sp=0x000000eadbffec70
Event: 20.979 Thread 0x0000025b6005baa0 DEOPT UNPACKING pc=0x0000025b0bac4242 sp=0x000000eadbffe1d8 mode 0
Event: 20.983 Thread 0x0000025b6005baa0 DEOPT PACKING pc=0x0000025b04d64b53 sp=0x000000eadbffec70
Event: 20.983 Thread 0x0000025b6005baa0 DEOPT UNPACKING pc=0x0000025b0bac4242 sp=0x000000eadbffe1d8 mode 0
Event: 20.996 Thread 0x0000025b60294aa0 Uncommon trap: trap_request=0xffffff45 fr.pc=0x0000025b0c4a2654 relative=0x0000000000000e74
Event: 20.996 Thread 0x0000025b60294aa0 Uncommon trap: reason=unstable_if action=reinterpret pc=0x0000025b0c4a2654 method=org.eclipse.core.runtime.Path.computeLength()I @ 92 c2
Event: 20.996 Thread 0x0000025b60294aa0 DEOPT PACKING pc=0x0000025b0c4a2654 sp=0x000000eadd1fece0
Event: 20.996 Thread 0x0000025b60294aa0 DEOPT UNPACKING pc=0x0000025b0bac3aa2 sp=0x000000eadd1fec28 mode 2

Classes loaded (20 events):
Event: 19.456 Loading class java/util/concurrent/ConcurrentHashMap$KeySpliterator
Event: 19.457 Loading class java/util/concurrent/ConcurrentHashMap$KeySpliterator done
Event: 19.464 Loading class sun/nio/ch/ChannelOutputStream
Event: 19.464 Loading class sun/nio/ch/ChannelOutputStream done
Event: 19.606 Loading class java/util/ArrayDeque$DeqSpliterator
Event: 19.606 Loading class java/util/ArrayDeque$DeqSpliterator done
Event: 19.849 Loading class java/lang/Throwable$WrappedPrintWriter
Event: 19.850 Loading class java/lang/Throwable$PrintStreamOrWriter
Event: 19.850 Loading class java/lang/Throwable$PrintStreamOrWriter done
Event: 19.850 Loading class java/lang/Throwable$WrappedPrintWriter done
Event: 19.991 Loading class java/util/TreeMap$ValueSpliterator
Event: 19.991 Loading class java/util/TreeMap$TreeMapSpliterator
Event: 19.991 Loading class java/util/TreeMap$TreeMapSpliterator done
Event: 19.991 Loading class java/util/TreeMap$ValueSpliterator done
Event: 20.013 Loading class java/util/concurrent/CompletionException
Event: 20.013 Loading class java/util/concurrent/CompletionException done
Event: 20.017 Loading class java/nio/file/FileTreeWalker$1
Event: 20.017 Loading class java/nio/file/FileTreeWalker$1 done
Event: 20.672 Loading class java/lang/UnsupportedClassVersionError
Event: 20.672 Loading class java/lang/UnsupportedClassVersionError done

Classes unloaded (7 events):
Event: 14.972 Thread 0x0000025b7fe0ea10 Unloading class 0x0000025b191a5000 'java/lang/invoke/LambdaForm$MH+0x0000025b191a5000'
Event: 14.972 Thread 0x0000025b7fe0ea10 Unloading class 0x0000025b191a4c00 'java/lang/invoke/LambdaForm$MH+0x0000025b191a4c00'
Event: 14.972 Thread 0x0000025b7fe0ea10 Unloading class 0x0000025b191a4800 'java/lang/invoke/LambdaForm$MH+0x0000025b191a4800'
Event: 14.972 Thread 0x0000025b7fe0ea10 Unloading class 0x0000025b191a4400 'java/lang/invoke/LambdaForm$MH+0x0000025b191a4400'
Event: 14.972 Thread 0x0000025b7fe0ea10 Unloading class 0x0000025b191a4000 'java/lang/invoke/LambdaForm$BMH+0x0000025b191a4000'
Event: 14.972 Thread 0x0000025b7fe0ea10 Unloading class 0x0000025b191a3c00 'java/lang/invoke/LambdaForm$DMH+0x0000025b191a3c00'
Event: 14.972 Thread 0x0000025b7fe0ea10 Unloading class 0x0000025b191a2800 'java/lang/invoke/LambdaForm$DMH+0x0000025b191a2800'

Classes redefined (0 events):
No events

Internal exceptions (20 events):
Event: 20.572 Thread 0x0000025b60294aa0 Exception <a 'sun/nio/fs/WindowsException'{0x00000000d56da970}> (0x00000000d56da970) 
thrown [s\src\hotspot\share\prims\jni.cpp, line 520]
Event: 20.572 Thread 0x0000025b60294aa0 Exception <a 'sun/nio/fs/WindowsException'{0x00000000d56dda18}> (0x00000000d56dda18) 
thrown [s\src\hotspot\share\prims\jni.cpp, line 520]
Event: 20.572 Thread 0x0000025b60294aa0 Exception <a 'sun/nio/fs/WindowsException'{0x00000000d56e0b48}> (0x00000000d56e0b48) 
thrown [s\src\hotspot\share\prims\jni.cpp, line 520]
Event: 20.573 Thread 0x0000025b60294aa0 Exception <a 'sun/nio/fs/WindowsException'{0x00000000d56f07f8}> (0x00000000d56f07f8) 
thrown [s\src\hotspot\share\prims\jni.cpp, line 520]
Event: 20.573 Thread 0x0000025b60294aa0 Exception <a 'sun/nio/fs/WindowsException'{0x00000000d56ff0b0}> (0x00000000d56ff0b0) 
thrown [s\src\hotspot\share\prims\jni.cpp, line 520]
Event: 20.573 Thread 0x0000025b60294aa0 Exception <a 'sun/nio/fs/WindowsException'{0x00000000d5710460}> (0x00000000d5710460) 
thrown [s\src\hotspot\share\prims\jni.cpp, line 520]
Event: 20.573 Thread 0x0000025b60294aa0 Exception <a 'sun/nio/fs/WindowsException'{0x00000000d572ad50}> (0x00000000d572ad50) 
thrown [s\src\hotspot\share\prims\jni.cpp, line 520]
Event: 20.574 Thread 0x0000025b60294aa0 Exception <a 'sun/nio/fs/WindowsException'{0x00000000d5744a48}> (0x00000000d5744a48) 
thrown [s\src\hotspot\share\prims\jni.cpp, line 520]
Event: 20.574 Thread 0x0000025b60294aa0 Exception <a 'sun/nio/fs/WindowsException'{0x00000000d5769c70}> (0x00000000d5769c70) 
thrown [s\src\hotspot\share\prims\jni.cpp, line 520]
Event: 20.574 Thread 0x0000025b60294aa0 Exception <a 'sun/nio/fs/WindowsException'{0x00000000d5778098}> (0x00000000d5778098) 
thrown [s\src\hotspot\share\prims\jni.cpp, line 520]
Event: 20.574 Thread 0x0000025b60294aa0 Exception <a 'sun/nio/fs/WindowsException'{0x00000000d57877c8}> (0x00000000d57877c8) 
thrown [s\src\hotspot\share\prims\jni.cpp, line 520]
Event: 20.575 Thread 0x0000025b60294aa0 Exception <a 'sun/nio/fs/WindowsException'{0x00000000d57a4fc8}> (0x00000000d57a4fc8) 
thrown [s\src\hotspot\share\prims\jni.cpp, line 520]
Event: 20.575 Thread 0x0000025b60294aa0 Exception <a 'sun/nio/fs/WindowsException'{0x00000000d57b3890}> (0x00000000d57b3890) 
thrown [s\src\hotspot\share\prims\jni.cpp, line 520]
Event: 20.575 Thread 0x0000025b60294aa0 Exception <a 'sun/nio/fs/WindowsException'{0x00000000d57c4e60}> (0x00000000d57c4e60) 
thrown [s\src\hotspot\share\prims\jni.cpp, line 520]
Event: 20.575 Thread 0x0000025b60294aa0 Exception <a 'sun/nio/fs/WindowsException'{0x00000000d57c9680}> (0x00000000d57c9680) 
thrown [s\src\hotspot\share\prims\jni.cpp, line 520]
Event: 20.575 Thread 0x0000025b60294aa0 Exception <a 'sun/nio/fs/WindowsException'{0x00000000d57dc3b8}> (0x00000000d57dc3b8) 
thrown [s\src\hotspot\share\prims\jni.cpp, line 520]
Event: 20.576 Thread 0x0000025b60294aa0 Exception <a 'sun/nio/fs/WindowsException'{0x00000000d57f9718}> (0x00000000d57f9718) 
thrown [s\src\hotspot\share\prims\jni.cpp, line 520]
Event: 20.577 Thread 0x0000025b60294aa0 Exception <a 'sun/nio/fs/WindowsException'{0x00000000d558dee0}> (0x00000000d558dee0) 
thrown [s\src\hotspot\share\prims\jni.cpp, line 520]
Event: 20.577 Thread 0x0000025b60294aa0 Exception <a 'sun/nio/fs/WindowsException'{0x00000000d559bcf0}> (0x00000000d559bcf0) 
thrown [s\src\hotspot\share\prims\jni.cpp, line 520]
Event: 20.699 Thread 0x0000025b60294aa0 Exception <a 'java/lang/NoSuchMethodError'{0x00000000d56dd9f8}: 'int java.lang.invoke.Invokers$Holder.invokeExact_MT(java.lang.Object, java.lang.Object)'> (0x00000000d56dd9f8) 
thrown [s\src\hotspot\share\interpreter\linkResolver.cpp, line 773]

ZGC Phase Switch (0 events):
No events

VM Operations (20 events):
Event: 20.924 Executing VM operation: ParallelGCFailedAllocation (Allocation Failure)
Event: 20.926 Executing VM operation: ParallelGCFailedAllocation (Allocation Failure) done
Event: 20.930 Executing VM operation: ParallelGCFailedAllocation (Allocation Failure)
Event: 20.932 Executing VM operation: ParallelGCFailedAllocation (Allocation Failure) done
Event: 20.935 Executing VM operation: ParallelGCFailedAllocation (Allocation Failure)
Event: 20.936 Executing VM operation: ParallelGCFailedAllocation (Allocation Failure) done
Event: 20.939 Executing VM operation: ParallelGCFailedAllocation (Allocation Failure)
Event: 20.941 Executing VM operation: ParallelGCFailedAllocation (Allocation Failure) done
Event: 20.943 Executing VM operation: ParallelGCFailedAllocation (Allocation Failure)
Event: 20.944 Executing VM operation: ParallelGCFailedAllocation (Allocation Failure) done
Event: 20.949 Executing VM operation: ParallelGCFailedAllocation (Allocation Failure)
Event: 20.951 Executing VM operation: ParallelGCFailedAllocation (Allocation Failure) done
Event: 20.960 Executing VM operation: ParallelGCFailedAllocation (Allocation Failure)
Event: 20.961 Executing VM operation: ParallelGCFailedAllocation (Allocation Failure) done
Event: 20.967 Executing VM operation: ParallelGCFailedAllocation (Allocation Failure)
Event: 20.968 Executing VM operation: ParallelGCFailedAllocation (Allocation Failure) done
Event: 20.975 Executing VM operation: ParallelGCFailedAllocation (Allocation Failure)
Event: 20.977 Executing VM operation: ParallelGCFailedAllocation (Allocation Failure) done
Event: 20.983 Executing VM operation: ParallelGCFailedAllocation (Allocation Failure)
Event: 20.984 Executing VM operation: ParallelGCFailedAllocation (Allocation Failure) done

Memory protections (0 events):
No events

Nmethod flushes (20 events):
Event: 19.252 Thread 0x0000025b7fe0ea10 flushing  nmethod 0x0000025b04d00f10
Event: 19.252 Thread 0x0000025b7fe0ea10 flushing  nmethod 0x0000025b04d02b90
Event: 19.252 Thread 0x0000025b7fe0ea10 flushing  nmethod 0x0000025b04d25e90
Event: 19.252 Thread 0x0000025b7fe0ea10 flushing osr nmethod 0x0000025b04d5a390
Event: 19.252 Thread 0x0000025b7fe0ea10 flushing  nmethod 0x0000025b04d62910
Event: 19.252 Thread 0x0000025b7fe0ea10 flushing  nmethod 0x0000025b04d78110
Event: 19.252 Thread 0x0000025b7fe0ea10 flushing  nmethod 0x0000025b04d93410
Event: 19.252 Thread 0x0000025b7fe0ea10 flushing  nmethod 0x0000025b04d95910
Event: 19.252 Thread 0x0000025b7fe0ea10 flushing  nmethod 0x0000025b04d9dd90
Event: 19.252 Thread 0x0000025b7fe0ea10 flushing  nmethod 0x0000025b04da3690
Event: 19.252 Thread 0x0000025b7fe0ea10 flushing  nmethod 0x0000025b04db8b10
Event: 19.252 Thread 0x0000025b7fe0ea10 flushing  nmethod 0x0000025b04dbb490
Event: 19.252 Thread 0x0000025b7fe0ea10 flushing  nmethod 0x0000025b04dbcd10
Event: 19.252 Thread 0x0000025b7fe0ea10 flushing  nmethod 0x0000025b04dbd310
Event: 19.252 Thread 0x0000025b7fe0ea10 flushing  nmethod 0x0000025b04dc1790
Event: 19.252 Thread 0x0000025b7fe0ea10 flushing  nmethod 0x0000025b04dc1f10
Event: 19.252 Thread 0x0000025b7fe0ea10 flushing  nmethod 0x0000025b04dc3990
Event: 19.252 Thread 0x0000025b7fe0ea10 flushing  nmethod 0x0000025b04df7b10
Event: 19.252 Thread 0x0000025b7fe0ea10 flushing  nmethod 0x0000025b04dfe110
Event: 19.252 Thread 0x0000025b7fe0ea10 flushing  nmethod 0x0000025b04e6f990

Events (20 events):
Event: 18.228 Thread 0x0000025b60058cb0 Thread added: 0x0000025b640b4690
Event: 18.228 Thread 0x0000025b60058cb0 Thread added: 0x0000025b640b1210
Event: 18.228 Thread 0x0000025b60058cb0 Thread added: 0x0000025b640af7d0
Event: 18.228 Thread 0x0000025b60058cb0 Thread added: 0x0000025b640b32e0
Event: 18.228 Thread 0x0000025b60058cb0 Thread added: 0x0000025b640b18a0
Event: 18.228 Thread 0x0000025b640b32e0 Thread added: 0x0000025b640b1f30
Event: 18.228 Thread 0x0000025b640b3970 Thread added: 0x0000025b640b4d20
Event: 18.228 Thread 0x0000025b640b1f30 Thread added: 0x0000025b640b53b0
Event: 19.064 Thread 0x0000025b60058cb0 Thread added: 0x0000025b640aeab0
Event: 19.461 Thread 0x0000025b60058cb0 Thread added: 0x0000025b640af140
Event: 19.466 Thread 0x0000025b60058cb0 Thread added: 0x0000025b640afe60
Event: 19.470 Thread 0x0000025b60058cb0 Thread added: 0x0000025b70823640
Event: 19.472 Thread 0x0000025b60058cb0 Thread added: 0x0000025b70825080
Event: 19.474 Thread 0x0000025b60058cb0 Thread added: 0x0000025b70825710
Event: 19.486 Thread 0x0000025b60058cb0 Thread added: 0x0000025b70821c00
Event: 19.489 Thread 0x0000025b60058cb0 Thread added: 0x0000025b708277e0
Event: 19.492 Thread 0x0000025b60058cb0 Thread added: 0x0000025b70827e70
Event: 19.495 Thread 0x0000025b60058cb0 Thread added: 0x0000025b70826ac0
Event: 19.499 Thread 0x0000025b60058cb0 Thread added: 0x0000025b70826430
Event: 19.961 Thread 0x0000025b6005ad80 Thread exited: 0x0000025b6005ad80


Dynamic libraries:
0x00007ff626300000 - 0x00007ff62630e000 	c:\Users\pragy\.vscode\extensions\redhat.java-1.43.1-win32-x64\jre\21.0.7-win32-x86_64\bin\java.exe
0x00007ff919c50000 - 0x00007ff919e67000 	C:\windows\SYSTEM32\ntdll.dll
0x00007ff9183c0000 - 0x00007ff918484000 	C:\windows\System32\KERNEL32.DLL
0x00007ff917070000 - 0x00007ff917442000 	C:\windows\System32\KERNELBASE.dll
0x00007ff916d40000 - 0x00007ff916e51000 	C:\windows\System32\ucrtbase.dll
0x00007ff8d1200000 - 0x00007ff8d1218000 	c:\Users\pragy\.vscode\extensions\redhat.java-1.43.1-win32-x64\jre\21.0.7-win32-x86_64\bin\jli.dll
0x00007ff8d0ea0000 - 0x00007ff8d0ebe000 	c:\Users\pragy\.vscode\extensions\redhat.java-1.43.1-win32-x64\jre\21.0.7-win32-x86_64\bin\VCRUNTIME140.dll
0x00007ff917c80000 - 0x00007ff917e31000 	C:\windows\System32\USER32.dll
0x00007ff917040000 - 0x00007ff917066000 	C:\windows\System32\win32u.dll
0x00007ff8fa230000 - 0x00007ff8fa4cb000 	C:\windows\WinSxS\amd64_microsoft.windows.common-controls_6595b64144ccf1df_6.0.22621.5413_none_270da5617387a498\COMCTL32.dll
0x00007ff9178e0000 - 0x00007ff917909000 	C:\windows\System32\GDI32.dll
0x00007ff916f10000 - 0x00007ff917033000 	C:\windows\System32\gdi32full.dll
0x00007ff917a30000 - 0x00007ff917ad7000 	C:\windows\System32\msvcrt.dll
0x00007ff917450000 - 0x00007ff9174ea000 	C:\windows\System32\msvcp_win.dll
0x00007ff918930000 - 0x00007ff918961000 	C:\windows\System32\IMM32.DLL
0x00007ff902e70000 - 0x00007ff902e7c000 	c:\Users\pragy\.vscode\extensions\redhat.java-1.43.1-win32-x64\jre\21.0.7-win32-x86_64\bin\vcruntime140_1.dll
0x00007ff853b10000 - 0x00007ff853b9d000 	c:\Users\pragy\.vscode\extensions\redhat.java-1.43.1-win32-x64\jre\21.0.7-win32-x86_64\bin\msvcp140.dll
0x00007ff849540000 - 0x00007ff84a2d0000 	c:\Users\pragy\.vscode\extensions\redhat.java-1.43.1-win32-x64\jre\21.0.7-win32-x86_64\bin\server\jvm.dll
0x00007ff9184a0000 - 0x00007ff918551000 	C:\windows\System32\ADVAPI32.dll
0x00007ff918880000 - 0x00007ff918928000 	C:\windows\System32\sechost.dll
0x00007ff916ee0000 - 0x00007ff916f08000 	C:\windows\System32\bcrypt.dll
0x00007ff917910000 - 0x00007ff917a24000 	C:\windows\System32\RPCRT4.dll
0x00007ff918080000 - 0x00007ff9180f1000 	C:\windows\System32\WS2_32.dll
0x00007ff916600000 - 0x00007ff91664d000 	C:\windows\SYSTEM32\POWRPROF.dll
0x00007ff912280000 - 0x00007ff9122b4000 	C:\windows\SYSTEM32\WINMM.dll
0x00007ff90d430000 - 0x00007ff90d43a000 	C:\windows\SYSTEM32\VERSION.dll
0x00007ff9165e0000 - 0x00007ff9165f3000 	C:\windows\SYSTEM32\UMPDC.dll
0x00007ff915d30000 - 0x00007ff915d48000 	C:\windows\SYSTEM32\kernel.appcore.dll
0x00007ff902e40000 - 0x00007ff902e4a000 	c:\Users\pragy\.vscode\extensions\redhat.java-1.43.1-win32-x64\jre\21.0.7-win32-x86_64\bin\jimage.dll
0x00007ff914670000 - 0x00007ff9148a2000 	C:\windows\SYSTEM32\DBGHELP.DLL
0x00007ff918970000 - 0x00007ff918d03000 	C:\windows\System32\combase.dll
0x00007ff918560000 - 0x00007ff918637000 	C:\windows\System32\OLEAUT32.dll
0x00007ff8f7d90000 - 0x00007ff8f7dc2000 	C:\windows\SYSTEM32\dbgcore.DLL
0x00007ff917660000 - 0x00007ff9176db000 	C:\windows\System32\bcryptPrimitives.dll
0x00007ff902d80000 - 0x00007ff902d8f000 	c:\Users\pragy\.vscode\extensions\redhat.java-1.43.1-win32-x64\jre\21.0.7-win32-x86_64\bin\instrument.dll
0x00007ff8d0720000 - 0x00007ff8d073f000 	c:\Users\pragy\.vscode\extensions\redhat.java-1.43.1-win32-x64\jre\21.0.7-win32-x86_64\bin\java.dll
0x00007ff918d10000 - 0x00007ff9195b2000 	C:\windows\System32\SHELL32.dll
0x00007ff9177a0000 - 0x00007ff9178df000 	C:\windows\System32\wintypes.dll
0x00007ff914c20000 - 0x00007ff91553d000 	C:\windows\SYSTEM32\windows.storage.dll
0x00007ff918100000 - 0x00007ff91820b000 	C:\windows\System32\SHCORE.dll
0x00007ff918010000 - 0x00007ff918079000 	C:\windows\System32\shlwapi.dll
0x00007ff916c70000 - 0x00007ff916c9b000 	C:\windows\SYSTEM32\profapi.dll
0x00007ff8d0b50000 - 0x00007ff8d0b68000 	c:\Users\pragy\.vscode\extensions\redhat.java-1.43.1-win32-x64\jre\21.0.7-win32-x86_64\bin\zip.dll
0x00007ff8fd450000 - 0x00007ff8fd460000 	C:\Users\pragy\.vscode\extensions\redhat.java-1.43.1-win32-x64\jre\21.0.7-win32-x86_64\bin\net.dll
0x00007ff913750000 - 0x00007ff91387c000 	C:\windows\SYSTEM32\WINHTTP.dll
0x00007ff9161b0000 - 0x00007ff916219000 	C:\windows\system32\mswsock.dll
0x00007ff8d01a0000 - 0x00007ff8d01b6000 	C:\Users\pragy\.vscode\extensions\redhat.java-1.43.1-win32-x64\jre\21.0.7-win32-x86_64\bin\nio.dll
0x00007ff8fb260000 - 0x00007ff8fb270000 	c:\Users\pragy\.vscode\extensions\redhat.java-1.43.1-win32-x64\jre\21.0.7-win32-x86_64\bin\verify.dll
0x00007ff8bbe90000 - 0x00007ff8bbed5000 	C:\Users\pragy\AppData\Roaming\Code\User\globalStorage\redhat.java\1.43.1\config_win\org.eclipse.equinox.launcher\org.eclipse.equinox.launcher.win32.win32.x86_64_1.2.1300.v20250331-1702\eclipse_11911.dll
0x00007ff917ae0000 - 0x00007ff917c80000 	C:\windows\System32\ole32.dll
0x00007ff9163d0000 - 0x00007ff9163eb000 	C:\windows\SYSTEM32\CRYPTSP.dll
0x00007ff915c90000 - 0x00007ff915cc7000 	C:\windows\system32\rsaenh.dll
0x00007ff916270000 - 0x00007ff916298000 	C:\windows\SYSTEM32\USERENV.dll
0x00007ff9163f0000 - 0x00007ff9163fc000 	C:\windows\SYSTEM32\CRYPTBASE.dll
0x00007ff915790000 - 0x00007ff9157bd000 	C:\windows\SYSTEM32\IPHLPAPI.DLL
0x00007ff918330000 - 0x00007ff918339000 	C:\windows\System32\NSI.dll
0x00007ff8a2360000 - 0x00007ff8a23a9000 	C:\Users\pragy\AppData\Local\Temp\jna-106927057\jna11188447005975684279.dll
0x00007ff918490000 - 0x00007ff918498000 	C:\windows\System32\PSAPI.DLL
0x00007ff9127c0000 - 0x00007ff9127d9000 	C:\windows\SYSTEM32\dhcpcsvc6.DLL
0x00007ff9127a0000 - 0x00007ff9127bf000 	C:\windows\SYSTEM32\dhcpcsvc.DLL
0x00007ff8f7af0000 - 0x00007ff8f7afe000 	C:\Users\pragy\.vscode\extensions\redhat.java-1.43.1-win32-x64\jre\21.0.7-win32-x86_64\bin\sunmscapi.dll
0x00007ff9174f0000 - 0x00007ff917657000 	C:\windows\System32\CRYPT32.dll
0x00007ff9166f0000 - 0x00007ff91671d000 	C:\windows\SYSTEM32\ncrypt.dll
0x00007ff9166b0000 - 0x00007ff9166e7000 	C:\windows\SYSTEM32\NTASN1.dll
0x00007ff9157c0000 - 0x00007ff9158b8000 	C:\windows\SYSTEM32\DNSAPI.dll
0x0000000060c50000 - 0x0000000060c85000 	C:\Program Files\Bonjour\mdnsNSP.dll
0x00007ff9125c0000 - 0x00007ff9125ca000 	C:\Windows\System32\rasadhlp.dll
0x00007ff9124b0000 - 0x00007ff912534000 	C:\windows\System32\fwpuclnt.dll
0x00007ff8f5710000 - 0x00007ff8f5719000 	C:\Users\pragy\.vscode\extensions\redhat.java-1.43.1-win32-x64\jre\21.0.7-win32-x86_64\bin\extnet.dll

dbghelp: loaded successfully - version: 4.0.5 - missing functions: none
symbol engine: initialized successfully - sym options: 0x614 - pdb path: .;c:\Users\pragy\.vscode\extensions\redhat.java-1.43.1-win32-x64\jre\21.0.7-win32-x86_64\bin;C:\windows\SYSTEM32;C:\windows\WinSxS\amd64_microsoft.windows.common-controls_6595b64144ccf1df_6.0.22621.5413_none_270da5617387a498;c:\Users\pragy\.vscode\extensions\redhat.java-1.43.1-win32-x64\jre\21.0.7-win32-x86_64\bin\server;C:\Users\pragy\AppData\Roaming\Code\User\globalStorage\redhat.java\1.43.1\config_win\org.eclipse.equinox.launcher\org.eclipse.equinox.launcher.win32.win32.x86_64_1.2.1300.v20250331-1702;C:\Users\pragy\AppData\Local\Temp\jna-106927057;C:\Program Files\Bonjour

VM Arguments:
jvm_args: --add-modules=ALL-SYSTEM --add-opens=java.base/java.util=ALL-UNNAMED --add-opens=java.base/java.lang=ALL-UNNAMED --add-opens=java.base/sun.nio.fs=ALL-UNNAMED -Declipse.application=org.eclipse.jdt.ls.core.id1 -Dosgi.bundles.defaultStartLevel=4 -Declipse.product=org.eclipse.jdt.ls.core.product -Djava.import.generatesMetadataFilesAtProjectRoot=false -DDetectVMInstallationsJob.disabled=true -Dfile.encoding=utf8 -XX:+UseParallelGC -XX:GCTimeRatio=4 -XX:AdaptiveSizePolicyWeight=90 -Dsun.zip.disableMemoryMapping=true -Xmx2G -Xms100m -Xlog:disable -javaagent:c:\Users\pragy\.vscode\extensions\redhat.java-1.43.1-win32-x64\lombok\lombok-1.18.39-4050.jar -XX:+HeapDumpOnOutOfMemoryError -XX:HeapDumpPath=c:\Users\pragy\AppData\Roaming\Code\User\workspaceStorage\cc99c5c5b9f10468fc12bfe29c53fb65\redhat.java -Daether.dependencyCollector.impl=bf 
java_command: c:\Users\pragy\.vscode\extensions\redhat.java-1.43.1-win32-x64\server\plugins\org.eclipse.equinox.launcher_1.7.0.v20250519-0528.jar -configuration c:\Users\pragy\AppData\Roaming\Code\User\globalStorage\redhat.java\1.43.1\config_win -data c:\Users\pragy\AppData\Roaming\Code\User\workspaceStorage\cc99c5c5b9f10468fc12bfe29c53fb65\redhat.java\jdt_ws --pipe=\\.\pipe\lsp-52aa4df690eb8e3c83bf1d2a96cf98bb-sock
java_class_path (initial): c:\Users\pragy\.vscode\extensions\redhat.java-1.43.1-win32-x64\server\plugins\org.eclipse.equinox.launcher_1.7.0.v20250519-0528.jar
Launcher Type: SUN_STANDARD

[Global flags]
    uintx AdaptiveSizePolicyWeight                 = 90                                        {product} {command line}
     intx CICompilerCount                          = 4                                         {product} {ergonomic}
    uintx GCTimeRatio                              = 4                                         {product} {command line}
     bool HeapDumpOnOutOfMemoryError               = true                                   {manageable} {command line}
    ccstr HeapDumpPath                             = c:\Users\pragy\AppData\Roaming\Code\User\workspaceStorage\cc99c5c5b9f10468fc12bfe29c53fb65\redhat.java         {manageable} {command line}
   size_t InitialHeapSize                          = 104857600                                 {product} {command line}
   size_t MaxHeapSize                              = 2147483648                                {product} {command line}
   size_t MaxNewSize                               = 715653120                                 {product} {ergonomic}
   size_t MinHeapDeltaBytes                        = 524288                                    {product} {ergonomic}
   size_t MinHeapSize                              = 104857600                                 {product} {command line}
   size_t NewSize                                  = 34603008                                  {product} {ergonomic}
    uintx NonNMethodCodeHeapSize                   = 5839372                                {pd product} {ergonomic}
    uintx NonProfiledCodeHeapSize                  = 122909434                              {pd product} {ergonomic}
   size_t OldSize                                  = 70254592                                  {product} {ergonomic}
    uintx ProfiledCodeHeapSize                     = 122909434                              {pd product} {ergonomic}
    uintx ReservedCodeCacheSize                    = 251658240                              {pd product} {ergonomic}
     bool SegmentedCodeCache                       = true                                      {product} {ergonomic}
   size_t SoftMaxHeapSize                          = 2147483648                             {manageable} {ergonomic}
     bool UseCompressedOops                        = true                           {product lp64_product} {ergonomic}
     bool UseLargePagesIndividualAllocation        = false                                  {pd product} {ergonomic}
     bool UseParallelGC                            = true                                      {product} {command line}

Logging:
Log output configuration:
 #0: stdout all=off uptime,level,tags foldmultilines=false
 #1: stderr all=off uptime,level,tags foldmultilines=false

Environment Variables:
PATH=C:\Program Files\Common Files\Oracle\Java\javapath;C:\windows\system32;C:\windows;C:\windows\System32\Wbem;C:\windows\System32\WindowsPowerShell\v1.0\;C:\windows\System32\OpenSSH\;C:\Program Files\nodejs\;C:\Program Files\Git\cmd;C:\Program Files\Git\mingw64\bin;C:\Program Files\Git\usr\bin;S:\Program Files\Microsoft VS Code\bin;C:\Users\pragy\AppData\Local\Microsoft\WindowsApps;C:\MinGW\bin;C:\Program Files\JetBrains\IntelliJ IDEA Community Edition 2023.2.1\java\IntelliJ IDEA Community Edition 2023.2.1\bin;C:\MinGW\bin;;C:\Users\pragy\AppData\Local\Programs\Microsoft VS Code\bin;C:\Users\pragy\AppData\Roaming\npm
USERNAME=pragy
OS=Windows_NT
PROCESSOR_IDENTIFIER=AMD64 Family 25 Model 80 Stepping 0, AuthenticAMD
TMP=C:\Users\pragy\AppData\Local\Temp
TEMP=C:\Users\pragy\AppData\Local\Temp




Periodic native trim disabled

---------------  S Y S T E M  ---------------

OS:
 Windows 11 , 64 bit Build 22621 (10.0.22621.5413)
OS uptime: 0 days 10:49 hours
Hyper-V role detected

CPU: total 12 (initial active 12) (12 cores per cpu, 2 threads per core) family 25 model 80 stepping 0 microcode 0x0, cx8, cmov, fxsr, ht, mmx, 3dnowpref, sse, sse2, sse3, ssse3, sse4a, sse4.1, sse4.2, popcnt, lzcnt, tsc, tscinvbit, avx, avx2, aes, erms, clmul, bmi1, bmi2, adx, sha, fma, vzeroupper, clflush, clflushopt, hv, rdtscp, rdpid, fsrm, f16c, cet_ss
Processor Information for the first 12 processors :
  Max Mhz: 2301, Current Mhz: 2301, Mhz Limit: 2301

Memory: 4k page, system-wide physical 15712M (2632M free)
TotalPageFile size 17140M (AvailPageFile size 4M)
current process WorkingSet (physical memory assigned to process): 521M, peak: 521M
current process commit charge ("private bytes"): 526M, peak: 1671M

vm_info: OpenJDK 64-Bit Server VM (21.0.7+6-LTS) for windows-amd64 JRE (21.0.7+6-LTS), built on 2025-04-15T00:00:00Z by "admin" with MS VC++ 17.7 (VS2022)

END.
