#
# There is insufficient memory for the Java Runtime Environment to continue.
# Native memory allocation (malloc) failed to allocate 1027856 bytes. Error detail: Chunk::new
# Possible reasons:
#   The system is out of physical RAM or swap space
#   This process is running with CompressedOops enabled, and the Java Heap may be blocking the growth of the native heap
# Possible solutions:
#   Reduce memory load on the system
#   Increase physical memory or swap space
#   Check if swap backing store is full
#   Decrease Java heap size (-Xmx/-Xms)
#   Decrease number of Java threads
#   Decrease Java thread stack sizes (-Xss)
#   Set larger code cache with -XX:ReservedCodeCacheSize=
#   JVM is running with Unscaled Compressed Oops mode in which the Java heap is
#     placed in the first 4GB address space. The Java Heap base address is the
#     maximum limit for the native heap growth. Please use -XX:HeapBaseMinAddress
#     to set the Java Heap base and to place the Java Heap above 4GB virtual address.
# This output file may be truncated or incomplete.
#
#  Out of Memory Error (arena.cpp:168), pid=24900, tid=24368
#
# JRE version: OpenJDK Runtime Environment Temurin-21.0.7+6 (21.0.7+6) (build 21.0.7+6-LTS)
# Java VM: OpenJDK 64-Bit Server VM Temurin-21.0.7+6 (21.0.7+6-LTS, mixed mode, sharing, tiered, compressed oops, compressed class ptrs, parallel gc, windows-amd64)
# No core dump will be written. Minidumps are not enabled by default on client versions of Windows
#

---------------  S U M M A R Y ------------

Command Line: --add-modules=ALL-SYSTEM --add-opens=java.base/java.util=ALL-UNNAMED --add-opens=java.base/java.lang=ALL-UNNAMED --add-opens=java.base/sun.nio.fs=ALL-UNNAMED -Declipse.application=org.eclipse.jdt.ls.core.id1 -Dosgi.bundles.defaultStartLevel=4 -Declipse.product=org.eclipse.jdt.ls.core.product -Djava.import.generatesMetadataFilesAtProjectRoot=false -DDetectVMInstallationsJob.disabled=true -Dfile.encoding=utf8 -XX:+UseParallelGC -XX:GCTimeRatio=4 -XX:AdaptiveSizePolicyWeight=90 -Dsun.zip.disableMemoryMapping=true -Xmx2G -Xms100m -Xlog:disable -javaagent:c:\Users\pragy\.vscode\extensions\redhat.java-1.43.1-win32-x64\lombok\lombok-1.18.39-4050.jar -XX:+HeapDumpOnOutOfMemoryError -XX:HeapDumpPath=c:\Users\pragy\AppData\Roaming\Code\User\workspaceStorage\cc99c5c5b9f10468fc12bfe29c53fb65\redhat.java -Daether.dependencyCollector.impl=bf c:\Users\pragy\.vscode\extensions\redhat.java-1.43.1-win32-x64\server\plugins\org.eclipse.equinox.launcher_1.7.0.v20250519-0528.jar -configuration c:\Users\pragy\AppData\Roaming\Code\User\globalStorage\redhat.java\1.43.1\config_win -data c:\Users\pragy\AppData\Roaming\Code\User\workspaceStorage\cc99c5c5b9f10468fc12bfe29c53fb65\redhat.java\jdt_ws --pipe=\\.\pipe\lsp-a402c8926ffc26c09fa0945f93201d2b-sock

Host: AMD Ryzen 5 5625U with Radeon Graphics         , 12 cores, 15G,  Windows 11 , 64 bit Build 22621 (10.0.22621.5413)
Time: Fri Jul  4 20:39:12 2025 India Standard Time elapsed time: 21.554025 seconds (0d 0h 0m 21s)

---------------  T H R E A D  ---------------

Current thread (0x000001d174814c80):  JavaThread "C2 CompilerThread2" daemon [_thread_in_native, id=24368, stack(0x00000058d0200000,0x00000058d0300000) (1024K)]


Current CompileTask:
C2:21554 9991   !   4       java.nio.file.FileTreeWalker::next (144 bytes)

Stack: [0x00000058d0200000,0x00000058d0300000]
Native frames: (J=compiled Java code, j=interpreted, Vv=VM code, C=native code)
V  [jvm.dll+0x6ce119]
V  [jvm.dll+0x8a84a1]
V  [jvm.dll+0x8aa9ce]
V  [jvm.dll+0x8ab0b3]
V  [jvm.dll+0x27f8a6]
V  [jvm.dll+0xc507d]
V  [jvm.dll+0xc55b3]
V  [jvm.dll+0x3b68f2]
V  [jvm.dll+0x382aa5]
V  [jvm.dll+0x381f0a]
V  [jvm.dll+0x247af0]
V  [jvm.dll+0x2470cf]
V  [jvm.dll+0x1c760e]
V  [jvm.dll+0x25695a]
V  [jvm.dll+0x254efa]
V  [jvm.dll+0x3f03f6]
V  [jvm.dll+0x851f6b]
V  [jvm.dll+0x6cc7dd]
C  [ucrtbase.dll+0x29333]
C  [KERNEL32.DLL+0x1259d]
C  [ntdll.dll+0x5af78]


---------------  P R O C E S S  ---------------

Threads class SMR info:
_java_thread_list=0x000001d172853780, length=78, elements={
0x000001d152d82ba0, 0x000001d16b601090, 0x000001d16b601de0, 0x000001d16b6062a0,
0x000001d16b608370, 0x000001d16b606930, 0x000001d16b605c10, 0x000001d16b60ec30,
0x000001d16b629200, 0x000001d16b606fc0, 0x000001d16b607650, 0x000001d16b608a00,
0x000001d16b607ce0, 0x000001d170758110, 0x000001d170759b50, 0x000001d170758e30,
0x000001d17075a1e0, 0x000001d1701821f0, 0x000001d1707573f0, 0x000001d170757a80,
0x000001d1707594c0, 0x000001d170f4cbd0, 0x000001d170f51400, 0x000001d170f50d70,
0x000001d170f4a470, 0x000001d170f4ab00, 0x000001d170f50050, 0x000001d170f51a90,
0x000001d170f4d8f0, 0x000001d170f4f9c0, 0x000001d170f506e0, 0x000001d170f4b190,
0x000001d170f4b820, 0x000001d170f4beb0, 0x000001d170f4f330, 0x000001d170f4df80,
0x000001d170f4d260, 0x000001d170f4c540, 0x000001d170f4e610, 0x000001d170f4eca0,
0x000001d17236b880, 0x000001d17236d2c0, 0x000001d17236f390, 0x000001d17236e670,
0x000001d17236ed00, 0x000001d17236fa20, 0x000001d1723700b0, 0x000001d172370740,
0x000001d172370dd0, 0x000001d172371460, 0x000001d172371af0, 0x000001d17236ab60,
0x000001d1727da3a0, 0x000001d1727dbde0, 0x000001d1727e1330, 0x000001d1727dc470,
0x000001d1727e19c0, 0x000001d1727dff80, 0x000001d1727dcb00, 0x000001d1727df8f0,
0x000001d1727daa30, 0x000001d1727e0ca0, 0x000001d1727db0c0, 0x000001d1727db750,
0x000001d1727dd190, 0x000001d1727ddeb0, 0x000001d1727de540, 0x000001d1727e0610,
0x000001d1727debd0, 0x000001d1727df260, 0x000001d1759ad4a0, 0x000001d1759adb30,
0x000001d1759ab3d0, 0x000001d174814c80, 0x000001d1759aba60, 0x000001d1759ae1c0,
0x000001d1759ac0f0, 0x000001d1759ac780
}

Java Threads: ( => current thread )
  0x000001d152d82ba0 JavaThread "main"                              [_thread_blocked, id=22664, stack(0x00000058ce500000,0x00000058ce600000) (1024K)]
  0x000001d16b601090 JavaThread "Reference Handler"          daemon [_thread_blocked, id=25512, stack(0x00000058ce900000,0x00000058cea00000) (1024K)]
  0x000001d16b601de0 JavaThread "Finalizer"                  daemon [_thread_blocked, id=12612, stack(0x00000058cea00000,0x00000058ceb00000) (1024K)]
  0x000001d16b6062a0 JavaThread "Signal Dispatcher"          daemon [_thread_blocked, id=26368, stack(0x00000058ceb00000,0x00000058cec00000) (1024K)]
  0x000001d16b608370 JavaThread "Attach Listener"            daemon [_thread_blocked, id=20156, stack(0x00000058cec00000,0x00000058ced00000) (1024K)]
  0x000001d16b606930 JavaThread "Service Thread"             daemon [_thread_blocked, id=13676, stack(0x00000058ced00000,0x00000058cee00000) (1024K)]
  0x000001d16b605c10 JavaThread "Monitor Deflation Thread"   daemon [_thread_blocked, id=6620, stack(0x00000058cee00000,0x00000058cef00000) (1024K)]
  0x000001d16b60ec30 JavaThread "C2 CompilerThread0"         daemon [_thread_in_native, id=25964, stack(0x00000058cef00000,0x00000058cf000000) (1024K)]
  0x000001d16b629200 JavaThread "C1 CompilerThread0"         daemon [_thread_blocked, id=29596, stack(0x00000058cf000000,0x00000058cf100000) (1024K)]
  0x000001d16b606fc0 JavaThread "Common-Cleaner"             daemon [_thread_blocked, id=29492, stack(0x00000058cf100000,0x00000058cf200000) (1024K)]
  0x000001d16b607650 JavaThread "Notification Thread"        daemon [_thread_blocked, id=16296, stack(0x00000058cf300000,0x00000058cf400000) (1024K)]
  0x000001d16b608a00 JavaThread "Active Thread: Equinox Container: acb6f084-ee0e-4e4b-8462-d69a45008e83"        [_thread_blocked, id=24604, stack(0x00000058cfb00000,0x00000058cfc00000) (1024K)]
  0x000001d16b607ce0 JavaThread "Refresh Thread: Equinox Container: acb6f084-ee0e-4e4b-8462-d69a45008e83" daemon [_thread_blocked, id=29336, stack(0x00000058cf400000,0x00000058cf500000) (1024K)]
  0x000001d170758110 JavaThread "Framework Event Dispatcher: Equinox Container: acb6f084-ee0e-4e4b-8462-d69a45008e83" daemon [_thread_blocked, id=23380, stack(0x00000058cfc00000,0x00000058cfd00000) (1024K)]
  0x000001d170759b50 JavaThread "Start Level: Equinox Container: acb6f084-ee0e-4e4b-8462-d69a45008e83" daemon [_thread_blocked, id=29144, stack(0x00000058cfd00000,0x00000058cfe00000) (1024K)]
  0x000001d170758e30 JavaThread "Bundle File Closer"         daemon [_thread_blocked, id=25392, stack(0x00000058d0100000,0x00000058d0200000) (1024K)]
  0x000001d17075a1e0 JavaThread "SCR Component Actor"        daemon [_thread_blocked, id=26644, stack(0x00000058cfe00000,0x00000058cff00000) (1024K)]
  0x000001d1701821f0 JavaThread "C2 CompilerThread1"         daemon [_thread_in_native, id=26988, stack(0x00000058d0300000,0x00000058d0400000) (1024K)]
  0x000001d1707573f0 JavaThread "Worker-JM"                         [_thread_blocked, id=25592, stack(0x00000058d0400000,0x00000058d0500000) (1024K)]
  0x000001d170757a80 JavaThread "JNA Cleaner"                daemon [_thread_blocked, id=4412, stack(0x00000058d0500000,0x00000058d0600000) (1024K)]
  0x000001d1707594c0 JavaThread "Worker-0"                          [_thread_blocked, id=24256, stack(0x00000058d0600000,0x00000058d0700000) (1024K)]
  0x000001d170f4cbd0 JavaThread "Worker-1: Check JDK Index"         [_thread_blocked, id=11596, stack(0x00000058d0700000,0x00000058d0800000) (1024K)]
  0x000001d170f51400 JavaThread "Java indexing"              daemon [_thread_blocked, id=29432, stack(0x00000058d0900000,0x00000058d0a00000) (1024K)]
  0x000001d170f50d70 JavaThread "Worker-2: Java indexing... "        [_thread_blocked, id=27340, stack(0x00000058d0a00000,0x00000058d0b00000) (1024K)]
  0x000001d170f4a470 JavaThread "Worker-3"                          [_thread_blocked, id=28576, stack(0x00000058d0b00000,0x00000058d0c00000) (1024K)]
  0x000001d170f4ab00 JavaThread "Thread-2"                   daemon [_thread_in_native, id=28188, stack(0x00000058d0c00000,0x00000058d0d00000) (1024K)]
  0x000001d170f50050 JavaThread "Thread-3"                   daemon [_thread_in_native, id=20924, stack(0x00000058d0d00000,0x00000058d0e00000) (1024K)]
  0x000001d170f51a90 JavaThread "Thread-4"                   daemon [_thread_in_native, id=3288, stack(0x00000058d0e00000,0x00000058d0f00000) (1024K)]
  0x000001d170f4d8f0 JavaThread "Thread-5"                   daemon [_thread_in_native, id=25048, stack(0x00000058d0f00000,0x00000058d1000000) (1024K)]
  0x000001d170f4f9c0 JavaThread "Thread-6"                   daemon [_thread_in_native, id=22316, stack(0x00000058d1000000,0x00000058d1100000) (1024K)]
  0x000001d170f506e0 JavaThread "Thread-7"                   daemon [_thread_in_native, id=23516, stack(0x00000058d1100000,0x00000058d1200000) (1024K)]
  0x000001d170f4b190 JavaThread "Thread-8"                   daemon [_thread_in_native, id=26144, stack(0x00000058d1200000,0x00000058d1300000) (1024K)]
  0x000001d170f4b820 JavaThread "Thread-9"                   daemon [_thread_in_native, id=27888, stack(0x00000058d1300000,0x00000058d1400000) (1024K)]
  0x000001d170f4beb0 JavaThread "Thread-10"                  daemon [_thread_in_native, id=5100, stack(0x00000058d1400000,0x00000058d1500000) (1024K)]
  0x000001d170f4f330 JavaThread "Thread-11"                  daemon [_thread_in_native, id=4160, stack(0x00000058d1500000,0x00000058d1600000) (1024K)]
  0x000001d170f4df80 JavaThread "Thread-12"                  daemon [_thread_in_native, id=14616, stack(0x00000058d1600000,0x00000058d1700000) (1024K)]
  0x000001d170f4d260 JavaThread "Thread-13"                  daemon [_thread_in_native, id=18496, stack(0x00000058d1700000,0x00000058d1800000) (1024K)]
  0x000001d170f4c540 JavaThread "Thread-14"                  daemon [_thread_in_native, id=27328, stack(0x00000058d1800000,0x00000058d1900000) (1024K)]
  0x000001d170f4e610 JavaThread "pool-2-thread-1"                   [_thread_blocked, id=17628, stack(0x00000058d1900000,0x00000058d1a00000) (1024K)]
  0x000001d170f4eca0 JavaThread "WorkspaceEventsHandler"            [_thread_blocked, id=26932, stack(0x00000058d1a00000,0x00000058d1b00000) (1024K)]
  0x000001d17236b880 JavaThread "pool-1-thread-1"                   [_thread_blocked, id=28780, stack(0x00000058d1b00000,0x00000058d1c00000) (1024K)]
  0x000001d17236d2c0 JavaThread "Worker-4"                          [_thread_blocked, id=2248, stack(0x00000058d1c00000,0x00000058d1d00000) (1024K)]
  0x000001d17236f390 JavaThread "LocalFile Deleter"          daemon [_thread_blocked, id=21320, stack(0x00000058d1d00000,0x00000058d1e00000) (1024K)]
  0x000001d17236e670 JavaThread "LocalFile Deleter"          daemon [_thread_blocked, id=22836, stack(0x00000058d1e00000,0x00000058d1f00000) (1024K)]
  0x000001d17236ed00 JavaThread "LocalFile Deleter"          daemon [_thread_blocked, id=28212, stack(0x00000058d1f00000,0x00000058d2000000) (1024K)]
  0x000001d17236fa20 JavaThread "LocalFile Deleter"          daemon [_thread_blocked, id=25900, stack(0x00000058d2000000,0x00000058d2100000) (1024K)]
  0x000001d1723700b0 JavaThread "LocalFile Deleter"          daemon [_thread_blocked, id=26536, stack(0x00000058d2100000,0x00000058d2200000) (1024K)]
  0x000001d172370740 JavaThread "LocalFile Deleter"          daemon [_thread_blocked, id=25064, stack(0x00000058d2200000,0x00000058d2300000) (1024K)]
  0x000001d172370dd0 JavaThread "LocalFile Deleter"          daemon [_thread_blocked, id=24268, stack(0x00000058d2300000,0x00000058d2400000) (1024K)]
  0x000001d172371460 JavaThread "LocalFile Deleter"          daemon [_thread_blocked, id=24056, stack(0x00000058d2400000,0x00000058d2500000) (1024K)]
  0x000001d172371af0 JavaThread "LocalFile Deleter"          daemon [_thread_blocked, id=25796, stack(0x00000058d2500000,0x00000058d2600000) (1024K)]
  0x000001d17236ab60 JavaThread "LocalFile Deleter"          daemon [_thread_blocked, id=29152, stack(0x00000058d2600000,0x00000058d2700000) (1024K)]
  0x000001d1727da3a0 JavaThread "Compiler Source File Reader" daemon [_thread_blocked, id=29372, stack(0x00000058d2700000,0x00000058d2800000) (1024K)]
  0x000001d1727dbde0 JavaThread "Compiler Source File Reader" daemon [_thread_blocked, id=28960, stack(0x00000058d2800000,0x00000058d2900000) (1024K)]
  0x000001d1727e1330 JavaThread "Compiler Source File Reader" daemon [_thread_blocked, id=17052, stack(0x00000058d2900000,0x00000058d2a00000) (1024K)]
  0x000001d1727dc470 JavaThread "Compiler Source File Reader" daemon [_thread_blocked, id=24692, stack(0x00000058d2a00000,0x00000058d2b00000) (1024K)]
  0x000001d1727e19c0 JavaThread "Compiler Source File Reader" daemon [_thread_blocked, id=8620, stack(0x00000058d2b00000,0x00000058d2c00000) (1024K)]
  0x000001d1727dff80 JavaThread "Compiler Source File Reader" daemon [_thread_blocked, id=24456, stack(0x00000058d2c00000,0x00000058d2d00000) (1024K)]
  0x000001d1727dcb00 JavaThread "Compiler Source File Reader" daemon [_thread_blocked, id=10768, stack(0x00000058d2d00000,0x00000058d2e00000) (1024K)]
  0x000001d1727df8f0 JavaThread "Compiler Source File Reader" daemon [_thread_blocked, id=14508, stack(0x00000058d2e00000,0x00000058d2f00000) (1024K)]
  0x000001d1727daa30 JavaThread "Compiler Source File Reader" daemon [_thread_blocked, id=22096, stack(0x00000058d2f00000,0x00000058d3000000) (1024K)]
  0x000001d1727e0ca0 JavaThread "Compiler Source File Reader" daemon [_thread_blocked, id=29664, stack(0x00000058d3000000,0x00000058d3100000) (1024K)]
  0x000001d1727db0c0 JavaThread "Compiler Processing Task"   daemon [_thread_blocked, id=28156, stack(0x00000058d3100000,0x00000058d3200000) (1024K)]
  0x000001d1727db750 JavaThread "Compiler Class File Writer" daemon [_thread_blocked, id=29572, stack(0x00000058d3200000,0x00000058d3300000) (1024K)]
  0x000001d1727dd190 JavaThread "Compiler Class File Writer" daemon [_thread_blocked, id=27084, stack(0x00000058d3300000,0x00000058d3400000) (1024K)]
  0x000001d1727ddeb0 JavaThread "Compiler Class File Writer" daemon [_thread_blocked, id=22724, stack(0x00000058d3400000,0x00000058d3500000) (1024K)]
  0x000001d1727de540 JavaThread "Compiler Class File Writer" daemon [_thread_blocked, id=7504, stack(0x00000058d3500000,0x00000058d3600000) (1024K)]
  0x000001d1727e0610 JavaThread "Compiler Class File Writer" daemon [_thread_blocked, id=19296, stack(0x00000058d3600000,0x00000058d3700000) (1024K)]
  0x000001d1727debd0 JavaThread "Compiler Class File Writer" daemon [_thread_blocked, id=28076, stack(0x00000058d3700000,0x00000058d3800000) (1024K)]
  0x000001d1727df260 JavaThread "Compiler Class File Writer" daemon [_thread_blocked, id=4368, stack(0x00000058d3800000,0x00000058d3900000) (1024K)]
  0x000001d1759ad4a0 JavaThread "Compiler Class File Writer" daemon [_thread_blocked, id=25024, stack(0x00000058d3900000,0x00000058d3a00000) (1024K)]
  0x000001d1759adb30 JavaThread "Compiler Class File Writer" daemon [_thread_blocked, id=4172, stack(0x00000058d3a00000,0x00000058d3b00000) (1024K)]
  0x000001d1759ab3d0 JavaThread "Compiler Class File Writer" daemon [_thread_blocked, id=27668, stack(0x00000058d3b00000,0x00000058d3c00000) (1024K)]
=>0x000001d174814c80 JavaThread "C2 CompilerThread2"         daemon [_thread_in_native, id=24368, stack(0x00000058d0200000,0x00000058d0300000) (1024K)]
  0x000001d1759aba60 JavaThread "<un-named>"                
[error occurred during error reporting (printing all threads), id 0xc0000005, EXCEPTION_ACCESS_VIOLATION (0xc0000005) at pc=0x00007ffe903f88ed]
VM state: at safepoint (normal execution)

VM Mutex/Monitor currently owned by a thread:  ([mutex/lock_event])
[0x00007ffe90cbe308] Threads_lock - owner thread: 0x000001d152d14590
[0x00007ffe90cbe408] Heap_lock - owner thread: 0x000001d170f51400

Heap address: 0x0000000080000000, size: 2048 MB, Compressed Oops mode: 32-bit

CDS archive(s) mapped at: [0x000001d100000000-0x000001d100ba0000-0x000001d100ba0000), size 12189696, SharedBaseAddress: 0x000001d100000000, ArchiveRelocationMode: 1.
Compressed class space mapped at: 0x000001d101000000-0x000001d141000000, reserved size: 1073741824
Narrow klass base: 0x000001d100000000, Narrow klass shift: 0, Narrow klass range: 0x100000000

GC Precious Log:
 CardTable entry size: 512
 CPUs: 12 total, 12 available
 Memory: 15712M
 Large Page Support: Disabled
 NUMA Support: Disabled
 Compressed Oops: Enabled (32-bit)
 Alignments: Space 512K, Generation 512K, Heap 2M
 Heap Min Capacity: 100M
 Heap Initial Capacity: 100M
 Heap Max Capacity: 2G
 Pre-touch: Disabled
 Parallel Workers: 10

Heap:
 PSYoungGen      total 3072K, used 2560K [0x00000000d5580000, 0x00000000d5980000, 0x0000000100000000)
  eden space 2048K, 100% used [0x00000000d5580000,0x00000000d5780000,0x00000000d5780000)
  from space 1024K, 50% used [0x00000000d5780000,0x00000000d5800000,0x00000000d5880000)
  to   space 1024K, 59% used [0x00000000d5880000,0x00000000d5918000,0x00000000d5980000)
 ParOldGen       total 229888K, used 229719K [0x0000000080000000, 0x000000008e080000, 0x00000000d5580000)
  object space 229888K, 99% used [0x0000000080000000,0x000000008e055f60,0x000000008e080000)
 Metaspace       used 61652K, committed 62912K, reserved 1114112K
  class space    used 6345K, committed 6912K, reserved 1048576K

Card table byte_map: [0x000001d152720000,0x000001d152b30000] _byte_map_base: 0x000001d152320000

Marking Bits: (ParMarkBitMap*) 0x00007ffe90cc31f0
 Begin Bits: [0x000001d165220000, 0x000001d167220000)
 End Bits:   [0x000001d167220000, 0x000001d169220000)

Polling page: 0x000001d150c20000

Metaspace:

Usage:
  Non-class:     54.01 MB used.
      Class:      6.20 MB used.
       Both:     60.21 MB used.

Virtual space:
  Non-class space:       64.00 MB reserved,      54.69 MB ( 85%) committed,  1 nodes.
      Class space:        1.00 GB reserved,       6.75 MB ( <1%) committed,  1 nodes.
             Both:        1.06 GB reserved,      61.44 MB (  6%) committed. 

Chunk freelists:
   Non-Class:  9.25 MB
       Class:  9.14 MB
        Both:  18.39 MB

MaxMetaspaceSize: unlimited
CompressedClassSpaceSize: 1.00 GB
Initial GC threshold: 21.00 MB
Current GC threshold: 97.31 MB
CDS: on
 - commit_granule_bytes: 65536.
 - commit_granule_words: 8192.
 - virtual_space_node_default_size: 8388608.
 - enlarge_chunks_in_place: 1.
 - use_allocation_guard: 0.


Internal statistics:

num_allocs_failed_limit: 9.
num_arena_births: 1064.
num_arena_deaths: 14.
num_vsnodes_births: 2.
num_vsnodes_deaths: 0.
num_space_committed: 983.
num_space_uncommitted: 0.
num_chunks_returned_to_freelist: 23.
num_chunks_taken_from_freelist: 3845.
num_chunk_merges: 13.
num_chunk_splits: 2410.
num_chunks_enlarged: 1456.
num_inconsistent_stats: 0.

CodeHeap 'non-profiled nmethods': size=120000Kb used=5442Kb max_used=6480Kb free=114557Kb
 bounds [0x000001d15da40000, 0x000001d15e0a0000, 0x000001d164f70000]
CodeHeap 'profiled nmethods': size=120000Kb used=16173Kb max_used=20601Kb free=103826Kb
 bounds [0x000001d155f70000, 0x000001d157390000, 0x000001d15d4a0000]
CodeHeap 'non-nmethods': size=5760Kb used=1438Kb max_used=1504Kb free=4321Kb
 bounds [0x000001d15d4a0000, 0x000001d15d710000, 0x000001d15da40000]
 total_blobs=8818 nmethods=8067 adapters=656
 compilation: enabled
              stopped_count=0, restarted_count=0
 full_count=0

Compilation events (20 events):
Event: 21.464 Thread 0x000001d1701821f0 9984       4       org.eclipse.core.runtime.Path::computeSegments (163 bytes)
Event: 21.464 Thread 0x000001d16b629200 nmethod 9983 0x000001d15738ce10 code [0x000001d15738cfc0, 0x000001d15738d198]
Event: 21.464 Thread 0x000001d16b629200 9979       3       org.eclipse.jdt.internal.compiler.parser.Parser::initialize (6 bytes)
Event: 21.465 Thread 0x000001d16b629200 nmethod 9979 0x000001d15738d290 code [0x000001d15738d440, 0x000001d15738d618]
Event: 21.467 Thread 0x000001d16b629200 9988       3       java.util.stream.Streams$ConcatSpliterator::characteristics (56 bytes)
Event: 21.467 Thread 0x000001d16b629200 nmethod 9988 0x000001d15738d710 code [0x000001d15738d900, 0x000001d15738dd40]
Event: 21.467 Thread 0x000001d16b629200 9987       3       java.util.stream.Stream::of (5 bytes)
Event: 21.467 Thread 0x000001d16b629200 nmethod 9987 0x000001d15738de90 code [0x000001d15738e060, 0x000001d15738e2f0]
Event: 21.479 Thread 0x000001d174814c80 nmethod 9978 0x000001d15e07c810 code [0x000001d15e07ca60, 0x000001d15e07dbb0]
Event: 21.480 Thread 0x000001d174814c80 9985       4       org.eclipse.core.runtime.Path::canonicalize (62 bytes)
Event: 21.483 Thread 0x000001d174814c80 nmethod 9985 0x000001d15e07e690 code [0x000001d15e07e860, 0x000001d15e07eab0]
Event: 21.483 Thread 0x000001d174814c80 9991   !   4       java.nio.file.FileTreeWalker::next (144 bytes)
Event: 21.499 Thread 0x000001d1701821f0 nmethod 9984 0x000001d15e07ed90 code [0x000001d15e07f0a0, 0x000001d15e080dd0]
Event: 21.499 Thread 0x000001d1701821f0 9989       4       org.eclipse.jface.text.DefaultLineTracker::nextDelimiterInfo (167 bytes)
Event: 21.503 Thread 0x000001d1701821f0 nmethod 9989 0x000001d15e081f10 code [0x000001d15e0820e0, 0x000001d15e082410]
Event: 21.503 Thread 0x000001d1701821f0 9992       4       org.eclipse.jdt.internal.compiler.parser.Scanner::internalScanIdentifierOrKeyword (5041 bytes)
Event: 21.510 Thread 0x000001d16b60ec30 nmethod 9873 0x000001d15e082790 code [0x000001d15e086800, 0x000001d15e08c788]
Event: 21.511 Thread 0x000001d16b60ec30 9990       4       java.lang.invoke.MemberName::initResolved (53 bytes)
Event: 21.512 Thread 0x000001d16b60ec30 nmethod 9990 0x000001d15e094010 code [0x000001d15e0941a0, 0x000001d15e094248]
Event: 21.523 Thread 0x000001d16b60ec30 9993   !   4       java.nio.file.FileTreeWalker::visit (204 bytes)

GC Heap History (20 events):
Event: 21.491 GC heap after
{Heap after GC invocations=196 (full 3):
 PSYoungGen      total 3072K, used 643K [0x00000000d5580000, 0x00000000d5980000, 0x0000000100000000)
  eden space 2048K, 0% used [0x00000000d5580000,0x00000000d5580000,0x00000000d5780000)
  from space 1024K, 62% used [0x00000000d5780000,0x00000000d5820ce8,0x00000000d5880000)
  to   space 1024K, 0% used [0x00000000d5880000,0x00000000d5880000,0x00000000d5980000)
 ParOldGen       total 224256K, used 224157K [0x0000000080000000, 0x000000008db00000, 0x00000000d5580000)
  object space 224256K, 99% used [0x0000000080000000,0x000000008dae7520,0x000000008db00000)
 Metaspace       used 61652K, committed 62912K, reserved 1114112K
  class space    used 6345K, committed 6912K, reserved 1048576K
}
Event: 21.496 GC heap before
{Heap before GC invocations=197 (full 3):
 PSYoungGen      total 3072K, used 2691K [0x00000000d5580000, 0x00000000d5980000, 0x0000000100000000)
  eden space 2048K, 100% used [0x00000000d5580000,0x00000000d5780000,0x00000000d5780000)
  from space 1024K, 62% used [0x00000000d5780000,0x00000000d5820ce8,0x00000000d5880000)
  to   space 1024K, 0% used [0x00000000d5880000,0x00000000d5880000,0x00000000d5980000)
 ParOldGen       total 224256K, used 224157K [0x0000000080000000, 0x000000008db00000, 0x00000000d5580000)
  object space 224256K, 99% used [0x0000000080000000,0x000000008dae7520,0x000000008db00000)
 Metaspace       used 61652K, committed 62912K, reserved 1114112K
  class space    used 6345K, committed 6912K, reserved 1048576K
}
Event: 21.498 GC heap after
{Heap after GC invocations=197 (full 3):
 PSYoungGen      total 3072K, used 687K [0x00000000d5580000, 0x00000000d5980000, 0x0000000100000000)
  eden space 2048K, 0% used [0x00000000d5580000,0x00000000d5580000,0x00000000d5780000)
  from space 1024K, 67% used [0x00000000d5880000,0x00000000d592be90,0x00000000d5980000)
  to   space 1024K, 0% used [0x00000000d5780000,0x00000000d5780000,0x00000000d5880000)
 ParOldGen       total 224768K, used 224617K [0x0000000080000000, 0x000000008db80000, 0x00000000d5580000)
  object space 224768K, 99% used [0x0000000080000000,0x000000008db5a7e8,0x000000008db80000)
 Metaspace       used 61652K, committed 62912K, reserved 1114112K
  class space    used 6345K, committed 6912K, reserved 1048576K
}
Event: 21.505 GC heap before
{Heap before GC invocations=198 (full 3):
 PSYoungGen      total 3072K, used 2735K [0x00000000d5580000, 0x00000000d5980000, 0x0000000100000000)
  eden space 2048K, 99% used [0x00000000d5580000,0x00000000d577ffd0,0x00000000d5780000)
  from space 1024K, 67% used [0x00000000d5880000,0x00000000d592be90,0x00000000d5980000)
  to   space 1024K, 0% used [0x00000000d5780000,0x00000000d5780000,0x00000000d5880000)
 ParOldGen       total 224768K, used 224617K [0x0000000080000000, 0x000000008db80000, 0x00000000d5580000)
  object space 224768K, 99% used [0x0000000080000000,0x000000008db5a7e8,0x000000008db80000)
 Metaspace       used 61652K, committed 62912K, reserved 1114112K
  class space    used 6345K, committed 6912K, reserved 1048576K
}
Event: 21.506 GC heap after
{Heap after GC invocations=198 (full 3):
 PSYoungGen      total 3072K, used 664K [0x00000000d5580000, 0x00000000d5980000, 0x0000000100000000)
  eden space 2048K, 0% used [0x00000000d5580000,0x00000000d5580000,0x00000000d5780000)
  from space 1024K, 64% used [0x00000000d5780000,0x00000000d5826148,0x00000000d5880000)
  to   space 1024K, 0% used [0x00000000d5880000,0x00000000d5880000,0x00000000d5980000)
 ParOldGen       total 225280K, used 225143K [0x0000000080000000, 0x000000008dc00000, 0x00000000d5580000)
  object space 225280K, 99% used [0x0000000080000000,0x000000008dbdde08,0x000000008dc00000)
 Metaspace       used 61652K, committed 62912K, reserved 1114112K
  class space    used 6345K, committed 6912K, reserved 1048576K
}
Event: 21.512 GC heap before
{Heap before GC invocations=199 (full 3):
 PSYoungGen      total 3072K, used 2712K [0x00000000d5580000, 0x00000000d5980000, 0x0000000100000000)
  eden space 2048K, 100% used [0x00000000d5580000,0x00000000d5780000,0x00000000d5780000)
  from space 1024K, 64% used [0x00000000d5780000,0x00000000d5826148,0x00000000d5880000)
  to   space 1024K, 0% used [0x00000000d5880000,0x00000000d5880000,0x00000000d5980000)
 ParOldGen       total 225280K, used 225143K [0x0000000080000000, 0x000000008dc00000, 0x00000000d5580000)
  object space 225280K, 99% used [0x0000000080000000,0x000000008dbdde08,0x000000008dc00000)
 Metaspace       used 61652K, committed 62912K, reserved 1114112K
  class space    used 6345K, committed 6912K, reserved 1048576K
}
Event: 21.513 GC heap after
{Heap after GC invocations=199 (full 3):
 PSYoungGen      total 3072K, used 672K [0x00000000d5580000, 0x00000000d5980000, 0x0000000100000000)
  eden space 2048K, 0% used [0x00000000d5580000,0x00000000d5580000,0x00000000d5780000)
  from space 1024K, 65% used [0x00000000d5880000,0x00000000d5928000,0x00000000d5980000)
  to   space 1024K, 0% used [0x00000000d5780000,0x00000000d5780000,0x00000000d5880000)
 ParOldGen       total 225792K, used 225644K [0x0000000080000000, 0x000000008dc80000, 0x00000000d5580000)
  object space 225792K, 99% used [0x0000000080000000,0x000000008dc5b060,0x000000008dc80000)
 Metaspace       used 61652K, committed 62912K, reserved 1114112K
  class space    used 6345K, committed 6912K, reserved 1048576K
}
Event: 21.518 GC heap before
{Heap before GC invocations=200 (full 3):
 PSYoungGen      total 3072K, used 2720K [0x00000000d5580000, 0x00000000d5980000, 0x0000000100000000)
  eden space 2048K, 100% used [0x00000000d5580000,0x00000000d5780000,0x00000000d5780000)
  from space 1024K, 65% used [0x00000000d5880000,0x00000000d5928000,0x00000000d5980000)
  to   space 1024K, 0% used [0x00000000d5780000,0x00000000d5780000,0x00000000d5880000)
 ParOldGen       total 225792K, used 225644K [0x0000000080000000, 0x000000008dc80000, 0x00000000d5580000)
  object space 225792K, 99% used [0x0000000080000000,0x000000008dc5b060,0x000000008dc80000)
 Metaspace       used 61652K, committed 62912K, reserved 1114112K
  class space    used 6345K, committed 6912K, reserved 1048576K
}
Event: 21.519 GC heap after
{Heap after GC invocations=200 (full 3):
 PSYoungGen      total 3072K, used 645K [0x00000000d5580000, 0x00000000d5980000, 0x0000000100000000)
  eden space 2048K, 0% used [0x00000000d5580000,0x00000000d5580000,0x00000000d5780000)
  from space 1024K, 63% used [0x00000000d5780000,0x00000000d58216e0,0x00000000d5880000)
  to   space 1024K, 0% used [0x00000000d5880000,0x00000000d5880000,0x00000000d5980000)
 ParOldGen       total 226304K, used 226137K [0x0000000080000000, 0x000000008dd00000, 0x00000000d5580000)
  object space 226304K, 99% used [0x0000000080000000,0x000000008dcd6670,0x000000008dd00000)
 Metaspace       used 61652K, committed 62912K, reserved 1114112K
  class space    used 6345K, committed 6912K, reserved 1048576K
}
Event: 21.524 GC heap before
{Heap before GC invocations=201 (full 3):
 PSYoungGen      total 3072K, used 2693K [0x00000000d5580000, 0x00000000d5980000, 0x0000000100000000)
  eden space 2048K, 100% used [0x00000000d5580000,0x00000000d5780000,0x00000000d5780000)
  from space 1024K, 63% used [0x00000000d5780000,0x00000000d58216e0,0x00000000d5880000)
  to   space 1024K, 0% used [0x00000000d5880000,0x00000000d5880000,0x00000000d5980000)
 ParOldGen       total 226304K, used 226137K [0x0000000080000000, 0x000000008dd00000, 0x00000000d5580000)
  object space 226304K, 99% used [0x0000000080000000,0x000000008dcd6670,0x000000008dd00000)
 Metaspace       used 61652K, committed 62912K, reserved 1114112K
  class space    used 6345K, committed 6912K, reserved 1048576K
}
Event: 21.525 GC heap after
{Heap after GC invocations=201 (full 3):
 PSYoungGen      total 3072K, used 672K [0x00000000d5580000, 0x00000000d5980000, 0x0000000100000000)
  eden space 2048K, 0% used [0x00000000d5580000,0x00000000d5580000,0x00000000d5780000)
  from space 1024K, 65% used [0x00000000d5880000,0x00000000d5928000,0x00000000d5980000)
  to   space 1024K, 0% used [0x00000000d5780000,0x00000000d5780000,0x00000000d5880000)
 ParOldGen       total 226816K, used 226627K [0x0000000080000000, 0x000000008dd80000, 0x00000000d5580000)
  object space 226816K, 99% used [0x0000000080000000,0x000000008dd50da8,0x000000008dd80000)
 Metaspace       used 61652K, committed 62912K, reserved 1114112K
  class space    used 6345K, committed 6912K, reserved 1048576K
}
Event: 21.530 GC heap before
{Heap before GC invocations=202 (full 3):
 PSYoungGen      total 3072K, used 2720K [0x00000000d5580000, 0x00000000d5980000, 0x0000000100000000)
  eden space 2048K, 100% used [0x00000000d5580000,0x00000000d5780000,0x00000000d5780000)
  from space 1024K, 65% used [0x00000000d5880000,0x00000000d5928000,0x00000000d5980000)
  to   space 1024K, 0% used [0x00000000d5780000,0x00000000d5780000,0x00000000d5880000)
 ParOldGen       total 226816K, used 226627K [0x0000000080000000, 0x000000008dd80000, 0x00000000d5580000)
  object space 226816K, 99% used [0x0000000080000000,0x000000008dd50da8,0x000000008dd80000)
 Metaspace       used 61652K, committed 62912K, reserved 1114112K
  class space    used 6345K, committed 6912K, reserved 1048576K
}
Event: 21.531 GC heap after
{Heap after GC invocations=202 (full 3):
 PSYoungGen      total 3072K, used 708K [0x00000000d5580000, 0x00000000d5980000, 0x0000000100000000)
  eden space 2048K, 0% used [0x00000000d5580000,0x00000000d5580000,0x00000000d5780000)
  from space 1024K, 69% used [0x00000000d5780000,0x00000000d5831038,0x00000000d5880000)
  to   space 1024K, 0% used [0x00000000d5880000,0x00000000d5880000,0x00000000d5980000)
 ParOldGen       total 227328K, used 227171K [0x0000000080000000, 0x000000008de00000, 0x00000000d5580000)
  object space 227328K, 99% used [0x0000000080000000,0x000000008ddd8e28,0x000000008de00000)
 Metaspace       used 61652K, committed 62912K, reserved 1114112K
  class space    used 6345K, committed 6912K, reserved 1048576K
}
Event: 21.536 GC heap before
{Heap before GC invocations=203 (full 3):
 PSYoungGen      total 3072K, used 2751K [0x00000000d5580000, 0x00000000d5980000, 0x0000000100000000)
  eden space 2048K, 99% used [0x00000000d5580000,0x00000000d577edf8,0x00000000d5780000)
  from space 1024K, 69% used [0x00000000d5780000,0x00000000d5831038,0x00000000d5880000)
  to   space 1024K, 0% used [0x00000000d5880000,0x00000000d5880000,0x00000000d5980000)
 ParOldGen       total 227328K, used 227171K [0x0000000080000000, 0x000000008de00000, 0x00000000d5580000)
  object space 227328K, 99% used [0x0000000080000000,0x000000008ddd8e28,0x000000008de00000)
 Metaspace       used 61652K, committed 62912K, reserved 1114112K
  class space    used 6345K, committed 6912K, reserved 1048576K
}
Event: 21.537 GC heap after
{Heap after GC invocations=203 (full 3):
 PSYoungGen      total 3072K, used 684K [0x00000000d5580000, 0x00000000d5980000, 0x0000000100000000)
  eden space 2048K, 0% used [0x00000000d5580000,0x00000000d5580000,0x00000000d5780000)
  from space 1024K, 66% used [0x00000000d5880000,0x00000000d592b1b0,0x00000000d5980000)
  to   space 1024K, 0% used [0x00000000d5780000,0x00000000d5780000,0x00000000d5880000)
 ParOldGen       total 227840K, used 227749K [0x0000000080000000, 0x000000008de80000, 0x00000000d5580000)
  object space 227840K, 99% used [0x0000000080000000,0x000000008de694f0,0x000000008de80000)
 Metaspace       used 61652K, committed 62912K, reserved 1114112K
  class space    used 6345K, committed 6912K, reserved 1048576K
}
Event: 21.542 GC heap before
{Heap before GC invocations=204 (full 3):
 PSYoungGen      total 3072K, used 2732K [0x00000000d5580000, 0x00000000d5980000, 0x0000000100000000)
  eden space 2048K, 100% used [0x00000000d5580000,0x00000000d5780000,0x00000000d5780000)
  from space 1024K, 66% used [0x00000000d5880000,0x00000000d592b1b0,0x00000000d5980000)
  to   space 1024K, 0% used [0x00000000d5780000,0x00000000d5780000,0x00000000d5880000)
 ParOldGen       total 227840K, used 227749K [0x0000000080000000, 0x000000008de80000, 0x00000000d5580000)
  object space 227840K, 99% used [0x0000000080000000,0x000000008de694f0,0x000000008de80000)
 Metaspace       used 61652K, committed 62912K, reserved 1114112K
  class space    used 6345K, committed 6912K, reserved 1048576K
}
Event: 21.543 GC heap after
{Heap after GC invocations=204 (full 3):
 PSYoungGen      total 3072K, used 643K [0x00000000d5580000, 0x00000000d5980000, 0x0000000100000000)
  eden space 2048K, 0% used [0x00000000d5580000,0x00000000d5580000,0x00000000d5780000)
  from space 1024K, 62% used [0x00000000d5780000,0x00000000d5820cd8,0x00000000d5880000)
  to   space 1024K, 0% used [0x00000000d5880000,0x00000000d5880000,0x00000000d5980000)
 ParOldGen       total 228352K, used 228269K [0x0000000080000000, 0x000000008df00000, 0x00000000d5580000)
  object space 228352K, 99% used [0x0000000080000000,0x000000008deeb630,0x000000008df00000)
 Metaspace       used 61652K, committed 62912K, reserved 1114112K
  class space    used 6345K, committed 6912K, reserved 1048576K
}
Event: 21.547 GC heap before
{Heap before GC invocations=205 (full 3):
 PSYoungGen      total 3072K, used 2691K [0x00000000d5580000, 0x00000000d5980000, 0x0000000100000000)
  eden space 2048K, 100% used [0x00000000d5580000,0x00000000d5780000,0x00000000d5780000)
  from space 1024K, 62% used [0x00000000d5780000,0x00000000d5820cd8,0x00000000d5880000)
  to   space 1024K, 0% used [0x00000000d5880000,0x00000000d5880000,0x00000000d5980000)
 ParOldGen       total 228352K, used 228269K [0x0000000080000000, 0x000000008df00000, 0x00000000d5580000)
  object space 228352K, 99% used [0x0000000080000000,0x000000008deeb630,0x000000008df00000)
 Metaspace       used 61652K, committed 62912K, reserved 1114112K
  class space    used 6345K, committed 6912K, reserved 1048576K
}
Event: 21.548 GC heap after
{Heap after GC invocations=205 (full 3):
 PSYoungGen      total 3072K, used 576K [0x00000000d5580000, 0x00000000d5980000, 0x0000000100000000)
  eden space 2048K, 0% used [0x00000000d5580000,0x00000000d5580000,0x00000000d5780000)
  from space 1024K, 56% used [0x00000000d5880000,0x00000000d5910000,0x00000000d5980000)
  to   space 1024K, 0% used [0x00000000d5780000,0x00000000d5780000,0x00000000d5880000)
 ParOldGen       total 228864K, used 228853K [0x0000000080000000, 0x000000008df80000, 0x00000000d5580000)
  object space 228864K, 99% used [0x0000000080000000,0x000000008df7d720,0x000000008df80000)
 Metaspace       used 61652K, committed 62912K, reserved 1114112K
  class space    used 6345K, committed 6912K, reserved 1048576K
}
Event: 21.552 GC heap before
{Heap before GC invocations=206 (full 3):
 PSYoungGen      total 3072K, used 2624K [0x00000000d5580000, 0x00000000d5980000, 0x0000000100000000)
  eden space 2048K, 100% used [0x00000000d5580000,0x00000000d5780000,0x00000000d5780000)
  from space 1024K, 56% used [0x00000000d5880000,0x00000000d5910000,0x00000000d5980000)
  to   space 1024K, 0% used [0x00000000d5780000,0x00000000d5780000,0x00000000d5880000)
 ParOldGen       total 228864K, used 228853K [0x0000000080000000, 0x000000008df80000, 0x00000000d5580000)
  object space 228864K, 99% used [0x0000000080000000,0x000000008df7d720,0x000000008df80000)
 Metaspace       used 61652K, committed 62912K, reserved 1114112K
  class space    used 6345K, committed 6912K, reserved 1048576K
}

Dll operation events (10 events):
Event: 0.011 Loaded shared library c:\Users\pragy\.vscode\extensions\redhat.java-1.43.1-win32-x64\jre\21.0.7-win32-x86_64\bin\java.dll
Event: 0.114 Loaded shared library c:\Users\pragy\.vscode\extensions\redhat.java-1.43.1-win32-x64\jre\21.0.7-win32-x86_64\bin\zip.dll
Event: 0.155 Loaded shared library C:\Users\pragy\.vscode\extensions\redhat.java-1.43.1-win32-x64\jre\21.0.7-win32-x86_64\bin\instrument.dll
Event: 0.165 Loaded shared library C:\Users\pragy\.vscode\extensions\redhat.java-1.43.1-win32-x64\jre\21.0.7-win32-x86_64\bin\net.dll
Event: 0.169 Loaded shared library C:\Users\pragy\.vscode\extensions\redhat.java-1.43.1-win32-x64\jre\21.0.7-win32-x86_64\bin\nio.dll
Event: 0.175 Loaded shared library C:\Users\pragy\.vscode\extensions\redhat.java-1.43.1-win32-x64\jre\21.0.7-win32-x86_64\bin\zip.dll
Event: 0.209 Loaded shared library C:\Users\pragy\.vscode\extensions\redhat.java-1.43.1-win32-x64\jre\21.0.7-win32-x86_64\bin\jimage.dll
Event: 0.335 Loaded shared library c:\Users\pragy\.vscode\extensions\redhat.java-1.43.1-win32-x64\jre\21.0.7-win32-x86_64\bin\verify.dll
Event: 5.780 Loaded shared library C:\Users\pragy\AppData\Roaming\Code\User\globalStorage\redhat.java\1.43.1\config_win\org.eclipse.equinox.launcher\org.eclipse.equinox.launcher.win32.win32.x86_64_1.2.1300.v20250331-1702\eclipse_11911.dll
Event: 14.680 Loaded shared library C:\Users\pragy\AppData\Local\Temp\jna-106927057\jna12714992229409901947.dll

Deoptimization events (20 events):
Event: 21.285 Thread 0x000001d170f4a470 DEOPT PACKING pc=0x000001d15de4bc2c sp=0x00000058d0bfd980
Event: 21.285 Thread 0x000001d170f4a470 DEOPT UNPACKING pc=0x000001d15d4f3aa2 sp=0x00000058d0bfd920 mode 2
Event: 21.289 Thread 0x000001d1759aba60 DEOPT PACKING pc=0x000001d156ba7ea6 sp=0x00000058d08fd880
Event: 21.289 Thread 0x000001d1759aba60 DEOPT UNPACKING pc=0x000001d15d4f4242 sp=0x00000058d08fcd70 mode 0
Event: 21.290 Thread 0x000001d1759aba60 Uncommon trap: trap_request=0xffffff6e fr.pc=0x000001d15db5d218 relative=0x0000000000000178
Event: 21.290 Thread 0x000001d1759aba60 Uncommon trap: reason=loop_limit_check action=maybe_recompile pc=0x000001d15db5d218 method=java.lang.StringLatin1.lastIndexOf([BII)I @ 19 c2
Event: 21.290 Thread 0x000001d1759aba60 DEOPT PACKING pc=0x000001d15db5d218 sp=0x00000058d08fe2d0
Event: 21.290 Thread 0x000001d1759aba60 DEOPT UNPACKING pc=0x000001d15d4f3aa2 sp=0x00000058d08fe188 mode 2
Event: 21.294 Thread 0x000001d170f51400 DEOPT PACKING pc=0x000001d1572442ac sp=0x00000058d09fecb0
Event: 21.294 Thread 0x000001d170f51400 DEOPT UNPACKING pc=0x000001d15d4f4242 sp=0x00000058d09fe118 mode 0
Event: 21.294 Thread 0x000001d170f51400 DEOPT PACKING pc=0x000001d15724550e sp=0x00000058d09fec00
Event: 21.294 Thread 0x000001d170f51400 DEOPT UNPACKING pc=0x000001d15d4f4242 sp=0x00000058d09fe0f8 mode 0
Event: 21.386 Thread 0x000001d170f4a470 DEOPT PACKING pc=0x000001d157043f95 sp=0x00000058d0bfe710
Event: 21.386 Thread 0x000001d170f4a470 DEOPT UNPACKING pc=0x000001d15d4f4242 sp=0x00000058d0bfdc80 mode 0
Event: 21.406 Thread 0x000001d170f4a470 DEOPT PACKING pc=0x000001d156e6662d sp=0x00000058d0bfd8b0
Event: 21.406 Thread 0x000001d170f4a470 DEOPT UNPACKING pc=0x000001d15d4f4242 sp=0x00000058d0bfcd88 mode 0
Event: 21.458 Thread 0x000001d170f4a470 Uncommon trap: trap_request=0xffffff45 fr.pc=0x000001d15e07ab98 relative=0x00000000000001b8
Event: 21.458 Thread 0x000001d170f4a470 Uncommon trap: reason=unstable_if action=reinterpret pc=0x000001d15e07ab98 method=org.eclipse.jdt.internal.core.util.Util.isJavaLikeFileName(Ljava/lang/String;)Z @ 11 c2
Event: 21.458 Thread 0x000001d170f4a470 DEOPT PACKING pc=0x000001d15e07ab98 sp=0x00000058d0bfedf0
Event: 21.458 Thread 0x000001d170f4a470 DEOPT UNPACKING pc=0x000001d15d4f3aa2 sp=0x00000058d0bfedc8 mode 2

Classes loaded (20 events):
Event: 20.753 Loading class java/nio/charset/CharacterCodingException
Event: 20.753 Loading class java/nio/charset/CharacterCodingException done
Event: 20.753 Loading class java/io/SequenceInputStream
Event: 20.753 Loading class java/io/SequenceInputStream done
Event: 20.995 Loading class java/util/concurrent/CompletableFuture$UniApply
Event: 20.995 Loading class java/util/concurrent/CompletableFuture$UniCompletion
Event: 20.995 Loading class java/util/concurrent/CompletableFuture$UniCompletion done
Event: 20.995 Loading class java/util/concurrent/CompletableFuture$UniApply done
Event: 20.998 Loading class java/util/stream/ReduceOps$5
Event: 20.998 Loading class java/util/stream/ReduceOps$5 done
Event: 20.999 Loading class java/util/stream/ReduceOps$CountingSink$OfRef
Event: 20.999 Loading class java/util/stream/ReduceOps$CountingSink
Event: 20.999 Loading class java/util/stream/ReduceOps$CountingSink done
Event: 20.999 Loading class java/util/stream/ReduceOps$CountingSink$OfRef done
Event: 21.000 Loading class java/util/concurrent/CompletableFuture$UniAccept
Event: 21.000 Loading class java/util/concurrent/CompletableFuture$UniAccept done
Event: 21.000 Loading class java/util/concurrent/CompletableFuture$UniExceptionally
Event: 21.000 Loading class java/util/concurrent/CompletableFuture$UniExceptionally done
Event: 21.025 Loading class java/util/Hashtable$KeySet
Event: 21.025 Loading class java/util/Hashtable$KeySet done

Classes unloaded (7 events):
Event: 15.153 Thread 0x000001d152d14590 Unloading class 0x000001d1011a0800 'java/lang/invoke/LambdaForm$MH+0x000001d1011a0800'
Event: 15.153 Thread 0x000001d152d14590 Unloading class 0x000001d1011a0400 'java/lang/invoke/LambdaForm$MH+0x000001d1011a0400'
Event: 15.153 Thread 0x000001d152d14590 Unloading class 0x000001d1011a0000 'java/lang/invoke/LambdaForm$MH+0x000001d1011a0000'
Event: 15.153 Thread 0x000001d152d14590 Unloading class 0x000001d10119fc00 'java/lang/invoke/LambdaForm$MH+0x000001d10119fc00'
Event: 15.153 Thread 0x000001d152d14590 Unloading class 0x000001d10119f800 'java/lang/invoke/LambdaForm$BMH+0x000001d10119f800'
Event: 15.153 Thread 0x000001d152d14590 Unloading class 0x000001d10119f400 'java/lang/invoke/LambdaForm$DMH+0x000001d10119f400'
Event: 15.153 Thread 0x000001d152d14590 Unloading class 0x000001d10119e000 'java/lang/invoke/LambdaForm$DMH+0x000001d10119e000'

Classes redefined (0 events):
No events

Internal exceptions (20 events):
Event: 21.049 Thread 0x000001d170f4a470 Exception <a 'java/io/FileNotFoundException'{0x00000000d56e0d48}> (0x00000000d56e0d48) 
thrown [s\src\hotspot\share\prims\jni.cpp, line 520]
Event: 21.054 Thread 0x000001d170f4a470 Exception <a 'sun/nio/fs/WindowsException'{0x00000000d576e4a0}> (0x00000000d576e4a0) 
thrown [s\src\hotspot\share\prims\jni.cpp, line 520]
Event: 21.055 Thread 0x000001d170f4a470 Exception <a 'sun/nio/fs/WindowsException'{0x00000000d576ead0}> (0x00000000d576ead0) 
thrown [s\src\hotspot\share\prims\jni.cpp, line 520]
Event: 21.064 Thread 0x000001d170f4a470 Exception <a 'sun/nio/fs/WindowsException'{0x00000000d567ebf8}> (0x00000000d567ebf8) 
thrown [s\src\hotspot\share\prims\jni.cpp, line 520]
Event: 21.064 Thread 0x000001d170f4a470 Exception <a 'sun/nio/fs/WindowsException'{0x00000000d567f228}> (0x00000000d567f228) 
thrown [s\src\hotspot\share\prims\jni.cpp, line 520]
Event: 21.064 Thread 0x000001d170f4a470 Exception <a 'sun/nio/fs/WindowsException'{0x00000000d56b1748}> (0x00000000d56b1748) 
thrown [s\src\hotspot\share\prims\jni.cpp, line 520]
Event: 21.064 Thread 0x000001d170f4a470 Exception <a 'sun/nio/fs/WindowsException'{0x00000000d56b1d78}> (0x00000000d56b1d78) 
thrown [s\src\hotspot\share\prims\jni.cpp, line 520]
Event: 21.065 Thread 0x000001d170f4a470 Exception <a 'sun/nio/fs/WindowsException'{0x00000000d56b30d0}> (0x00000000d56b30d0) 
thrown [s\src\hotspot\share\prims\jni.cpp, line 520]
Event: 21.065 Thread 0x000001d170f4a470 Exception <a 'sun/nio/fs/WindowsException'{0x00000000d56b3700}> (0x00000000d56b3700) 
thrown [s\src\hotspot\share\prims\jni.cpp, line 520]
Event: 21.071 Thread 0x000001d170f4a470 Exception <a 'sun/nio/fs/WindowsException'{0x00000000d579cdb8}> (0x00000000d579cdb8) 
thrown [s\src\hotspot\share\prims\jni.cpp, line 520]
Event: 21.071 Thread 0x000001d170f4a470 Exception <a 'sun/nio/fs/WindowsException'{0x00000000d579d3e8}> (0x00000000d579d3e8) 
thrown [s\src\hotspot\share\prims\jni.cpp, line 520]
Event: 21.072 Thread 0x000001d170f4a470 Exception <a 'sun/nio/fs/WindowsException'{0x00000000d579ed30}> (0x00000000d579ed30) 
thrown [s\src\hotspot\share\prims\jni.cpp, line 520]
Event: 21.072 Thread 0x000001d170f4a470 Exception <a 'sun/nio/fs/WindowsException'{0x00000000d579f360}> (0x00000000d579f360) 
thrown [s\src\hotspot\share\prims\jni.cpp, line 520]
Event: 21.072 Thread 0x000001d170f4a470 Exception <a 'sun/nio/fs/WindowsException'{0x00000000d57a06b8}> (0x00000000d57a06b8) 
thrown [s\src\hotspot\share\prims\jni.cpp, line 520]
Event: 21.072 Thread 0x000001d170f4a470 Exception <a 'sun/nio/fs/WindowsException'{0x00000000d57a0ce8}> (0x00000000d57a0ce8) 
thrown [s\src\hotspot\share\prims\jni.cpp, line 520]
Event: 21.072 Thread 0x000001d17236b880 Exception <a 'java/lang/IncompatibleClassChangeError'{0x00000000d57a96b0}: Found class java.lang.Object, but interface was expected> (0x00000000d57a96b0) 
thrown [s\src\hotspot\share\interpreter\linkResolver.cpp, line 840]
Event: 21.074 Thread 0x000001d17236b880 Exception <a 'java/lang/IncompatibleClassChangeError'{0x00000000d57eee20}: Found class java.lang.Object, but interface was expected> (0x00000000d57eee20) 
thrown [s\src\hotspot\share\interpreter\linkResolver.cpp, line 840]
Event: 21.086 Thread 0x000001d170f4cbd0 Exception <a 'sun/nio/fs/WindowsException'{0x00000000d57ccce0}> (0x00000000d57ccce0) 
thrown [s\src\hotspot\share\prims\jni.cpp, line 520]
Event: 21.086 Thread 0x000001d170f4cbd0 Exception <a 'sun/nio/fs/WindowsException'{0x00000000d57e6208}> (0x00000000d57e6208) 
thrown [s\src\hotspot\share\prims\jni.cpp, line 520]
Event: 21.271 Thread 0x000001d1759aba60 Implicit null exception at 0x000001d15df8875a to 0x000001d15df887b3

ZGC Phase Switch (0 events):
No events

VM Operations (20 events):
Event: 21.491 Executing VM operation: ParallelGCFailedAllocation (Allocation Failure) done
Event: 21.496 Executing VM operation: ParallelGCFailedAllocation (Allocation Failure)
Event: 21.498 Executing VM operation: ParallelGCFailedAllocation (Allocation Failure) done
Event: 21.505 Executing VM operation: ParallelGCFailedAllocation (Allocation Failure)
Event: 21.507 Executing VM operation: ParallelGCFailedAllocation (Allocation Failure) done
Event: 21.512 Executing VM operation: ParallelGCFailedAllocation (Allocation Failure)
Event: 21.513 Executing VM operation: ParallelGCFailedAllocation (Allocation Failure) done
Event: 21.518 Executing VM operation: ParallelGCFailedAllocation (Allocation Failure)
Event: 21.519 Executing VM operation: ParallelGCFailedAllocation (Allocation Failure) done
Event: 21.524 Executing VM operation: ParallelGCFailedAllocation (Allocation Failure)
Event: 21.525 Executing VM operation: ParallelGCFailedAllocation (Allocation Failure) done
Event: 21.530 Executing VM operation: ParallelGCFailedAllocation (Allocation Failure)
Event: 21.531 Executing VM operation: ParallelGCFailedAllocation (Allocation Failure) done
Event: 21.536 Executing VM operation: ParallelGCFailedAllocation (Allocation Failure)
Event: 21.537 Executing VM operation: ParallelGCFailedAllocation (Allocation Failure) done
Event: 21.542 Executing VM operation: ParallelGCFailedAllocation (Allocation Failure)
Event: 21.543 Executing VM operation: ParallelGCFailedAllocation (Allocation Failure) done
Event: 21.547 Executing VM operation: ParallelGCFailedAllocation (Allocation Failure)
Event: 21.548 Executing VM operation: ParallelGCFailedAllocation (Allocation Failure) done
Event: 21.552 Executing VM operation: ParallelGCFailedAllocation (Allocation Failure)

Memory protections (0 events):
No events

Nmethod flushes (20 events):
Event: 20.607 Thread 0x000001d152d14590 flushing  nmethod 0x000001d1567f1390
Event: 20.607 Thread 0x000001d152d14590 flushing  nmethod 0x000001d1567f8990
Event: 20.607 Thread 0x000001d152d14590 flushing  nmethod 0x000001d156801710
Event: 20.607 Thread 0x000001d152d14590 flushing  nmethod 0x000001d156804690
Event: 20.607 Thread 0x000001d152d14590 flushing  nmethod 0x000001d156805f10
Event: 20.607 Thread 0x000001d152d14590 flushing  nmethod 0x000001d156806610
Event: 20.607 Thread 0x000001d152d14590 flushing  nmethod 0x000001d156806c10
Event: 20.607 Thread 0x000001d152d14590 flushing  nmethod 0x000001d156807490
Event: 20.607 Thread 0x000001d152d14590 flushing  nmethod 0x000001d156807a90
Event: 20.607 Thread 0x000001d152d14590 flushing  nmethod 0x000001d15680af90
Event: 20.607 Thread 0x000001d152d14590 flushing  nmethod 0x000001d15680cb90
Event: 20.607 Thread 0x000001d152d14590 flushing  nmethod 0x000001d156815210
Event: 20.607 Thread 0x000001d152d14590 flushing  nmethod 0x000001d156826290
Event: 20.607 Thread 0x000001d152d14590 flushing  nmethod 0x000001d156832b10
Event: 20.607 Thread 0x000001d152d14590 flushing  nmethod 0x000001d15686ca10
Event: 20.607 Thread 0x000001d152d14590 flushing  nmethod 0x000001d15686e310
Event: 20.607 Thread 0x000001d152d14590 flushing  nmethod 0x000001d15686fe10
Event: 20.607 Thread 0x000001d152d14590 flushing  nmethod 0x000001d15687d210
Event: 20.607 Thread 0x000001d152d14590 flushing  nmethod 0x000001d15687d990
Event: 20.607 Thread 0x000001d152d14590 flushing  nmethod 0x000001d156880390

Events (20 events):
Event: 18.139 Thread 0x000001d1727dc470 Thread added: 0x000001d1727daa30
Event: 18.139 Thread 0x000001d170f4a470 Thread added: 0x000001d1727e0ca0
Event: 18.943 Thread 0x000001d170f4a470 Thread added: 0x000001d1727db0c0
Event: 19.340 Thread 0x000001d170f4a470 Thread added: 0x000001d1727db750
Event: 19.340 Thread 0x000001d170f4a470 Thread added: 0x000001d1727dd190
Event: 19.340 Thread 0x000001d170f4a470 Thread added: 0x000001d1727ddeb0
Event: 19.386 Thread 0x000001d170f4a470 Thread added: 0x000001d1727de540
Event: 19.404 Thread 0x000001d170f4a470 Thread added: 0x000001d1727e0610
Event: 19.419 Thread 0x000001d170f4a470 Thread added: 0x000001d1727debd0
Event: 19.426 Thread 0x000001d170f4a470 Thread added: 0x000001d1727df260
Event: 19.432 Thread 0x000001d170f4a470 Thread added: 0x000001d1759ad4a0
Event: 19.439 Thread 0x000001d170f4a470 Thread added: 0x000001d1759adb30
Event: 19.448 Thread 0x000001d170f4a470 Thread added: 0x000001d1759ab3d0
Event: 20.142 Thread 0x000001d17075a870 Thread exited: 0x000001d17075a870
Event: 20.695 Thread 0x000001d171719f30 Thread exited: 0x000001d171719f30
Event: 20.779 Thread 0x000001d16b629200 Thread added: 0x000001d174814c80
Event: 20.853 Thread 0x000001d17236b880 Thread added: 0x000001d1759aba60
Event: 20.999 Thread 0x000001d17236b880 Thread added: 0x000001d1759ae1c0
Event: 21.069 Thread 0x000001d17236b880 Thread added: 0x000001d1759ac0f0
Event: 21.074 Thread 0x000001d17236b880 Thread added: 0x000001d1759ac780


Dynamic libraries:
0x00007ff764400000 - 0x00007ff76440e000 	c:\Users\pragy\.vscode\extensions\redhat.java-1.43.1-win32-x64\jre\21.0.7-win32-x86_64\bin\java.exe
0x00007fff71030000 - 0x00007fff71247000 	C:\windows\SYSTEM32\ntdll.dll
0x00007fff6fc60000 - 0x00007fff6fd24000 	C:\windows\System32\KERNEL32.DLL
0x00007fff6e520000 - 0x00007fff6e8f2000 	C:\windows\System32\KERNELBASE.dll
0x00007fff6e400000 - 0x00007fff6e511000 	C:\windows\System32\ucrtbase.dll
0x00007fff520e0000 - 0x00007fff520f8000 	c:\Users\pragy\.vscode\extensions\redhat.java-1.43.1-win32-x64\jre\21.0.7-win32-x86_64\bin\jli.dll
0x00007fff35bb0000 - 0x00007fff35bce000 	c:\Users\pragy\.vscode\extensions\redhat.java-1.43.1-win32-x64\jre\21.0.7-win32-x86_64\bin\VCRUNTIME140.dll
0x00007fff6efc0000 - 0x00007fff6f171000 	C:\windows\System32\USER32.dll
0x00007fff6e260000 - 0x00007fff6e286000 	C:\windows\System32\win32u.dll
0x00007fff574f0000 - 0x00007fff5778b000 	C:\windows\WinSxS\amd64_microsoft.windows.common-controls_6595b64144ccf1df_6.0.22621.5413_none_270da5617387a498\COMCTL32.dll
0x00007fff6ed40000 - 0x00007fff6ed69000 	C:\windows\System32\GDI32.dll
0x00007fff700d0000 - 0x00007fff70177000 	C:\windows\System32\msvcrt.dll
0x00007fff6eb90000 - 0x00007fff6ecb3000 	C:\windows\System32\gdi32full.dll
0x00007fff6e980000 - 0x00007fff6ea1a000 	C:\windows\System32\msvcp_win.dll
0x00007fff6f230000 - 0x00007fff6f261000 	C:\windows\System32\IMM32.DLL
0x00007fff67760000 - 0x00007fff6776c000 	c:\Users\pragy\.vscode\extensions\redhat.java-1.43.1-win32-x64\jre\21.0.7-win32-x86_64\bin\vcruntime140_1.dll
0x00007fff34b90000 - 0x00007fff34c1d000 	c:\Users\pragy\.vscode\extensions\redhat.java-1.43.1-win32-x64\jre\21.0.7-win32-x86_64\bin\msvcp140.dll
0x00007ffe90010000 - 0x00007ffe90da0000 	c:\Users\pragy\.vscode\extensions\redhat.java-1.43.1-win32-x64\jre\21.0.7-win32-x86_64\bin\server\jvm.dll
0x00007fff70520000 - 0x00007fff705d1000 	C:\windows\System32\ADVAPI32.dll
0x00007fff6f180000 - 0x00007fff6f228000 	C:\windows\System32\sechost.dll
0x00007fff6e290000 - 0x00007fff6e2b8000 	C:\windows\System32\bcrypt.dll
0x00007fff6ff20000 - 0x00007fff70034000 	C:\windows\System32\RPCRT4.dll
0x00007fff708e0000 - 0x00007fff70951000 	C:\windows\System32\WS2_32.dll
0x00007fff6d8b0000 - 0x00007fff6d8fd000 	C:\windows\SYSTEM32\POWRPROF.dll
0x00007fff65fe0000 - 0x00007fff65fea000 	C:\windows\SYSTEM32\VERSION.dll
0x00007fff697a0000 - 0x00007fff697d4000 	C:\windows\SYSTEM32\WINMM.dll
0x00007fff6d890000 - 0x00007fff6d8a3000 	C:\windows\SYSTEM32\UMPDC.dll
0x00007fff6d110000 - 0x00007fff6d128000 	C:\windows\SYSTEM32\kernel.appcore.dll
0x00007fff64460000 - 0x00007fff6446a000 	c:\Users\pragy\.vscode\extensions\redhat.java-1.43.1-win32-x64\jre\21.0.7-win32-x86_64\bin\jimage.dll
0x00007fff6bb40000 - 0x00007fff6bd72000 	C:\windows\SYSTEM32\DBGHELP.DLL
0x00007fff70180000 - 0x00007fff70513000 	C:\windows\System32\combase.dll
0x00007fff705e0000 - 0x00007fff706b7000 	C:\windows\System32\OLEAUT32.dll
0x00007fff4fb60000 - 0x00007fff4fb92000 	C:\windows\SYSTEM32\dbgcore.DLL
0x00007fff6e380000 - 0x00007fff6e3fb000 	C:\windows\System32\bcryptPrimitives.dll
0x00007fff55ee0000 - 0x00007fff55eef000 	c:\Users\pragy\.vscode\extensions\redhat.java-1.43.1-win32-x64\jre\21.0.7-win32-x86_64\bin\instrument.dll
0x00007fff35b90000 - 0x00007fff35baf000 	c:\Users\pragy\.vscode\extensions\redhat.java-1.43.1-win32-x64\jre\21.0.7-win32-x86_64\bin\java.dll
0x00007fff6f390000 - 0x00007fff6fc32000 	C:\windows\System32\SHELL32.dll
0x00007fff6e120000 - 0x00007fff6e25f000 	C:\windows\System32\wintypes.dll
0x00007fff6c000000 - 0x00007fff6c91d000 	C:\windows\SYSTEM32\windows.storage.dll
0x00007fff706c0000 - 0x00007fff707cb000 	C:\windows\System32\SHCORE.dll
0x00007fff6ef50000 - 0x00007fff6efb9000 	C:\windows\System32\shlwapi.dll
0x00007fff6e050000 - 0x00007fff6e07b000 	C:\windows\SYSTEM32\profapi.dll
0x00007fff35a20000 - 0x00007fff35a38000 	c:\Users\pragy\.vscode\extensions\redhat.java-1.43.1-win32-x64\jre\21.0.7-win32-x86_64\bin\zip.dll
0x00007fff551f0000 - 0x00007fff55200000 	C:\Users\pragy\.vscode\extensions\redhat.java-1.43.1-win32-x64\jre\21.0.7-win32-x86_64\bin\net.dll
0x00007fff6ab40000 - 0x00007fff6ac6c000 	C:\windows\SYSTEM32\WINHTTP.dll
0x00007fff6d580000 - 0x00007fff6d5e9000 	C:\windows\system32\mswsock.dll
0x00007fff34cc0000 - 0x00007fff34cd6000 	C:\Users\pragy\.vscode\extensions\redhat.java-1.43.1-win32-x64\jre\21.0.7-win32-x86_64\bin\nio.dll
0x00007fff54d90000 - 0x00007fff54da0000 	c:\Users\pragy\.vscode\extensions\redhat.java-1.43.1-win32-x64\jre\21.0.7-win32-x86_64\bin\verify.dll
0x00007fff2cb60000 - 0x00007fff2cba5000 	C:\Users\pragy\AppData\Roaming\Code\User\globalStorage\redhat.java\1.43.1\config_win\org.eclipse.equinox.launcher\org.eclipse.equinox.launcher.win32.win32.x86_64_1.2.1300.v20250331-1702\eclipse_11911.dll
0x00007fff6fd80000 - 0x00007fff6ff20000 	C:\windows\System32\ole32.dll
0x00007fff6d910000 - 0x00007fff6d92b000 	C:\windows\SYSTEM32\CRYPTSP.dll
0x00007fff6d070000 - 0x00007fff6d0a7000 	C:\windows\system32\rsaenh.dll
0x00007fff6d620000 - 0x00007fff6d648000 	C:\windows\SYSTEM32\USERENV.dll
0x00007fff6d780000 - 0x00007fff6d78c000 	C:\windows\SYSTEM32\CRYPTBASE.dll
0x00007fff6cb70000 - 0x00007fff6cb9d000 	C:\windows\SYSTEM32\IPHLPAPI.DLL
0x00007fff70e80000 - 0x00007fff70e89000 	C:\windows\System32\NSI.dll
0x00007fff211b0000 - 0x00007fff211f9000 	C:\Users\pragy\AppData\Local\Temp\jna-106927057\jna12714992229409901947.dll
0x00007fff6ef40000 - 0x00007fff6ef48000 	C:\windows\System32\PSAPI.DLL
0x00007fff69bd0000 - 0x00007fff69be9000 	C:\windows\SYSTEM32\dhcpcsvc6.DLL
0x00007fff69bb0000 - 0x00007fff69bcf000 	C:\windows\SYSTEM32\dhcpcsvc.DLL

dbghelp: loaded successfully - version: 4.0.5 - missing functions: none
symbol engine: initialized successfully - sym options: 0x614 - pdb path: .;c:\Users\pragy\.vscode\extensions\redhat.java-1.43.1-win32-x64\jre\21.0.7-win32-x86_64\bin;C:\windows\SYSTEM32;C:\windows\WinSxS\amd64_microsoft.windows.common-controls_6595b64144ccf1df_6.0.22621.5413_none_270da5617387a498;c:\Users\pragy\.vscode\extensions\redhat.java-1.43.1-win32-x64\jre\21.0.7-win32-x86_64\bin\server;C:\Users\pragy\AppData\Roaming\Code\User\globalStorage\redhat.java\1.43.1\config_win\org.eclipse.equinox.launcher\org.eclipse.equinox.launcher.win32.win32.x86_64_1.2.1300.v20250331-1702;C:\Users\pragy\AppData\Local\Temp\jna-106927057

VM Arguments:
jvm_args: --add-modules=ALL-SYSTEM --add-opens=java.base/java.util=ALL-UNNAMED --add-opens=java.base/java.lang=ALL-UNNAMED --add-opens=java.base/sun.nio.fs=ALL-UNNAMED -Declipse.application=org.eclipse.jdt.ls.core.id1 -Dosgi.bundles.defaultStartLevel=4 -Declipse.product=org.eclipse.jdt.ls.core.product -Djava.import.generatesMetadataFilesAtProjectRoot=false -DDetectVMInstallationsJob.disabled=true -Dfile.encoding=utf8 -XX:+UseParallelGC -XX:GCTimeRatio=4 -XX:AdaptiveSizePolicyWeight=90 -Dsun.zip.disableMemoryMapping=true -Xmx2G -Xms100m -Xlog:disable -javaagent:c:\Users\pragy\.vscode\extensions\redhat.java-1.43.1-win32-x64\lombok\lombok-1.18.39-4050.jar -XX:+HeapDumpOnOutOfMemoryError -XX:HeapDumpPath=c:\Users\pragy\AppData\Roaming\Code\User\workspaceStorage\cc99c5c5b9f10468fc12bfe29c53fb65\redhat.java -Daether.dependencyCollector.impl=bf 
java_command: c:\Users\pragy\.vscode\extensions\redhat.java-1.43.1-win32-x64\server\plugins\org.eclipse.equinox.launcher_1.7.0.v20250519-0528.jar -configuration c:\Users\pragy\AppData\Roaming\Code\User\globalStorage\redhat.java\1.43.1\config_win -data c:\Users\pragy\AppData\Roaming\Code\User\workspaceStorage\cc99c5c5b9f10468fc12bfe29c53fb65\redhat.java\jdt_ws --pipe=\\.\pipe\lsp-a402c8926ffc26c09fa0945f93201d2b-sock
java_class_path (initial): c:\Users\pragy\.vscode\extensions\redhat.java-1.43.1-win32-x64\server\plugins\org.eclipse.equinox.launcher_1.7.0.v20250519-0528.jar
Launcher Type: SUN_STANDARD

[Global flags]
    uintx AdaptiveSizePolicyWeight                 = 90                                        {product} {command line}
     intx CICompilerCount                          = 4                                         {product} {ergonomic}
    uintx GCTimeRatio                              = 4                                         {product} {command line}
     bool HeapDumpOnOutOfMemoryError               = true                                   {manageable} {command line}
    ccstr HeapDumpPath                             = c:\Users\pragy\AppData\Roaming\Code\User\workspaceStorage\cc99c5c5b9f10468fc12bfe29c53fb65\redhat.java         {manageable} {command line}
   size_t InitialHeapSize                          = 104857600                                 {product} {command line}
   size_t MaxHeapSize                              = 2147483648                                {product} {command line}
   size_t MaxNewSize                               = 715653120                                 {product} {ergonomic}
   size_t MinHeapDeltaBytes                        = 524288                                    {product} {ergonomic}
   size_t MinHeapSize                              = 104857600                                 {product} {command line}
   size_t NewSize                                  = 34603008                                  {product} {ergonomic}
    uintx NonNMethodCodeHeapSize                   = 5839372                                {pd product} {ergonomic}
    uintx NonProfiledCodeHeapSize                  = 122909434                              {pd product} {ergonomic}
   size_t OldSize                                  = 70254592                                  {product} {ergonomic}
    uintx ProfiledCodeHeapSize                     = 122909434                              {pd product} {ergonomic}
    uintx ReservedCodeCacheSize                    = 251658240                              {pd product} {ergonomic}
     bool SegmentedCodeCache                       = true                                      {product} {ergonomic}
   size_t SoftMaxHeapSize                          = 2147483648                             {manageable} {ergonomic}
     bool UseCompressedOops                        = true                           {product lp64_product} {ergonomic}
     bool UseLargePagesIndividualAllocation        = false                                  {pd product} {ergonomic}
     bool UseParallelGC                            = true                                      {product} {command line}

Logging:
Log output configuration:
 #0: stdout all=off uptime,level,tags foldmultilines=false
 #1: stderr all=off uptime,level,tags foldmultilines=false

Environment Variables:
PATH=C:\Program Files\Common Files\Oracle\Java\javapath;C:\windows\system32;C:\windows;C:\windows\System32\Wbem;C:\windows\System32\WindowsPowerShell\v1.0\;C:\windows\System32\OpenSSH\;C:\Program Files\nodejs\;C:\Program Files\Git\cmd;C:\Program Files\Git\mingw64\bin;C:\Program Files\Git\usr\bin;S:\Program Files\Microsoft VS Code\bin;C:\Users\pragy\AppData\Local\Microsoft\WindowsApps;C:\MinGW\bin;C:\Program Files\JetBrains\IntelliJ IDEA Community Edition 2023.2.1\java\IntelliJ IDEA Community Edition 2023.2.1\bin;C:\MinGW\bin;;C:\Users\pragy\AppData\Local\Programs\Microsoft VS Code\bin;C:\Users\pragy\AppData\Roaming\npm
USERNAME=pragy
OS=Windows_NT
PROCESSOR_IDENTIFIER=AMD64 Family 25 Model 80 Stepping 0, AuthenticAMD
TMP=C:\Users\pragy\AppData\Local\Temp
TEMP=C:\Users\pragy\AppData\Local\Temp




Periodic native trim disabled

---------------  S Y S T E M  ---------------

OS:
 Windows 11 , 64 bit Build 22621 (10.0.22621.5413)
OS uptime: 0 days 9:01 hours
Hyper-V role detected

CPU: total 12 (initial active 12) (12 cores per cpu, 2 threads per core) family 25 model 80 stepping 0 microcode 0x0, cx8, cmov, fxsr, ht, mmx, 3dnowpref, sse, sse2, sse3, ssse3, sse4a, sse4.1, sse4.2, popcnt, lzcnt, tsc, tscinvbit, avx, avx2, aes, erms, clmul, bmi1, bmi2, adx, sha, fma, vzeroupper, clflush, clflushopt, hv, rdtscp, rdpid, fsrm, f16c, cet_ss
Processor Information for processor 0
  Max Mhz: 2301, Current Mhz: 2301, Mhz Limit: 2301
Processor Information for processor 1
  Max Mhz: 2301, Current Mhz: 2301, Mhz Limit: 2301
Processor Information for processor 2
  Max Mhz: 2301, Current Mhz: 1798, Mhz Limit: 2301
Processor Information for processor 3
  Max Mhz: 2301, Current Mhz: 1798, Mhz Limit: 2301
Processor Information for processor 4
  Max Mhz: 2301, Current Mhz: 1798, Mhz Limit: 2301
Processor Information for processor 5
  Max Mhz: 2301, Current Mhz: 2301, Mhz Limit: 2301
Processor Information for processor 6
  Max Mhz: 2301, Current Mhz: 1798, Mhz Limit: 2301
Processor Information for processor 7
  Max Mhz: 2301, Current Mhz: 1798, Mhz Limit: 2301
Processor Information for processor 8
  Max Mhz: 2301, Current Mhz: 1798, Mhz Limit: 2301
Processor Information for processor 9
  Max Mhz: 2301, Current Mhz: 2301, Mhz Limit: 2301
Processor Information for processor 10
  Max Mhz: 2301, Current Mhz: 2301, Mhz Limit: 2301
Processor Information for processor 11
  Max Mhz: 2301, Current Mhz: 1798, Mhz Limit: 2301

Memory: 4k page, system-wide physical 15712M (1781M free)
TotalPageFile size 17777M (AvailPageFile size 2M)
current process WorkingSet (physical memory assigned to process): 532M, peak: 532M
current process commit charge ("private bytes"): 529M, peak: 1669M

vm_info: OpenJDK 64-Bit Server VM (21.0.7+6-LTS) for windows-amd64 JRE (21.0.7+6-LTS), built on 2025-04-15T00:00:00Z by "admin" with MS VC++ 17.7 (VS2022)

END.
