#
# There is insufficient memory for the Java Runtime Environment to continue.
# Native memory allocation (malloc) failed to allocate 131088 bytes. Error detail: Chunk::new
# Possible reasons:
#   The system is out of physical RAM or swap space
#   This process is running with CompressedOops enabled, and the Java Heap may be blocking the growth of the native heap
# Possible solutions:
#   Reduce memory load on the system
#   Increase physical memory or swap space
#   Check if swap backing store is full
#   Decrease Java heap size (-Xmx/-Xms)
#   Decrease number of Java threads
#   Decrease Java thread stack sizes (-Xss)
#   Set larger code cache with -XX:ReservedCodeCacheSize=
#   JVM is running with Unscaled Compressed Oops mode in which the Java heap is
#     placed in the first 4GB address space. The Java Heap base address is the
#     maximum limit for the native heap growth. Please use -XX:HeapBaseMinAddress
#     to set the Java Heap base and to place the Java Heap above 4GB virtual address.
# This output file may be truncated or incomplete.
#
#  Out of Memory Error (arena.cpp:168), pid=26120, tid=8528
#
# JRE version: OpenJDK Runtime Environment Temurin-21.0.7+6 (21.0.7+6) (build 21.0.7+6-LTS)
# Java VM: OpenJDK 64-Bit Server VM Temurin-21.0.7+6 (21.0.7+6-LTS, mixed mode, sharing, tiered, compressed oops, compressed class ptrs, parallel gc, windows-amd64)
# No core dump will be written. Minidumps are not enabled by default on client versions of Windows
#

---------------  S U M M A R Y ------------

Command Line: --add-modules=ALL-SYSTEM --add-opens=java.base/java.util=ALL-UNNAMED --add-opens=java.base/java.lang=ALL-UNNAMED --add-opens=java.base/sun.nio.fs=ALL-UNNAMED -Declipse.application=org.eclipse.jdt.ls.core.id1 -Dosgi.bundles.defaultStartLevel=4 -Declipse.product=org.eclipse.jdt.ls.core.product -Djava.import.generatesMetadataFilesAtProjectRoot=false -DDetectVMInstallationsJob.disabled=true -Dfile.encoding=utf8 -XX:+UseParallelGC -XX:GCTimeRatio=4 -XX:AdaptiveSizePolicyWeight=90 -Dsun.zip.disableMemoryMapping=true -Xmx2G -Xms100m -Xlog:disable -javaagent:c:\Users\pragy\.vscode\extensions\redhat.java-1.43.1-win32-x64\lombok\lombok-1.18.39-4050.jar -XX:+HeapDumpOnOutOfMemoryError -XX:HeapDumpPath=c:\Users\pragy\AppData\Roaming\Code\User\workspaceStorage\cc99c5c5b9f10468fc12bfe29c53fb65\redhat.java -Daether.dependencyCollector.impl=bf c:\Users\pragy\.vscode\extensions\redhat.java-1.43.1-win32-x64\server\plugins\org.eclipse.equinox.launcher_1.7.0.v20250519-0528.jar -configuration c:\Users\pragy\AppData\Roaming\Code\User\globalStorage\redhat.java\1.43.1\config_win -data c:\Users\pragy\AppData\Roaming\Code\User\workspaceStorage\cc99c5c5b9f10468fc12bfe29c53fb65\redhat.java\jdt_ws --pipe=\\.\pipe\lsp-348b8ec37ffe4064862eb2e1193ff61a-sock

Host: AMD Ryzen 5 5625U with Radeon Graphics         , 12 cores, 15G,  Windows 11 , 64 bit Build 22621 (10.0.22621.5413)
Time: Mon Jul 14 22:53:08 2025 India Standard Time elapsed time: 8.386995 seconds (0d 0h 0m 8s)

---------------  T H R E A D  ---------------

Current thread (0x000001a5041fab80):  JavaThread "C2 CompilerThread1" daemon [_thread_in_native, id=8528, stack(0x000000a4bee00000,0x000000a4bef00000) (1024K)]


Current CompileTask:
C2:8387 9355 %     4       org.lombokweb.asm.SymbolTable::<init> @ 98 (554 bytes)

Stack: [0x000000a4bee00000,0x000000a4bef00000]
Native frames: (J=compiled Java code, j=interpreted, Vv=VM code, C=native code)
V  [jvm.dll+0x6ce119]
V  [jvm.dll+0x8a84a1]
V  [jvm.dll+0x8aa9ce]
V  [jvm.dll+0x8ab0b3]
V  [jvm.dll+0x27f8a6]
V  [jvm.dll+0xc507d]
V  [jvm.dll+0xc55b3]
V  [jvm.dll+0xc51a5]
V  [jvm.dll+0x6a96fc]
V  [jvm.dll+0x5e37ce]
V  [jvm.dll+0x5e3293]
V  [jvm.dll+0x5e2c98]
V  [jvm.dll+0x5e5d81]
V  [jvm.dll+0x5e56d9]
V  [jvm.dll+0x5e4f2e]
V  [jvm.dll+0x5e4ef5]
V  [jvm.dll+0x5e4f41]
V  [jvm.dll+0x5e4f41]
V  [jvm.dll+0x5e4f41]
V  [jvm.dll+0x5e4f41]
V  [jvm.dll+0x5e4f41]
V  [jvm.dll+0x5e4f41]
V  [jvm.dll+0x5e4f41]
V  [jvm.dll+0x5e4ef5]
V  [jvm.dll+0x5f7335]
V  [jvm.dll+0x250cb2]
V  [jvm.dll+0x249626]
V  [jvm.dll+0x246fc4]
V  [jvm.dll+0x1c760e]
V  [jvm.dll+0x25695a]
V  [jvm.dll+0x254efa]
V  [jvm.dll+0x3f03f6]
V  [jvm.dll+0x851f6b]
V  [jvm.dll+0x6cc7dd]
C  [ucrtbase.dll+0x29333]
C  [KERNEL32.DLL+0x1259d]
C  [ntdll.dll+0x5af78]


---------------  P R O C E S S  ---------------

Threads class SMR info:
_java_thread_list=0x000001a509eb3eb0, length=76, elements={
0x000001a5265fd5f0, 0x000001a5040044b0, 0x000001a57e1fb1f0, 0x000001a57e1fcde0,
0x000001a57e1fe0a0, 0x000001a5040082a0, 0x000001a504017650, 0x000001a5040397b0,
0x000001a50400dcb0, 0x000001a526669de0, 0x000001a5041fab80, 0x000001a5043a1860,
0x000001a504f05850, 0x000001a5049c1230, 0x000001a504e138d0, 0x000001a504e13f30,
0x000001a5054d48f0, 0x000001a50506f080, 0x000001a50506fda0, 0x000001a505070ac0,
0x000001a50506d640, 0x000001a50506dcd0, 0x000001a506c9f350, 0x000001a50506e360,
0x000001a50506e9f0, 0x000001a505add150, 0x000001a505adcac0, 0x000001a505adde70,
0x000001a505adc430, 0x000001a505add7e0, 0x000001a505ade500, 0x000001a505adb080,
0x000001a505adb710, 0x000001a505adbda0, 0x000001a50789c560, 0x000001a50789cbf0,
0x000001a507895c60, 0x000001a50789d280, 0x000001a507897010, 0x000001a50789a490,
0x000001a507898a50, 0x000001a5078990e0, 0x000001a5078962f0, 0x000001a5078976a0,
0x000001a507897d30, 0x000001a507899770, 0x000001a507899e00, 0x000001a50789b840,
0x000001a50789ab20, 0x000001a5078983c0, 0x000001a50789b1b0, 0x000001a507896980,
0x000001a5090f0da0, 0x000001a5090ecc00, 0x000001a5090ef9f0, 0x000001a5090ef360,
0x000001a5090f1ac0, 0x000001a5090edfb0, 0x000001a5090eb1c0, 0x000001a5090f1430,
0x000001a5090ed290, 0x000001a5090f2150, 0x000001a5090f0080, 0x000001a5090ec570,
0x000001a5090f27e0, 0x000001a5090f0710, 0x000001a5090eb850, 0x000001a5090ebee0,
0x000001a5090eecd0, 0x000001a5090ed920, 0x000001a5090ee640, 0x000001a508f8bee0,
0x000001a508f8c570, 0x000001a508f89780, 0x000001a508f855e0, 0x000001a508f86990
}

Java Threads: ( => current thread )
  0x000001a5265fd5f0 JavaThread "main"                              [_thread_blocked, id=21292, stack(0x000000a4be100000,0x000000a4be200000) (1024K)]
  0x000001a5040044b0 JavaThread "Reference Handler"          daemon [_thread_blocked, id=16876, stack(0x000000a4be500000,0x000000a4be600000) (1024K)]
  0x000001a57e1fb1f0 JavaThread "Finalizer"                  daemon [_thread_blocked, id=23028, stack(0x000000a4be600000,0x000000a4be700000) (1024K)]
  0x000001a57e1fcde0 JavaThread "Signal Dispatcher"          daemon [_thread_blocked, id=11860, stack(0x000000a4be700000,0x000000a4be800000) (1024K)]
  0x000001a57e1fe0a0 JavaThread "Attach Listener"            daemon [_thread_blocked, id=23008, stack(0x000000a4be800000,0x000000a4be900000) (1024K)]
  0x000001a5040082a0 JavaThread "Service Thread"             daemon [_thread_blocked, id=27684, stack(0x000000a4be900000,0x000000a4bea00000) (1024K)]
  0x000001a504017650 JavaThread "Monitor Deflation Thread"   daemon [_thread_blocked, id=22236, stack(0x000000a4bea00000,0x000000a4beb00000) (1024K)]
  0x000001a5040397b0 JavaThread "C2 CompilerThread0"         daemon [_thread_in_native, id=18492, stack(0x000000a4beb00000,0x000000a4bec00000) (1024K)]
  0x000001a50400dcb0 JavaThread "C1 CompilerThread0"         daemon [_thread_blocked, id=27804, stack(0x000000a4bec00000,0x000000a4bed00000) (1024K)]
  0x000001a526669de0 JavaThread "Common-Cleaner"             daemon [_thread_blocked, id=21308, stack(0x000000a4bed00000,0x000000a4bee00000) (1024K)]
=>0x000001a5041fab80 JavaThread "C2 CompilerThread1"         daemon [_thread_in_native, id=8528, stack(0x000000a4bee00000,0x000000a4bef00000) (1024K)]
  0x000001a5043a1860 JavaThread "Notification Thread"        daemon [_thread_blocked, id=23648, stack(0x000000a4bef00000,0x000000a4bf000000) (1024K)]
  0x000001a504f05850 JavaThread "Active Thread: Equinox Container: 643789a7-ed64-42eb-b77a-38cebf6a3184"        [_thread_blocked, id=9244, stack(0x000000a4bf700000,0x000000a4bf800000) (1024K)]
  0x000001a5049c1230 JavaThread "Refresh Thread: Equinox Container: 643789a7-ed64-42eb-b77a-38cebf6a3184" daemon [_thread_blocked, id=23000, stack(0x000000a4bf900000,0x000000a4bfa00000) (1024K)]
  0x000001a504e138d0 JavaThread "Framework Event Dispatcher: Equinox Container: 643789a7-ed64-42eb-b77a-38cebf6a3184" daemon [_thread_blocked, id=9836, stack(0x000000a4bfa00000,0x000000a4bfb00000) (1024K)]
  0x000001a504e13f30 JavaThread "Start Level: Equinox Container: 643789a7-ed64-42eb-b77a-38cebf6a3184" daemon [_thread_blocked, id=23776, stack(0x000000a4bfb00000,0x000000a4bfc00000) (1024K)]
  0x000001a5054d48f0 JavaThread "Bundle File Closer"         daemon [_thread_blocked, id=7392, stack(0x000000a4bfe00000,0x000000a4bff00000) (1024K)]
  0x000001a50506f080 JavaThread "SCR Component Actor"        daemon [_thread_blocked, id=9760, stack(0x000000a4bff00000,0x000000a4c0000000) (1024K)]
  0x000001a50506fda0 JavaThread "Worker-JM"                         [_thread_blocked, id=7160, stack(0x000000a4c0100000,0x000000a4c0200000) (1024K)]
  0x000001a505070ac0 JavaThread "JNA Cleaner"                daemon [_thread_blocked, id=22824, stack(0x000000a4c0200000,0x000000a4c0300000) (1024K)]
  0x000001a50506d640 JavaThread "Worker-0: Java indexing... "        [_thread_blocked, id=18088, stack(0x000000a4c0300000,0x000000a4c0400000) (1024K)]
  0x000001a50506dcd0 JavaThread "Worker-1"                          [_thread_blocked, id=25208, stack(0x000000a4c0400000,0x000000a4c0500000) (1024K)]
  0x000001a506c9f350 JavaThread "C2 CompilerThread2"         daemon [_thread_blocked, id=28568, stack(0x000000a4bf000000,0x000000a4bf100000) (1024K)]
  0x000001a50506e360 JavaThread "Java indexing"              daemon [_thread_blocked, id=18548, stack(0x000000a4c0500000,0x000000a4c0600000) (1024K)]
  0x000001a50506e9f0 JavaThread "Worker-2"                          [_thread_blocked, id=6940, stack(0x000000a4c0600000,0x000000a4c0700000) (1024K)]
  0x000001a505add150 JavaThread "Worker-3"                          [_thread_blocked, id=28604, stack(0x000000a4c0700000,0x000000a4c0800000) (1024K)]
  0x000001a505adcac0 JavaThread "Thread-2"                   daemon [_thread_in_native, id=11888, stack(0x000000a4c0800000,0x000000a4c0900000) (1024K)]
  0x000001a505adde70 JavaThread "Thread-3"                   daemon [_thread_in_native, id=26728, stack(0x000000a4c0900000,0x000000a4c0a00000) (1024K)]
  0x000001a505adc430 JavaThread "Thread-4"                   daemon [_thread_in_native, id=5596, stack(0x000000a4c0a00000,0x000000a4c0b00000) (1024K)]
  0x000001a505add7e0 
[error occurred during error reporting (printing all threads), id 0xc0000005, EXCEPTION_ACCESS_VIOLATION (0xc0000005) at pc=0x00007ff849682c70]
VM state: at safepoint (normal execution)

VM Mutex/Monitor currently owned by a thread:  ([mutex/lock_event])
[0x00007ff84a1ee308] Threads_lock - owner thread: 0x000001a5266beb30
[0x00007ff84a1ee408] Heap_lock - owner thread: 0x000001a5078990e0

Heap address: 0x0000000080000000, size: 2048 MB, Compressed Oops mode: 32-bit

CDS archive(s) mapped at: [0x000001a53d000000-0x000001a53dba0000-0x000001a53dba0000), size 12189696, SharedBaseAddress: 0x000001a53d000000, ArchiveRelocationMode: 1.
Compressed class space mapped at: 0x000001a53e000000-0x000001a57e000000, reserved size: 1073741824
Narrow klass base: 0x000001a53d000000, Narrow klass shift: 0, Narrow klass range: 0x100000000

GC Precious Log:
 CardTable entry size: 512
 CPUs: 12 total, 12 available
 Memory: 15712M
 Large Page Support: Disabled
 NUMA Support: Disabled
 Compressed Oops: Enabled (32-bit)
 Alignments: Space 512K, Generation 512K, Heap 2M
 Heap Min Capacity: 100M
 Heap Initial Capacity: 100M
 Heap Max Capacity: 2G
 Pre-touch: Disabled
 Parallel Workers: 10

Heap:
 PSYoungGen      total 4096K, used 3897K [0x00000000d5580000, 0x00000000d5a80000, 0x0000000100000000)
  eden space 3072K, 100% used [0x00000000d5580000,0x00000000d5880000,0x00000000d5880000)
  from space 1024K, 80% used [0x00000000d5880000,0x00000000d594e420,0x00000000d5980000)
  to   space 1024K, 83% used [0x00000000d5980000,0x00000000d5a55310,0x00000000d5a80000)
 ParOldGen       total 284672K, used 284504K [0x0000000080000000, 0x0000000091600000, 0x00000000d5580000)
  object space 284672K, 99% used [0x0000000080000000,0x00000000915d6298,0x0000000091600000)
 Metaspace       used 58392K, committed 59712K, reserved 1114112K
  class space    used 6055K, committed 6656K, reserved 1048576K

Card table byte_map: [0x000001a525fa0000,0x000001a5263b0000] _byte_map_base: 0x000001a525ba0000

Marking Bits: (ParMarkBitMap*) 0x00007ff84a1f31f0
 Begin Bits: [0x000001a538aa0000, 0x000001a53aaa0000)
 End Bits:   [0x000001a53aaa0000, 0x000001a53caa0000)

Polling page: 0x000001a5244c0000

Metaspace:

Usage:
  Non-class:     51.11 MB used.
      Class:      5.91 MB used.
       Both:     57.02 MB used.

Virtual space:
  Non-class space:       64.00 MB reserved,      51.81 MB ( 81%) committed,  1 nodes.
      Class space:        1.00 GB reserved,       6.50 MB ( <1%) committed,  1 nodes.
             Both:        1.06 GB reserved,      58.31 MB (  5%) committed. 

Chunk freelists:
   Non-Class:  11.56 MB
       Class:  9.42 MB
        Both:  20.98 MB

MaxMetaspaceSize: unlimited
CompressedClassSpaceSize: 1.00 GB
Initial GC threshold: 21.00 MB
Current GC threshold: 58.38 MB
CDS: on
 - commit_granule_bytes: 65536.
 - commit_granule_words: 8192.
 - virtual_space_node_default_size: 8388608.
 - enlarge_chunks_in_place: 1.
 - use_allocation_guard: 0.


Internal statistics:

num_allocs_failed_limit: 6.
num_arena_births: 1044.
num_arena_deaths: 14.
num_vsnodes_births: 2.
num_vsnodes_deaths: 0.
num_space_committed: 933.
num_space_uncommitted: 0.
num_chunks_returned_to_freelist: 20.
num_chunks_taken_from_freelist: 3657.
num_chunk_merges: 10.
num_chunk_splits: 2314.
num_chunks_enlarged: 1433.
num_inconsistent_stats: 0.

CodeHeap 'non-profiled nmethods': size=120000Kb used=5641Kb max_used=5776Kb free=114359Kb
 bounds [0x000001a5312c0000, 0x000001a531870000, 0x000001a5387f0000]
CodeHeap 'profiled nmethods': size=120000Kb used=19087Kb max_used=19763Kb free=100913Kb
 bounds [0x000001a5297f0000, 0x000001a52ab40000, 0x000001a530d20000]
CodeHeap 'non-nmethods': size=5760Kb used=1430Kb max_used=1492Kb free=4329Kb
 bounds [0x000001a530d20000, 0x000001a530f90000, 0x000001a5312c0000]
 total_blobs=9362 nmethods=8616 adapters=651
 compilation: enabled
              stopped_count=0, restarted_count=0
 full_count=0

Compilation events (20 events):
Event: 8.341 Thread 0x000001a50400dcb0 9372       3       lombok.eclipse.handlers.HandleVal::visitLocal (351 bytes)
Event: 8.343 Thread 0x000001a50400dcb0 nmethod 9372 0x000001a52ab30c90 code [0x000001a52ab312c0, 0x000001a52ab35228]
Event: 8.343 Thread 0x000001a50400dcb0 9374       3       com.google.gson.stream.JsonWriter::name (56 bytes)
Event: 8.344 Thread 0x000001a50400dcb0 nmethod 9374 0x000001a52ab36210 code [0x000001a52ab36440, 0x000001a52ab36aa8]
Event: 8.344 Thread 0x000001a50400dcb0 9375       3       java.lang.invoke.DirectMethodHandle$Holder::invokeSpecial (14 bytes)
Event: 8.345 Thread 0x000001a50400dcb0 nmethod 9375 0x000001a52ab36d90 code [0x000001a52ab36f60, 0x000001a52ab37380]
Event: 8.345 Thread 0x000001a50400dcb0 9381       2       java.util.LinkedHashMap::afterNodeInsertion (40 bytes)
Event: 8.345 Thread 0x000001a50400dcb0 nmethod 9381 0x000001a52ab37490 code [0x000001a52ab37660, 0x000001a52ab37870]
Event: 8.345 Thread 0x000001a50400dcb0 9376       3       com.google.gson.internal.bind.ReflectiveTypeAdapterFactory::getFieldNames (112 bytes)
Event: 8.346 Thread 0x000001a50400dcb0 nmethod 9376 0x000001a52ab37990 code [0x000001a52ab37d20, 0x000001a52ab39580]
Event: 8.346 Thread 0x000001a50400dcb0 9377       3       com.google.gson.internal.bind.ReflectiveTypeAdapterFactory::createBoundField (168 bytes)
Event: 8.349 Thread 0x000001a50400dcb0 nmethod 9377 0x000001a52ab39e10 code [0x000001a52ab3a0e0, 0x000001a52ab3b1b8]
Event: 8.349 Thread 0x000001a50400dcb0 9378       3       com.google.gson.internal.Primitives::isPrimitive (23 bytes)
Event: 8.349 Thread 0x000001a50400dcb0 nmethod 9378 0x000001a52ab3b790 code [0x000001a52ab3b940, 0x000001a52ab3bcc0]
Event: 8.349 Thread 0x000001a50400dcb0 9379       3       com.google.gson.internal.bind.ReflectiveTypeAdapterFactory$2::<init> (48 bytes)
Event: 8.349 Thread 0x000001a50400dcb0 nmethod 9379 0x000001a52ab3bd90 code [0x000001a52ab3bf40, 0x000001a52ab3c1e0]
Event: 8.349 Thread 0x000001a50400dcb0 9380       3       com.google.gson.internal.bind.ReflectiveTypeAdapterFactory$BoundField::<init> (23 bytes)
Event: 8.350 Thread 0x000001a50400dcb0 nmethod 9380 0x000001a52ab3c310 code [0x000001a52ab3c4c0, 0x000001a52ab3c690]
Event: 8.350 Thread 0x000001a50400dcb0 9382       3       java.util.concurrent.locks.LockSupport::unpark (26 bytes)
Event: 8.350 Thread 0x000001a50400dcb0 nmethod 9382 0x000001a52ab3c790 code [0x000001a52ab3c960, 0x000001a52ab3cca8]

GC Heap History (20 events):
Event: 8.313 GC heap after
{Heap after GC invocations=321 (full 2):
 PSYoungGen      total 4096K, used 710K [0x00000000d5580000, 0x00000000d5a80000, 0x0000000100000000)
  eden space 3072K, 0% used [0x00000000d5580000,0x00000000d5580000,0x00000000d5880000)
  from space 1024K, 69% used [0x00000000d5880000,0x00000000d59319d0,0x00000000d5980000)
  to   space 1024K, 0% used [0x00000000d5980000,0x00000000d5980000,0x00000000d5a80000)
 ParOldGen       total 279552K, used 279339K [0x0000000080000000, 0x0000000091100000, 0x00000000d5580000)
  object space 279552K, 99% used [0x0000000080000000,0x00000000910cafe0,0x0000000091100000)
 Metaspace       used 57887K, committed 59136K, reserved 1114112K
  class space    used 5971K, committed 6528K, reserved 1048576K
}
Event: 8.318 GC heap before
{Heap before GC invocations=322 (full 2):
 PSYoungGen      total 4096K, used 3782K [0x00000000d5580000, 0x00000000d5a80000, 0x0000000100000000)
  eden space 3072K, 100% used [0x00000000d5580000,0x00000000d5880000,0x00000000d5880000)
  from space 1024K, 69% used [0x00000000d5880000,0x00000000d59319d0,0x00000000d5980000)
  to   space 1024K, 0% used [0x00000000d5980000,0x00000000d5980000,0x00000000d5a80000)
 ParOldGen       total 279552K, used 279340K [0x0000000080000000, 0x0000000091100000, 0x00000000d5580000)
  object space 279552K, 99% used [0x0000000080000000,0x00000000910cb100,0x0000000091100000)
 Metaspace       used 57936K, committed 59264K, reserved 1114112K
  class space    used 5974K, committed 6528K, reserved 1048576K
}
Event: 8.319 GC heap after
{Heap after GC invocations=322 (full 2):
 PSYoungGen      total 4096K, used 884K [0x00000000d5580000, 0x00000000d5a80000, 0x0000000100000000)
  eden space 3072K, 0% used [0x00000000d5580000,0x00000000d5580000,0x00000000d5880000)
  from space 1024K, 86% used [0x00000000d5980000,0x00000000d5a5d028,0x00000000d5a80000)
  to   space 1024K, 0% used [0x00000000d5880000,0x00000000d5880000,0x00000000d5980000)
 ParOldGen       total 280064K, used 279900K [0x0000000080000000, 0x0000000091180000, 0x00000000d5580000)
  object space 280064K, 99% used [0x0000000080000000,0x0000000091157238,0x0000000091180000)
 Metaspace       used 57936K, committed 59264K, reserved 1114112K
  class space    used 5974K, committed 6528K, reserved 1048576K
}
Event: 8.322 GC heap before
{Heap before GC invocations=323 (full 2):
 PSYoungGen      total 4096K, used 3956K [0x00000000d5580000, 0x00000000d5a80000, 0x0000000100000000)
  eden space 3072K, 100% used [0x00000000d5580000,0x00000000d5880000,0x00000000d5880000)
  from space 1024K, 86% used [0x00000000d5980000,0x00000000d5a5d028,0x00000000d5a80000)
  to   space 1024K, 0% used [0x00000000d5880000,0x00000000d5880000,0x00000000d5980000)
 ParOldGen       total 280064K, used 279960K [0x0000000080000000, 0x0000000091180000, 0x00000000d5580000)
  object space 280064K, 99% used [0x0000000080000000,0x0000000091166050,0x0000000091180000)
 Metaspace       used 57969K, committed 59264K, reserved 1114112K
  class space    used 5978K, committed 6528K, reserved 1048576K
}
Event: 8.323 GC heap after
{Heap after GC invocations=323 (full 2):
 PSYoungGen      total 4096K, used 762K [0x00000000d5580000, 0x00000000d5a80000, 0x0000000100000000)
  eden space 3072K, 0% used [0x00000000d5580000,0x00000000d5580000,0x00000000d5880000)
  from space 1024K, 74% used [0x00000000d5880000,0x00000000d593eab8,0x00000000d5980000)
  to   space 1024K, 0% used [0x00000000d5980000,0x00000000d5980000,0x00000000d5a80000)
 ParOldGen       total 281088K, used 280606K [0x0000000080000000, 0x0000000091280000, 0x00000000d5580000)
  object space 281088K, 99% used [0x0000000080000000,0x00000000912078a8,0x0000000091280000)
 Metaspace       used 57969K, committed 59264K, reserved 1114112K
  class space    used 5978K, committed 6528K, reserved 1048576K
}
Event: 8.328 GC heap before
{Heap before GC invocations=324 (full 2):
 PSYoungGen      total 4096K, used 3834K [0x00000000d5580000, 0x00000000d5a80000, 0x0000000100000000)
  eden space 3072K, 100% used [0x00000000d5580000,0x00000000d5880000,0x00000000d5880000)
  from space 1024K, 74% used [0x00000000d5880000,0x00000000d593eab8,0x00000000d5980000)
  to   space 1024K, 0% used [0x00000000d5980000,0x00000000d5980000,0x00000000d5a80000)
 ParOldGen       total 281088K, used 280606K [0x0000000080000000, 0x0000000091280000, 0x00000000d5580000)
  object space 281088K, 99% used [0x0000000080000000,0x00000000912078a8,0x0000000091280000)
 Metaspace       used 58080K, committed 59456K, reserved 1114112K
  class space    used 5996K, committed 6592K, reserved 1048576K
}
Event: 8.329 GC heap after
{Heap after GC invocations=324 (full 2):
 PSYoungGen      total 4096K, used 662K [0x00000000d5580000, 0x00000000d5a80000, 0x0000000100000000)
  eden space 3072K, 0% used [0x00000000d5580000,0x00000000d5580000,0x00000000d5880000)
  from space 1024K, 64% used [0x00000000d5980000,0x00000000d5a25af0,0x00000000d5a80000)
  to   space 1024K, 0% used [0x00000000d5880000,0x00000000d5880000,0x00000000d5980000)
 ParOldGen       total 281088K, used 281056K [0x0000000080000000, 0x0000000091280000, 0x00000000d5580000)
  object space 281088K, 99% used [0x0000000080000000,0x00000000912781d8,0x0000000091280000)
 Metaspace       used 58080K, committed 59456K, reserved 1114112K
  class space    used 5996K, committed 6592K, reserved 1048576K
}
Event: 8.333 GC heap before
{Heap before GC invocations=325 (full 2):
 PSYoungGen      total 4096K, used 3734K [0x00000000d5580000, 0x00000000d5a80000, 0x0000000100000000)
  eden space 3072K, 100% used [0x00000000d5580000,0x00000000d5880000,0x00000000d5880000)
  from space 1024K, 64% used [0x00000000d5980000,0x00000000d5a25af0,0x00000000d5a80000)
  to   space 1024K, 0% used [0x00000000d5880000,0x00000000d5880000,0x00000000d5980000)
 ParOldGen       total 281088K, used 281056K [0x0000000080000000, 0x0000000091280000, 0x00000000d5580000)
  object space 281088K, 99% used [0x0000000080000000,0x00000000912781d8,0x0000000091280000)
 Metaspace       used 58181K, committed 59520K, reserved 1114112K
  class space    used 6014K, committed 6592K, reserved 1048576K
}
Event: 8.334 GC heap after
{Heap after GC invocations=325 (full 2):
 PSYoungGen      total 4096K, used 691K [0x00000000d5580000, 0x00000000d5a80000, 0x0000000100000000)
  eden space 3072K, 0% used [0x00000000d5580000,0x00000000d5580000,0x00000000d5880000)
  from space 1024K, 67% used [0x00000000d5880000,0x00000000d592cc80,0x00000000d5980000)
  to   space 1024K, 0% used [0x00000000d5980000,0x00000000d5980000,0x00000000d5a80000)
 ParOldGen       total 281600K, used 281558K [0x0000000080000000, 0x0000000091300000, 0x00000000d5580000)
  object space 281600K, 99% used [0x0000000080000000,0x00000000912f5868,0x0000000091300000)
 Metaspace       used 58181K, committed 59520K, reserved 1114112K
  class space    used 6014K, committed 6592K, reserved 1048576K
}
Event: 8.340 GC heap before
{Heap before GC invocations=326 (full 2):
 PSYoungGen      total 4096K, used 3763K [0x00000000d5580000, 0x00000000d5a80000, 0x0000000100000000)
  eden space 3072K, 100% used [0x00000000d5580000,0x00000000d5880000,0x00000000d5880000)
  from space 1024K, 67% used [0x00000000d5880000,0x00000000d592cc80,0x00000000d5980000)
  to   space 1024K, 0% used [0x00000000d5980000,0x00000000d5980000,0x00000000d5a80000)
 ParOldGen       total 281600K, used 281558K [0x0000000080000000, 0x0000000091300000, 0x00000000d5580000)
  object space 281600K, 99% used [0x0000000080000000,0x00000000912f5868,0x0000000091300000)
 Metaspace       used 58286K, committed 59584K, reserved 1114112K
  class space    used 6025K, committed 6592K, reserved 1048576K
}
Event: 8.341 GC heap after
{Heap after GC invocations=326 (full 2):
 PSYoungGen      total 4096K, used 724K [0x00000000d5580000, 0x00000000d5a80000, 0x0000000100000000)
  eden space 3072K, 0% used [0x00000000d5580000,0x00000000d5580000,0x00000000d5880000)
  from space 1024K, 70% used [0x00000000d5980000,0x00000000d5a35118,0x00000000d5a80000)
  to   space 1024K, 0% used [0x00000000d5880000,0x00000000d5880000,0x00000000d5980000)
 ParOldGen       total 282112K, used 282086K [0x0000000080000000, 0x0000000091380000, 0x00000000d5580000)
  object space 282112K, 99% used [0x0000000080000000,0x0000000091379ac0,0x0000000091380000)
 Metaspace       used 58286K, committed 59584K, reserved 1114112K
  class space    used 6025K, committed 6592K, reserved 1048576K
}
Event: 8.347 GC heap before
{Heap before GC invocations=327 (full 2):
 PSYoungGen      total 4096K, used 3796K [0x00000000d5580000, 0x00000000d5a80000, 0x0000000100000000)
  eden space 3072K, 100% used [0x00000000d5580000,0x00000000d5880000,0x00000000d5880000)
  from space 1024K, 70% used [0x00000000d5980000,0x00000000d5a35118,0x00000000d5a80000)
  to   space 1024K, 0% used [0x00000000d5880000,0x00000000d5880000,0x00000000d5980000)
 ParOldGen       total 282112K, used 282086K [0x0000000080000000, 0x0000000091380000, 0x00000000d5580000)
  object space 282112K, 99% used [0x0000000080000000,0x0000000091379ac0,0x0000000091380000)
 Metaspace       used 58362K, committed 59648K, reserved 1114112K
  class space    used 6044K, committed 6592K, reserved 1048576K
}
Event: 8.348 GC heap after
{Heap after GC invocations=327 (full 2):
 PSYoungGen      total 4096K, used 752K [0x00000000d5580000, 0x00000000d5a80000, 0x0000000100000000)
  eden space 3072K, 0% used [0x00000000d5580000,0x00000000d5580000,0x00000000d5880000)
  from space 1024K, 73% used [0x00000000d5880000,0x00000000d593c0a8,0x00000000d5980000)
  to   space 1024K, 0% used [0x00000000d5980000,0x00000000d5980000,0x00000000d5a80000)
 ParOldGen       total 283136K, used 282705K [0x0000000080000000, 0x0000000091480000, 0x00000000d5580000)
  object space 283136K, 99% used [0x0000000080000000,0x0000000091414718,0x0000000091480000)
 Metaspace       used 58362K, committed 59648K, reserved 1114112K
  class space    used 6044K, committed 6592K, reserved 1048576K
}
Event: 8.355 GC heap before
{Heap before GC invocations=328 (full 2):
 PSYoungGen      total 4096K, used 3824K [0x00000000d5580000, 0x00000000d5a80000, 0x0000000100000000)
  eden space 3072K, 100% used [0x00000000d5580000,0x00000000d5880000,0x00000000d5880000)
  from space 1024K, 73% used [0x00000000d5880000,0x00000000d593c0a8,0x00000000d5980000)
  to   space 1024K, 0% used [0x00000000d5980000,0x00000000d5980000,0x00000000d5a80000)
 ParOldGen       total 283136K, used 282705K [0x0000000080000000, 0x0000000091480000, 0x00000000d5580000)
  object space 283136K, 99% used [0x0000000080000000,0x0000000091414718,0x0000000091480000)
 Metaspace       used 58389K, committed 59712K, reserved 1114112K
  class space    used 6054K, committed 6656K, reserved 1048576K
}
Event: 8.356 GC heap after
{Heap after GC invocations=328 (full 2):
 PSYoungGen      total 4096K, used 871K [0x00000000d5580000, 0x00000000d5a80000, 0x0000000100000000)
  eden space 3072K, 0% used [0x00000000d5580000,0x00000000d5580000,0x00000000d5880000)
  from space 1024K, 85% used [0x00000000d5980000,0x00000000d5a59f80,0x00000000d5a80000)
  to   space 1024K, 0% used [0x00000000d5880000,0x00000000d5880000,0x00000000d5980000)
 ParOldGen       total 283648K, used 283329K [0x0000000080000000, 0x0000000091500000, 0x00000000d5580000)
  object space 283648K, 99% used [0x0000000080000000,0x00000000914b06d8,0x0000000091500000)
 Metaspace       used 58389K, committed 59712K, reserved 1114112K
  class space    used 6054K, committed 6656K, reserved 1048576K
}
Event: 8.361 GC heap before
{Heap before GC invocations=329 (full 2):
 PSYoungGen      total 4096K, used 3943K [0x00000000d5580000, 0x00000000d5a80000, 0x0000000100000000)
  eden space 3072K, 100% used [0x00000000d5580000,0x00000000d5880000,0x00000000d5880000)
  from space 1024K, 85% used [0x00000000d5980000,0x00000000d5a59f80,0x00000000d5a80000)
  to   space 1024K, 0% used [0x00000000d5880000,0x00000000d5880000,0x00000000d5980000)
 ParOldGen       total 283648K, used 283329K [0x0000000080000000, 0x0000000091500000, 0x00000000d5580000)
  object space 283648K, 99% used [0x0000000080000000,0x00000000914b06d8,0x0000000091500000)
 Metaspace       used 58392K, committed 59712K, reserved 1114112K
  class space    used 6055K, committed 6656K, reserved 1048576K
}
Event: 8.362 GC heap after
{Heap after GC invocations=329 (full 2):
 PSYoungGen      total 4096K, used 825K [0x00000000d5580000, 0x00000000d5a80000, 0x0000000100000000)
  eden space 3072K, 0% used [0x00000000d5580000,0x00000000d5580000,0x00000000d5880000)
  from space 1024K, 80% used [0x00000000d5880000,0x00000000d594e420,0x00000000d5980000)
  to   space 1024K, 0% used [0x00000000d5980000,0x00000000d5980000,0x00000000d5a80000)
 ParOldGen       total 284160K, used 283983K [0x0000000080000000, 0x0000000091580000, 0x00000000d5580000)
  object space 284160K, 99% used [0x0000000080000000,0x0000000091553e90,0x0000000091580000)
 Metaspace       used 58392K, committed 59712K, reserved 1114112K
  class space    used 6055K, committed 6656K, reserved 1048576K
}
Event: 8.366 GC heap before
{Heap before GC invocations=330 (full 2):
 PSYoungGen      total 4096K, used 3897K [0x00000000d5580000, 0x00000000d5a80000, 0x0000000100000000)
  eden space 3072K, 100% used [0x00000000d5580000,0x00000000d5880000,0x00000000d5880000)
  from space 1024K, 80% used [0x00000000d5880000,0x00000000d594e420,0x00000000d5980000)
  to   space 1024K, 0% used [0x00000000d5980000,0x00000000d5980000,0x00000000d5a80000)
 ParOldGen       total 284160K, used 283983K [0x0000000080000000, 0x0000000091580000, 0x00000000d5580000)
  object space 284160K, 99% used [0x0000000080000000,0x0000000091553e90,0x0000000091580000)
 Metaspace       used 58392K, committed 59712K, reserved 1114112K
  class space    used 6055K, committed 6656K, reserved 1048576K
}
Event: 8.367 GC heap after
{Heap after GC invocations=330 (full 2):
 PSYoungGen      total 4096K, used 3897K [0x00000000d5580000, 0x00000000d5a80000, 0x0000000100000000)
  eden space 3072K, 100% used [0x00000000d5580000,0x00000000d5880000,0x00000000d5880000)
  from space 1024K, 80% used [0x00000000d5880000,0x00000000d594e420,0x00000000d5980000)
  to   space 1024K, 83% used [0x00000000d5980000,0x00000000d5a55310,0x00000000d5a80000)
 ParOldGen       total 284672K, used 284504K [0x0000000080000000, 0x0000000091600000, 0x00000000d5580000)
  object space 284672K, 99% used [0x0000000080000000,0x00000000915d6298,0x0000000091600000)
 Metaspace       used 58392K, committed 59712K, reserved 1114112K
  class space    used 6055K, committed 6656K, reserved 1048576K
}
Event: 8.367 GC heap before
{Heap before GC invocations=331 (full 3):
 PSYoungGen      total 4096K, used 3897K [0x00000000d5580000, 0x00000000d5a80000, 0x0000000100000000)
  eden space 3072K, 100% used [0x00000000d5580000,0x00000000d5880000,0x00000000d5880000)
  from space 1024K, 80% used [0x00000000d5880000,0x00000000d594e420,0x00000000d5980000)
  to   space 1024K, 83% used [0x00000000d5980000,0x00000000d5a55310,0x00000000d5a80000)
 ParOldGen       total 284672K, used 284504K [0x0000000080000000, 0x0000000091600000, 0x00000000d5580000)
  object space 284672K, 99% used [0x0000000080000000,0x00000000915d6298,0x0000000091600000)
 Metaspace       used 58392K, committed 59712K, reserved 1114112K
  class space    used 6055K, committed 6656K, reserved 1048576K
}

Dll operation events (10 events):
Event: 0.011 Loaded shared library c:\Users\pragy\.vscode\extensions\redhat.java-1.43.1-win32-x64\jre\21.0.7-win32-x86_64\bin\java.dll
Event: 0.094 Loaded shared library c:\Users\pragy\.vscode\extensions\redhat.java-1.43.1-win32-x64\jre\21.0.7-win32-x86_64\bin\zip.dll
Event: 0.113 Loaded shared library C:\Users\pragy\.vscode\extensions\redhat.java-1.43.1-win32-x64\jre\21.0.7-win32-x86_64\bin\instrument.dll
Event: 0.118 Loaded shared library C:\Users\pragy\.vscode\extensions\redhat.java-1.43.1-win32-x64\jre\21.0.7-win32-x86_64\bin\net.dll
Event: 0.120 Loaded shared library C:\Users\pragy\.vscode\extensions\redhat.java-1.43.1-win32-x64\jre\21.0.7-win32-x86_64\bin\nio.dll
Event: 0.124 Loaded shared library C:\Users\pragy\.vscode\extensions\redhat.java-1.43.1-win32-x64\jre\21.0.7-win32-x86_64\bin\zip.dll
Event: 0.141 Loaded shared library C:\Users\pragy\.vscode\extensions\redhat.java-1.43.1-win32-x64\jre\21.0.7-win32-x86_64\bin\jimage.dll
Event: 0.210 Loaded shared library c:\Users\pragy\.vscode\extensions\redhat.java-1.43.1-win32-x64\jre\21.0.7-win32-x86_64\bin\verify.dll
Event: 1.253 Loaded shared library C:\Users\pragy\AppData\Roaming\Code\User\globalStorage\redhat.java\1.43.1\config_win\org.eclipse.equinox.launcher\org.eclipse.equinox.launcher.win32.win32.x86_64_1.2.1300.v20250331-1702\eclipse_11911.dll
Event: 2.496 Loaded shared library C:\Users\pragy\AppData\Local\Temp\jna-106927057\jna2314218931054913223.dll

Deoptimization events (20 events):
Event: 8.273 Thread 0x000001a50506e9f0 Uncommon trap: trap_request=0xffffff45 fr.pc=0x000001a531748fd4 relative=0x0000000000000e74
Event: 8.273 Thread 0x000001a50506e9f0 Uncommon trap: reason=unstable_if action=reinterpret pc=0x000001a531748fd4 method=org.eclipse.core.runtime.Path.computeLength()I @ 92 c2
Event: 8.273 Thread 0x000001a50506e9f0 DEOPT PACKING pc=0x000001a531748fd4 sp=0x000000a4c06fedc0
Event: 8.273 Thread 0x000001a50506e9f0 DEOPT UNPACKING pc=0x000001a530d73aa2 sp=0x000000a4c06fed08 mode 2
Event: 8.273 Thread 0x000001a50506e9f0 Uncommon trap: trap_request=0xffffff45 fr.pc=0x000001a531728088 relative=0x00000000000001e8
Event: 8.273 Thread 0x000001a50506e9f0 Uncommon trap: reason=unstable_if action=reinterpret pc=0x000001a531728088 method=org.eclipse.core.runtime.Path.computeLength()I @ 92 c2
Event: 8.273 Thread 0x000001a50506e9f0 DEOPT PACKING pc=0x000001a531728088 sp=0x000000a4c06fed80
Event: 8.273 Thread 0x000001a50506e9f0 DEOPT UNPACKING pc=0x000001a530d73aa2 sp=0x000000a4c06fed00 mode 2
Event: 8.280 Thread 0x000001a50506e9f0 Uncommon trap: trap_request=0xffffff45 fr.pc=0x000001a5318526e0 relative=0x0000000000000560
Event: 8.280 Thread 0x000001a50506e9f0 Uncommon trap: reason=unstable_if action=reinterpret pc=0x000001a5318526e0 method=org.eclipse.core.runtime.Path.computeSegmentCount(Ljava/lang/String;)I @ 78 c2
Event: 8.280 Thread 0x000001a50506e9f0 DEOPT PACKING pc=0x000001a5318526e0 sp=0x000000a4c06fe570
Event: 8.280 Thread 0x000001a50506e9f0 DEOPT UNPACKING pc=0x000001a530d73aa2 sp=0x000000a4c06fe500 mode 2
Event: 8.343 Thread 0x000001a5078990e0 Uncommon trap: trap_request=0xffffff45 fr.pc=0x000001a5317ef494 relative=0x0000000000000174
Event: 8.343 Thread 0x000001a5078990e0 Uncommon trap: reason=unstable_if action=reinterpret pc=0x000001a5317ef494 method=org.eclipse.jdt.core.Signature.checkArrayDimension([CII)I @ 8 c2
Event: 8.343 Thread 0x000001a5078990e0 DEOPT PACKING pc=0x000001a5317ef494 sp=0x000000a4c17fd740
Event: 8.344 Thread 0x000001a5078990e0 DEOPT UNPACKING pc=0x000001a530d73aa2 sp=0x000000a4c17fd6c0 mode 2
Event: 8.344 Thread 0x000001a5078990e0 Uncommon trap: trap_request=0xffffff45 fr.pc=0x000001a5317f06a4 relative=0x0000000000000da4
Event: 8.344 Thread 0x000001a5078990e0 Uncommon trap: reason=unstable_if action=reinterpret pc=0x000001a5317f06a4 method=org.eclipse.jdt.core.Signature.encodeQualifiedName([CIILjava/lang/StringBuilder;)I @ 16 c2
Event: 8.344 Thread 0x000001a5078990e0 DEOPT PACKING pc=0x000001a5317f06a4 sp=0x000000a4c17fd6c0
Event: 8.344 Thread 0x000001a5078990e0 DEOPT UNPACKING pc=0x000001a530d73aa2 sp=0x000000a4c17fd6a0 mode 2

Classes loaded (20 events):
Event: 7.519 Loading class java/nio/file/FileTreeWalker$1
Event: 7.519 Loading class java/nio/file/FileTreeWalker$1 done
Event: 7.520 Loading class sun/nio/fs/Globs
Event: 7.520 Loading class sun/nio/fs/Globs done
Event: 7.520 Loading class java/util/regex/Pattern$SliceU
Event: 7.520 Loading class java/util/regex/Pattern$SliceU done
Event: 7.520 Loading class sun/nio/fs/WindowsFileSystem$2
Event: 7.520 Loading class java/nio/file/PathMatcher
Event: 7.520 Loading class java/nio/file/PathMatcher done
Event: 7.520 Loading class sun/nio/fs/WindowsFileSystem$2 done
Event: 8.065 Loading class java/lang/UnsupportedClassVersionError
Event: 8.065 Loading class java/lang/UnsupportedClassVersionError done
Event: 8.304 Loading class java/util/regex/PatternSyntaxException
Event: 8.304 Loading class java/util/regex/PatternSyntaxException done
Event: 8.332 Loading class java/util/Collections$SynchronizedRandomAccessList
Event: 8.332 Loading class java/util/Collections$SynchronizedList
Event: 8.332 Loading class java/util/Collections$SynchronizedList done
Event: 8.332 Loading class java/util/Collections$SynchronizedRandomAccessList done
Event: 8.345 Loading class java/util/concurrent/CompletableFuture$Signaller
Event: 8.345 Loading class java/util/concurrent/CompletableFuture$Signaller done

Classes unloaded (7 events):
Event: 2.990 Thread 0x000001a5266beb30 Unloading class 0x000001a53e1a5000 'java/lang/invoke/LambdaForm$MH+0x000001a53e1a5000'
Event: 2.990 Thread 0x000001a5266beb30 Unloading class 0x000001a53e1a4c00 'java/lang/invoke/LambdaForm$MH+0x000001a53e1a4c00'
Event: 2.990 Thread 0x000001a5266beb30 Unloading class 0x000001a53e1a4800 'java/lang/invoke/LambdaForm$MH+0x000001a53e1a4800'
Event: 2.990 Thread 0x000001a5266beb30 Unloading class 0x000001a53e1a4400 'java/lang/invoke/LambdaForm$MH+0x000001a53e1a4400'
Event: 2.990 Thread 0x000001a5266beb30 Unloading class 0x000001a53e1a4000 'java/lang/invoke/LambdaForm$BMH+0x000001a53e1a4000'
Event: 2.990 Thread 0x000001a5266beb30 Unloading class 0x000001a53e1a3c00 'java/lang/invoke/LambdaForm$DMH+0x000001a53e1a3c00'
Event: 2.990 Thread 0x000001a5266beb30 Unloading class 0x000001a53e1a2800 'java/lang/invoke/LambdaForm$DMH+0x000001a53e1a2800'

Classes redefined (0 events):
No events

Internal exceptions (20 events):
Event: 7.992 Thread 0x000001a50506e9f0 Exception <a 'sun/nio/fs/WindowsException'{0x00000000d56f61b8}> (0x00000000d56f61b8) 
thrown [s\src\hotspot\share\prims\jni.cpp, line 520]
Event: 7.993 Thread 0x000001a50506e9f0 Exception <a 'sun/nio/fs/WindowsException'{0x00000000d570b670}> (0x00000000d570b670) 
thrown [s\src\hotspot\share\prims\jni.cpp, line 520]
Event: 7.993 Thread 0x000001a50506e9f0 Exception <a 'sun/nio/fs/WindowsException'{0x00000000d5720f10}> (0x00000000d5720f10) 
thrown [s\src\hotspot\share\prims\jni.cpp, line 520]
Event: 7.993 Thread 0x000001a50506e9f0 Exception <a 'sun/nio/fs/WindowsException'{0x00000000d573b918}> (0x00000000d573b918) 
thrown [s\src\hotspot\share\prims\jni.cpp, line 520]
Event: 7.993 Thread 0x000001a50506e9f0 Exception <a 'sun/nio/fs/WindowsException'{0x00000000d57531e0}> (0x00000000d57531e0) 
thrown [s\src\hotspot\share\prims\jni.cpp, line 520]
Event: 7.993 Thread 0x000001a50506e9f0 Exception <a 'sun/nio/fs/WindowsException'{0x00000000d576b798}> (0x00000000d576b798) 
thrown [s\src\hotspot\share\prims\jni.cpp, line 520]
Event: 7.994 Thread 0x000001a50506e9f0 Exception <a 'sun/nio/fs/WindowsException'{0x00000000d57789f0}> (0x00000000d57789f0) 
thrown [s\src\hotspot\share\prims\jni.cpp, line 520]
Event: 7.995 Thread 0x000001a50506e9f0 Exception <a 'sun/nio/fs/WindowsException'{0x00000000d558b6e0}> (0x00000000d558b6e0) 
thrown [s\src\hotspot\share\prims\jni.cpp, line 520]
Event: 7.996 Thread 0x000001a50506e9f0 Exception <a 'sun/nio/fs/WindowsException'{0x00000000d55ac478}> (0x00000000d55ac478) 
thrown [s\src\hotspot\share\prims\jni.cpp, line 520]
Event: 7.996 Thread 0x000001a50506e9f0 Exception <a 'sun/nio/fs/WindowsException'{0x00000000d55d8070}> (0x00000000d55d8070) 
thrown [s\src\hotspot\share\prims\jni.cpp, line 520]
Event: 7.996 Thread 0x000001a50506e9f0 Exception <a 'sun/nio/fs/WindowsException'{0x00000000d55ef230}> (0x00000000d55ef230) 
thrown [s\src\hotspot\share\prims\jni.cpp, line 520]
Event: 7.996 Thread 0x000001a50506e9f0 Exception <a 'sun/nio/fs/WindowsException'{0x00000000d5605220}> (0x00000000d5605220) 
thrown [s\src\hotspot\share\prims\jni.cpp, line 520]
Event: 7.996 Thread 0x000001a50506e9f0 Exception <a 'sun/nio/fs/WindowsException'{0x00000000d561f268}> (0x00000000d561f268) 
thrown [s\src\hotspot\share\prims\jni.cpp, line 520]
Event: 7.997 Thread 0x000001a50506e9f0 Exception <a 'sun/nio/fs/WindowsException'{0x00000000d5641e98}> (0x00000000d5641e98) 
thrown [s\src\hotspot\share\prims\jni.cpp, line 520]
Event: 7.997 Thread 0x000001a50506e9f0 Exception <a 'sun/nio/fs/WindowsException'{0x00000000d56620c0}> (0x00000000d56620c0) 
thrown [s\src\hotspot\share\prims\jni.cpp, line 520]
Event: 7.997 Thread 0x000001a50506e9f0 Exception <a 'sun/nio/fs/WindowsException'{0x00000000d56788e8}> (0x00000000d56788e8) 
thrown [s\src\hotspot\share\prims\jni.cpp, line 520]
Event: 7.997 Thread 0x000001a50506e9f0 Exception <a 'sun/nio/fs/WindowsException'{0x00000000d5693668}> (0x00000000d5693668) 
thrown [s\src\hotspot\share\prims\jni.cpp, line 520]
Event: 7.997 Thread 0x000001a50506e9f0 Exception <a 'sun/nio/fs/WindowsException'{0x00000000d56b5460}> (0x00000000d56b5460) 
thrown [s\src\hotspot\share\prims\jni.cpp, line 520]
Event: 7.998 Thread 0x000001a50506e9f0 Exception <a 'sun/nio/fs/WindowsException'{0x00000000d56c2fe8}> (0x00000000d56c2fe8) 
thrown [s\src\hotspot\share\prims\jni.cpp, line 520]
Event: 8.088 Thread 0x000001a50506e9f0 Exception <a 'java/lang/NoSuchMethodError'{0x00000000d570deb8}: 'int java.lang.invoke.Invokers$Holder.invokeExact_MT(java.lang.Object, java.lang.Object)'> (0x00000000d570deb8) 
thrown [s\src\hotspot\share\interpreter\linkResolver.cpp, line 773]

ZGC Phase Switch (0 events):
No events

VM Operations (20 events):
Event: 8.326 Executing VM operation: HandshakeAllThreads (Deoptimize) done
Event: 8.328 Executing VM operation: HandshakeAllThreads (Deoptimize)
Event: 8.328 Executing VM operation: HandshakeAllThreads (Deoptimize) done
Event: 8.328 Executing VM operation: ParallelGCFailedAllocation (Allocation Failure)
Event: 8.329 Executing VM operation: ParallelGCFailedAllocation (Allocation Failure) done
Event: 8.333 Executing VM operation: ParallelGCFailedAllocation (Allocation Failure)
Event: 8.334 Executing VM operation: ParallelGCFailedAllocation (Allocation Failure) done
Event: 8.334 Executing VM operation: HandshakeAllThreads (Deoptimize)
Event: 8.334 Executing VM operation: HandshakeAllThreads (Deoptimize) done
Event: 8.340 Executing VM operation: ParallelGCFailedAllocation (Allocation Failure)
Event: 8.341 Executing VM operation: ParallelGCFailedAllocation (Allocation Failure) done
Event: 8.346 Executing VM operation: HandshakeAllThreads (Deoptimize)
Event: 8.346 Executing VM operation: HandshakeAllThreads (Deoptimize) done
Event: 8.347 Executing VM operation: ParallelGCFailedAllocation (Allocation Failure)
Event: 8.348 Executing VM operation: ParallelGCFailedAllocation (Allocation Failure) done
Event: 8.355 Executing VM operation: ParallelGCFailedAllocation (Allocation Failure)
Event: 8.356 Executing VM operation: ParallelGCFailedAllocation (Allocation Failure) done
Event: 8.361 Executing VM operation: ParallelGCFailedAllocation (Allocation Failure)
Event: 8.362 Executing VM operation: ParallelGCFailedAllocation (Allocation Failure) done
Event: 8.366 Executing VM operation: ParallelGCFailedAllocation (Allocation Failure)

Memory protections (0 events):
No events

Nmethod flushes (20 events):
Event: 4.026 Thread 0x000001a5266beb30 flushing  nmethod 0x000001a529e47790
Event: 4.026 Thread 0x000001a5266beb30 flushing  nmethod 0x000001a529e48090
Event: 4.026 Thread 0x000001a5266beb30 flushing  nmethod 0x000001a529e49290
Event: 4.026 Thread 0x000001a5266beb30 flushing  nmethod 0x000001a529e49a90
Event: 4.026 Thread 0x000001a5266beb30 flushing  nmethod 0x000001a529e4a210
Event: 4.026 Thread 0x000001a5266beb30 flushing  nmethod 0x000001a529e4ab90
Event: 4.026 Thread 0x000001a5266beb30 flushing  nmethod 0x000001a529e4c310
Event: 4.026 Thread 0x000001a5266beb30 flushing  nmethod 0x000001a529e4d010
Event: 4.026 Thread 0x000001a5266beb30 flushing  nmethod 0x000001a529e4d910
Event: 4.026 Thread 0x000001a5266beb30 flushing  nmethod 0x000001a529e4dd90
Event: 4.026 Thread 0x000001a5266beb30 flushing  nmethod 0x000001a529e4e590
Event: 4.026 Thread 0x000001a5266beb30 flushing  nmethod 0x000001a529e4ed90
Event: 4.026 Thread 0x000001a5266beb30 flushing  nmethod 0x000001a529e4f810
Event: 4.026 Thread 0x000001a5266beb30 flushing  nmethod 0x000001a529e6f910
Event: 4.026 Thread 0x000001a5266beb30 flushing  nmethod 0x000001a529e89710
Event: 4.026 Thread 0x000001a5266beb30 flushing  nmethod 0x000001a529e8aa90
Event: 4.026 Thread 0x000001a5266beb30 flushing  nmethod 0x000001a529ea0a10
Event: 4.026 Thread 0x000001a5266beb30 flushing  nmethod 0x000001a529ed2390
Event: 4.026 Thread 0x000001a5266beb30 flushing  nmethod 0x000001a529f1b710
Event: 4.026 Thread 0x000001a5266beb30 flushing  nmethod 0x000001a529f3a890

Events (20 events):
Event: 5.770 Thread 0x000001a505add150 Thread added: 0x000001a5090edfb0
Event: 5.770 Thread 0x000001a505add150 Thread added: 0x000001a5090eb1c0
Event: 5.770 Thread 0x000001a505add150 Thread added: 0x000001a5090f1430
Event: 5.771 Thread 0x000001a505add150 Thread added: 0x000001a5090ed290
Event: 5.771 Thread 0x000001a505add150 Thread added: 0x000001a5090f2150
Event: 5.771 Thread 0x000001a505add150 Thread added: 0x000001a5090f0080
Event: 5.771 Thread 0x000001a5090ed290 Thread added: 0x000001a5090ec570
Event: 5.771 Thread 0x000001a5090f0080 Thread added: 0x000001a5090f27e0
Event: 6.523 Thread 0x000001a505add150 Thread added: 0x000001a5090f0710
Event: 6.897 Thread 0x000001a505add150 Thread added: 0x000001a5090eb850
Event: 6.902 Thread 0x000001a505add150 Thread added: 0x000001a5090ebee0
Event: 6.908 Thread 0x000001a505add150 Thread added: 0x000001a5090eecd0
Event: 6.911 Thread 0x000001a505add150 Thread added: 0x000001a5090ed920
Event: 6.914 Thread 0x000001a505add150 Thread added: 0x000001a5090ee640
Event: 6.923 Thread 0x000001a505add150 Thread added: 0x000001a508f8bee0
Event: 6.926 Thread 0x000001a505add150 Thread added: 0x000001a508f8c570
Event: 6.930 Thread 0x000001a505add150 Thread added: 0x000001a508f89780
Event: 6.935 Thread 0x000001a505add150 Thread added: 0x000001a508f855e0
Event: 6.938 Thread 0x000001a505add150 Thread added: 0x000001a508f86990
Event: 7.974 Thread 0x000001a50506f710 Thread exited: 0x000001a50506f710


Dynamic libraries:
0x00007ff626300000 - 0x00007ff62630e000 	c:\Users\pragy\.vscode\extensions\redhat.java-1.43.1-win32-x64\jre\21.0.7-win32-x86_64\bin\java.exe
0x00007ff919c50000 - 0x00007ff919e67000 	C:\windows\SYSTEM32\ntdll.dll
0x00007ff9183c0000 - 0x00007ff918484000 	C:\windows\System32\KERNEL32.DLL
0x00007ff917070000 - 0x00007ff917442000 	C:\windows\System32\KERNELBASE.dll
0x00007ff916d40000 - 0x00007ff916e51000 	C:\windows\System32\ucrtbase.dll
0x00007ff8d1200000 - 0x00007ff8d1218000 	c:\Users\pragy\.vscode\extensions\redhat.java-1.43.1-win32-x64\jre\21.0.7-win32-x86_64\bin\jli.dll
0x00007ff917c80000 - 0x00007ff917e31000 	C:\windows\System32\USER32.dll
0x00007ff8d0ea0000 - 0x00007ff8d0ebe000 	c:\Users\pragy\.vscode\extensions\redhat.java-1.43.1-win32-x64\jre\21.0.7-win32-x86_64\bin\VCRUNTIME140.dll
0x00007ff917040000 - 0x00007ff917066000 	C:\windows\System32\win32u.dll
0x00007ff9178e0000 - 0x00007ff917909000 	C:\windows\System32\GDI32.dll
0x00007ff8fa230000 - 0x00007ff8fa4cb000 	C:\windows\WinSxS\amd64_microsoft.windows.common-controls_6595b64144ccf1df_6.0.22621.5413_none_270da5617387a498\COMCTL32.dll
0x00007ff916f10000 - 0x00007ff917033000 	C:\windows\System32\gdi32full.dll
0x00007ff917a30000 - 0x00007ff917ad7000 	C:\windows\System32\msvcrt.dll
0x00007ff917450000 - 0x00007ff9174ea000 	C:\windows\System32\msvcp_win.dll
0x00007ff918930000 - 0x00007ff918961000 	C:\windows\System32\IMM32.DLL
0x00007ff902e70000 - 0x00007ff902e7c000 	c:\Users\pragy\.vscode\extensions\redhat.java-1.43.1-win32-x64\jre\21.0.7-win32-x86_64\bin\vcruntime140_1.dll
0x00007ff853b10000 - 0x00007ff853b9d000 	c:\Users\pragy\.vscode\extensions\redhat.java-1.43.1-win32-x64\jre\21.0.7-win32-x86_64\bin\msvcp140.dll
0x00007ff849540000 - 0x00007ff84a2d0000 	c:\Users\pragy\.vscode\extensions\redhat.java-1.43.1-win32-x64\jre\21.0.7-win32-x86_64\bin\server\jvm.dll
0x00007ff9184a0000 - 0x00007ff918551000 	C:\windows\System32\ADVAPI32.dll
0x00007ff918880000 - 0x00007ff918928000 	C:\windows\System32\sechost.dll
0x00007ff916ee0000 - 0x00007ff916f08000 	C:\windows\System32\bcrypt.dll
0x00007ff917910000 - 0x00007ff917a24000 	C:\windows\System32\RPCRT4.dll
0x00007ff918080000 - 0x00007ff9180f1000 	C:\windows\System32\WS2_32.dll
0x00007ff916600000 - 0x00007ff91664d000 	C:\windows\SYSTEM32\POWRPROF.dll
0x00007ff912280000 - 0x00007ff9122b4000 	C:\windows\SYSTEM32\WINMM.dll
0x00007ff90d430000 - 0x00007ff90d43a000 	C:\windows\SYSTEM32\VERSION.dll
0x00007ff9165e0000 - 0x00007ff9165f3000 	C:\windows\SYSTEM32\UMPDC.dll
0x00007ff915d30000 - 0x00007ff915d48000 	C:\windows\SYSTEM32\kernel.appcore.dll
0x00007ff902e40000 - 0x00007ff902e4a000 	c:\Users\pragy\.vscode\extensions\redhat.java-1.43.1-win32-x64\jre\21.0.7-win32-x86_64\bin\jimage.dll
0x00007ff914670000 - 0x00007ff9148a2000 	C:\windows\SYSTEM32\DBGHELP.DLL
0x00007ff918970000 - 0x00007ff918d03000 	C:\windows\System32\combase.dll
0x00007ff918560000 - 0x00007ff918637000 	C:\windows\System32\OLEAUT32.dll
0x00007ff8f7d90000 - 0x00007ff8f7dc2000 	C:\windows\SYSTEM32\dbgcore.DLL
0x00007ff917660000 - 0x00007ff9176db000 	C:\windows\System32\bcryptPrimitives.dll
0x00007ff902d80000 - 0x00007ff902d8f000 	c:\Users\pragy\.vscode\extensions\redhat.java-1.43.1-win32-x64\jre\21.0.7-win32-x86_64\bin\instrument.dll
0x00007ff8d0720000 - 0x00007ff8d073f000 	c:\Users\pragy\.vscode\extensions\redhat.java-1.43.1-win32-x64\jre\21.0.7-win32-x86_64\bin\java.dll
0x00007ff918d10000 - 0x00007ff9195b2000 	C:\windows\System32\SHELL32.dll
0x00007ff9177a0000 - 0x00007ff9178df000 	C:\windows\System32\wintypes.dll
0x00007ff914c20000 - 0x00007ff91553d000 	C:\windows\SYSTEM32\windows.storage.dll
0x00007ff918100000 - 0x00007ff91820b000 	C:\windows\System32\SHCORE.dll
0x00007ff918010000 - 0x00007ff918079000 	C:\windows\System32\shlwapi.dll
0x00007ff916c70000 - 0x00007ff916c9b000 	C:\windows\SYSTEM32\profapi.dll
0x00007ff8d0b50000 - 0x00007ff8d0b68000 	c:\Users\pragy\.vscode\extensions\redhat.java-1.43.1-win32-x64\jre\21.0.7-win32-x86_64\bin\zip.dll
0x00007ff8fd450000 - 0x00007ff8fd460000 	C:\Users\pragy\.vscode\extensions\redhat.java-1.43.1-win32-x64\jre\21.0.7-win32-x86_64\bin\net.dll
0x00007ff913750000 - 0x00007ff91387c000 	C:\windows\SYSTEM32\WINHTTP.dll
0x00007ff9161b0000 - 0x00007ff916219000 	C:\windows\system32\mswsock.dll
0x00007ff8d01a0000 - 0x00007ff8d01b6000 	C:\Users\pragy\.vscode\extensions\redhat.java-1.43.1-win32-x64\jre\21.0.7-win32-x86_64\bin\nio.dll
0x00007ff8fb260000 - 0x00007ff8fb270000 	c:\Users\pragy\.vscode\extensions\redhat.java-1.43.1-win32-x64\jre\21.0.7-win32-x86_64\bin\verify.dll
0x00007ff8bbe90000 - 0x00007ff8bbed5000 	C:\Users\pragy\AppData\Roaming\Code\User\globalStorage\redhat.java\1.43.1\config_win\org.eclipse.equinox.launcher\org.eclipse.equinox.launcher.win32.win32.x86_64_1.2.1300.v20250331-1702\eclipse_11911.dll
0x00007ff917ae0000 - 0x00007ff917c80000 	C:\windows\System32\ole32.dll
0x00007ff9163d0000 - 0x00007ff9163eb000 	C:\windows\SYSTEM32\CRYPTSP.dll
0x00007ff915c90000 - 0x00007ff915cc7000 	C:\windows\system32\rsaenh.dll
0x00007ff916270000 - 0x00007ff916298000 	C:\windows\SYSTEM32\USERENV.dll
0x00007ff9163f0000 - 0x00007ff9163fc000 	C:\windows\SYSTEM32\CRYPTBASE.dll
0x00007ff915790000 - 0x00007ff9157bd000 	C:\windows\SYSTEM32\IPHLPAPI.DLL
0x00007ff918330000 - 0x00007ff918339000 	C:\windows\System32\NSI.dll
0x00007ff8a2360000 - 0x00007ff8a23a9000 	C:\Users\pragy\AppData\Local\Temp\jna-106927057\jna2314218931054913223.dll
0x00007ff918490000 - 0x00007ff918498000 	C:\windows\System32\PSAPI.DLL
0x00007ff9127c0000 - 0x00007ff9127d9000 	C:\windows\SYSTEM32\dhcpcsvc6.DLL
0x00007ff9127a0000 - 0x00007ff9127bf000 	C:\windows\SYSTEM32\dhcpcsvc.DLL

dbghelp: loaded successfully - version: 4.0.5 - missing functions: none
symbol engine: initialized successfully - sym options: 0x614 - pdb path: .;c:\Users\pragy\.vscode\extensions\redhat.java-1.43.1-win32-x64\jre\21.0.7-win32-x86_64\bin;C:\windows\SYSTEM32;C:\windows\WinSxS\amd64_microsoft.windows.common-controls_6595b64144ccf1df_6.0.22621.5413_none_270da5617387a498;c:\Users\pragy\.vscode\extensions\redhat.java-1.43.1-win32-x64\jre\21.0.7-win32-x86_64\bin\server;C:\Users\pragy\AppData\Roaming\Code\User\globalStorage\redhat.java\1.43.1\config_win\org.eclipse.equinox.launcher\org.eclipse.equinox.launcher.win32.win32.x86_64_1.2.1300.v20250331-1702;C:\Users\pragy\AppData\Local\Temp\jna-106927057

VM Arguments:
jvm_args: --add-modules=ALL-SYSTEM --add-opens=java.base/java.util=ALL-UNNAMED --add-opens=java.base/java.lang=ALL-UNNAMED --add-opens=java.base/sun.nio.fs=ALL-UNNAMED -Declipse.application=org.eclipse.jdt.ls.core.id1 -Dosgi.bundles.defaultStartLevel=4 -Declipse.product=org.eclipse.jdt.ls.core.product -Djava.import.generatesMetadataFilesAtProjectRoot=false -DDetectVMInstallationsJob.disabled=true -Dfile.encoding=utf8 -XX:+UseParallelGC -XX:GCTimeRatio=4 -XX:AdaptiveSizePolicyWeight=90 -Dsun.zip.disableMemoryMapping=true -Xmx2G -Xms100m -Xlog:disable -javaagent:c:\Users\pragy\.vscode\extensions\redhat.java-1.43.1-win32-x64\lombok\lombok-1.18.39-4050.jar -XX:+HeapDumpOnOutOfMemoryError -XX:HeapDumpPath=c:\Users\pragy\AppData\Roaming\Code\User\workspaceStorage\cc99c5c5b9f10468fc12bfe29c53fb65\redhat.java -Daether.dependencyCollector.impl=bf 
java_command: c:\Users\pragy\.vscode\extensions\redhat.java-1.43.1-win32-x64\server\plugins\org.eclipse.equinox.launcher_1.7.0.v20250519-0528.jar -configuration c:\Users\pragy\AppData\Roaming\Code\User\globalStorage\redhat.java\1.43.1\config_win -data c:\Users\pragy\AppData\Roaming\Code\User\workspaceStorage\cc99c5c5b9f10468fc12bfe29c53fb65\redhat.java\jdt_ws --pipe=\\.\pipe\lsp-348b8ec37ffe4064862eb2e1193ff61a-sock
java_class_path (initial): c:\Users\pragy\.vscode\extensions\redhat.java-1.43.1-win32-x64\server\plugins\org.eclipse.equinox.launcher_1.7.0.v20250519-0528.jar
Launcher Type: SUN_STANDARD

[Global flags]
    uintx AdaptiveSizePolicyWeight                 = 90                                        {product} {command line}
     intx CICompilerCount                          = 4                                         {product} {ergonomic}
    uintx GCTimeRatio                              = 4                                         {product} {command line}
     bool HeapDumpOnOutOfMemoryError               = true                                   {manageable} {command line}
    ccstr HeapDumpPath                             = c:\Users\pragy\AppData\Roaming\Code\User\workspaceStorage\cc99c5c5b9f10468fc12bfe29c53fb65\redhat.java         {manageable} {command line}
   size_t InitialHeapSize                          = 104857600                                 {product} {command line}
   size_t MaxHeapSize                              = 2147483648                                {product} {command line}
   size_t MaxNewSize                               = 715653120                                 {product} {ergonomic}
   size_t MinHeapDeltaBytes                        = 524288                                    {product} {ergonomic}
   size_t MinHeapSize                              = 104857600                                 {product} {command line}
   size_t NewSize                                  = 34603008                                  {product} {ergonomic}
    uintx NonNMethodCodeHeapSize                   = 5839372                                {pd product} {ergonomic}
    uintx NonProfiledCodeHeapSize                  = 122909434                              {pd product} {ergonomic}
   size_t OldSize                                  = 70254592                                  {product} {ergonomic}
    uintx ProfiledCodeHeapSize                     = 122909434                              {pd product} {ergonomic}
    uintx ReservedCodeCacheSize                    = 251658240                              {pd product} {ergonomic}
     bool SegmentedCodeCache                       = true                                      {product} {ergonomic}
   size_t SoftMaxHeapSize                          = 2147483648                             {manageable} {ergonomic}
     bool UseCompressedOops                        = true                           {product lp64_product} {ergonomic}
     bool UseLargePagesIndividualAllocation        = false                                  {pd product} {ergonomic}
     bool UseParallelGC                            = true                                      {product} {command line}

Logging:
Log output configuration:
 #0: stdout all=off uptime,level,tags foldmultilines=false
 #1: stderr all=off uptime,level,tags foldmultilines=false

Environment Variables:
PATH=C:\Program Files\Common Files\Oracle\Java\javapath;C:\windows\system32;C:\windows;C:\windows\System32\Wbem;C:\windows\System32\WindowsPowerShell\v1.0\;C:\windows\System32\OpenSSH\;C:\Program Files\nodejs\;C:\Program Files\Git\cmd;C:\Program Files\Git\mingw64\bin;C:\Program Files\Git\usr\bin;S:\Program Files\Microsoft VS Code\bin;C:\Users\pragy\AppData\Local\Microsoft\WindowsApps;C:\MinGW\bin;C:\Program Files\JetBrains\IntelliJ IDEA Community Edition 2023.2.1\java\IntelliJ IDEA Community Edition 2023.2.1\bin;C:\MinGW\bin;;C:\Users\pragy\AppData\Local\Programs\Microsoft VS Code\bin;C:\Users\pragy\AppData\Roaming\npm
USERNAME=pragy
OS=Windows_NT
PROCESSOR_IDENTIFIER=AMD64 Family 25 Model 80 Stepping 0, AuthenticAMD
TMP=C:\Users\pragy\AppData\Local\Temp
TEMP=C:\Users\pragy\AppData\Local\Temp




Periodic native trim disabled

---------------  S Y S T E M  ---------------

OS:
 Windows 11 , 64 bit Build 22621 (10.0.22621.5413)
OS uptime: 0 days 10:50 hours
Hyper-V role detected

CPU: total 12 (initial active 12) (12 cores per cpu, 2 threads per core) family 25 model 80 stepping 0 microcode 0x0, cx8, cmov, fxsr, ht, mmx, 3dnowpref, sse, sse2, sse3, ssse3, sse4a, sse4.1, sse4.2, popcnt, lzcnt, tsc, tscinvbit, avx, avx2, aes, erms, clmul, bmi1, bmi2, adx, sha, fma, vzeroupper, clflush, clflushopt, hv, rdtscp, rdpid, fsrm, f16c, cet_ss
Processor Information for processor 0
  Max Mhz: 2301, Current Mhz: 1798, Mhz Limit: 2301
Processor Information for processor 1
  Max Mhz: 2301, Current Mhz: 2301, Mhz Limit: 2301
Processor Information for processor 2
  Max Mhz: 2301, Current Mhz: 2301, Mhz Limit: 2301
Processor Information for processor 3
  Max Mhz: 2301, Current Mhz: 1798, Mhz Limit: 2301
Processor Information for processor 4
  Max Mhz: 2301, Current Mhz: 1798, Mhz Limit: 2301
Processor Information for processor 5
  Max Mhz: 2301, Current Mhz: 1798, Mhz Limit: 2301
Processor Information for processor 6
  Max Mhz: 2301, Current Mhz: 1798, Mhz Limit: 2301
Processor Information for processor 7
  Max Mhz: 2301, Current Mhz: 1798, Mhz Limit: 2301
Processor Information for processor 8
  Max Mhz: 2301, Current Mhz: 1798, Mhz Limit: 2301
Processor Information for processor 9
  Max Mhz: 2301, Current Mhz: 1798, Mhz Limit: 2301
Processor Information for processor 10
  Max Mhz: 2301, Current Mhz: 1798, Mhz Limit: 2301
Processor Information for processor 11
  Max Mhz: 2301, Current Mhz: 1798, Mhz Limit: 2301

Memory: 4k page, system-wide physical 15712M (2621M free)
TotalPageFile size 17140M (AvailPageFile size 5M)
current process WorkingSet (physical memory assigned to process): 617M, peak: 617M
current process commit charge ("private bytes"): 607M, peak: 1694M

vm_info: OpenJDK 64-Bit Server VM (21.0.7+6-LTS) for windows-amd64 JRE (21.0.7+6-LTS), built on 2025-04-15T00:00:00Z by "admin" with MS VC++ 17.7 (VS2022)

END.
